#
# A fatal error has been detected by the Java Runtime Environment:
#
#  SIGSEGV (0xb) at pc=0x00007f77cea03250, pid=4878, tid=4881
#
# JRE version: Java(TM) SE Runtime Environment (15.0.1+9) (build 15.0.1+9-18)
# Java VM: Java HotSpot(TM) 64-Bit Server VM (15.0.1+9-18, mixed mode, sharing, tiered, compressed oops, g1 gc, linux-amd64)
# Problematic frame:
# C  [libcplex1261remotejni.so+0x5cb250]  _778d684fa8524f693106ac725e8540d0+0x0
#
# Core dump will be written. Default location: Core dumps may be processed with "/usr/lib/systemd/systemd-coredump %P %u %g %s %t %c %h" (or dumping to /home/d4rkwzd/Projects/Netbeans/CplexTSP/core.4878)
#
# If you would like to submit a bug report, please visit:
#   https://bugreport.java.com/bugreport/crash.jsp
# The crash happened outside the Java Virtual Machine in native code.
# See problematic frame for where to report the bug.
#

---------------  S U M M A R Y ------------

Command Line: -Dfile.encoding=UTF-8 -Djava.library.path=/opt/ibm/ILOG/CPLEX_Studio1261/cplex/bin/x86-64_linux v1.Model

Host: AMD A12-9720P RADEON R7, 12 COMPUTE CORES 4C+8G, 4 cores, 7G, Manjaro Linux
Time: Fri Oct 30 22:40:56 2020 -03 elapsed time: 8.706093 seconds (0d 0h 0m 8s)

---------------  T H R E A D  ---------------

Current thread (0x00007f7830027d60):  JavaThread "main" [_thread_in_native, id=4881, stack(0x00007f78345f7000,0x00007f78346f8000)]

Stack: [0x00007f78345f7000,0x00007f78346f8000],  sp=0x00007f78346f4628,  free space=1013k
Native frames: (J=compiled Java code, A=aot compiled Java code, j=interpreted, Vv=VM code, C=native code)
C  [libcplex1261remotejni.so+0x5cb250]  _778d684fa8524f693106ac725e8540d0+0x0

Java frames: (J=compiled Java code, j=interpreted, Vv=VM code)
j  ilog.cplex.Cplex.CPXmipopt(JJ)I+0
j  ilog.cplex.CplexI$SolveHandle.start()V+278
j  ilog.cplex.CplexI.solve()V+12
j  ilog.cplex.IloCplex.solve()Z+4
j  v1.Model.main([Ljava/lang/String;)V+524
v  ~StubRoutines::call_stub

siginfo: si_signo: 11 (SIGSEGV), si_code: 1 (SEGV_MAPERR), si_addr: 0x0000000000000008

Register to memory mapping:

RAX=0x0 is NULL
RBX=0x0 is NULL
RCX=0x7ffffffffcbc3000 is an unknown value
RDX=0x00007f78301e5c50 points into unknown readable memory: 0x0000000000000000 | 00 00 00 00 00 00 00 00
RSP=0x00007f78346f4628 is pointing into the stack for thread: 0x00007f7830027d60
RBP=0x00007f78306fb380 points into unknown readable memory: 0x0000000011e38f2c | 2c 8f e3 11 00 00 00 00
RSI=0x00007f78301e5c50 points into unknown readable memory: 0x0000000000000000 | 00 00 00 00 00 00 00 00
RDI=0x0 is NULL
R8 =0x00007f78346f5640 is pointing into the stack for thread: 0x00007f7830027d60
R9 =0x00007f7830901020 points into unknown readable memory: 0x4242424242424242 | 42 42 42 42 42 42 42 42
R10=0x0000000000000002 is an unknown value
R11=0x0 is NULL
R12=0x00007f78304802e0 points into unknown readable memory: 0x0000000000000000 | 00 00 00 00 00 00 00 00
R13=0x00007f78302d8660 points into unknown readable memory: 0x0000000043705865 | 65 58 70 43 00 00 00 00
R14=0x00007f7830678800 points into unknown readable memory: 0x0000000000000000 | 00 00 00 00 00 00 00 00
R15=0x00007f78309e53a0 points into unknown readable memory: 0x0000000000000000 | 00 00 00 00 00 00 00 00


Registers:
RAX=0x0000000000000000, RBX=0x0000000000000000, RCX=0x7ffffffffcbc3000, RDX=0x00007f78301e5c50
RSP=0x00007f78346f4628, RBP=0x00007f78306fb380, RSI=0x00007f78301e5c50, RDI=0x0000000000000000
R8 =0x00007f78346f5640, R9 =0x00007f7830901020, R10=0x0000000000000002, R11=0x0000000000000000
R12=0x00007f78304802e0, R13=0x00007f78302d8660, R14=0x00007f7830678800, R15=0x00007f78309e53a0
RIP=0x00007f77cea03250, EFLAGS=0x0000000000010293, CSGSFS=0x002b000000000033, ERR=0x0000000000000004
  TRAPNO=0x000000000000000e

Top of Stack: (sp=0x00007f78346f4628)
0x00007f78346f4628:   00007f77ce98a4b6 00007f7800000002
0x00007f78346f4638:   00007f78346f5640 00007f78346f4670
0x00007f78346f4648:   00007f7835038cec 00007f783010ad00
0x00007f78346f4658:   00007f783010ad00 0000000000000000 

Instructions: (pc=0x00007f77cea03250)
0x00007f77cea03150:   83 7f 1c 00 74 0a 48 8b 47 08 f2 0f 10 40 30 c3
0x00007f77cea03160:   f2 0f 10 05 b0 24 a3 00 c3 48 8d b6 00 00 00 00
0x00007f77cea03170:   48 8b 47 08 f2 0f 10 40 38 c3 90 48 8d 74 26 00
0x00007f77cea03180:   83 7f 24 00 75 0a 48 8b 47 08 f2 0f 10 40 38 c3
0x00007f77cea03190:   48 8b 47 08 f2 0f 10 25 84 24 a3 00 0f 28 ec f2
0x00007f77cea031a0:   0f 10 58 30 66 0f 2f e3 76 5b f2 0f 10 4f 28 f2
0x00007f77cea031b0:   0f 10 57 30 66 0f 2f e1 76 21 66 0f 2f e2 76 30
0x00007f77cea031c0:   0f 28 c3 0f 28 eb 0f 54 05 03 23 a3 00 f2 0f 59
0x00007f77cea031d0:   c8 f2 0f 5d d1 f2 0f 58 ea eb 2a 66 0f 2f e2 76
0x00007f77cea031e0:   09 0f 28 ea f2 0f 58 eb eb 1b 66 0f 2f e1 76 15
0x00007f77cea031f0:   0f 28 c3 0f 28 eb 0f 54 05 d3 22 a3 00 f2 0f 59
0x00007f77cea03200:   c8 f2 0f 58 e9 66 0f 2f e5 76 2e 0f 28 cd 0f 54
0x00007f77cea03210:   0d bb 22 a3 00 66 0f 2f 0d 13 24 a3 00 76 12 f2
0x00007f77cea03220:   0f 10 05 01 24 a3 00 f2 0f 59 c8 f2 0f 58 e9 eb
0x00007f77cea03230:   08 f2 0f 58 2d ef 23 a3 00 f2 0f 10 40 40 f2 0f
0x00007f77cea03240:   5d c5 c3 90 48 8d 74 26 00 48 8d bf 00 00 00 00
0x00007f77cea03250:   48 8b 47 08 83 7f 1c 00 74 06 f2 0f 10 40 38 c3
0x00007f77cea03260:   f2 0f 10 40 40 c3 48 89 f6 48 8d bf 00 00 00 00
0x00007f77cea03270:   83 7f 20 00 74 0a 48 8b 47 08 f2 0f 10 40 40 c3
0x00007f77cea03280:   48 8b 47 08 83 7f 1c 00 74 06 f2 0f 10 40 38 c3
0x00007f77cea03290:   f2 0f 10 40 40 c3 48 89 f6 48 8d bf 00 00 00 00
0x00007f77cea032a0:   48 8b 46 08 48 8b 97 b8 00 00 00 f2 0f 10 15 85
0x00007f77cea032b0:   23 a3 00 f2 0f 10 58 30 0f 28 e3 f2 0f 10 8a 58
0x00007f77cea032c0:   02 00 00 f2 0f 5c e0 f2 0f 59 ca 0f 54 25 0e 22
0x00007f77cea032d0:   a3 00 66 0f 2f cc 77 5a 0f 54 1d 01 22 a3 00 f2
0x00007f77cea032e0:   0f 10 82 60 02 00 00 f2 0f 58 1d 51 23 a3 00 f2
0x00007f77cea032f0:   0f 59 c3 66 0f 2f c4 77 39 83 78 20 00 75 06 83
0x00007f77cea03300:   78 78 00 7e 24 f2 0f 10 82 88 05 00 00 f2 0f 59
0x00007f77cea03310:   c2 66 0f 2f c4 77 18 f2 0f 10 82 90 05 00 00 f2
0x00007f77cea03320:   0f 59 c3 66 0f 2f c4 77 06 b8 01 00 00 00 c3 33
0x00007f77cea03330:   c0 c3 33 c0 c3 48 8d 76 00 48 8d bf 00 00 00 00
0x00007f77cea03340:   48 8b 57 08 8b 42 28 c3 48 8d b4 26 00 00 00 00 


Stack slot to memory mapping:
stack at sp + 0 slots: 0x00007f77ce98a4b6: <offset 0x00000000005524b6> in /opt/ibm/ILOG/CPLEX_Studio1261/cplex/bin/x86-64_linux/libcplex1261remotejni.so at 0x00007f77ce438000
stack at sp + 1 slots: 0x00007f7800000002 points into unknown readable memory: 00 00 78 7f 00 00
stack at sp + 2 slots: 0x00007f78346f5640 is pointing into the stack for thread: 0x00007f7830027d60
stack at sp + 3 slots: 0x00007f78346f4670 is pointing into the stack for thread: 0x00007f7830027d60
stack at sp + 4 slots: 0x00007f7835038cec: <offset 0x00000000007f8cec> in /usr/lib/jvm/java-15-jdk/lib/server/libjvm.so at 0x00007f7834840000
stack at sp + 5 slots: 0x00007f783010ad00 points into unknown readable memory: 0x0000000000000000 | 00 00 00 00 00 00 00 00
stack at sp + 6 slots: 0x00007f783010ad00 points into unknown readable memory: 0x0000000000000000 | 00 00 00 00 00 00 00 00
stack at sp + 7 slots: 0x0 is NULL


---------------  P R O C E S S  ---------------

Threads class SMR info:
_java_thread_list=0x00007f779c3f96a0, length=14, elements={
0x00007f7830027d60, 0x00007f783010cb60, 0x00007f783010e2a0, 0x00007f7830114b60,
0x00007f7830116270, 0x00007f7830117e90, 0x00007f78301196c0, 0x00007f783011adc0,
0x00007f7830148270, 0x00007f783014be50, 0x00007f78305611a0, 0x00007f7830590f20,
0x00007f783065ea30, 0x00007f783067d5a0
}

Java Threads: ( => current thread )
=>0x00007f7830027d60 JavaThread "main" [_thread_in_native, id=4881, stack(0x00007f78345f7000,0x00007f78346f8000)]
  0x00007f783010cb60 JavaThread "Reference Handler" daemon [_thread_blocked, id=4890, stack(0x00007f7805274000,0x00007f7805375000)]
  0x00007f783010e2a0 JavaThread "Finalizer" daemon [_thread_blocked, id=4891, stack(0x00007f7805173000,0x00007f7805274000)]
  0x00007f7830114b60 JavaThread "Signal Dispatcher" daemon [_thread_blocked, id=4892, stack(0x00007f7804d87000,0x00007f7804e88000)]
  0x00007f7830116270 JavaThread "Service Thread" daemon [_thread_blocked, id=4893, stack(0x00007f7804c86000,0x00007f7804d87000)]
  0x00007f7830117e90 JavaThread "C2 CompilerThread0" daemon [_thread_blocked, id=4894, stack(0x00007f7804b85000,0x00007f7804c86000)]
  0x00007f78301196c0 JavaThread "C1 CompilerThread0" daemon [_thread_blocked, id=4895, stack(0x00007f7804a84000,0x00007f7804b85000)]
  0x00007f783011adc0 JavaThread "Sweeper thread" daemon [_thread_blocked, id=4896, stack(0x00007f7804983000,0x00007f7804a84000)]
  0x00007f7830148270 JavaThread "Notification Thread" daemon [_thread_blocked, id=4897, stack(0x00007f7804882000,0x00007f7804983000)]
  0x00007f783014be50 JavaThread "Common-Cleaner" daemon [_thread_blocked, id=4899, stack(0x00007f780467f000,0x00007f7804780000)]
  0x00007f78305611a0 JavaThread "Java2D Disposer" daemon [_thread_blocked, id=4907, stack(0x00007f7804009000,0x00007f780410a000)]
  0x00007f7830590f20 JavaThread "AWT-XAWT" daemon [_thread_in_native, id=4908, stack(0x00007f77afeff000,0x00007f77b0000000)]
  0x00007f783065ea30 JavaThread "AWT-Shutdown" [_thread_blocked, id=4909, stack(0x00007f77afbc7000,0x00007f77afcc8000)]
  0x00007f783067d5a0 JavaThread "AWT-EventQueue-0" [_thread_blocked, id=4913, stack(0x00007f77af3cf000,0x00007f77af4d0000)]

Other Threads:
  0x00007f7830109e10 VMThread "VM Thread" [stack: 0x00007f7805377000,0x00007f7805477000] [id=4889]
  0x00007f783014a0f0 WatcherThread [stack: 0x00007f7804782000,0x00007f7804882000] [id=4898]
  0x00007f78300643a0 GCTaskThread "GC Thread#0" [stack: 0x00007f78145aa000,0x00007f78146aa000] [id=4884]
  0x00007f77fc001090 GCTaskThread "GC Thread#1" [stack: 0x00007f7804310000,0x00007f7804410000] [id=4900]
  0x00007f77fc004d60 GCTaskThread "GC Thread#2" [stack: 0x00007f77afac7000,0x00007f77afbc7000] [id=4910]
  0x00007f77fc005870 GCTaskThread "GC Thread#3" [stack: 0x00007f77af9c5000,0x00007f77afac5000] [id=4911]
  0x00007f78300746c0 ConcurrentGCThread "G1 Main Marker" [stack: 0x00007f78144a8000,0x00007f78145a8000] [id=4885]
  0x00007f7830075950 ConcurrentGCThread "G1 Conc#0" [stack: 0x00007f78143a6000,0x00007f78144a6000] [id=4886]
  0x00007f78300d7260 ConcurrentGCThread "G1 Refine#0" [stack: 0x00007f7805dff000,0x00007f7805eff000] [id=4887]
  0x00007f7800000e90 ConcurrentGCThread "G1 Refine#1" [stack: 0x00007f780420e000,0x00007f780430e000] [id=4901]
  0x00007f77c0000e90 ConcurrentGCThread "G1 Refine#2" [stack: 0x00007f780410c000,0x00007f780420c000] [id=4902]
  0x00007f78300d8470 ConcurrentGCThread "G1 Young RemSet Sampling" [stack: 0x00007f7805cfd000,0x00007f7805dfd000] [id=4888]

Threads with active compile tasks:

VM state: not at safepoint (normal execution)

VM Mutex/Monitor currently owned by a thread: None

Heap address: 0x000000008b200000, size: 1870 MB, Compressed Oops mode: 32-bit
CDS archive(s) mapped at: [0x0000000800000000-0x0000000800b35000-0x0000000800b35000), size 11751424, SharedBaseAddress: 0x0000000800000000, ArchiveRelocationMode: 0.
Compressed class space mapped at: 0x0000000800b38000-0x0000000840b38000, size: 1073741824
Narrow klass base: 0x0000000800000000, Narrow klass shift: 3, Narrow klass range: 0x100000000

GC Precious Log:
 CPUs: 4 total, 4 available
 Memory: 7478M
 Large Page Support: Disabled
 NUMA Support: Disabled
 Compressed Oops: Enabled (32-bit)
 Heap Region Size: 1M
 Heap Min Capacity: 8M
 Heap Initial Capacity: 118M
 Heap Max Capacity: 1870M
 Pre-touch: Disabled
 Parallel Workers: 4
 Concurrent Workers: 1
 Concurrent Refinement Workers: 4
 Periodic GC: Disabled

Heap:
 garbage-first heap   total 122880K, used 37321K [0x000000008b200000, 0x0000000100000000)
  region size 1024K, 23 young (23552K), 3 survivors (3072K)
 Metaspace       used 9766K, capacity 9918K, committed 9984K, reserved 1058816K
  class space    used 975K, capacity 1020K, committed 1024K, reserved 1048576K

Heap Regions: E=young(eden), S=young(survivor), O=old, HS=humongous(starts), HC=humongous(continues), CS=collection set, F=free, OA=open archive, CA=closed archive, TAMS=top-at-mark-start (previous, next)
|   0|0x000000008b200000, 0x000000008b300000, 0x000000008b300000|100%| O|  |TAMS 0x000000008b200000, 0x000000008b200000| Untracked 
|   1|0x000000008b300000, 0x000000008b400000, 0x000000008b400000|100%| O|  |TAMS 0x000000008b300000, 0x000000008b300000| Untracked 
|   2|0x000000008b400000, 0x000000008b500000, 0x000000008b500000|100%| O|  |TAMS 0x000000008b400000, 0x000000008b400000| Untracked 
|   3|0x000000008b500000, 0x000000008b600000, 0x000000008b600000|100%| O|  |TAMS 0x000000008b500000, 0x000000008b500000| Untracked 
|   4|0x000000008b600000, 0x000000008b700000, 0x000000008b700000|100%| O|  |TAMS 0x000000008b600000, 0x000000008b600000| Untracked 
|   5|0x000000008b700000, 0x000000008b800000, 0x000000008b800000|100%| O|  |TAMS 0x000000008b700000, 0x000000008b700000| Untracked 
|   6|0x000000008b800000, 0x000000008b900000, 0x000000008b900000|100%| O|  |TAMS 0x000000008b800000, 0x000000008b800000| Untracked 
|   7|0x000000008b900000, 0x000000008ba00000, 0x000000008ba00000|100%| O|  |TAMS 0x000000008b900000, 0x000000008b900000| Untracked 
|   8|0x000000008ba00000, 0x000000008bb00000, 0x000000008bb00000|100%| O|  |TAMS 0x000000008ba00000, 0x000000008ba00000| Untracked 
|   9|0x000000008bb00000, 0x000000008bc00000, 0x000000008bc00000|100%| O|  |TAMS 0x000000008bb00000, 0x000000008bb00000| Untracked 
|  10|0x000000008bc00000, 0x000000008bd00000, 0x000000008bd00000|100%| O|  |TAMS 0x000000008bc00000, 0x000000008bc00000| Untracked 
|  11|0x000000008bd00000, 0x000000008be00000, 0x000000008be00000|100%| O|  |TAMS 0x000000008bd00000, 0x000000008bd00000| Untracked 
|  12|0x000000008be00000, 0x000000008bf00000, 0x000000008bf00000|100%| O|  |TAMS 0x000000008be00000, 0x000000008be00000| Untracked 
|  13|0x000000008bf00000, 0x000000008bfa4400, 0x000000008c000000| 64%| O|  |TAMS 0x000000008bf00000, 0x000000008bf00000| Untracked 
|  14|0x000000008c000000, 0x000000008c000000, 0x000000008c100000|  0%| F|  |TAMS 0x000000008c000000, 0x000000008c000000| Untracked 
|  15|0x000000008c100000, 0x000000008c100000, 0x000000008c200000|  0%| F|  |TAMS 0x000000008c100000, 0x000000008c100000| Untracked 
|  16|0x000000008c200000, 0x000000008c200000, 0x000000008c300000|  0%| F|  |TAMS 0x000000008c200000, 0x000000008c200000| Untracked 
|  17|0x000000008c300000, 0x000000008c300000, 0x000000008c400000|  0%| F|  |TAMS 0x000000008c300000, 0x000000008c300000| Untracked 
|  18|0x000000008c400000, 0x000000008c400000, 0x000000008c500000|  0%| F|  |TAMS 0x000000008c400000, 0x000000008c400000| Untracked 
|  19|0x000000008c500000, 0x000000008c500000, 0x000000008c600000|  0%| F|  |TAMS 0x000000008c500000, 0x000000008c500000| Untracked 
|  20|0x000000008c600000, 0x000000008c600000, 0x000000008c700000|  0%| F|  |TAMS 0x000000008c600000, 0x000000008c600000| Untracked 
|  21|0x000000008c700000, 0x000000008c700000, 0x000000008c800000|  0%| F|  |TAMS 0x000000008c700000, 0x000000008c700000| Untracked 
|  22|0x000000008c800000, 0x000000008c800000, 0x000000008c900000|  0%| F|  |TAMS 0x000000008c800000, 0x000000008c800000| Untracked 
|  23|0x000000008c900000, 0x000000008c900000, 0x000000008ca00000|  0%| F|  |TAMS 0x000000008c900000, 0x000000008c900000| Untracked 
|  24|0x000000008ca00000, 0x000000008ca00000, 0x000000008cb00000|  0%| F|  |TAMS 0x000000008ca00000, 0x000000008ca00000| Untracked 
|  25|0x000000008cb00000, 0x000000008cb00000, 0x000000008cc00000|  0%| F|  |TAMS 0x000000008cb00000, 0x000000008cb00000| Untracked 
|  26|0x000000008cc00000, 0x000000008cc00000, 0x000000008cd00000|  0%| F|  |TAMS 0x000000008cc00000, 0x000000008cc00000| Untracked 
|  27|0x000000008cd00000, 0x000000008cd00000, 0x000000008ce00000|  0%| F|  |TAMS 0x000000008cd00000, 0x000000008cd00000| Untracked 
|  28|0x000000008ce00000, 0x000000008ce00000, 0x000000008cf00000|  0%| F|  |TAMS 0x000000008ce00000, 0x000000008ce00000| Untracked 
|  29|0x000000008cf00000, 0x000000008cf00000, 0x000000008d000000|  0%| F|  |TAMS 0x000000008cf00000, 0x000000008cf00000| Untracked 
|  30|0x000000008d000000, 0x000000008d000000, 0x000000008d100000|  0%| F|  |TAMS 0x000000008d000000, 0x000000008d000000| Untracked 
|  31|0x000000008d100000, 0x000000008d100000, 0x000000008d200000|  0%| F|  |TAMS 0x000000008d100000, 0x000000008d100000| Untracked 
|  32|0x000000008d200000, 0x000000008d200000, 0x000000008d300000|  0%| F|  |TAMS 0x000000008d200000, 0x000000008d200000| Untracked 
|  33|0x000000008d300000, 0x000000008d300000, 0x000000008d400000|  0%| F|  |TAMS 0x000000008d300000, 0x000000008d300000| Untracked 
|  34|0x000000008d400000, 0x000000008d400000, 0x000000008d500000|  0%| F|  |TAMS 0x000000008d400000, 0x000000008d400000| Untracked 
|  35|0x000000008d500000, 0x000000008d500000, 0x000000008d600000|  0%| F|  |TAMS 0x000000008d500000, 0x000000008d500000| Untracked 
|  36|0x000000008d600000, 0x000000008d600000, 0x000000008d700000|  0%| F|  |TAMS 0x000000008d600000, 0x000000008d600000| Untracked 
|  37|0x000000008d700000, 0x000000008d700000, 0x000000008d800000|  0%| F|  |TAMS 0x000000008d700000, 0x000000008d700000| Untracked 
|  38|0x000000008d800000, 0x000000008d800000, 0x000000008d900000|  0%| F|  |TAMS 0x000000008d800000, 0x000000008d800000| Untracked 
|  39|0x000000008d900000, 0x000000008d900000, 0x000000008da00000|  0%| F|  |TAMS 0x000000008d900000, 0x000000008d900000| Untracked 
|  40|0x000000008da00000, 0x000000008da00000, 0x000000008db00000|  0%| F|  |TAMS 0x000000008da00000, 0x000000008da00000| Untracked 
|  41|0x000000008db00000, 0x000000008db00000, 0x000000008dc00000|  0%| F|  |TAMS 0x000000008db00000, 0x000000008db00000| Untracked 
|  42|0x000000008dc00000, 0x000000008dc00000, 0x000000008dd00000|  0%| F|  |TAMS 0x000000008dc00000, 0x000000008dc00000| Untracked 
|  43|0x000000008dd00000, 0x000000008dd00000, 0x000000008de00000|  0%| F|  |TAMS 0x000000008dd00000, 0x000000008dd00000| Untracked 
|  44|0x000000008de00000, 0x000000008de00000, 0x000000008df00000|  0%| F|  |TAMS 0x000000008de00000, 0x000000008de00000| Untracked 
|  45|0x000000008df00000, 0x000000008df00000, 0x000000008e000000|  0%| F|  |TAMS 0x000000008df00000, 0x000000008df00000| Untracked 
|  46|0x000000008e000000, 0x000000008e000000, 0x000000008e100000|  0%| F|  |TAMS 0x000000008e000000, 0x000000008e000000| Untracked 
|  47|0x000000008e100000, 0x000000008e100000, 0x000000008e200000|  0%| F|  |TAMS 0x000000008e100000, 0x000000008e100000| Untracked 
|  48|0x000000008e200000, 0x000000008e200000, 0x000000008e300000|  0%| F|  |TAMS 0x000000008e200000, 0x000000008e200000| Untracked 
|  49|0x000000008e300000, 0x000000008e300000, 0x000000008e400000|  0%| F|  |TAMS 0x000000008e300000, 0x000000008e300000| Untracked 
|  50|0x000000008e400000, 0x000000008e400000, 0x000000008e500000|  0%| F|  |TAMS 0x000000008e400000, 0x000000008e400000| Untracked 
|  51|0x000000008e500000, 0x000000008e500000, 0x000000008e600000|  0%| F|  |TAMS 0x000000008e500000, 0x000000008e500000| Untracked 
|  52|0x000000008e600000, 0x000000008e600000, 0x000000008e700000|  0%| F|  |TAMS 0x000000008e600000, 0x000000008e600000| Untracked 
|  53|0x000000008e700000, 0x000000008e700000, 0x000000008e800000|  0%| F|  |TAMS 0x000000008e700000, 0x000000008e700000| Untracked 
|  54|0x000000008e800000, 0x000000008e800000, 0x000000008e900000|  0%| F|  |TAMS 0x000000008e800000, 0x000000008e800000| Untracked 
|  55|0x000000008e900000, 0x000000008e900000, 0x000000008ea00000|  0%| F|  |TAMS 0x000000008e900000, 0x000000008e900000| Untracked 
|  56|0x000000008ea00000, 0x000000008ea00000, 0x000000008eb00000|  0%| F|  |TAMS 0x000000008ea00000, 0x000000008ea00000| Untracked 
|  57|0x000000008eb00000, 0x000000008eb00000, 0x000000008ec00000|  0%| F|  |TAMS 0x000000008eb00000, 0x000000008eb00000| Untracked 
|  58|0x000000008ec00000, 0x000000008ec00000, 0x000000008ed00000|  0%| F|  |TAMS 0x000000008ec00000, 0x000000008ec00000| Untracked 
|  59|0x000000008ed00000, 0x000000008ed00000, 0x000000008ee00000|  0%| F|  |TAMS 0x000000008ed00000, 0x000000008ed00000| Untracked 
|  60|0x000000008ee00000, 0x000000008ee00000, 0x000000008ef00000|  0%| F|  |TAMS 0x000000008ee00000, 0x000000008ee00000| Untracked 
|  61|0x000000008ef00000, 0x000000008ef00000, 0x000000008f000000|  0%| F|  |TAMS 0x000000008ef00000, 0x000000008ef00000| Untracked 
|  62|0x000000008f000000, 0x000000008f000000, 0x000000008f100000|  0%| F|  |TAMS 0x000000008f000000, 0x000000008f000000| Untracked 
|  63|0x000000008f100000, 0x000000008f100000, 0x000000008f200000|  0%| F|  |TAMS 0x000000008f100000, 0x000000008f100000| Untracked 
|  64|0x000000008f200000, 0x000000008f200000, 0x000000008f300000|  0%| F|  |TAMS 0x000000008f200000, 0x000000008f200000| Untracked 
|  65|0x000000008f300000, 0x000000008f300000, 0x000000008f400000|  0%| F|  |TAMS 0x000000008f300000, 0x000000008f300000| Untracked 
|  66|0x000000008f400000, 0x000000008f400000, 0x000000008f500000|  0%| F|  |TAMS 0x000000008f400000, 0x000000008f400000| Untracked 
|  67|0x000000008f500000, 0x000000008f500000, 0x000000008f600000|  0%| F|  |TAMS 0x000000008f500000, 0x000000008f500000| Untracked 
|  68|0x000000008f600000, 0x000000008f600000, 0x000000008f700000|  0%| F|  |TAMS 0x000000008f600000, 0x000000008f600000| Untracked 
|  69|0x000000008f700000, 0x000000008f700000, 0x000000008f800000|  0%| F|  |TAMS 0x000000008f700000, 0x000000008f700000| Untracked 
|  70|0x000000008f800000, 0x000000008f800000, 0x000000008f900000|  0%| F|  |TAMS 0x000000008f800000, 0x000000008f800000| Untracked 
|  71|0x000000008f900000, 0x000000008f900000, 0x000000008fa00000|  0%| F|  |TAMS 0x000000008f900000, 0x000000008f900000| Untracked 
|  72|0x000000008fa00000, 0x000000008fa00000, 0x000000008fb00000|  0%| F|  |TAMS 0x000000008fa00000, 0x000000008fa00000| Untracked 
|  73|0x000000008fb00000, 0x000000008fb00000, 0x000000008fc00000|  0%| F|  |TAMS 0x000000008fb00000, 0x000000008fb00000| Untracked 
|  74|0x000000008fc00000, 0x000000008fc00000, 0x000000008fd00000|  0%| F|  |TAMS 0x000000008fc00000, 0x000000008fc00000| Untracked 
|  75|0x000000008fd00000, 0x000000008fd00000, 0x000000008fe00000|  0%| F|  |TAMS 0x000000008fd00000, 0x000000008fd00000| Untracked 
|  76|0x000000008fe00000, 0x000000008fe00000, 0x000000008ff00000|  0%| F|  |TAMS 0x000000008fe00000, 0x000000008fe00000| Untracked 
|  77|0x000000008ff00000, 0x000000008ff00000, 0x0000000090000000|  0%| F|  |TAMS 0x000000008ff00000, 0x000000008ff00000| Untracked 
|  78|0x0000000090000000, 0x0000000090000000, 0x0000000090100000|  0%| F|  |TAMS 0x0000000090000000, 0x0000000090000000| Untracked 
|  79|0x0000000090100000, 0x0000000090100000, 0x0000000090200000|  0%| F|  |TAMS 0x0000000090100000, 0x0000000090100000| Untracked 
|  80|0x0000000090200000, 0x0000000090200000, 0x0000000090300000|  0%| F|  |TAMS 0x0000000090200000, 0x0000000090200000| Untracked 
|  81|0x0000000090300000, 0x0000000090300000, 0x0000000090400000|  0%| F|  |TAMS 0x0000000090300000, 0x0000000090300000| Untracked 
|  82|0x0000000090400000, 0x0000000090400000, 0x0000000090500000|  0%| F|  |TAMS 0x0000000090400000, 0x0000000090400000| Untracked 
|  83|0x0000000090500000, 0x0000000090500000, 0x0000000090600000|  0%| F|  |TAMS 0x0000000090500000, 0x0000000090500000| Untracked 
|  84|0x0000000090600000, 0x0000000090600000, 0x0000000090700000|  0%| F|  |TAMS 0x0000000090600000, 0x0000000090600000| Untracked 
|  85|0x0000000090700000, 0x0000000090700000, 0x0000000090800000|  0%| F|  |TAMS 0x0000000090700000, 0x0000000090700000| Untracked 
|  86|0x0000000090800000, 0x0000000090800000, 0x0000000090900000|  0%| F|  |TAMS 0x0000000090800000, 0x0000000090800000| Untracked 
|  87|0x0000000090900000, 0x0000000090900000, 0x0000000090a00000|  0%| F|  |TAMS 0x0000000090900000, 0x0000000090900000| Untracked 
|  88|0x0000000090a00000, 0x0000000090a00000, 0x0000000090b00000|  0%| F|  |TAMS 0x0000000090a00000, 0x0000000090a00000| Untracked 
|  89|0x0000000090b00000, 0x0000000090b00000, 0x0000000090c00000|  0%| F|  |TAMS 0x0000000090b00000, 0x0000000090b00000| Untracked 
|  90|0x0000000090c00000, 0x0000000090c00000, 0x0000000090d00000|  0%| F|  |TAMS 0x0000000090c00000, 0x0000000090c00000| Untracked 
|  91|0x0000000090d00000, 0x0000000090d00000, 0x0000000090e00000|  0%| F|  |TAMS 0x0000000090d00000, 0x0000000090d00000| Untracked 
|  92|0x0000000090e00000, 0x0000000090e00000, 0x0000000090f00000|  0%| F|  |TAMS 0x0000000090e00000, 0x0000000090e00000| Untracked 
|  93|0x0000000090f00000, 0x0000000090f00000, 0x0000000091000000|  0%| F|  |TAMS 0x0000000090f00000, 0x0000000090f00000| Untracked 
|  94|0x0000000091000000, 0x0000000091000000, 0x0000000091100000|  0%| F|  |TAMS 0x0000000091000000, 0x0000000091000000| Untracked 
|  95|0x0000000091100000, 0x0000000091200000, 0x0000000091200000|100%| E|  |TAMS 0x0000000091100000, 0x0000000091100000| Complete 
|  96|0x0000000091200000, 0x0000000091300000, 0x0000000091300000|100%| E|CS|TAMS 0x0000000091200000, 0x0000000091200000| Complete 
|  97|0x0000000091300000, 0x0000000091400000, 0x0000000091400000|100%| E|CS|TAMS 0x0000000091300000, 0x0000000091300000| Complete 
|  98|0x0000000091400000, 0x0000000091500000, 0x0000000091500000|100%| S|CS|TAMS 0x0000000091400000, 0x0000000091400000| Complete 
|  99|0x0000000091500000, 0x0000000091600000, 0x0000000091600000|100%| S|CS|TAMS 0x0000000091500000, 0x0000000091500000| Complete 
| 100|0x0000000091600000, 0x0000000091700000, 0x0000000091700000|100%| S|CS|TAMS 0x0000000091600000, 0x0000000091600000| Complete 
| 101|0x0000000091700000, 0x0000000091800000, 0x0000000091800000|100%| E|CS|TAMS 0x0000000091700000, 0x0000000091700000| Complete 
| 102|0x0000000091800000, 0x0000000091900000, 0x0000000091900000|100%| E|CS|TAMS 0x0000000091800000, 0x0000000091800000| Complete 
| 103|0x0000000091900000, 0x0000000091a00000, 0x0000000091a00000|100%| E|CS|TAMS 0x0000000091900000, 0x0000000091900000| Complete 
| 104|0x0000000091a00000, 0x0000000091b00000, 0x0000000091b00000|100%| E|CS|TAMS 0x0000000091a00000, 0x0000000091a00000| Complete 
| 105|0x0000000091b00000, 0x0000000091c00000, 0x0000000091c00000|100%| E|CS|TAMS 0x0000000091b00000, 0x0000000091b00000| Complete 
| 106|0x0000000091c00000, 0x0000000091d00000, 0x0000000091d00000|100%| E|CS|TAMS 0x0000000091c00000, 0x0000000091c00000| Complete 
| 107|0x0000000091d00000, 0x0000000091e00000, 0x0000000091e00000|100%| E|CS|TAMS 0x0000000091d00000, 0x0000000091d00000| Complete 
| 108|0x0000000091e00000, 0x0000000091f00000, 0x0000000091f00000|100%| E|CS|TAMS 0x0000000091e00000, 0x0000000091e00000| Complete 
| 109|0x0000000091f00000, 0x0000000092000000, 0x0000000092000000|100%| E|CS|TAMS 0x0000000091f00000, 0x0000000091f00000| Complete 
| 110|0x0000000092000000, 0x0000000092100000, 0x0000000092100000|100%| E|CS|TAMS 0x0000000092000000, 0x0000000092000000| Complete 
| 111|0x0000000092100000, 0x0000000092200000, 0x0000000092200000|100%| E|CS|TAMS 0x0000000092100000, 0x0000000092100000| Complete 
| 112|0x0000000092200000, 0x0000000092300000, 0x0000000092300000|100%| E|CS|TAMS 0x0000000092200000, 0x0000000092200000| Complete 
| 113|0x0000000092300000, 0x0000000092400000, 0x0000000092400000|100%| E|CS|TAMS 0x0000000092300000, 0x0000000092300000| Complete 
| 114|0x0000000092400000, 0x0000000092500000, 0x0000000092500000|100%| E|CS|TAMS 0x0000000092400000, 0x0000000092400000| Complete 
| 115|0x0000000092500000, 0x0000000092600000, 0x0000000092600000|100%| E|CS|TAMS 0x0000000092500000, 0x0000000092500000| Complete 
| 116|0x0000000092600000, 0x0000000092700000, 0x0000000092700000|100%| E|CS|TAMS 0x0000000092600000, 0x0000000092600000| Complete 
| 117|0x0000000092700000, 0x0000000092800000, 0x0000000092800000|100%| E|CS|TAMS 0x0000000092700000, 0x0000000092700000| Complete 
|1868|0x00000000ffe00000, 0x00000000ffe52000, 0x00000000fff00000| 32%|OA|  |TAMS 0x00000000ffe00000, 0x00000000ffe00000| Untracked 
|1869|0x00000000fff00000, 0x00000000fff7c000, 0x0000000100000000| 48%|CA|  |TAMS 0x00000000fff00000, 0x00000000fff00000| Untracked 

Card table byte_map: [0x00007f78184c1000,0x00007f7818868000] _byte_map_base: 0x00007f7818068000

Marking Bits (Prev, Next): (CMBitMap*) 0x00007f7830065140, (CMBitMap*) 0x00007f7830065180
 Prev Bits: [0x00007f78163e2000, 0x00007f781811a000)
 Next Bits: [0x00007f78146aa000, 0x00007f78163e2000)

Polling page: 0x00007f7835c5a000

Metaspace:

Usage:
  Non-class:      8,69 MB capacity,     8,58 MB ( 99%) used,    91,45 KB (  1%) free+waste,    15,56 KB ( <1%) overhead. 
      Class:   1020,00 KB capacity,   975,23 KB ( 96%) used,    38,45 KB (  4%) free+waste,     6,31 KB ( <1%) overhead. 
       Both:      9,69 MB capacity,     9,54 MB ( 98%) used,   129,90 KB (  1%) free+waste,    21,88 KB ( <1%) overhead. 

Virtual space:
  Non-class space:       10,00 MB reserved,       8,75 MB ( 88%) committed 
      Class space:        1,00 GB reserved,       1,00 MB ( <1%) committed 
             Both:        1,01 GB reserved,       9,75 MB ( <1%) committed 

Chunk freelists:
   Non-Class:  62,00 KB
       Class:  4,00 KB
        Both:  66,00 KB

MaxMetaspaceSize: 17179869184,00 GB
CompressedClassSpaceSize: 1,00 GB

CodeHeap 'non-profiled nmethods': size=120032Kb used=610Kb max_used=610Kb free=119421Kb
 bounds [0x00007f78207d8000, 0x00007f7820a48000, 0x00007f7827d10000]
CodeHeap 'profiled nmethods': size=120028Kb used=2431Kb max_used=2431Kb free=117596Kb
 bounds [0x00007f78192a1000, 0x00007f7819511000, 0x00007f78207d8000]
CodeHeap 'non-nmethods': size=5700Kb used=1393Kb max_used=1446Kb free=4306Kb
 bounds [0x00007f7818d10000, 0x00007f7818f80000, 0x00007f78192a1000]
 total_blobs=2244 nmethods=1521 adapters=638
 compilation: enabled
              stopped_count=0, restarted_count=0
 full_count=0

Compilation events (20 events):
Event: 3,004 Thread 0x00007f78301196c0 1511   !   3       sun.awt.X11.XToolkit::windowToXWindow (27 bytes)
Event: 3,005 Thread 0x00007f78301196c0 nmethod 1511 0x00007f78194fc610 code [0x00007f78194fc7e0, 0x00007f78194fcbf0]
Event: 3,005 Thread 0x00007f78301196c0 1512       3       java.util.TreeMap::get (19 bytes)
Event: 3,005 Thread 0x00007f78301196c0 nmethod 1512 0x00007f78194fce10 code [0x00007f78194fcfc0, 0x00007f78194fd160]
Event: 3,044 Thread 0x00007f78301196c0 1513       3       sun.awt.X11.XEvent::get_xany (22 bytes)
Event: 3,045 Thread 0x00007f78301196c0 nmethod 1513 0x00007f78194fd210 code [0x00007f78194fd400, 0x00007f78194fda10]
Event: 3,045 Thread 0x00007f78301196c0 1515       3       sun.awt.X11GraphicsConfig::getScale (8 bytes)
Event: 3,045 Thread 0x00007f78301196c0 nmethod 1515 0x00007f78194fdc10 code [0x00007f78194fdda0, 0x00007f78194fdf50]
Event: 3,046 Thread 0x00007f78301196c0 1514       3       sun.awt.X11.XAnyEvent::<init> (30 bytes)
Event: 3,046 Thread 0x00007f78301196c0 nmethod 1514 0x00007f78194fe010 code [0x00007f78194fe1e0, 0x00007f78194fe5a0]
Event: 3,060 Thread 0x00007f78301196c0 1517       1       sun.awt.X11.XBaseWindow::getWindow (5 bytes)
Event: 3,061 Thread 0x00007f78301196c0 nmethod 1517 0x00007f782086f290 code [0x00007f782086f420, 0x00007f782086f4d0]
Event: 3,061 Thread 0x00007f78301196c0 1518  s    3       java.awt.Toolkit::getDefaultToolkit (53 bytes)
Event: 3,062 Thread 0x00007f78301196c0 nmethod 1518 0x00007f78194fe710 code [0x00007f78194fea00, 0x00007f78194ffac0]
Event: 3,069 Thread 0x00007f7830117e90 1519       4       jdk.internal.logger.LazyLoggers$LazyLoggerWrapper::platformProxy (10 bytes)
Event: 3,076 Thread 0x00007f78301196c0 1520       3       java.security.AccessController::getContext (23 bytes)
Event: 3,077 Thread 0x00007f78301196c0 nmethod 1520 0x00007f78194fff90 code [0x00007f7819500140, 0x00007f78195003f0]
Event: 3,079 Thread 0x00007f7830117e90 nmethod 1519 0x00007f782086fa10 code [0x00007f782086fbc0, 0x00007f7820870330]
Event: 4,000 Thread 0x00007f78301196c0 1522       3       sun.awt.X11.XAnyEvent::get_window (20 bytes)
Event: 4,003 Thread 0x00007f78301196c0 nmethod 1522 0x00007f7819500510 code [0x00007f78195006e0, 0x00007f7819500b20]

GC Heap History (6 events):
Event: 0,665 GC heap before
{Heap before GC invocations=0 (full 0):
 garbage-first heap   total 122880K, used 14136K [0x000000008b200000, 0x0000000100000000)
  region size 1024K, 13 young (13312K), 0 survivors (0K)
 Metaspace       used 2313K, capacity 5889K, committed 6016K, reserved 1056768K
  class space    used 230K, capacity 555K, committed 640K, reserved 1048576K
}
Event: 0,679 GC heap after
{Heap after GC invocations=1 (full 0):
 garbage-first heap   total 122880K, used 5962K [0x000000008b200000, 0x0000000100000000)
  region size 1024K, 2 young (2048K), 2 survivors (2048K)
 Metaspace       used 2313K, capacity 5889K, committed 6016K, reserved 1056768K
  class space    used 230K, capacity 555K, committed 640K, reserved 1048576K
}
Event: 0,714 GC heap before
{Heap before GC invocations=1 (full 0):
 garbage-first heap   total 122880K, used 16202K [0x000000008b200000, 0x0000000100000000)
  region size 1024K, 12 young (12288K), 2 survivors (2048K)
 Metaspace       used 2314K, capacity 5889K, committed 6016K, reserved 1056768K
  class space    used 230K, capacity 555K, committed 640K, reserved 1048576K
}
Event: 0,729 GC heap after
{Heap after GC invocations=2 (full 0):
 garbage-first heap   total 122880K, used 11064K [0x000000008b200000, 0x0000000100000000)
  region size 1024K, 2 young (2048K), 2 survivors (2048K)
 Metaspace       used 2314K, capacity 5889K, committed 6016K, reserved 1056768K
  class space    used 230K, capacity 555K, committed 640K, reserved 1048576K
}
Event: 1,502 GC heap before
{Heap before GC invocations=2 (full 0):
 garbage-first heap   total 122880K, used 26424K [0x000000008b200000, 0x0000000100000000)
  region size 1024K, 17 young (17408K), 2 survivors (2048K)
 Metaspace       used 8331K, capacity 8502K, committed 8576K, reserved 1056768K
  class space    used 838K, capacity 892K, committed 896K, reserved 1048576K
}
Event: 1,520 GC heap after
{Heap after GC invocations=3 (full 0):
 garbage-first heap   total 122880K, used 17865K [0x000000008b200000, 0x0000000100000000)
  region size 1024K, 3 young (3072K), 3 survivors (3072K)
 Metaspace       used 8331K, capacity 8502K, committed 8576K, reserved 1056768K
  class space    used 838K, capacity 892K, committed 896K, reserved 1048576K
}

Deoptimization events (20 events):
Event: 1,934 Thread 0x00007f7830027d60 Uncommon trap: trap_request=0xffffff45 fr.pc=0x00007f78207e483c relative=0x00000000000001bc
Event: 1,934 Thread 0x00007f7830027d60 Uncommon trap: reason=unstable_if action=reinterpret pc=0x00007f78207e483c method=java.lang.String.hashCode()I @ 20 c2
Event: 1,934 Thread 0x00007f7830027d60 DEOPT PACKING pc=0x00007f78207e483c sp=0x00007f78346f5830
Event: 1,934 Thread 0x00007f7830027d60 DEOPT UNPACKING pc=0x00007f7818d5de25 sp=0x00007f78346f57e0 mode 2
Event: 1,934 Thread 0x00007f7830027d60 Uncommon trap: trap_request=0xffffff45 fr.pc=0x00007f78207ede44 relative=0x0000000000000044
Event: 1,934 Thread 0x00007f7830027d60 Uncommon trap: reason=unstable_if action=reinterpret pc=0x00007f78207ede44 method=java.lang.CharacterData.of(I)Ljava/lang/CharacterData; @ 4 c2
Event: 1,934 Thread 0x00007f7830027d60 DEOPT PACKING pc=0x00007f78207ede44 sp=0x00007f78346f57b0
Event: 1,934 Thread 0x00007f7830027d60 DEOPT UNPACKING pc=0x00007f7818d5de25 sp=0x00007f78346f5768 mode 2
Event: 1,964 Thread 0x00007f7830027d60 Uncommon trap: trap_request=0xffffff45 fr.pc=0x00007f7820821368 relative=0x00000000000002e8
Event: 1,964 Thread 0x00007f7830027d60 Uncommon trap: reason=unstable_if action=reinterpret pc=0x00007f7820821368 method=java.lang.StringUTF16.compress([CI[BII)I @ 20 c2
Event: 1,964 Thread 0x00007f7830027d60 DEOPT PACKING pc=0x00007f7820821368 sp=0x00007f78346f5490
Event: 1,964 Thread 0x00007f7830027d60 DEOPT UNPACKING pc=0x00007f7818d5de25 sp=0x00007f78346f5430 mode 2
Event: 2,536 Thread 0x00007f7830027d60 Uncommon trap: trap_request=0xffffff45 fr.pc=0x00007f782083b94c relative=0x00000000000001cc
Event: 2,536 Thread 0x00007f7830027d60 Uncommon trap: reason=unstable_if action=reinterpret pc=0x00007f782083b94c method=java.lang.String.indexOf(Ljava/lang/String;)I @ 10 c2
Event: 2,536 Thread 0x00007f7830027d60 DEOPT PACKING pc=0x00007f782083b94c sp=0x00007f78346f3e00
Event: 2,536 Thread 0x00007f7830027d60 DEOPT UNPACKING pc=0x00007f7818d5de25 sp=0x00007f78346f3dc0 mode 2
Event: 7,539 Thread 0x00007f7830027d60 Uncommon trap: trap_request=0xffffff45 fr.pc=0x00007f78207fdb1c relative=0x000000000000037c
Event: 7,539 Thread 0x00007f7830027d60 Uncommon trap: reason=unstable_if action=reinterpret pc=0x00007f78207fdb1c method=ilog.cplex.CpxLinearExpr.<init>([D[Lilog/cplex/CpxNumVar;IID)V @ 56 c2
Event: 7,539 Thread 0x00007f7830027d60 DEOPT PACKING pc=0x00007f78207fdb1c sp=0x00007f78346f3bd0
Event: 7,539 Thread 0x00007f7830027d60 DEOPT UNPACKING pc=0x00007f7818d5de25 sp=0x00007f78346f3b60 mode 2

Classes unloaded (0 events):
No events

Classes redefined (0 events):
No events

Internal exceptions (14 events):
Event: 0,772 Thread 0x00007f7830027d60 Exception <a 'java/lang/NoSuchMethodError'{0x0000000091a004e0}: 'void java.lang.invoke.DirectMethodHandle$Holder.invokeSpecial(java.lang.Object, java.lang.Object, java.lang.Object)'> (0x0000000091a004e0) 
thrown [open/src/hotspot/share/interpreter/linkResolver.cpp, line 781]
Event: 0,786 Thread 0x00007f7830027d60 Exception <a 'java/lang/ClassNotFoundException'{0x0000000091a138a0}: sun/awt/resources/spi/awtProvider> (0x0000000091a138a0) 
thrown [open/src/hotspot/share/classfile/systemDictionary.cpp, line 295]
Event: 0,935 Thread 0x00007f7830027d60 Exception <a 'java/lang/NoSuchMethodError'{0x0000000091a2a8f0}: 'java.lang.Object java.lang.invoke.DirectMethodHandle$Holder.invokeStatic(java.lang.Object)'> (0x0000000091a2a8f0) 
thrown [open/src/hotspot/share/interpreter/linkResolver.cpp, line 781]
Event: 0,988 Thread 0x00007f7830027d60 Exception <a 'java/io/FileNotFoundException'{0x0000000091a70660}> (0x0000000091a70660) 
thrown [open/src/hotspot/share/prims/jni.cpp, line 578]
Event: 1,017 Thread 0x00007f7830027d60 Exception <a 'java/io/FileNotFoundException'{0x0000000091a9efc0}> (0x0000000091a9efc0) 
thrown [open/src/hotspot/share/prims/jni.cpp, line 578]
Event: 1,128 Thread 0x00007f7830027d60 Exception <a 'java/lang/NoSuchMethodError'{0x0000000091916e28}: 'java.lang.Object java.lang.invoke.DirectMethodHandle$Holder.invokeStaticInit(java.lang.Object)'> (0x0000000091916e28) 
thrown [open/src/hotspot/share/interpreter/linkResolver.cpp, line 781]
Event: 1,199 Thread 0x00007f7830027d60 Exception <a 'java/lang/NoSuchMethodError'{0x0000000091992008}: 'java.lang.Object java.lang.invoke.DirectMethodHandle$Holder.newInvokeSpecial(java.lang.Object, java.lang.Object, java.lang.Object, java.lang.Object, java.lang.Object)'> (0x0000000091992008) 
thrown [open/src/hotspot/share/interpreter/linkResolver.cpp, line 781]
Event: 1,203 Thread 0x00007f7830027d60 Exception <a 'java/lang/NoSuchMethodError'{0x00000000919ea9c0}: 'java.lang.Object java.lang.invoke.DirectMethodHandle$Holder.invokeStatic(java.lang.Object, int, java.lang.Object, java.lang.Object, java.lang.Object, java.lang.Object)'> (0x00000000919ea9c0) 
thrown [open/src/hotspot/share/interpreter/linkResolver.cpp, line 781]
Event: 1,214 Thread 0x00007f7830027d60 Exception <a 'java/lang/NoSuchMethodError'{0x0000000091811430}: 'java.lang.Object java.lang.invoke.DirectMethodHandle$Holder.invokeStatic(java.lang.Object, int, java.lang.Object)'> (0x0000000091811430) 
thrown [open/src/hotspot/share/interpreter/linkResolver.cpp, line 781]
Event: 1,270 Thread 0x00007f7830027d60 Exception <a 'java/lang/NoSuchMethodError'{0x00000000918c7ab0}: 'void java.lang.invoke.DirectMethodHandle$Holder.invokeStatic(java.lang.Object, java.lang.Object)'> (0x00000000918c7ab0) 
thrown [open/src/hotspot/share/interpreter/linkResolver.cpp, line 781]
Event: 1,303 Thread 0x00007f7830027d60 Exception <a 'java/lang/ClassNotFoundException'{0x00000000918f3810}: com/sun/swing/internal/plaf/metal/resources/spi/metalProvider> (0x00000000918f3810) 
thrown [open/src/hotspot/share/classfile/systemDictionary.cpp, line 295]
Event: 1,305 Thread 0x00007f7830027d60 Exception <a 'java/lang/ClassNotFoundException'{0x00000000918f7870}: com/sun/swing/internal/plaf/basic/resources/spi/basicProvider> (0x00000000918f7870) 
thrown [open/src/hotspot/share/classfile/systemDictionary.cpp, line 295]
Event: 1,355 Thread 0x00007f7830027d60 Exception <a 'java/lang/NoSuchMethodError'{0x000000009173ea98}: 'void java.lang.invoke.DirectMethodHandle$Holder.invokeStaticInit(java.lang.Object)'> (0x000000009173ea98) 
thrown [open/src/hotspot/share/interpreter/linkResolver.cpp, line 781]
Event: 1,882 Thread 0x00007f7830027d60 Exception <a 'java/io/FileNotFoundException'{0x0000000091db8870}> (0x0000000091db8870) 
thrown [open/src/hotspot/share/prims/jni.cpp, line 578]

Events (20 events):
Event: 2,292 loading class sun/awt/im/InputMethodWindow done
Event: 2,293 loading class sun/awt/im/CompositionAreaHandler
Event: 2,293 loading class sun/awt/im/CompositionAreaHandler done
Event: 2,293 loading class java/text/AttributedString
Event: 2,293 loading class java/text/AttributedString done
Event: 2,293 loading class java/text/AttributedString$AttributedStringIterator
Event: 2,293 loading class java/text/AttributedCharacterIterator
Event: 2,294 loading class java/text/CharacterIterator
Event: 2,294 loading class java/text/CharacterIterator done
Event: 2,294 loading class java/text/AttributedCharacterIterator done
Event: 2,294 loading class java/text/AttributedString$AttributedStringIterator done
Event: 2,316 Loaded shared library /opt/ibm/ILOG/CPLEX_Studio1261/cplex/bin/x86-64_linux/libcplex1261remotejni.so
Event: 2,521 Executing VM operation: HandshakeAllThreads
Event: 2,521 Executing VM operation: HandshakeAllThreads done
Event: 2,916 loading class sun/awt/X11/XMotionEvent
Event: 2,916 loading class sun/awt/X11/XMotionEvent done
Event: 2,918 Thread 0x00007f77e4196ad0 Thread exited: 0x00007f77e4196ad0
Event: 4,235 Loaded shared library /usr/lib/jvm/java-15-jdk/lib/libawt_xawt.so
Event: 7,537 loading class java/util/regex/Matcher$ImmutableMatchResult
Event: 7,538 loading class java/util/regex/Matcher$ImmutableMatchResult done


Dynamic libraries:
8b200000-92800000 rw-p 00000000 00:00 0 
92800000-ffe00000 ---p 00000000 00:00 0 
ffe00000-ffe52000 rw-p 00be6000 08:08 1070342                            /usr/lib/jvm/java-15-jdk/lib/server/classes.jsa
ffe52000-fff00000 rw-p 00000000 00:00 0 
fff00000-fff7c000 rw-p 00b6a000 08:08 1070342                            /usr/lib/jvm/java-15-jdk/lib/server/classes.jsa
fff7c000-100000000 rw-p 00000000 00:00 0 
800000000-800003000 rwxp 00001000 08:08 1070342                          /usr/lib/jvm/java-15-jdk/lib/server/classes.jsa
800003000-8003e7000 rw-p 00004000 08:08 1070342                          /usr/lib/jvm/java-15-jdk/lib/server/classes.jsa
8003e7000-800b35000 r--p 003e8000 08:08 1070342                          /usr/lib/jvm/java-15-jdk/lib/server/classes.jsa
800b35000-800b38000 ---p 00000000 00:00 0 
800b38000-800c38000 rw-p 00000000 00:00 0 
800c38000-840b38000 ---p 00000000 00:00 0 
5570dccdf000-5570dcce0000 r-xp 00000000 08:08 1070286                    /usr/lib/jvm/java-15-jdk/bin/java
5570dcce1000-5570dcce2000 r--p 00001000 08:08 1070286                    /usr/lib/jvm/java-15-jdk/bin/java
5570dcce2000-5570dcce3000 rw-p 00002000 08:08 1070286                    /usr/lib/jvm/java-15-jdk/bin/java
5570dd05c000-5570dd07d000 rw-p 00000000 00:00 0                          [heap]
7f7790000000-7f77901e4000 rw-p 00000000 00:00 0 
7f77901e4000-7f7794000000 ---p 00000000 00:00 0 
7f7794000000-7f7794432000 rw-p 00000000 00:00 0 
7f7794432000-7f7798000000 ---p 00000000 00:00 0 
7f7798000000-7f7798021000 rw-p 00000000 00:00 0 
7f7798021000-7f779c000000 ---p 00000000 00:00 0 
7f779c000000-7f779cbb6000 rw-p 00000000 00:00 0 
7f779cbb6000-7f77a0000000 ---p 00000000 00:00 0 
7f77a0000000-7f77a0021000 rw-p 00000000 00:00 0 
7f77a0021000-7f77a4000000 ---p 00000000 00:00 0 
7f77a4000000-7f77a4021000 rw-p 00000000 00:00 0 
7f77a4021000-7f77a8000000 ---p 00000000 00:00 0 
7f77a8000000-7f77a8044000 rw-p 00000000 00:00 0 
7f77a8044000-7f77ac000000 ---p 00000000 00:00 0 
7f77adbcc000-7f77adbcd000 ---p 00000000 00:00 0 
7f77adbcd000-7f77ae3cd000 rw-p 00000000 00:00 0 
7f77ae3cd000-7f77ae3ce000 ---p 00000000 00:00 0 
7f77ae3ce000-7f77aebce000 rw-p 00000000 00:00 0 
7f77aebce000-7f77aebcf000 ---p 00000000 00:00 0 
7f77aebcf000-7f77aebd0000 rw-p 00000000 00:00 0 
7f77aebd0000-7f77aebd4000 ---p 00000000 00:00 0 
7f77aebd4000-7f77af3cf000 rw-p 00000000 00:00 0 
7f77af3cf000-7f77af3d3000 ---p 00000000 00:00 0 
7f77af3d3000-7f77af590000 rw-p 00000000 00:00 0 
7f77af590000-7f77af6d0000 ---p 00000000 00:00 0 
7f77af6d0000-7f77af79d000 r--s 00000000 08:08 6819592                    /home/d4rkwzd/.cache/fontconfig/923e285e415b1073c8df160bee08820f-le64.cache-7
7f77af878000-7f77af8bb000 r--s 00000000 08:08 6837194                    /home/d4rkwzd/.cache/fontconfig/f6b893a7224233d96cb72fd88691c0b4-le64.cache-7
7f77af8c2000-7f77af8c6000 ---p 00000000 00:00 0 
7f77af8c6000-7f77af9c3000 rw-p 00000000 00:00 0 
7f77af9c3000-7f77af9c4000 ---p 00000000 00:00 0 
7f77af9c4000-7f77afac5000 rw-p 00000000 00:00 0 
7f77afac5000-7f77afac6000 ---p 00000000 00:00 0 
7f77afac6000-7f77afbc7000 rw-p 00000000 00:00 0 
7f77afbc7000-7f77afbcb000 ---p 00000000 00:00 0 
7f77afbcb000-7f77afcc8000 rw-p 00000000 00:00 0 
7f77afcc8000-7f77afd95000 r--s 00000000 08:08 6819592                    /home/d4rkwzd/.cache/fontconfig/923e285e415b1073c8df160bee08820f-le64.cache-7
7f77afda8000-7f77afdcb000 r--s 00000000 08:08 6427600                    /home/d4rkwzd/.cache/fontconfig/f2e43df3287529323e79e7929dc44cc9-le64.cache-7
7f77afde8000-7f77afdf4000 r--s 00000000 08:08 8394494                    /home/d4rkwzd/.cache/fontconfig/e34e38f5-54d7-4e44-8c93-fc66dea1fd05-le64.cache-7
7f77afe48000-7f77afe6b000 r--s 00000000 08:08 6427600                    /home/d4rkwzd/.cache/fontconfig/f2e43df3287529323e79e7929dc44cc9-le64.cache-7
7f77afe70000-7f77afeb3000 r--s 00000000 08:08 6837194                    /home/d4rkwzd/.cache/fontconfig/f6b893a7224233d96cb72fd88691c0b4-le64.cache-7
7f77afec0000-7f77afece000 r--s 00000000 08:08 6427565                    /home/d4rkwzd/.cache/fontconfig/491f45a0a771fef1c10b9b647a97fb82-le64.cache-7
7f77afed0000-7f77afede000 r--s 00000000 08:08 9059422                    /home/d4rkwzd/.cache/fontconfig/1dce2cb908b447e938fc03acd9b47fcf-le64.cache-7
7f77afee0000-7f77afeec000 r--s 00000000 08:08 8394494                    /home/d4rkwzd/.cache/fontconfig/e34e38f5-54d7-4e44-8c93-fc66dea1fd05-le64.cache-7
7f77afef0000-7f77afefe000 r--s 00000000 08:08 6427565                    /home/d4rkwzd/.cache/fontconfig/491f45a0a771fef1c10b9b647a97fb82-le64.cache-7
7f77afeff000-7f77aff03000 ---p 00000000 00:00 0 
7f77aff03000-7f77b0000000 rw-p 00000000 00:00 0 
7f77b0000000-7f77b0021000 rw-p 00000000 00:00 0 
7f77b0021000-7f77b4000000 ---p 00000000 00:00 0 
7f77b4000000-7f77b4021000 rw-p 00000000 00:00 0 
7f77b4021000-7f77b8000000 ---p 00000000 00:00 0 
7f77b8000000-7f77b8069000 rw-p 00000000 00:00 0 
7f77b8069000-7f77bc000000 ---p 00000000 00:00 0 
7f77bc000000-7f77bc021000 rw-p 00000000 00:00 0 
7f77bc021000-7f77c0000000 ---p 00000000 00:00 0 
7f77c0000000-7f77c0021000 rw-p 00000000 00:00 0 
7f77c0021000-7f77c4000000 ---p 00000000 00:00 0 
7f77c4000000-7f77c4021000 rw-p 00000000 00:00 0 
7f77c4021000-7f77c8000000 ---p 00000000 00:00 0 
7f77c8000000-7f77c8021000 rw-p 00000000 00:00 0 
7f77c8021000-7f77cc000000 ---p 00000000 00:00 0 
7f77cc008000-7f77cc016000 r--s 00000000 08:08 9059422                    /home/d4rkwzd/.cache/fontconfig/1dce2cb908b447e938fc03acd9b47fcf-le64.cache-7
7f77cc020000-7f77cc021000 r--s 00000000 08:08 6723690                    /home/d4rkwzd/.cache/fontconfig/40a9d18f2870572023edd72623462882-le64.cache-7
7f77cc060000-7f77cc066000 r--s 00000000 08:08 8394475                    /home/d4rkwzd/.cache/fontconfig/9495f0af-d109-49f0-abdf-d280bf3e4658-le64.cache-7
7f77cc068000-7f77cc06e000 r--s 00000000 08:08 6837195                    /home/d4rkwzd/.cache/fontconfig/b67b32625a2bb51b023d3814a918f351-le64.cache-7
7f77cc070000-7f77cc075000 r--s 00000000 08:08 6686299                    /home/d4rkwzd/.cache/fontconfig/6ba42ae0000f58711b5caaf10d690066-le64.cache-7
7f77cc078000-7f77cc085000 r--s 00000000 08:08 6723547                    /home/d4rkwzd/.cache/fontconfig/210c0516121708a580e22e6b1f9a103a-le64.cache-7
7f77cc088000-7f77cc08b000 r--s 00000000 08:08 8262798                    /home/d4rkwzd/.cache/fontconfig/f7f036bb-6cca-4723-a1e5-41b5ef9aba97-le64.cache-7
7f77cc090000-7f77cc098000 r--s 00000000 08:08 8394507                    /home/d4rkwzd/.cache/fontconfig/4603b67a-335d-4cd8-804e-97e5483fbd43-le64.cache-7
7f77cc098000-7f77cc09a000 r--p 00000000 08:08 530314                     /usr/lib/libXfixes.so.3.1.0
7f77cc09a000-7f77cc09d000 r-xp 00002000 08:08 530314                     /usr/lib/libXfixes.so.3.1.0
7f77cc09d000-7f77cc09e000 r--p 00005000 08:08 530314                     /usr/lib/libXfixes.so.3.1.0
7f77cc09e000-7f77cc09f000 ---p 00006000 08:08 530314                     /usr/lib/libXfixes.so.3.1.0
7f77cc09f000-7f77cc0a0000 r--p 00006000 08:08 530314                     /usr/lib/libXfixes.so.3.1.0
7f77cc0a0000-7f77cc0a1000 rw-p 00007000 08:08 530314                     /usr/lib/libXfixes.so.3.1.0
7f77cc0a8000-7f77cc0ab000 r--s 00000000 08:08 8262798                    /home/d4rkwzd/.cache/fontconfig/f7f036bb-6cca-4723-a1e5-41b5ef9aba97-le64.cache-7
7f77cc0b0000-7f77cc0b6000 r--s 00000000 08:08 8394475                    /home/d4rkwzd/.cache/fontconfig/9495f0af-d109-49f0-abdf-d280bf3e4658-le64.cache-7
7f77cc0b8000-7f77cc0be000 r--s 00000000 08:08 6837195                    /home/d4rkwzd/.cache/fontconfig/b67b32625a2bb51b023d3814a918f351-le64.cache-7
7f77cc0c0000-7f77cc0c5000 r--s 00000000 08:08 6686299                    /home/d4rkwzd/.cache/fontconfig/6ba42ae0000f58711b5caaf10d690066-le64.cache-7
7f77cc0c8000-7f77cc0d5000 r--s 00000000 08:08 6723547                    /home/d4rkwzd/.cache/fontconfig/210c0516121708a580e22e6b1f9a103a-le64.cache-7
7f77cc0d8000-7f77cc0e0000 r--s 00000000 08:08 8394507                    /home/d4rkwzd/.cache/fontconfig/4603b67a-335d-4cd8-804e-97e5483fbd43-le64.cache-7
7f77cc0e5000-7f77cc0e6000 ---p 00000000 00:00 0 
7f77cc0e6000-7f77cc8e6000 rw-p 00000000 00:00 0 
7f77cc8e6000-7f77cc8e7000 ---p 00000000 00:00 0 
7f77cc8e7000-7f77cd0e7000 rw-p 00000000 00:00 0 
7f77cd0e7000-7f77cd0e8000 ---p 00000000 00:00 0 
7f77cd0e8000-7f77cd8e8000 rw-p 00000000 00:00 0 
7f77cd8e8000-7f77cd8f1000 r--p 00000000 08:08 543620                     /usr/lib/libblkid.so.1.1.0
7f77cd8f1000-7f77cd924000 r-xp 00009000 08:08 543620                     /usr/lib/libblkid.so.1.1.0
7f77cd924000-7f77cd934000 r--p 0003c000 08:08 543620                     /usr/lib/libblkid.so.1.1.0
7f77cd934000-7f77cd935000 ---p 0004c000 08:08 543620                     /usr/lib/libblkid.so.1.1.0
7f77cd935000-7f77cd939000 r--p 0004c000 08:08 543620                     /usr/lib/libblkid.so.1.1.0
7f77cd939000-7f77cd93a000 rw-p 00050000 08:08 543620                     /usr/lib/libblkid.so.1.1.0
7f77cd940000-7f77cd942000 r--p 00000000 08:08 534283                     /usr/lib/libffi.so.7.1.0
7f77cd942000-7f77cd948000 r-xp 00002000 08:08 534283                     /usr/lib/libffi.so.7.1.0
7f77cd948000-7f77cd949000 r--p 00008000 08:08 534283                     /usr/lib/libffi.so.7.1.0
7f77cd949000-7f77cd94a000 ---p 00009000 08:08 534283                     /usr/lib/libffi.so.7.1.0
7f77cd94a000-7f77cd94b000 r--p 00009000 08:08 534283                     /usr/lib/libffi.so.7.1.0
7f77cd94b000-7f77cd94c000 rw-p 0000a000 08:08 534283                     /usr/lib/libffi.so.7.1.0
7f77cd950000-7f77cd954000 r--p 00000000 08:08 541263                     /usr/lib/libresolv-2.32.so
7f77cd954000-7f77cd962000 r-xp 00004000 08:08 541263                     /usr/lib/libresolv-2.32.so
7f77cd962000-7f77cd965000 r--p 00012000 08:08 541263                     /usr/lib/libresolv-2.32.so
7f77cd965000-7f77cd966000 ---p 00015000 08:08 541263                     /usr/lib/libresolv-2.32.so
7f77cd966000-7f77cd967000 r--p 00015000 08:08 541263                     /usr/lib/libresolv-2.32.so
7f77cd967000-7f77cd968000 rw-p 00016000 08:08 541263                     /usr/lib/libresolv-2.32.so
7f77cd968000-7f77cd96a000 rw-p 00000000 00:00 0 
7f77cd970000-7f77cd97c000 r--p 00000000 08:08 543746                     /usr/lib/libmount.so.1.1.0
7f77cd97c000-7f77cd9b8000 r-xp 0000c000 08:08 543746                     /usr/lib/libmount.so.1.1.0
7f77cd9b8000-7f77cd9cb000 r--p 00048000 08:08 543746                     /usr/lib/libmount.so.1.1.0
7f77cd9cb000-7f77cd9cd000 r--p 0005a000 08:08 543746                     /usr/lib/libmount.so.1.1.0
7f77cd9cd000-7f77cd9ce000 rw-p 0005c000 08:08 543746                     /usr/lib/libmount.so.1.1.0
7f77cd9d0000-7f77cd9d1000 r--p 00000000 08:08 542707                     /usr/lib/libgmodule-2.0.so.0.6600.0
7f77cd9d1000-7f77cd9d2000 r-xp 00001000 08:08 542707                     /usr/lib/libgmodule-2.0.so.0.6600.0
7f77cd9d2000-7f77cd9d3000 r--p 00002000 08:08 542707                     /usr/lib/libgmodule-2.0.so.0.6600.0
7f77cd9d3000-7f77cd9d4000 r--p 00002000 08:08 542707                     /usr/lib/libgmodule-2.0.so.0.6600.0
7f77cd9d4000-7f77cd9d5000 rw-p 00003000 08:08 542707                     /usr/lib/libgmodule-2.0.so.0.6600.0
7f77cd9d8000-7f77cd9e6000 r--p 00000000 08:08 542891                     /usr/lib/libgobject-2.0.so.0.6600.0
7f77cd9e6000-7f77cda14000 r-xp 0000e000 08:08 542891                     /usr/lib/libgobject-2.0.so.0.6600.0
7f77cda14000-7f77cda2c000 r--p 0003c000 08:08 542891                     /usr/lib/libgobject-2.0.so.0.6600.0
7f77cda2c000-7f77cda2f000 r--p 00053000 08:08 542891                     /usr/lib/libgobject-2.0.so.0.6600.0
7f77cda2f000-7f77cda30000 rw-p 00056000 08:08 542891                     /usr/lib/libgobject-2.0.so.0.6600.0
7f77cda30000-7f77cda67000 r--p 00000000 08:08 537227                     /usr/lib/libgio-2.0.so.0.6600.0
7f77cda67000-7f77cdb63000 r-xp 00037000 08:08 537227                     /usr/lib/libgio-2.0.so.0.6600.0
7f77cdb63000-7f77cdbe1000 r--p 00133000 08:08 537227                     /usr/lib/libgio-2.0.so.0.6600.0
7f77cdbe1000-7f77cdbe2000 ---p 001b1000 08:08 537227                     /usr/lib/libgio-2.0.so.0.6600.0
7f77cdbe2000-7f77cdbe9000 r--p 001b1000 08:08 537227                     /usr/lib/libgio-2.0.so.0.6600.0
7f77cdbe9000-7f77cdbea000 rw-p 001b8000 08:08 537227                     /usr/lib/libgio-2.0.so.0.6600.0
7f77cdbea000-7f77cdbec000 rw-p 00000000 00:00 0 
7f77cdbf0000-7f77cdbf2000 r--p 00000000 08:08 540359                     /usr/lib/libXrandr.so.2.2.0
7f77cdbf2000-7f77cdbf9000 r-xp 00002000 08:08 540359                     /usr/lib/libXrandr.so.2.2.0
7f77cdbf9000-7f77cdbfb000 r--p 00009000 08:08 540359                     /usr/lib/libXrandr.so.2.2.0
7f77cdbfb000-7f77cdbfc000 r--p 0000a000 08:08 540359                     /usr/lib/libXrandr.so.2.2.0
7f77cdbfc000-7f77cdbfd000 rw-p 0000b000 08:08 540359                     /usr/lib/libXrandr.so.2.2.0
7f77cdc00000-7f77cdc02000 r--p 00000000 08:08 528794                     /usr/lib/libpcre.so.1.2.12
7f77cdc02000-7f77cdc52000 r-xp 00002000 08:08 528794                     /usr/lib/libpcre.so.1.2.12
7f77cdc52000-7f77cdc70000 r--p 00052000 08:08 528794                     /usr/lib/libpcre.so.1.2.12
7f77cdc70000-7f77cdc71000 r--p 0006f000 08:08 528794                     /usr/lib/libpcre.so.1.2.12
7f77cdc71000-7f77cdc72000 rw-p 00070000 08:08 528794                     /usr/lib/libpcre.so.1.2.12
7f77cdc78000-7f77cdc94000 r--p 00000000 08:08 539218                     /usr/lib/libglib-2.0.so.0.6600.0
7f77cdc94000-7f77cdd1d000 r-xp 0001c000 08:08 539218                     /usr/lib/libglib-2.0.so.0.6600.0
7f77cdd1d000-7f77cdda4000 r--p 000a5000 08:08 539218                     /usr/lib/libglib-2.0.so.0.6600.0
7f77cdda4000-7f77cdda5000 ---p 0012c000 08:08 539218                     /usr/lib/libglib-2.0.so.0.6600.0
7f77cdda5000-7f77cdda6000 r--p 0012c000 08:08 539218                     /usr/lib/libglib-2.0.so.0.6600.0
7f77cdda6000-7f77cdda7000 rw-p 0012d000 08:08 539218                     /usr/lib/libglib-2.0.so.0.6600.0
7f77cdda7000-7f77cdda8000 rw-p 00000000 00:00 0 
7f77cdda8000-7f77cddab000 r--p 00000000 08:08 539420                     /usr/lib/libgraphite2.so.3.2.1
7f77cddab000-7f77cddc5000 r-xp 00003000 08:08 539420                     /usr/lib/libgraphite2.so.3.2.1
7f77cddc5000-7f77cddca000 r--p 0001d000 08:08 539420                     /usr/lib/libgraphite2.so.3.2.1
7f77cddca000-7f77cddcc000 r--p 00021000 08:08 539420                     /usr/lib/libgraphite2.so.3.2.1
7f77cddcc000-7f77cddcd000 rw-p 00023000 08:08 539420                     /usr/lib/libgraphite2.so.3.2.1
7f77cddd0000-7f77cddda000 r--p 00000000 08:08 534806                     /usr/lib/libharfbuzz.so.0.20702.0
7f77cddda000-7f77cde6b000 r-xp 0000a000 08:08 534806                     /usr/lib/libharfbuzz.so.0.20702.0
7f77cde6b000-7f77cde9c000 r--p 0009b000 08:08 534806                     /usr/lib/libharfbuzz.so.0.20702.0
7f77cde9c000-7f77cde9d000 ---p 000cc000 08:08 534806                     /usr/lib/libharfbuzz.so.0.20702.0
7f77cde9d000-7f77cde9e000 r--p 000cc000 08:08 534806                     /usr/lib/libharfbuzz.so.0.20702.0
7f77cde9e000-7f77cde9f000 rw-p 000cd000 08:08 534806                     /usr/lib/libharfbuzz.so.0.20702.0
7f77cdea0000-7f77cdea6000 r--p 00000000 08:08 540654                     /usr/lib/libpng16.so.16.37.0
7f77cdea6000-7f77cdeca000 r-xp 00006000 08:08 540654                     /usr/lib/libpng16.so.16.37.0
7f77cdeca000-7f77cded5000 r--p 0002a000 08:08 540654                     /usr/lib/libpng16.so.16.37.0
7f77cded5000-7f77cded6000 r--p 00034000 08:08 540654                     /usr/lib/libpng16.so.16.37.0
7f77cded6000-7f77cded7000 rw-p 00035000 08:08 540654                     /usr/lib/libpng16.so.16.37.0
7f77cded8000-7f77cdeda000 r--p 00000000 08:08 542154                     /usr/lib/libbz2.so.1.0.8
7f77cdeda000-7f77cdee7000 r-xp 00002000 08:08 542154                     /usr/lib/libbz2.so.1.0.8
7f77cdee7000-7f77cdee9000 r--p 0000f000 08:08 542154                     /usr/lib/libbz2.so.1.0.8
7f77cdee9000-7f77cdeea000 r--p 00010000 08:08 542154                     /usr/lib/libbz2.so.1.0.8
7f77cdeea000-7f77cdeeb000 rw-p 00011000 08:08 542154                     /usr/lib/libbz2.so.1.0.8
7f77cdef0000-7f77cdefd000 r--p 00000000 08:08 534798                     /usr/lib/libfreetype.so.6.17.4
7f77cdefd000-7f77cdf83000 r-xp 0000d000 08:08 534798                     /usr/lib/libfreetype.so.6.17.4
7f77cdf83000-7f77cdfbb000 r--p 00093000 08:08 534798                     /usr/lib/libfreetype.so.6.17.4
7f77cdfbb000-7f77cdfbc000 ---p 000cb000 08:08 534798                     /usr/lib/libfreetype.so.6.17.4
7f77cdfbc000-7f77cdfc3000 r--p 000cb000 08:08 534798                     /usr/lib/libfreetype.so.6.17.4
7f77cdfc3000-7f77cdfc4000 rw-p 000d2000 08:08 534798                     /usr/lib/libfreetype.so.6.17.4
7f77cdfc8000-7f77ce10c000 r-xp 00000000 08:08 1070305                    /usr/lib/jvm/java-15-jdk/lib/libfontmanager.so
7f77ce10c000-7f77ce10d000 ---p 00144000 08:08 1070305                    /usr/lib/jvm/java-15-jdk/lib/libfontmanager.so
7f77ce10d000-7f77ce10f000 r--p 00144000 08:08 1070305                    /usr/lib/jvm/java-15-jdk/lib/libfontmanager.so
7f77ce10f000-7f77ce110000 rw-p 00146000 08:08 1070305                    /usr/lib/jvm/java-15-jdk/lib/libfontmanager.so
7f77ce110000-7f77ce113000 rw-p 00000000 00:00 0 
7f77ce118000-7f77ce119000 r--p 00000000 08:08 540337                     /usr/lib/libXinerama.so.1.0.0
7f77ce119000-7f77ce11a000 r-xp 00001000 08:08 540337                     /usr/lib/libXinerama.so.1.0.0
7f77ce11a000-7f77ce11b000 r--p 00002000 08:08 540337                     /usr/lib/libXinerama.so.1.0.0
7f77ce11b000-7f77ce11c000 r--p 00002000 08:08 540337                     /usr/lib/libXinerama.so.1.0.0
7f77ce11c000-7f77ce11d000 rw-p 00003000 08:08 540337                     /usr/lib/libXinerama.so.1.0.0
7f77ce120000-7f77ce122000 r--p 00000000 08:08 526323                     /usr/lib/libXdmcp.so.6.0.0
7f77ce122000-7f77ce124000 r-xp 00002000 08:08 526323                     /usr/lib/libXdmcp.so.6.0.0
7f77ce124000-7f77ce126000 r--p 00004000 08:08 526323                     /usr/lib/libXdmcp.so.6.0.0
7f77ce126000-7f77ce127000 r--p 00005000 08:08 526323                     /usr/lib/libXdmcp.so.6.0.0
7f77ce127000-7f77ce128000 rw-p 00006000 08:08 526323                     /usr/lib/libXdmcp.so.6.0.0
7f77ce128000-7f77ce129000 r--p 00000000 08:08 526319                     /usr/lib/libXau.so.6.0.0
7f77ce129000-7f77ce12a000 r-xp 00001000 08:08 526319                     /usr/lib/libXau.so.6.0.0
7f77ce12a000-7f77ce12b000 r--p 00002000 08:08 526319                     /usr/lib/libXau.so.6.0.0
7f77ce12b000-7f77ce12c000 r--p 00002000 08:08 526319                     /usr/lib/libXau.so.6.0.0
7f77ce12c000-7f77ce12d000 rw-p 00003000 08:08 526319                     /usr/lib/libXau.so.6.0.0
7f77ce130000-7f77ce13c000 r--p 00000000 08:08 534635                     /usr/lib/libxcb.so.1.1.0
7f77ce13c000-7f77ce14f000 r-xp 0000c000 08:08 534635                     /usr/lib/libxcb.so.1.1.0
7f77ce14f000-7f77ce158000 r--p 0001f000 08:08 534635                     /usr/lib/libxcb.so.1.1.0
7f77ce158000-7f77ce159000 r--p 00027000 08:08 534635                     /usr/lib/libxcb.so.1.1.0
7f77ce159000-7f77ce15a000 rw-p 00028000 08:08 534635                     /usr/lib/libxcb.so.1.1.0
7f77ce160000-7f77ce163000 r--p 00000000 08:08 534706                     /usr/lib/libXi.so.6.1.0
7f77ce163000-7f77ce16e000 r-xp 00003000 08:08 534706                     /usr/lib/libXi.so.6.1.0
7f77ce16e000-7f77ce171000 r--p 0000e000 08:08 534706                     /usr/lib/libXi.so.6.1.0
7f77ce171000-7f77ce172000 r--p 00010000 08:08 534706                     /usr/lib/libXi.so.6.1.0
7f77ce172000-7f77ce173000 rw-p 00011000 08:08 534706                     /usr/lib/libXi.so.6.1.0
7f77ce178000-7f77ce17a000 r--p 00000000 08:08 539191                     /usr/lib/libXtst.so.6.1.0
7f77ce17a000-7f77ce17d000 r-xp 00002000 08:08 539191                     /usr/lib/libXtst.so.6.1.0
7f77ce17d000-7f77ce17e000 r--p 00005000 08:08 539191                     /usr/lib/libXtst.so.6.1.0
7f77ce17e000-7f77ce17f000 r--p 00005000 08:08 539191                     /usr/lib/libXtst.so.6.1.0
7f77ce17f000-7f77ce180000 rw-p 00006000 08:08 539191                     /usr/lib/libXtst.so.6.1.0
7f77ce180000-7f77ce182000 r--p 00000000 08:08 534692                     /usr/lib/libXrender.so.1.3.0
7f77ce182000-7f77ce189000 r-xp 00002000 08:08 534692                     /usr/lib/libXrender.so.1.3.0
7f77ce189000-7f77ce18b000 r--p 00009000 08:08 534692                     /usr/lib/libXrender.so.1.3.0
7f77ce18b000-7f77ce18c000 r--p 0000a000 08:08 534692                     /usr/lib/libXrender.so.1.3.0
7f77ce18c000-7f77ce18d000 rw-p 0000b000 08:08 534692                     /usr/lib/libXrender.so.1.3.0
7f77ce190000-7f77ce1ac000 r--p 00000000 08:08 540044                     /usr/lib/libX11.so.6.3.0
7f77ce1ac000-7f77ce236000 r-xp 0001c000 08:08 540044                     /usr/lib/libX11.so.6.3.0
7f77ce236000-7f77ce2c9000 r--p 000a6000 08:08 540044                     /usr/lib/libX11.so.6.3.0
7f77ce2c9000-7f77ce2ca000 ---p 00139000 08:08 540044                     /usr/lib/libX11.so.6.3.0
7f77ce2ca000-7f77ce2cd000 r--p 00139000 08:08 540044                     /usr/lib/libX11.so.6.3.0
7f77ce2cd000-7f77ce2d1000 rw-p 0013c000 08:08 540044                     /usr/lib/libX11.so.6.3.0
7f77ce2d8000-7f77ce2dc000 r--p 00000000 08:08 528425                     /usr/lib/libXext.so.6.4.0
7f77ce2dc000-7f77ce2e7000 r-xp 00004000 08:08 528425                     /usr/lib/libXext.so.6.4.0
7f77ce2e7000-7f77ce2eb000 r--p 0000f000 08:08 528425                     /usr/lib/libXext.so.6.4.0
7f77ce2eb000-7f77ce2ec000 r--p 00012000 08:08 528425                     /usr/lib/libXext.so.6.4.0
7f77ce2ec000-7f77ce2ed000 rw-p 00013000 08:08 528425                     /usr/lib/libXext.so.6.4.0
7f77ce2f0000-7f77ce34b000 r-xp 00000000 08:08 1070302                    /usr/lib/jvm/java-15-jdk/lib/libawt_xawt.so
7f77ce34b000-7f77ce34c000 ---p 0005b000 08:08 1070302                    /usr/lib/jvm/java-15-jdk/lib/libawt_xawt.so
7f77ce34c000-7f77ce34d000 r--p 0005b000 08:08 1070302                    /usr/lib/jvm/java-15-jdk/lib/libawt_xawt.so
7f77ce34d000-7f77ce34f000 rw-p 0005c000 08:08 1070302                    /usr/lib/jvm/java-15-jdk/lib/libawt_xawt.so
7f77ce34f000-7f77ce351000 rw-p 00000000 00:00 0 
7f77ce358000-7f77ce3ff000 r-xp 00000000 08:08 1070300                    /usr/lib/jvm/java-15-jdk/lib/libawt.so
7f77ce3ff000-7f77ce400000 ---p 000a7000 08:08 1070300                    /usr/lib/jvm/java-15-jdk/lib/libawt.so
7f77ce400000-7f77ce402000 r--p 000a7000 08:08 1070300                    /usr/lib/jvm/java-15-jdk/lib/libawt.so
7f77ce402000-7f77ce40d000 rw-p 000a9000 08:08 1070300                    /usr/lib/jvm/java-15-jdk/lib/libawt.so
7f77ce40d000-7f77ce432000 rw-p 00000000 00:00 0 
7f77ce438000-7f77cfc04000 r-xp 00000000 08:08 4995239                    /opt/ibm/ILOG/CPLEX_Studio1261/cplex/bin/x86-64_linux/libcplex1261remotejni.so
7f77cfc04000-7f77cfe04000 ---p 017cc000 08:08 4995239                    /opt/ibm/ILOG/CPLEX_Studio1261/cplex/bin/x86-64_linux/libcplex1261remotejni.so
7f77cfe04000-7f77cfe05000 r--p 017cc000 08:08 4995239                    /opt/ibm/ILOG/CPLEX_Studio1261/cplex/bin/x86-64_linux/libcplex1261remotejni.so
7f77cfe05000-7f77cfff2000 rw-p 017cd000 08:08 4995239                    /opt/ibm/ILOG/CPLEX_Studio1261/cplex/bin/x86-64_linux/libcplex1261remotejni.so
7f77cfff2000-7f77cfffc000 rw-p 00000000 00:00 0 
7f77d0000000-7f77d0021000 rw-p 00000000 00:00 0 
7f77d0021000-7f77d4000000 ---p 00000000 00:00 0 
7f77d4000000-7f77d4021000 rw-p 00000000 00:00 0 
7f77d4021000-7f77d8000000 ---p 00000000 00:00 0 
7f77d8000000-7f77d8021000 rw-p 00000000 00:00 0 
7f77d8021000-7f77dc000000 ---p 00000000 00:00 0 
7f77dc000000-7f77dc021000 rw-p 00000000 00:00 0 
7f77dc021000-7f77e0000000 ---p 00000000 00:00 0 
7f77e0000000-7f77e0c0f000 rw-p 00000000 00:00 0 
7f77e0c0f000-7f77e4000000 ---p 00000000 00:00 0 
7f77e4000000-7f77e43fd000 rw-p 00000000 00:00 0 
7f77e43fd000-7f77e8000000 ---p 00000000 00:00 0 
7f77e8000000-7f77e8021000 rw-p 00000000 00:00 0 
7f77e8021000-7f77ec000000 ---p 00000000 00:00 0 
7f77ec000000-7f77ec021000 rw-p 00000000 00:00 0 
7f77ec021000-7f77f0000000 ---p 00000000 00:00 0 
7f77f0000000-7f77f0021000 rw-p 00000000 00:00 0 
7f77f0021000-7f77f4000000 ---p 00000000 00:00 0 
7f77f4000000-7f77f4021000 rw-p 00000000 00:00 0 
7f77f4021000-7f77f8000000 ---p 00000000 00:00 0 
7f77f8000000-7f77f8021000 rw-p 00000000 00:00 0 
7f77f8021000-7f77fc000000 ---p 00000000 00:00 0 
7f77fc000000-7f77fc021000 rw-p 00000000 00:00 0 
7f77fc021000-7f7800000000 ---p 00000000 00:00 0 
7f7800000000-7f7800021000 rw-p 00000000 00:00 0 
7f7800021000-7f7804000000 ---p 00000000 00:00 0 
7f7804000000-7f7804001000 r--s 00000000 08:08 6723690                    /home/d4rkwzd/.cache/fontconfig/40a9d18f2870572023edd72623462882-le64.cache-7
7f7804008000-7f7804009000 r--s 00000000 08:08 8262780                    /home/d4rkwzd/.cache/fontconfig/39d28626-d72d-4c49-bb07-79792e77bfbb-le64.cache-7
7f7804009000-7f780400d000 ---p 00000000 00:00 0 
7f780400d000-7f780410a000 rw-p 00000000 00:00 0 
7f780410a000-7f780410b000 ---p 00000000 00:00 0 
7f780410b000-7f780420c000 rw-p 00000000 00:00 0 
7f780420c000-7f780420d000 ---p 00000000 00:00 0 
7f780420d000-7f780430e000 rw-p 00000000 00:00 0 
7f780430e000-7f780430f000 ---p 00000000 00:00 0 
7f780430f000-7f7804410000 rw-p 00000000 00:00 0 
7f7804410000-7f7804413000 r--p 00000000 08:08 528698                     /usr/lib/libgcc_s.so.1
7f7804413000-7f7804424000 r-xp 00003000 08:08 528698                     /usr/lib/libgcc_s.so.1
7f7804424000-7f7804428000 r--p 00014000 08:08 528698                     /usr/lib/libgcc_s.so.1
7f7804428000-7f7804429000 r--p 00017000 08:08 528698                     /usr/lib/libgcc_s.so.1
7f7804429000-7f780442a000 rw-p 00018000 08:08 528698                     /usr/lib/libgcc_s.so.1
7f7804430000-7f78044c6000 r--p 00000000 08:08 542368                     /usr/lib/libstdc++.so.6.0.28
7f78044c6000-7f78045b2000 r-xp 00096000 08:08 542368                     /usr/lib/libstdc++.so.6.0.28
7f78045b2000-7f78045fb000 r--p 00182000 08:08 542368                     /usr/lib/libstdc++.so.6.0.28
7f78045fb000-7f78045fc000 ---p 001cb000 08:08 542368                     /usr/lib/libstdc++.so.6.0.28
7f78045fc000-7f7804609000 r--p 001cb000 08:08 542368                     /usr/lib/libstdc++.so.6.0.28
7f7804609000-7f780460a000 rw-p 001d8000 08:08 542368                     /usr/lib/libstdc++.so.6.0.28
7f780460a000-7f780460d000 rw-p 00000000 00:00 0 
7f7804610000-7f7804611000 r--s 00000000 08:08 8262780                    /home/d4rkwzd/.cache/fontconfig/39d28626-d72d-4c49-bb07-79792e77bfbb-le64.cache-7
7f7804618000-7f780461b000 r--p 00000000 08:08 540847                     /usr/lib/libXcursor.so.1.0.2
7f780461b000-7f7804620000 r-xp 00003000 08:08 540847                     /usr/lib/libXcursor.so.1.0.2
7f7804620000-7f7804622000 r--p 00008000 08:08 540847                     /usr/lib/libXcursor.so.1.0.2
7f7804622000-7f7804623000 r--p 00009000 08:08 540847                     /usr/lib/libXcursor.so.1.0.2
7f7804623000-7f7804624000 rw-p 0000a000 08:08 540847                     /usr/lib/libXcursor.so.1.0.2
7f7804628000-7f7804629000 r--p 00000000 08:08 7213370                    /home/d4rkwzd/.config/dconf/user
7f7804630000-7f7804634000 r--p 00000000 08:08 1576318                    /usr/lib/gio/modules/libdconfsettings.so
7f7804634000-7f7804639000 r-xp 00004000 08:08 1576318                    /usr/lib/gio/modules/libdconfsettings.so
7f7804639000-7f780463b000 r--p 00009000 08:08 1576318                    /usr/lib/gio/modules/libdconfsettings.so
7f780463b000-7f780463c000 ---p 0000b000 08:08 1576318                    /usr/lib/gio/modules/libdconfsettings.so
7f780463c000-7f780463d000 r--p 0000b000 08:08 1576318                    /usr/lib/gio/modules/libdconfsettings.so
7f780463d000-7f780463e000 rw-p 0000c000 08:08 1576318                    /usr/lib/gio/modules/libdconfsettings.so
7f7804640000-7f780464b000 r--p 00000000 08:08 1074382                    /usr/share/glib-2.0/schemas/gschemas.compiled
7f780464e000-7f780467f000 rw-p 00000000 00:00 0 
7f780467f000-7f7804683000 ---p 00000000 00:00 0 
7f7804683000-7f7804780000 rw-p 00000000 00:00 0 
7f7804780000-7f7804781000 ---p 00000000 00:00 0 
7f7804781000-7f7804882000 rw-p 00000000 00:00 0 
7f7804882000-7f7804886000 ---p 00000000 00:00 0 
7f7804886000-7f7804983000 rw-p 00000000 00:00 0 
7f7804983000-7f7804987000 ---p 00000000 00:00 0 
7f7804987000-7f7804a84000 rw-p 00000000 00:00 0 
7f7804a84000-7f7804a88000 ---p 00000000 00:00 0 
7f7804a88000-7f7804b85000 rw-p 00000000 00:00 0 
7f7804b85000-7f7804b89000 ---p 00000000 00:00 0 
7f7804b89000-7f7804c86000 rw-p 00000000 00:00 0 
7f7804c86000-7f7804c8a000 ---p 00000000 00:00 0 
7f7804c8a000-7f7804d87000 rw-p 00000000 00:00 0 
7f7804d87000-7f7804d8b000 ---p 00000000 00:00 0 
7f7804d8b000-7f7804e88000 rw-p 00000000 00:00 0 
7f7804e88000-7f7805170000 r--p 00000000 08:08 543246                     /usr/lib/locale/locale-archive
7f7805173000-7f7805177000 ---p 00000000 00:00 0 
7f7805177000-7f7805274000 rw-p 00000000 00:00 0 
7f7805274000-7f7805278000 ---p 00000000 00:00 0 
7f7805278000-7f7805375000 rw-p 00000000 00:00 0 
7f7805375000-7f7805376000 ---p 00000000 00:00 0 
7f7805376000-7f7805cf8000 rw-p 00000000 00:00 0 
7f7805cfb000-7f7805cfc000 ---p 00000000 00:00 0 
7f7805cfc000-7f7805dfd000 rw-p 00000000 00:00 0 
7f7805dfd000-7f7805dfe000 ---p 00000000 00:00 0 
7f7805dfe000-7f7808000000 rw-p 00000000 00:00 0 
7f7808000000-7f7808021000 rw-p 00000000 00:00 0 
7f7808021000-7f780c000000 ---p 00000000 00:00 0 
7f780c000000-7f780c021000 rw-p 00000000 00:00 0 
7f780c021000-7f7810000000 ---p 00000000 00:00 0 
7f7810000000-7f7810021000 rw-p 00000000 00:00 0 
7f7810021000-7f7814000000 ---p 00000000 00:00 0 
7f7814000000-7f7814001000 r--s 00000000 00:35 29291                      /run/user/1000/dconf/user
7f7814008000-7f7814015000 r-xp 00000000 08:08 1070331                    /usr/lib/jvm/java-15-jdk/lib/libverify.so
7f7814015000-7f7814017000 r--p 0000c000 08:08 1070331                    /usr/lib/jvm/java-15-jdk/lib/libverify.so
7f7814017000-7f7814018000 rw-p 0000e000 08:08 1070331                    /usr/lib/jvm/java-15-jdk/lib/libverify.so
7f7814018000-7f781402d000 r-xp 00000000 08:08 1070324                    /usr/lib/jvm/java-15-jdk/lib/libnet.so
7f781402d000-7f781402e000 r--p 00014000 08:08 1070324                    /usr/lib/jvm/java-15-jdk/lib/libnet.so
7f781402e000-7f781402f000 rw-p 00015000 08:08 1070324                    /usr/lib/jvm/java-15-jdk/lib/libnet.so
7f7814030000-7f7814042000 r-xp 00000000 08:08 1070325                    /usr/lib/jvm/java-15-jdk/lib/libnio.so
7f7814042000-7f7814043000 r--p 00011000 08:08 1070325                    /usr/lib/jvm/java-15-jdk/lib/libnio.so
7f7814043000-7f7814044000 rw-p 00012000 08:08 1070325                    /usr/lib/jvm/java-15-jdk/lib/libnio.so
7f7814046000-7f78143a4000 rw-p 00000000 00:00 0 
7f78143a4000-7f78143a5000 ---p 00000000 00:00 0 
7f78143a5000-7f78144a6000 rw-p 00000000 00:00 0 
7f78144a6000-7f78144a7000 ---p 00000000 00:00 0 
7f78144a7000-7f78145a8000 rw-p 00000000 00:00 0 
7f78145a8000-7f78145a9000 ---p 00000000 00:00 0 
7f78145a9000-7f7814882000 rw-p 00000000 00:00 0 
7f7814882000-7f78163da000 ---p 00000000 00:00 0 
7f78163da000-7f78165ba000 rw-p 00000000 00:00 0 
7f78165ba000-7f7818112000 ---p 00000000 00:00 0 
7f7818112000-7f7818155000 rw-p 00000000 00:00 0 
7f7818155000-7f78184c0000 ---p 00000000 00:00 0 
7f78184c0000-7f78184fc000 rw-p 00000000 00:00 0 
7f78184fc000-7f7818867000 ---p 00000000 00:00 0 
7f7818867000-7f78188a3000 rw-p 00000000 00:00 0 
7f78188a3000-7f7818c0e000 ---p 00000000 00:00 0 
7f7818c0e000-7f7818d10000 rw-p 00000000 00:00 0 
7f7818d10000-7f7818f80000 rwxp 00000000 00:00 0 
7f7818f80000-7f78192a1000 ---p 00000000 00:00 0 
7f78192a1000-7f7819511000 rwxp 00000000 00:00 0 
7f7819511000-7f78207d8000 ---p 00000000 00:00 0 
7f78207d8000-7f7820a48000 rwxp 00000000 00:00 0 
7f7820a48000-7f7827d10000 ---p 00000000 00:00 0 
7f7827d10000-7f782fffe000 r--s 00000000 08:08 1070333                    /usr/lib/jvm/java-15-jdk/lib/modules
7f7830000000-7f7830eb0000 rw-p 00000000 00:00 0 
7f7830eb0000-7f7834000000 ---p 00000000 00:00 0 
7f7834000000-7f7834007000 r-xp 00000000 08:08 1070332                    /usr/lib/jvm/java-15-jdk/lib/libzip.so
7f7834007000-7f7834008000 ---p 00007000 08:08 1070332                    /usr/lib/jvm/java-15-jdk/lib/libzip.so
7f7834008000-7f7834009000 r--p 00007000 08:08 1070332                    /usr/lib/jvm/java-15-jdk/lib/libzip.so
7f7834009000-7f783400a000 rw-p 00008000 08:08 1070332                    /usr/lib/jvm/java-15-jdk/lib/libzip.so
7f7834011000-7f78343db000 rw-p 00000000 00:00 0 
7f78343db000-7f78344c1000 ---p 00000000 00:00 0 
7f78344c1000-7f78344c6000 rw-p 00000000 00:00 0 
7f78344c6000-7f78345ac000 ---p 00000000 00:00 0 
7f78345ac000-7f78345b1000 rw-p 00000000 00:00 0 
7f78345b1000-7f78345b8000 ---p 00000000 00:00 0 
7f78345b8000-7f78345dc000 r-xp 00000000 08:08 1070311                    /usr/lib/jvm/java-15-jdk/lib/libjava.so
7f78345dc000-7f78345dd000 ---p 00024000 08:08 1070311                    /usr/lib/jvm/java-15-jdk/lib/libjava.so
7f78345dd000-7f78345de000 r--p 00024000 08:08 1070311                    /usr/lib/jvm/java-15-jdk/lib/libjava.so
7f78345de000-7f78345df000 rw-p 00025000 08:08 1070311                    /usr/lib/jvm/java-15-jdk/lib/libjava.so
7f78345df000-7f78345e0000 rw-p 00000000 00:00 0 
7f78345e0000-7f78345e8000 rw-s 00000000 00:32 62395                      /tmp/hsperfdata_d4rkwzd/4878
7f78345e8000-7f78345eb000 r--p 00000000 08:08 541708                     /usr/lib/librt-2.32.so
7f78345eb000-7f78345ef000 r-xp 00003000 08:08 541708                     /usr/lib/librt-2.32.so
7f78345ef000-7f78345f1000 r--p 00007000 08:08 541708                     /usr/lib/librt-2.32.so
7f78345f1000-7f78345f2000 r--p 00008000 08:08 541708                     /usr/lib/librt-2.32.so
7f78345f2000-7f78345f3000 rw-p 00009000 08:08 541708                     /usr/lib/librt-2.32.so
7f78345f7000-7f78345fb000 ---p 00000000 00:00 0 
7f78345fb000-7f78346f8000 rw-p 00000000 00:00 0 
7f78346f8000-7f7834707000 r--p 00000000 08:08 533040                     /usr/lib/libm-2.32.so
7f7834707000-7f78347a3000 r-xp 0000f000 08:08 533040                     /usr/lib/libm-2.32.so
7f78347a3000-7f783483c000 r--p 000ab000 08:08 533040                     /usr/lib/libm-2.32.so
7f783483c000-7f783483d000 r--p 00143000 08:08 533040                     /usr/lib/libm-2.32.so
7f783483d000-7f783483e000 rw-p 00144000 08:08 533040                     /usr/lib/libm-2.32.so
7f7834840000-7f7835887000 r-xp 00000000 08:08 1070345                    /usr/lib/jvm/java-15-jdk/lib/server/libjvm.so
7f7835887000-7f7835921000 r--p 01046000 08:08 1070345                    /usr/lib/jvm/java-15-jdk/lib/server/libjvm.so
7f7835921000-7f7835958000 rw-p 010e0000 08:08 1070345                    /usr/lib/jvm/java-15-jdk/lib/server/libjvm.so
7f7835958000-7f78359e1000 rw-p 00000000 00:00 0 
7f78359e8000-7f7835a0e000 r--p 00000000 08:08 533004                     /usr/lib/libc-2.32.so
7f7835a0e000-7f7835b5b000 r-xp 00026000 08:08 533004                     /usr/lib/libc-2.32.so
7f7835b5b000-7f7835ba7000 r--p 00173000 08:08 533004                     /usr/lib/libc-2.32.so
7f7835ba7000-7f7835baa000 r--p 001be000 08:08 533004                     /usr/lib/libc-2.32.so
7f7835baa000-7f7835bad000 rw-p 001c1000 08:08 533004                     /usr/lib/libc-2.32.so
7f7835bad000-7f7835bb1000 rw-p 00000000 00:00 0 
7f7835bb8000-7f7835bb9000 r--p 00000000 08:08 533029                     /usr/lib/libdl-2.32.so
7f7835bb9000-7f7835bbb000 r-xp 00001000 08:08 533029                     /usr/lib/libdl-2.32.so
7f7835bbb000-7f7835bbc000 r--p 00003000 08:08 533029                     /usr/lib/libdl-2.32.so
7f7835bbc000-7f7835bbd000 r--p 00003000 08:08 533029                     /usr/lib/libdl-2.32.so
7f7835bbd000-7f7835bbe000 rw-p 00004000 08:08 533029                     /usr/lib/libdl-2.32.so
7f7835bc0000-7f7835bc7000 r--p 00000000 08:08 541211                     /usr/lib/libpthread-2.32.so
7f7835bc7000-7f7835bd7000 r-xp 00007000 08:08 541211                     /usr/lib/libpthread-2.32.so
7f7835bd7000-7f7835bdc000 r--p 00017000 08:08 541211                     /usr/lib/libpthread-2.32.so
7f7835bdc000-7f7835bdd000 r--p 0001b000 08:08 541211                     /usr/lib/libpthread-2.32.so
7f7835bdd000-7f7835bde000 rw-p 0001c000 08:08 541211                     /usr/lib/libpthread-2.32.so
7f7835bde000-7f7835be2000 rw-p 00000000 00:00 0 
7f7835be8000-7f7835bf7000 r-xp 00000000 08:08 1070316                    /usr/lib/jvm/java-15-jdk/lib/libjli.so
7f7835bf7000-7f7835bf8000 r--p 0000e000 08:08 1070316                    /usr/lib/jvm/java-15-jdk/lib/libjli.so
7f7835bf8000-7f7835bf9000 rw-p 0000f000 08:08 1070316                    /usr/lib/jvm/java-15-jdk/lib/libjli.so
7f7835c00000-7f7835c03000 r--p 00000000 08:08 534886                     /usr/lib/libz.so.1.2.11
7f7835c03000-7f7835c11000 r-xp 00003000 08:08 534886                     /usr/lib/libz.so.1.2.11
7f7835c11000-7f7835c17000 r--p 00011000 08:08 534886                     /usr/lib/libz.so.1.2.11
7f7835c17000-7f7835c18000 ---p 00017000 08:08 534886                     /usr/lib/libz.so.1.2.11
7f7835c18000-7f7835c19000 r--p 00017000 08:08 534886                     /usr/lib/libz.so.1.2.11
7f7835c19000-7f7835c1a000 rw-p 00018000 08:08 534886                     /usr/lib/libz.so.1.2.11
7f7835c20000-7f7835c23000 r--p 00000000 08:08 540988                     /usr/lib/libnss_files-2.32.so
7f7835c23000-7f7835c2a000 r-xp 00003000 08:08 540988                     /usr/lib/libnss_files-2.32.so
7f7835c2a000-7f7835c2c000 r--p 0000a000 08:08 540988                     /usr/lib/libnss_files-2.32.so
7f7835c2c000-7f7835c2d000 r--p 0000b000 08:08 540988                     /usr/lib/libnss_files-2.32.so
7f7835c2d000-7f7835c2e000 rw-p 0000c000 08:08 540988                     /usr/lib/libnss_files-2.32.so
7f7835c2e000-7f7835c34000 rw-p 00000000 00:00 0 
7f7835c38000-7f7835c54000 r-xp 00000000 08:08 1070315                    /usr/lib/jvm/java-15-jdk/lib/libjimage.so
7f7835c54000-7f7835c56000 r--p 0001b000 08:08 1070315                    /usr/lib/jvm/java-15-jdk/lib/libjimage.so
7f7835c56000-7f7835c57000 rw-p 0001d000 08:08 1070315                    /usr/lib/jvm/java-15-jdk/lib/libjimage.so
7f7835c5a000-7f7835c5b000 ---p 00000000 00:00 0 
7f7835c5b000-7f7835c5c000 r--p 00000000 00:00 0 
7f7835c5c000-7f7835c60000 rw-p 00000000 00:00 0 
7f7835c60000-7f7835c62000 r--p 00000000 08:08 532987                     /usr/lib/ld-2.32.so
7f7835c62000-7f7835c83000 r-xp 00002000 08:08 532987                     /usr/lib/ld-2.32.so
7f7835c83000-7f7835c8c000 r--p 00023000 08:08 532987                     /usr/lib/ld-2.32.so
7f7835c8c000-7f7835c8d000 r--p 0002b000 08:08 532987                     /usr/lib/ld-2.32.so
7f7835c8d000-7f7835c8f000 rw-p 0002c000 08:08 532987                     /usr/lib/ld-2.32.so
7f7835c8f000-7f7835c90000 ---p 00000000 00:00 0 
7ffe1659b000-7ffe165bc000 rw-p 00000000 00:00 0                          [stack]
7ffe165f8000-7ffe165fc000 r--p 00000000 00:00 0                          [vvar]
7ffe165fc000-7ffe165fe000 r-xp 00000000 00:00 0                          [vdso]
ffffffffff600000-ffffffffff601000 --xp 00000000 00:00 0                  [vsyscall]


VM Arguments:
jvm_args: -Dfile.encoding=UTF-8 -Djava.library.path=/opt/ibm/ILOG/CPLEX_Studio1261/cplex/bin/x86-64_linux 
java_command: v1.Model
java_class_path (initial): /home/d4rkwzd/Projects/Netbeans/CplexTSP/lib/cplex.jar:/home/d4rkwzd/Projects/Netbeans/CplexTSP/build/classes
Launcher Type: SUN_STANDARD

[Global flags]
     intx CICompilerCount                          = 3                                         {product} {ergonomic}
     uint ConcGCThreads                            = 1                                         {product} {ergonomic}
     uint G1ConcRefinementThreads                  = 4                                         {product} {ergonomic}
   size_t G1HeapRegionSize                         = 1048576                                   {product} {ergonomic}
    uintx GCDrainStackTargetSize                   = 64                                        {product} {ergonomic}
   size_t InitialHeapSize                          = 123731968                                 {product} {ergonomic}
   size_t MarkStackSize                            = 4194304                                   {product} {ergonomic}
   size_t MaxHeapSize                              = 1960837120                                {product} {ergonomic}
   size_t MaxNewSize                               = 1176502272                                {product} {ergonomic}
   size_t MinHeapDeltaBytes                        = 1048576                                   {product} {ergonomic}
   size_t MinHeapSize                              = 8388608                                   {product} {ergonomic}
    uintx NonNMethodCodeHeapSize                   = 5832780                                {pd product} {ergonomic}
    uintx NonProfiledCodeHeapSize                  = 122912730                              {pd product} {ergonomic}
    uintx ProfiledCodeHeapSize                     = 122912730                              {pd product} {ergonomic}
    uintx ReservedCodeCacheSize                    = 251658240                              {pd product} {ergonomic}
     bool SegmentedCodeCache                       = true                                      {product} {ergonomic}
   size_t SoftMaxHeapSize                          = 1960837120                             {manageable} {ergonomic}
     bool UseCompressedClassPointers               = true                                 {lp64_product} {ergonomic}
     bool UseCompressedOops                        = true                                 {lp64_product} {ergonomic}
     bool UseG1GC                                  = true                                      {product} {ergonomic}

Logging:
Log output configuration:
 #0: stdout all=warning uptime,level,tags
 #1: stderr all=off uptime,level,tags

Environment Variables:
PATH=/home/d4rkwzd/.local/bin:/usr/local/sbin:/usr/local/bin:/usr/bin:/usr/lib/jvm/default/bin:/usr/bin/site_perl:/usr/bin/vendor_perl:/usr/bin/core_perl:/var/lib/snapd/snap/bin
SHELL=/bin/bash
DISPLAY=:0
LANG=en_US.UTF-8

Signal Handlers:
SIGSEGV: [libjvm.so+0xd63670], sa_mask[0]=11111111011111111101111111111110, sa_flags=SA_RESTART|SA_SIGINFO
SIGBUS: [libjvm.so+0xd63670], sa_mask[0]=11111111011111111101111111111110, sa_flags=SA_RESTART|SA_SIGINFO
SIGFPE: [libjvm.so+0xd63670], sa_mask[0]=11111111011111111101111111111110, sa_flags=SA_RESTART|SA_SIGINFO
SIGPIPE: SIG_IGN, sa_mask[0]=00000000000010000000000000000000, sa_flags=SA_RESTART
SIGXFSZ: [libjvm.so+0xb410d0], sa_mask[0]=11111111011111111101111111111110, sa_flags=SA_RESTART|SA_SIGINFO
SIGILL: [libjvm.so+0xd63670], sa_mask[0]=11111111011111111101111111111110, sa_flags=SA_RESTART|SA_SIGINFO
SIGUSR2: [libjvm.so+0xb40f70], sa_mask[0]=00100000000000000000000000000000, sa_flags=SA_RESTART|SA_SIGINFO
SIGHUP: [libjvm.so+0xb417e0], sa_mask[0]=11111111011111111101111111111110, sa_flags=SA_RESTART|SA_SIGINFO
SIGINT: SIG_IGN, sa_mask[0]=00000000000000000000000000000000, sa_flags=none
SIGTERM: [libjvm.so+0xb417e0], sa_mask[0]=11111111011111111101111111111110, sa_flags=SA_RESTART|SA_SIGINFO
SIGQUIT: [libjvm.so+0xb417e0], sa_mask[0]=11111111011111111101111111111110, sa_flags=SA_RESTART|SA_SIGINFO


---------------  S Y S T E M  ---------------

OS:
DISTRIB_ID=ManjaroLinux
DISTRIB_RELEASE=20.1.2
DISTRIB_CODENAME=Mikah
DISTRIB_DESCRIPTION="Manjaro Linux"
uname: Linux 5.8.16-2-MANJARO #1 SMP PREEMPT Mon Oct 19 11:33:03 UTC 2020 x86_64
OS uptime: 0 days 0:22 hours
libc: glibc 2.32 NPTL 2.32 
rlimit (soft/hard): STACK 8192k/infinity , CORE infinity/infinity , NPROC 29592/29592 , NOFILE 524288/524288 , AS infinity/infinity , CPU infinity/infinity , DATA infinity/infinity , FSIZE infinity/infinity , MEMLOCK 64k/64k
load average: 1,81 1,88 1,74

/proc/meminfo:
MemTotal:        7658360 kB
MemFree:          632448 kB
MemAvailable:    4049468 kB
Buffers:          253892 kB
Cached:          3137408 kB
SwapCached:            0 kB
Active:          3951092 kB
Inactive:        2192040 kB
Active(anon):    2765004 kB
Inactive(anon):   169904 kB
Active(file):    1186088 kB
Inactive(file):  2022136 kB
Unevictable:           0 kB
Mlocked:               0 kB
SwapTotal:       8388604 kB
SwapFree:        8388604 kB
Dirty:               616 kB
Writeback:             0 kB
AnonPages:       2751868 kB
Mapped:           879868 kB
Shmem:            183076 kB
KReclaimable:     512476 kB
Slab:             603856 kB
SReclaimable:     512476 kB
SUnreclaim:        91380 kB
KernelStack:       12704 kB
PageTables:        33180 kB
NFS_Unstable:          0 kB
Bounce:                0 kB
WritebackTmp:          0 kB
CommitLimit:    12217784 kB
Committed_AS:    9134832 kB
VmallocTotal:   34359738367 kB
VmallocUsed:       43656 kB
VmallocChunk:          0 kB
Percpu:             2576 kB
HardwareCorrupted:     0 kB
AnonHugePages:         0 kB
ShmemHugePages:        0 kB
ShmemPmdMapped:        0 kB
FileHugePages:         0 kB
FilePmdMapped:         0 kB
HugePages_Total:       0
HugePages_Free:        0
HugePages_Rsvd:        0
HugePages_Surp:        0
Hugepagesize:       2048 kB
Hugetlb:               0 kB
DirectMap4k:      427772 kB
DirectMap2M:     6344704 kB
DirectMap1G:     2097152 kB

/sys/kernel/mm/transparent_hugepage/enabled: always [madvise] never
/sys/kernel/mm/transparent_hugepage/defrag (defrag/compaction efforts parameter): always defer defer+madvise [madvise] never

/proc/sys/kernel/threads-max (system-wide limit on the number of threads): 59184
/proc/sys/vm/max_map_count (maximum number of memory map areas a process may have): 65530
/proc/sys/kernel/pid_max (system-wide limit on number of process identifiers): 4194304

container (cgroup) information:
container_type: cgroupv1
cpu_cpuset_cpus: 0-3
cpu_memory_nodes: 0
active_processor_count: 4
cpu_quota: no quota
cpu_period: 100000
cpu_shares: no shares
memory_limit_in_bytes: unlimited
memory_and_swap_limit_in_bytes: unlimited
memory_soft_limit_in_bytes: unlimited
memory_usage_in_bytes: 4652408832
memory_max_usage_in_bytes: 4665401344

Steal ticks since vm start: 0
Steal ticks percentage since vm start:  0,000

CPU: total 4 (initial active 4) (4 cores per cpu, 1 threads per core) family 21 model 101 stepping 1 microcode 0x600611a, cmov, cx8, fxsr, mmx, sse, sse2, sse3, ssse3, sse4.1, sse4.2, popcnt, vzeroupper, avx, avx2, aes, clmul, 3dnowpref, lzcnt, sse4a, tsc, tscinvbit, tscinv, bmi1, bmi2, fma, clflush
CPU Model and flags from /proc/cpuinfo:
model name	: AMD A12-9720P RADEON R7, 12 COMPUTE CORES 4C+8G
flags		: fpu vme de pse tsc msr pae mce cx8 apic sep mtrr pge mca cmov pat pse36 clflush mmx fxsr sse sse2 ht syscall nx mmxext fxsr_opt pdpe1gb rdtscp lm constant_tsc rep_good acc_power nopl nonstop_tsc cpuid extd_apicid aperfmperf pni pclmulqdq monitor ssse3 fma cx16 sse4_1 sse4_2 movbe popcnt aes xsave avx f16c lahf_lm cmp_legacy svm extapic cr8_legacy abm sse4a misalignsse 3dnowprefetch osvw ibs xop skinit wdt lwp fma4 tce nodeid_msr tbm topoext perfctr_core perfctr_nb bpext ptsc mwaitx cpb hw_pstate ssbd ibpb vmmcall fsgsbase bmi1 avx2 smep bmi2 xsaveopt arat npt lbrv svm_lock nrip_save tsc_scale vmcb_clean flushbyasid decodeassists pausefilter pfthreshold avic vgif overflow_recov

Online cpus: 0-3
Offline cpus: 
BIOS frequency limitation: 2700000
Frequency switch latency (ns): 4000
Available cpu frequencies: 2700000 2300000 1800000 1400000 
Current governor: schedutil
Core performance/turbo boost: 1

Memory: 4k page, physical 7658360k(632448k free), swap 8388604k(8388604k free)

vm_info: Java HotSpot(TM) 64-Bit Server VM (15.0.1+9-18) for linux-amd64 JRE (15.0.1+9-18), built on Sep 15 2020 13:35:21 by "mach5one" with gcc 9.2.0

END.
