#
# A fatal error has been detected by the Java Runtime Environment:
#
#  SIGSEGV (0xb) at pc=0x00007fad508b1250, pid=10906, tid=0x00007fad7c375640
#
# JRE version: OpenJDK Runtime Environment (8.0_265-b01) (build 1.8.0_265-b01)
# Java VM: OpenJDK 64-Bit Server VM (25.265-b01 mixed mode linux-amd64 compressed oops)
# Problematic frame:
# C  [libcplex1261remotejni.so+0x5cb250]  _778d684fa8524f693106ac725e8540d0+0x0
#
# Core dump written. Default location: /home/d4rkwzd/Projects/Netbeans/CplexTSP/core or core.10906
#
# If you would like to submit a bug report, please visit:
#   http://bugreport.java.com/bugreport/crash.jsp
# The crash happened outside the Java Virtual Machine in native code.
# See problematic frame for where to report the bug.
#

---------------  T H R E A D  ---------------

Current thread (0x00007fad7800a800):  JavaThread "main" [_thread_in_native, id=10908, stack(0x00007fad7c276000,0x00007fad7c376000)]

siginfo: si_signo: 11 (SIGSEGV), si_code: 1 (SEGV_MAPERR), si_addr: 0x0000000000000008

Registers:
RAX=0x0000000000000000, RBX=0x0000000000000000, RCX=0x7ffffffffcbc3000, RDX=0x00007fad781af5a0
RSP=0x00007fad7c372608, RBP=0x00007fad78646680, RSI=0x00007fad781af5a0, RDI=0x0000000000000000
R8 =0x00007fad7c373620, R9 =0x00007fad788751a0, R10=0x0000000000000002, R11=0x00007fad7d3c5200
R12=0x00007fad7865d0a0, R13=0x00007fad781b6990, R14=0x00007fad781540a0, R15=0x00007fad7838af10
RIP=0x00007fad508b1250, EFLAGS=0x0000000000010293, CSGSFS=0x002b000000000033, ERR=0x0000000000000004
  TRAPNO=0x000000000000000e

Top of Stack: (sp=0x00007fad7c372608)
0x00007fad7c372608:   00007fad508384b6 00007fad00000002
0x00007fad7c372618:   00007fad7c373620 0000000000000000
0x00007fad7c372628:   00007fad78078e10 0000000000000000
0x00007fad7c372638:   00007fad780854d8 00007fad780854d0
0x00007fad7c372648:   00007fad78078e18 00007fad7800a9e0
0x00007fad7c372658:   00007fad503b2f36 00007fad780854d0
0x00007fad7c372668:   00007fad78078e10 0000000000000000
0x00007fad7c372678:   00007fad7c372730 0000007300012958
0x00007fad7c372688:   00007fad7c373620 00007fad781b6990
0x00007fad7c372698:   0000000000000000 00007fad7800a9e0
0x00007fad7c3726a8:   00007fad7c373620 00007fad7c3727e8
0x00007fad7c3726b8:   7ffffffffcbc3000 0000000011e38f2c
0x00007fad7c3726c8:   00007fad00000000 00007fad00000000
0x00007fad7c3726d8:   00007fad00000001 0000000000000000
0x00007fad7c3726e8:   00007fad78646680 00007fad00000000
0x00007fad7c3726f8:   00007fad788751a0 0000000000000000
0x00007fad7c372708:   0000000000000000 00007fad7838af10
0x00007fad7c372718:   00007fad78646680 0000000000000002
0x00007fad7c372728:   00007fad781b6990 00007fad781540a0
0x00007fad7c372738:   00007fad7838af10 00000000000003ee
0x00007fad7c372748:   00007fad50909517 0000000000000002
0x00007fad7c372758:   0000000000000000 0000000000000000
0x00007fad7c372768:   0000000000000000 00007fad7c372f78
0x00007fad7c372778:   0000000000000000 0000000000000000
0x00007fad7c372788:   0000000000000cea 0000000000000001
0x00007fad7c372798:   00007fad785f62a0 00000000027cb04f
0x00007fad7c3727a8:   000000000000046b 0000000000000c14
0x00007fad7c3727b8:   00007fad78c9fa20 00007fad7830d608
0x00007fad7c3727c8:   00007fad78646680 0000000000000000
0x00007fad7c3727d8:   0000000000000000 0000000000000000
0x00007fad7c3727e8:   0000000000000000 0000000000000000
0x00007fad7c3727f8:   0000000000000000 0000000000000000 

Instructions: (pc=0x00007fad508b1250)
0x00007fad508b1230:   08 f2 0f 58 2d ef 23 a3 00 f2 0f 10 40 40 f2 0f
0x00007fad508b1240:   5d c5 c3 90 48 8d 74 26 00 48 8d bf 00 00 00 00
0x00007fad508b1250:   48 8b 47 08 83 7f 1c 00 74 06 f2 0f 10 40 38 c3
0x00007fad508b1260:   f2 0f 10 40 40 c3 48 89 f6 48 8d bf 00 00 00 00 

Register to memory mapping:

RAX=0x0000000000000000 is an unknown value
RBX=0x0000000000000000 is an unknown value
RCX=0x7ffffffffcbc3000 is an unknown value
RDX=0x00007fad781af5a0 is an unknown value
RSP=0x00007fad7c372608 is pointing into the stack for thread: 0x00007fad7800a800
RBP=0x00007fad78646680 is an unknown value
RSI=0x00007fad781af5a0 is an unknown value
RDI=0x0000000000000000 is an unknown value
R8 =0x00007fad7c373620 is pointing into the stack for thread: 0x00007fad7800a800
R9 =0x00007fad788751a0 is an unknown value
R10=0x0000000000000002 is an unknown value
R11=0x00007fad7d3c5200: <offset 0x197200> in /usr/lib/libc.so.6 at 0x00007fad7d22e000
R12=0x00007fad7865d0a0 is an unknown value
R13=0x00007fad781b6990 is an unknown value
R14=0x00007fad781540a0 is an unknown value
R15=0x00007fad7838af10 is an unknown value


Stack: [0x00007fad7c276000,0x00007fad7c376000],  sp=0x00007fad7c372608,  free space=1009k
Native frames: (J=compiled Java code, j=interpreted, Vv=VM code, C=native code)
C  [libcplex1261remotejni.so+0x5cb250]  _778d684fa8524f693106ac725e8540d0+0x0

Java frames: (J=compiled Java code, j=interpreted, Vv=VM code)
j  ilog.cplex.Cplex.CPXmipopt(JJ)I+0
j  ilog.cplex.CplexI$SolveHandle.start()V+278
j  ilog.cplex.CplexI.solve()V+12
j  ilog.cplex.IloCplex.solve()Z+4
j  v1.Model.main([Ljava/lang/String;)V+527
v  ~StubRoutines::call_stub

---------------  P R O C E S S  ---------------

Java Threads: ( => current thread )
  0x00007fad1c009800 JavaThread "AWT-EventQueue-0" [_thread_blocked, id=10929, stack(0x00007fad2ac7d000,0x00007fad2ad7e000)]
  0x00007fad785ac800 JavaThread "AWT-Shutdown" [_thread_blocked, id=10928, stack(0x00007fad2b16d000,0x00007fad2b26e000)]
  0x00007fad7851b000 JavaThread "AWT-XAWT" daemon [_thread_in_native, id=10927, stack(0x00007fad2b725000,0x00007fad2b826000)]
  0x00007fad784ef800 JavaThread "Java2D Disposer" daemon [_thread_blocked, id=10926, stack(0x00007fad2b835000,0x00007fad2b936000)]
  0x00007fad780da800 JavaThread "Service Thread" daemon [_thread_blocked, id=10924, stack(0x00007fad52001000,0x00007fad52102000)]
  0x00007fad780bd800 JavaThread "C1 CompilerThread2" daemon [_thread_blocked, id=10923, stack(0x00007fad52103000,0x00007fad52203000)]
  0x00007fad780bc000 JavaThread "C2 CompilerThread1" daemon [_thread_blocked, id=10922, stack(0x00007fad52204000,0x00007fad52304000)]
  0x00007fad780b9000 JavaThread "C2 CompilerThread0" daemon [_thread_blocked, id=10921, stack(0x00007fad52305000,0x00007fad52405000)]
  0x00007fad780b7000 JavaThread "Signal Dispatcher" daemon [_thread_blocked, id=10920, stack(0x00007fad52405000,0x00007fad52506000)]
  0x00007fad78085800 JavaThread "Finalizer" daemon [_thread_blocked, id=10919, stack(0x00007fad527f0000,0x00007fad528f1000)]
  0x00007fad78081000 JavaThread "Reference Handler" daemon [_thread_blocked, id=10917, stack(0x00007fad528f1000,0x00007fad529f2000)]
=>0x00007fad7800a800 JavaThread "main" [_thread_in_native, id=10908, stack(0x00007fad7c276000,0x00007fad7c376000)]

Other Threads:
  0x00007fad78077800 VMThread [stack: 0x00007fad529f3000,0x00007fad52af3000] [id=10916]
  0x00007fad780dd800 WatcherThread [stack: 0x00007fad51f01000,0x00007fad52001000] [id=10925]

VM state:not at safepoint (normal execution)

VM Mutex/Monitor currently owned by a thread: None

heap address: 0x000000008b200000, size: 1870 MB, Compressed Oops mode: 32-bit
Narrow klass base: 0x0000000000000000, Narrow klass shift: 3
Compressed class space size: 1073741824 Address: 0x0000000100000000

Heap:
 PSYoungGen      total 66048K, used 8366K [0x00000000d9100000, 0x00000000dd600000, 0x0000000100000000)
  eden space 61440K, 6% used [0x00000000d9100000,0x00000000d94af320,0x00000000dcd00000)
  from space 4608K, 99% used [0x00000000dd180000,0x00000000dd5fc860,0x00000000dd600000)
  to   space 4608K, 0% used [0x00000000dcd00000,0x00000000dcd00000,0x00000000dd180000)
 ParOldGen       total 80896K, used 15236K [0x000000008b200000, 0x0000000090100000, 0x00000000d9100000)
  object space 80896K, 18% used [0x000000008b200000,0x000000008c0e1070,0x0000000090100000)
 Metaspace       used 12360K, capacity 12564K, committed 12800K, reserved 1060864K
  class space    used 1345K, capacity 1421K, committed 1536K, reserved 1048576K

Card table byte_map: [0x00007fad68898000,0x00007fad68c40000] byte_map_base: 0x00007fad6843f000

Marking Bits: (ParMarkBitMap*) 0x00007fad7d1bbde0
 Begin Bits: [0x00007fad60590000, 0x00007fad622c8000)
 End Bits:   [0x00007fad622c8000, 0x00007fad64000000)

Polling page: 0x00007fad7d453000

CodeCache: size=245760Kb used=4395Kb max_used=4395Kb free=241364Kb
 bounds [0x00007fad69000000, 0x00007fad69450000, 0x00007fad78000000]
 total_blobs=1905 nmethods=1247 adapters=574
 compilation: enabled

Compilation events (10 events):
Event: 3,521 Thread 0x00007fad780bd800 1242       1       java.security.AccessControlContext::getContext (5 bytes)
Event: 3,521 Thread 0x00007fad780bd800 nmethod 1242 0x00007fad69449550 code [0x00007fad694496a0, 0x00007fad694497b0]
Event: 3,529 Thread 0x00007fad780bd800 1243       1       java.awt.event.InputEvent::isConsumed (5 bytes)
Event: 3,529 Thread 0x00007fad780bd800 nmethod 1243 0x00007fad69449810 code [0x00007fad69449960, 0x00007fad69449a70]
Event: 5,334 Thread 0x00007fad780bd800 1245       3       java.util.EventObject::<init> (24 bytes)
Event: 5,334 Thread 0x00007fad780bd800 nmethod 1245 0x00007fad69449e50 code [0x00007fad69449fe0, 0x00007fad6944a2a8]
Event: 5,334 Thread 0x00007fad780bd800 1246       3       java.security.AccessControlContext::calculateFields (89 bytes)
Event: 5,336 Thread 0x00007fad780bd800 nmethod 1246 0x00007fad6944a390 code [0x00007fad6944a520, 0x00007fad6944a8d8]
Event: 5,336 Thread 0x00007fad780bd800 1247   !   3       sun.awt.X11.XToolkit::callTimeoutTasks (220 bytes)
Event: 5,340 Thread 0x00007fad780bd800 nmethod 1247 0x00007fad6944aa10 code [0x00007fad6944ada0, 0x00007fad6944cbd8]

GC Heap History (4 events):
Event: 0,558 GC heap before
{Heap before GC invocations=1 (full 0):
 PSYoungGen      total 35328K, used 30720K [0x00000000d9100000, 0x00000000db800000, 0x0000000100000000)
  eden space 30720K, 100% used [0x00000000d9100000,0x00000000daf00000,0x00000000daf00000)
  from space 4608K, 0% used [0x00000000db380000,0x00000000db380000,0x00000000db800000)
  to   space 4608K, 0% used [0x00000000daf00000,0x00000000daf00000,0x00000000db380000)
 ParOldGen       total 80896K, used 0K [0x000000008b200000, 0x0000000090100000, 0x00000000d9100000)
  object space 80896K, 0% used [0x000000008b200000,0x000000008b200000,0x0000000090100000)
 Metaspace       used 5245K, capacity 5824K, committed 6016K, reserved 1056768K
  class space    used 571K, capacity 624K, committed 640K, reserved 1048576K
Event: 0,574 GC heap after
Heap after GC invocations=1 (full 0):
 PSYoungGen      total 35328K, used 4576K [0x00000000d9100000, 0x00000000dd600000, 0x0000000100000000)
  eden space 30720K, 0% used [0x00000000d9100000,0x00000000d9100000,0x00000000daf00000)
  from space 4608K, 99% used [0x00000000daf00000,0x00000000db378050,0x00000000db380000)
  to   space 4608K, 0% used [0x00000000dd180000,0x00000000dd180000,0x00000000dd600000)
 ParOldGen       total 80896K, used 9431K [0x000000008b200000, 0x0000000090100000, 0x00000000d9100000)
  object space 80896K, 11% used [0x000000008b200000,0x000000008bb35df0,0x0000000090100000)
 Metaspace       used 5245K, capacity 5824K, committed 6016K, reserved 1056768K
  class space    used 571K, capacity 624K, committed 640K, reserved 1048576K
}
Event: 1,241 GC heap before
{Heap before GC invocations=2 (full 0):
 PSYoungGen      total 35328K, used 35296K [0x00000000d9100000, 0x00000000dd600000, 0x0000000100000000)
  eden space 30720K, 100% used [0x00000000d9100000,0x00000000daf00000,0x00000000daf00000)
  from space 4608K, 99% used [0x00000000daf00000,0x00000000db378050,0x00000000db380000)
  to   space 4608K, 0% used [0x00000000dd180000,0x00000000dd180000,0x00000000dd600000)
 ParOldGen       total 80896K, used 9431K [0x000000008b200000, 0x0000000090100000, 0x00000000d9100000)
  object space 80896K, 11% used [0x000000008b200000,0x000000008bb35df0,0x0000000090100000)
 Metaspace       used 11343K, capacity 11540K, committed 11904K, reserved 1060864K
  class space    used 1215K, capacity 1293K, committed 1408K, reserved 1048576K
Event: 1,256 GC heap after
Heap after GC invocations=2 (full 0):
 PSYoungGen      total 66048K, used 4594K [0x00000000d9100000, 0x00000000dd600000, 0x0000000100000000)
  eden space 61440K, 0% used [0x00000000d9100000,0x00000000d9100000,0x00000000dcd00000)
  from space 4608K, 99% used [0x00000000dd180000,0x00000000dd5fc860,0x00000000dd600000)
  to   space 4608K, 0% used [0x00000000dcd00000,0x00000000dcd00000,0x00000000dd180000)
 ParOldGen       total 80896K, used 15236K [0x000000008b200000, 0x0000000090100000, 0x00000000d9100000)
  object space 80896K, 18% used [0x000000008b200000,0x000000008c0e1070,0x0000000090100000)
 Metaspace       used 11343K, capacity 11540K, committed 11904K, reserved 1060864K
  class space    used 1215K, capacity 1293K, committed 1408K, reserved 1048576K
}

Deoptimization events (7 events):
Event: 0,721 Thread 0x00007fad7800a800 Uncommon trap: reason=unstable_if action=reinterpret pc=0x00007fad69254efc method=java.lang.String.indexOf([CII[CIII)I @ 134
Event: 0,817 Thread 0x00007fad7800a800 Uncommon trap: reason=unstable_if action=reinterpret pc=0x00007fad691b224c method=java.lang.String.startsWith(Ljava/lang/String;I)Z @ 25
Event: 1,025 Thread 0x00007fad7800a800 Uncommon trap: reason=unstable_if action=reinterpret pc=0x00007fad6930f124 method=java.io.BufferedReader.read()I @ 19
Event: 1,085 Thread 0x00007fad7800a800 Uncommon trap: reason=unstable_if action=reinterpret pc=0x00007fad69348bf0 method=java.io.StreamTokenizer.nextToken()I @ 248
Event: 1,205 Thread 0x00007fad7800a800 Uncommon trap: reason=unstable_if action=reinterpret pc=0x00007fad6931ee30 method=java.lang.CharacterData.of(I)Ljava/lang/CharacterData; @ 4
Event: 1,303 Thread 0x00007fad7851b000 Uncommon trap: reason=unstable_if action=reinterpret pc=0x00007fad6936e518 method=java.lang.ThreadLocal.get()Ljava/lang/Object; @ 11
Event: 8,945 Thread 0x00007fad7800a800 Uncommon trap: reason=unstable_if action=reinterpret pc=0x00007fad691f9258 method=ilog.cplex.CpxLinearExpr.<init>([D[Lilog/cplex/CpxNumVar;IID)V @ 56

Classes redefined (0 events):
No events

Internal exceptions (10 events):
Event: 0,229 Thread 0x00007fad7800a800 Exception <a 'java/security/PrivilegedActionException'> (0x00000000d9259fc0) thrown at [/build/java8-openjdk/src/jdk8u-jdk8u265-b01/hotspot/src/share/vm/prims/jvm.cpp, line 1510]
Event: 0,229 Thread 0x00007fad7800a800 Exception <a 'java/security/PrivilegedActionException'> (0x00000000d925a3b8) thrown at [/build/java8-openjdk/src/jdk8u-jdk8u265-b01/hotspot/src/share/vm/prims/jvm.cpp, line 1510]
Event: 0,667 Thread 0x00007fad7800a800 Exception <a 'java/lang/NoSuchFieldError': method resolution failed> (0x00000000d96578c8) thrown at [/build/java8-openjdk/src/jdk8u-jdk8u265-b01/hotspot/src/share/vm/prims/methodHandles.cpp, line 1169]
Event: 0,670 Thread 0x00007fad7800a800 Exception <a 'java/lang/NoSuchFieldError': method resolution failed> (0x00000000d96b1d60) thrown at [/build/java8-openjdk/src/jdk8u-jdk8u265-b01/hotspot/src/share/vm/prims/methodHandles.cpp, line 1169]
Event: 0,703 Thread 0x00007fad7800a800 Exception <a 'java/io/FileNotFoundException'> (0x00000000d9730448) thrown at [/build/java8-openjdk/src/jdk8u-jdk8u265-b01/hotspot/src/share/vm/prims/jni.cpp, line 711]
Event: 0,703 Thread 0x00007fad7800a800 Exception <a 'java/io/FileNotFoundException'> (0x00000000d9730e00) thrown at [/build/java8-openjdk/src/jdk8u-jdk8u265-b01/hotspot/src/share/vm/prims/jni.cpp, line 711]
Event: 0,720 Thread 0x00007fad7800a800 Exception <a 'java/lang/ClassNotFoundException': sun/dc/DuctusRenderingEngine> (0x00000000d9749830) thrown at [/build/java8-openjdk/src/jdk8u-jdk8u265-b01/hotspot/src/share/vm/classfile/systemDictionary.cpp, line 215]
Event: 1,164 Thread 0x00007fad7800a800 Exception <a 'java/io/FileNotFoundException'> (0x00000000da6baa20) thrown at [/build/java8-openjdk/src/jdk8u-jdk8u265-b01/hotspot/src/share/vm/prims/jni.cpp, line 711]
Event: 1,303 Thread 0x00007fad7851b000 Implicit null exception at 0x00007fad6936e43c to 0x00007fad6936e501
Event: 1,573 Thread 0x00007fad1c009800 Exception <a 'java/lang/UnsupportedOperationException': > (0x00000000d936a1f0) thrown at [/build/java8-openjdk/src/jdk8u-jdk8u265-b01/hotspot/src/share/vm/prims/jni.cpp, line 738]

Events (10 events):
Event: 3,041 loading class sun/awt/X11/XMotionEvent done
Event: 4,171 Executing VM operation: EnableBiasedLocking
Event: 4,172 Executing VM operation: EnableBiasedLocking done
Event: 8,944 loading class java/util/ArrayList$SubList
Event: 8,944 loading class java/util/ArrayList$SubList done
Event: 8,944 loading class java/util/ArrayList$SubList$1
Event: 8,944 loading class java/util/ArrayList$SubList$1 done
Event: 8,945 Thread 0x00007fad7800a800 Uncommon trap: trap_request=0xffffff65 fr.pc=0x00007fad691f9258
Event: 8,945 Thread 0x00007fad7800a800 DEOPT PACKING pc=0x00007fad691f9258 sp=0x00007fad7c371bc0
Event: 8,945 Thread 0x00007fad7800a800 DEOPT UNPACKING pc=0x00007fad6904547a sp=0x00007fad7c371b58 mode 2


Dynamic libraries:
8b200000-90100000 rw-p 00000000 00:00 0 
90100000-d9100000 ---p 00000000 00:00 0 
d9100000-dd600000 rw-p 00000000 00:00 0 
dd600000-100000000 ---p 00000000 00:00 0 
100000000-100180000 rw-p 00000000 00:00 0 
100180000-140000000 ---p 00000000 00:00 0 
55aa2536b000-55aa2536c000 r--p 00000000 08:08 1968221                    /usr/lib/jvm/java-8-openjdk/jre/bin/java
55aa2536c000-55aa2536d000 r-xp 00001000 08:08 1968221                    /usr/lib/jvm/java-8-openjdk/jre/bin/java
55aa2536d000-55aa2536e000 r--p 00002000 08:08 1968221                    /usr/lib/jvm/java-8-openjdk/jre/bin/java
55aa2536e000-55aa2536f000 r--p 00002000 08:08 1968221                    /usr/lib/jvm/java-8-openjdk/jre/bin/java
55aa2536f000-55aa25370000 rw-p 00003000 08:08 1968221                    /usr/lib/jvm/java-8-openjdk/jre/bin/java
55aa2613d000-55aa2615e000 rw-p 00000000 00:00 0                          [heap]
7fad14000000-7fad141a0000 rw-p 00000000 00:00 0 
7fad141a0000-7fad18000000 ---p 00000000 00:00 0 
7fad18000000-7fad18432000 rw-p 00000000 00:00 0 
7fad18432000-7fad1c000000 ---p 00000000 00:00 0 
7fad1c000000-7fad1c021000 rw-p 00000000 00:00 0 
7fad1c021000-7fad20000000 ---p 00000000 00:00 0 
7fad20000000-7fad20021000 rw-p 00000000 00:00 0 
7fad20021000-7fad24000000 ---p 00000000 00:00 0 
7fad24000000-7fad24021000 rw-p 00000000 00:00 0 
7fad24021000-7fad28000000 ---p 00000000 00:00 0 
7fad2947a000-7fad2947b000 ---p 00000000 00:00 0 
7fad2947b000-7fad29c7b000 rw-p 00000000 00:00 0 
7fad29c7b000-7fad29c7c000 ---p 00000000 00:00 0 
7fad29c7c000-7fad2a47c000 rw-p 00000000 00:00 0 
7fad2a47c000-7fad2a47d000 ---p 00000000 00:00 0 
7fad2a47d000-7fad2a480000 ---p 00000000 00:00 0 
7fad2a480000-7fad2ac7d000 rw-p 00000000 00:00 0 
7fad2ac7d000-7fad2ac80000 ---p 00000000 00:00 0 
7fad2ac80000-7fad2ae7e000 rw-p 00000000 00:00 0 
7fad2ae7e000-7fad2af7e000 ---p 00000000 00:00 0 
7fad2af7e000-7fad2b04b000 r--s 00000000 08:08 6819592                    /home/d4rkwzd/.cache/fontconfig/923e285e415b1073c8df160bee08820f-le64.cache-7
7fad2b126000-7fad2b169000 r--s 00000000 08:08 6837194                    /home/d4rkwzd/.cache/fontconfig/f6b893a7224233d96cb72fd88691c0b4-le64.cache-7
7fad2b16d000-7fad2b170000 ---p 00000000 00:00 0 
7fad2b170000-7fad2b26e000 rw-p 00000000 00:00 0 
7fad2b26e000-7fad2b33b000 r--s 00000000 08:08 6819592                    /home/d4rkwzd/.cache/fontconfig/923e285e415b1073c8df160bee08820f-le64.cache-7
7fad2b33e000-7fad2b361000 r--s 00000000 08:08 6427600                    /home/d4rkwzd/.cache/fontconfig/f2e43df3287529323e79e7929dc44cc9-le64.cache-7
7fad2b37e000-7fad2b38a000 r--s 00000000 08:08 8394494                    /home/d4rkwzd/.cache/fontconfig/e34e38f5-54d7-4e44-8c93-fc66dea1fd05-le64.cache-7
7fad2b38e000-7fad2b39c000 r--s 00000000 08:08 6427565                    /home/d4rkwzd/.cache/fontconfig/491f45a0a771fef1c10b9b647a97fb82-le64.cache-7
7fad2b3ee000-7fad2b411000 r--s 00000000 08:08 6427600                    /home/d4rkwzd/.cache/fontconfig/f2e43df3287529323e79e7929dc44cc9-le64.cache-7
7fad2b416000-7fad2b459000 r--s 00000000 08:08 6837194                    /home/d4rkwzd/.cache/fontconfig/f6b893a7224233d96cb72fd88691c0b4-le64.cache-7
7fad2b466000-7fad2b474000 r--s 00000000 08:08 9059422                    /home/d4rkwzd/.cache/fontconfig/1dce2cb908b447e938fc03acd9b47fcf-le64.cache-7
7fad2b476000-7fad2b477000 r--s 00000000 08:08 6723690                    /home/d4rkwzd/.cache/fontconfig/40a9d18f2870572023edd72623462882-le64.cache-7
7fad2b486000-7fad2b494000 r--s 00000000 08:08 6427565                    /home/d4rkwzd/.cache/fontconfig/491f45a0a771fef1c10b9b647a97fb82-le64.cache-7
7fad2b496000-7fad2b4a4000 r--s 00000000 08:08 9059422                    /home/d4rkwzd/.cache/fontconfig/1dce2cb908b447e938fc03acd9b47fcf-le64.cache-7
7fad2b4a6000-7fad2b4a7000 r--s 00000000 08:08 6723690                    /home/d4rkwzd/.cache/fontconfig/40a9d18f2870572023edd72623462882-le64.cache-7
7fad2b4ae000-7fad2b4b4000 r--s 00000000 08:08 8394475                    /home/d4rkwzd/.cache/fontconfig/9495f0af-d109-49f0-abdf-d280bf3e4658-le64.cache-7
7fad2b4ee000-7fad2b4f6000 r--s 00000000 08:08 8394507                    /home/d4rkwzd/.cache/fontconfig/4603b67a-335d-4cd8-804e-97e5483fbd43-le64.cache-7
7fad2b4f6000-7fad2b4fc000 r--s 00000000 08:08 6837195                    /home/d4rkwzd/.cache/fontconfig/b67b32625a2bb51b023d3814a918f351-le64.cache-7
7fad2b4fe000-7fad2b503000 r--s 00000000 08:08 6686299                    /home/d4rkwzd/.cache/fontconfig/6ba42ae0000f58711b5caaf10d690066-le64.cache-7
7fad2b506000-7fad2b513000 r--s 00000000 08:08 6723547                    /home/d4rkwzd/.cache/fontconfig/210c0516121708a580e22e6b1f9a103a-le64.cache-7
7fad2b516000-7fad2b519000 r--s 00000000 08:08 8262798                    /home/d4rkwzd/.cache/fontconfig/f7f036bb-6cca-4723-a1e5-41b5ef9aba97-le64.cache-7
7fad2b51e000-7fad2b51f000 r--s 00000000 08:08 8262780                    /home/d4rkwzd/.cache/fontconfig/39d28626-d72d-4c49-bb07-79792e77bfbb-le64.cache-7
7fad2b525000-7fad2b725000 rw-p 00000000 00:00 0 
7fad2b725000-7fad2b728000 ---p 00000000 00:00 0 
7fad2b728000-7fad2b826000 rw-p 00000000 00:00 0 
7fad2b826000-7fad2b828000 r--p 00000000 08:08 530314                     /usr/lib/libXfixes.so.3.1.0
7fad2b828000-7fad2b82b000 r-xp 00002000 08:08 530314                     /usr/lib/libXfixes.so.3.1.0
7fad2b82b000-7fad2b82c000 r--p 00005000 08:08 530314                     /usr/lib/libXfixes.so.3.1.0
7fad2b82c000-7fad2b82d000 ---p 00006000 08:08 530314                     /usr/lib/libXfixes.so.3.1.0
7fad2b82d000-7fad2b82e000 r--p 00006000 08:08 530314                     /usr/lib/libXfixes.so.3.1.0
7fad2b82e000-7fad2b82f000 rw-p 00007000 08:08 530314                     /usr/lib/libXfixes.so.3.1.0
7fad2b835000-7fad2b838000 ---p 00000000 00:00 0 
7fad2b838000-7fad2b936000 rw-p 00000000 00:00 0 
7fad2b936000-7fad2b938000 r--p 00000000 08:08 528794                     /usr/lib/libpcre.so.1.2.12
7fad2b938000-7fad2b988000 r-xp 00002000 08:08 528794                     /usr/lib/libpcre.so.1.2.12
7fad2b988000-7fad2b9a6000 r--p 00052000 08:08 528794                     /usr/lib/libpcre.so.1.2.12
7fad2b9a6000-7fad2b9a7000 r--p 0006f000 08:08 528794                     /usr/lib/libpcre.so.1.2.12
7fad2b9a7000-7fad2b9a8000 rw-p 00070000 08:08 528794                     /usr/lib/libpcre.so.1.2.12
7fad2b9ae000-7fad2b9ca000 r--p 00000000 08:08 539218                     /usr/lib/libglib-2.0.so.0.6600.0
7fad2b9ca000-7fad2ba53000 r-xp 0001c000 08:08 539218                     /usr/lib/libglib-2.0.so.0.6600.0
7fad2ba53000-7fad2bada000 r--p 000a5000 08:08 539218                     /usr/lib/libglib-2.0.so.0.6600.0
7fad2bada000-7fad2badb000 ---p 0012c000 08:08 539218                     /usr/lib/libglib-2.0.so.0.6600.0
7fad2badb000-7fad2badc000 r--p 0012c000 08:08 539218                     /usr/lib/libglib-2.0.so.0.6600.0
7fad2badc000-7fad2badd000 rw-p 0012d000 08:08 539218                     /usr/lib/libglib-2.0.so.0.6600.0
7fad2badd000-7fad2bade000 rw-p 00000000 00:00 0 
7fad2bade000-7fad2bae1000 r--p 00000000 08:08 539420                     /usr/lib/libgraphite2.so.3.2.1
7fad2bae1000-7fad2bafb000 r-xp 00003000 08:08 539420                     /usr/lib/libgraphite2.so.3.2.1
7fad2bafb000-7fad2bb00000 r--p 0001d000 08:08 539420                     /usr/lib/libgraphite2.so.3.2.1
7fad2bb00000-7fad2bb02000 r--p 00021000 08:08 539420                     /usr/lib/libgraphite2.so.3.2.1
7fad2bb02000-7fad2bb03000 rw-p 00023000 08:08 539420                     /usr/lib/libgraphite2.so.3.2.1
7fad2bb06000-7fad2bb10000 r--p 00000000 08:08 534806                     /usr/lib/libharfbuzz.so.0.20702.0
7fad2bb10000-7fad2bba1000 r-xp 0000a000 08:08 534806                     /usr/lib/libharfbuzz.so.0.20702.0
7fad2bba1000-7fad2bbd2000 r--p 0009b000 08:08 534806                     /usr/lib/libharfbuzz.so.0.20702.0
7fad2bbd2000-7fad2bbd3000 ---p 000cc000 08:08 534806                     /usr/lib/libharfbuzz.so.0.20702.0
7fad2bbd3000-7fad2bbd4000 r--p 000cc000 08:08 534806                     /usr/lib/libharfbuzz.so.0.20702.0
7fad2bbd4000-7fad2bbd5000 rw-p 000cd000 08:08 534806                     /usr/lib/libharfbuzz.so.0.20702.0
7fad2bbd6000-7fad2bbdc000 r--p 00000000 08:08 540654                     /usr/lib/libpng16.so.16.37.0
7fad2bbdc000-7fad2bc00000 r-xp 00006000 08:08 540654                     /usr/lib/libpng16.so.16.37.0
7fad2bc00000-7fad2bc0b000 r--p 0002a000 08:08 540654                     /usr/lib/libpng16.so.16.37.0
7fad2bc0b000-7fad2bc0c000 r--p 00034000 08:08 540654                     /usr/lib/libpng16.so.16.37.0
7fad2bc0c000-7fad2bc0d000 rw-p 00035000 08:08 540654                     /usr/lib/libpng16.so.16.37.0
7fad2bc0e000-7fad2bc1b000 r--p 00000000 08:08 534798                     /usr/lib/libfreetype.so.6.17.4
7fad2bc1b000-7fad2bca1000 r-xp 0000d000 08:08 534798                     /usr/lib/libfreetype.so.6.17.4
7fad2bca1000-7fad2bcd9000 r--p 00093000 08:08 534798                     /usr/lib/libfreetype.so.6.17.4
7fad2bcd9000-7fad2bcda000 ---p 000cb000 08:08 534798                     /usr/lib/libfreetype.so.6.17.4
7fad2bcda000-7fad2bce1000 r--p 000cb000 08:08 534798                     /usr/lib/libfreetype.so.6.17.4
7fad2bce1000-7fad2bce2000 rw-p 000d2000 08:08 534798                     /usr/lib/libfreetype.so.6.17.4
7fad2bce6000-7fad2bcf2000 r--s 00000000 08:08 8394494                    /home/d4rkwzd/.cache/fontconfig/e34e38f5-54d7-4e44-8c93-fc66dea1fd05-le64.cache-7
7fad2bcf6000-7fad2bcfc000 r--s 00000000 08:08 8394475                    /home/d4rkwzd/.cache/fontconfig/9495f0af-d109-49f0-abdf-d280bf3e4658-le64.cache-7
7fad2bcfe000-7fad2bd06000 r--s 00000000 08:08 8394507                    /home/d4rkwzd/.cache/fontconfig/4603b67a-335d-4cd8-804e-97e5483fbd43-le64.cache-7
7fad2bd06000-7fad2bd13000 r--s 00000000 08:08 6723547                    /home/d4rkwzd/.cache/fontconfig/210c0516121708a580e22e6b1f9a103a-le64.cache-7
7fad2bd16000-7fad2bd19000 r--s 00000000 08:08 8262798                    /home/d4rkwzd/.cache/fontconfig/f7f036bb-6cca-4723-a1e5-41b5ef9aba97-le64.cache-7
7fad2bd1e000-7fad2bd24000 r--s 00000000 08:08 6837195                    /home/d4rkwzd/.cache/fontconfig/b67b32625a2bb51b023d3814a918f351-le64.cache-7
7fad2bd26000-7fad2bd2f000 r--p 00000000 08:08 2234320                    /usr/lib/jvm/java-8-openjdk/jre/lib/amd64/libfontmanager.so
7fad2bd2f000-7fad2bd6a000 r-xp 00009000 08:08 2234320                    /usr/lib/jvm/java-8-openjdk/jre/lib/amd64/libfontmanager.so
7fad2bd6a000-7fad2bd8a000 r--p 00044000 08:08 2234320                    /usr/lib/jvm/java-8-openjdk/jre/lib/amd64/libfontmanager.so
7fad2bd8a000-7fad2bd8e000 r--p 00063000 08:08 2234320                    /usr/lib/jvm/java-8-openjdk/jre/lib/amd64/libfontmanager.so
7fad2bd8e000-7fad2bd8f000 rw-p 00067000 08:08 2234320                    /usr/lib/jvm/java-8-openjdk/jre/lib/amd64/libfontmanager.so
7fad2bd96000-7fad2bda2000 r--p 00000000 08:08 534635                     /usr/lib/libxcb.so.1.1.0
7fad2bda2000-7fad2bdb5000 r-xp 0000c000 08:08 534635                     /usr/lib/libxcb.so.1.1.0
7fad2bdb5000-7fad2bdbe000 r--p 0001f000 08:08 534635                     /usr/lib/libxcb.so.1.1.0
7fad2bdbe000-7fad2bdbf000 r--p 00027000 08:08 534635                     /usr/lib/libxcb.so.1.1.0
7fad2bdbf000-7fad2bdc0000 rw-p 00028000 08:08 534635                     /usr/lib/libxcb.so.1.1.0
7fad2bdc6000-7fad2bdc9000 r--p 00000000 08:08 534706                     /usr/lib/libXi.so.6.1.0
7fad2bdc9000-7fad2bdd4000 r-xp 00003000 08:08 534706                     /usr/lib/libXi.so.6.1.0
7fad2bdd4000-7fad2bdd7000 r--p 0000e000 08:08 534706                     /usr/lib/libXi.so.6.1.0
7fad2bdd7000-7fad2bdd8000 r--p 00010000 08:08 534706                     /usr/lib/libXi.so.6.1.0
7fad2bdd8000-7fad2bdd9000 rw-p 00011000 08:08 534706                     /usr/lib/libXi.so.6.1.0
7fad2bdde000-7fad2bdfa000 r--p 00000000 08:08 540044                     /usr/lib/libX11.so.6.3.0
7fad2bdfa000-7fad2be84000 r-xp 0001c000 08:08 540044                     /usr/lib/libX11.so.6.3.0
7fad2be84000-7fad2bf17000 r--p 000a6000 08:08 540044                     /usr/lib/libX11.so.6.3.0
7fad2bf17000-7fad2bf18000 ---p 00139000 08:08 540044                     /usr/lib/libX11.so.6.3.0
7fad2bf18000-7fad2bf1b000 r--p 00139000 08:08 540044                     /usr/lib/libX11.so.6.3.0
7fad2bf1b000-7fad2bf1f000 rw-p 0013c000 08:08 540044                     /usr/lib/libX11.so.6.3.0
7fad2bf26000-7fad2bf53000 r--p 00000000 08:08 2234316                    /usr/lib/jvm/java-8-openjdk/jre/lib/amd64/libawt.so
7fad2bf53000-7fad2bfbb000 r-xp 0002d000 08:08 2234316                    /usr/lib/jvm/java-8-openjdk/jre/lib/amd64/libawt.so
7fad2bfbb000-7fad2bfc7000 r--p 00095000 08:08 2234316                    /usr/lib/jvm/java-8-openjdk/jre/lib/amd64/libawt.so
7fad2bfc7000-7fad2bfc8000 ---p 000a1000 08:08 2234316                    /usr/lib/jvm/java-8-openjdk/jre/lib/amd64/libawt.so
7fad2bfc8000-7fad2bfc9000 r--p 000a1000 08:08 2234316                    /usr/lib/jvm/java-8-openjdk/jre/lib/amd64/libawt.so
7fad2bfc9000-7fad2bfd4000 rw-p 000a2000 08:08 2234316                    /usr/lib/jvm/java-8-openjdk/jre/lib/amd64/libawt.so
7fad2bfd4000-7fad2bff9000 rw-p 00000000 00:00 0 
7fad2c000000-7fad2c021000 rw-p 00000000 00:00 0 
7fad2c021000-7fad30000000 ---p 00000000 00:00 0 
7fad30000000-7fad30021000 rw-p 00000000 00:00 0 
7fad30021000-7fad34000000 ---p 00000000 00:00 0 
7fad34000000-7fad344fa000 rw-p 00000000 00:00 0 
7fad344fa000-7fad38000000 ---p 00000000 00:00 0 
7fad38000000-7fad383c4000 rw-p 00000000 00:00 0 
7fad383c4000-7fad3c000000 ---p 00000000 00:00 0 
7fad3c000000-7fad3c021000 rw-p 00000000 00:00 0 
7fad3c021000-7fad40000000 ---p 00000000 00:00 0 
7fad40000000-7fad4070c000 rw-p 00000000 00:00 0 
7fad4070c000-7fad44000000 ---p 00000000 00:00 0 
7fad44000000-7fad44021000 rw-p 00000000 00:00 0 
7fad44021000-7fad48000000 ---p 00000000 00:00 0 
7fad48000000-7fad48021000 rw-p 00000000 00:00 0 
7fad48021000-7fad4c000000 ---p 00000000 00:00 0 
7fad4c000000-7fad4c021000 rw-p 00000000 00:00 0 
7fad4c021000-7fad50000000 ---p 00000000 00:00 0 
7fad50006000-7fad5000b000 r--s 00000000 08:08 6686299                    /home/d4rkwzd/.cache/fontconfig/6ba42ae0000f58711b5caaf10d690066-le64.cache-7
7fad5000e000-7fad50010000 r--p 00000000 08:08 526323                     /usr/lib/libXdmcp.so.6.0.0
7fad50010000-7fad50012000 r-xp 00002000 08:08 526323                     /usr/lib/libXdmcp.so.6.0.0
7fad50012000-7fad50014000 r--p 00004000 08:08 526323                     /usr/lib/libXdmcp.so.6.0.0
7fad50014000-7fad50015000 r--p 00005000 08:08 526323                     /usr/lib/libXdmcp.so.6.0.0
7fad50015000-7fad50016000 rw-p 00006000 08:08 526323                     /usr/lib/libXdmcp.so.6.0.0
7fad50016000-7fad50018000 r--p 00000000 08:08 534692                     /usr/lib/libXrender.so.1.3.0
7fad50018000-7fad5001f000 r-xp 00002000 08:08 534692                     /usr/lib/libXrender.so.1.3.0
7fad5001f000-7fad50021000 r--p 00009000 08:08 534692                     /usr/lib/libXrender.so.1.3.0
7fad50021000-7fad50022000 r--p 0000a000 08:08 534692                     /usr/lib/libXrender.so.1.3.0
7fad50022000-7fad50023000 rw-p 0000b000 08:08 534692                     /usr/lib/libXrender.so.1.3.0
7fad50026000-7fad5002a000 r--p 00000000 08:08 528425                     /usr/lib/libXext.so.6.4.0
7fad5002a000-7fad50035000 r-xp 00004000 08:08 528425                     /usr/lib/libXext.so.6.4.0
7fad50035000-7fad50039000 r--p 0000f000 08:08 528425                     /usr/lib/libXext.so.6.4.0
7fad50039000-7fad5003a000 r--p 00012000 08:08 528425                     /usr/lib/libXext.so.6.4.0
7fad5003a000-7fad5003b000 rw-p 00013000 08:08 528425                     /usr/lib/libXext.so.6.4.0
7fad5003e000-7fad5004e000 r--p 00000000 08:08 2234318                    /usr/lib/jvm/java-8-openjdk/jre/lib/amd64/libawt_xawt.so
7fad5004e000-7fad5008a000 r-xp 00010000 08:08 2234318                    /usr/lib/jvm/java-8-openjdk/jre/lib/amd64/libawt_xawt.so
7fad5008a000-7fad5009b000 r--p 0004c000 08:08 2234318                    /usr/lib/jvm/java-8-openjdk/jre/lib/amd64/libawt_xawt.so
7fad5009b000-7fad5009c000 ---p 0005d000 08:08 2234318                    /usr/lib/jvm/java-8-openjdk/jre/lib/amd64/libawt_xawt.so
7fad5009c000-7fad5009d000 r--p 0005d000 08:08 2234318                    /usr/lib/jvm/java-8-openjdk/jre/lib/amd64/libawt_xawt.so
7fad5009d000-7fad5009f000 rw-p 0005e000 08:08 2234318                    /usr/lib/jvm/java-8-openjdk/jre/lib/amd64/libawt_xawt.so
7fad5009f000-7fad500a1000 rw-p 00000000 00:00 0 
7fad500a6000-7fad500a9000 r--p 00000000 08:08 528698                     /usr/lib/libgcc_s.so.1
7fad500a9000-7fad500ba000 r-xp 00003000 08:08 528698                     /usr/lib/libgcc_s.so.1
7fad500ba000-7fad500be000 r--p 00014000 08:08 528698                     /usr/lib/libgcc_s.so.1
7fad500be000-7fad500bf000 r--p 00017000 08:08 528698                     /usr/lib/libgcc_s.so.1
7fad500bf000-7fad500c0000 rw-p 00018000 08:08 528698                     /usr/lib/libgcc_s.so.1
7fad500c6000-7fad5015c000 r--p 00000000 08:08 542368                     /usr/lib/libstdc++.so.6.0.28
7fad5015c000-7fad50248000 r-xp 00096000 08:08 542368                     /usr/lib/libstdc++.so.6.0.28
7fad50248000-7fad50291000 r--p 00182000 08:08 542368                     /usr/lib/libstdc++.so.6.0.28
7fad50291000-7fad50292000 ---p 001cb000 08:08 542368                     /usr/lib/libstdc++.so.6.0.28
7fad50292000-7fad5029f000 r--p 001cb000 08:08 542368                     /usr/lib/libstdc++.so.6.0.28
7fad5029f000-7fad502a0000 rw-p 001d8000 08:08 542368                     /usr/lib/libstdc++.so.6.0.28
7fad502a0000-7fad502a3000 rw-p 00000000 00:00 0 
7fad502a6000-7fad502a9000 r--p 00000000 08:08 540847                     /usr/lib/libXcursor.so.1.0.2
7fad502a9000-7fad502ae000 r-xp 00003000 08:08 540847                     /usr/lib/libXcursor.so.1.0.2
7fad502ae000-7fad502b0000 r--p 00008000 08:08 540847                     /usr/lib/libXcursor.so.1.0.2
7fad502b0000-7fad502b1000 r--p 00009000 08:08 540847                     /usr/lib/libXcursor.so.1.0.2
7fad502b1000-7fad502b2000 rw-p 0000a000 08:08 540847                     /usr/lib/libXcursor.so.1.0.2
7fad502b6000-7fad502b8000 r--p 00000000 08:08 542154                     /usr/lib/libbz2.so.1.0.8
7fad502b8000-7fad502c5000 r-xp 00002000 08:08 542154                     /usr/lib/libbz2.so.1.0.8
7fad502c5000-7fad502c7000 r--p 0000f000 08:08 542154                     /usr/lib/libbz2.so.1.0.8
7fad502c7000-7fad502c8000 r--p 00010000 08:08 542154                     /usr/lib/libbz2.so.1.0.8
7fad502c8000-7fad502c9000 rw-p 00011000 08:08 542154                     /usr/lib/libbz2.so.1.0.8
7fad502cc000-7fad502df000 r--s 00346000 08:08 2099479                    /usr/lib/jvm/java-8-openjdk/jre/lib/resources.jar
7fad502e6000-7fad51ab2000 r-xp 00000000 08:08 4995239                    /opt/ibm/ILOG/CPLEX_Studio1261/cplex/bin/x86-64_linux/libcplex1261remotejni.so
7fad51ab2000-7fad51cb2000 ---p 017cc000 08:08 4995239                    /opt/ibm/ILOG/CPLEX_Studio1261/cplex/bin/x86-64_linux/libcplex1261remotejni.so
7fad51cb2000-7fad51cb3000 r--p 017cc000 08:08 4995239                    /opt/ibm/ILOG/CPLEX_Studio1261/cplex/bin/x86-64_linux/libcplex1261remotejni.so
7fad51cb3000-7fad51ea0000 rw-p 017cd000 08:08 4995239                    /opt/ibm/ILOG/CPLEX_Studio1261/cplex/bin/x86-64_linux/libcplex1261remotejni.so
7fad51ea0000-7fad51eaa000 rw-p 00000000 00:00 0 
7fad51ead000-7fad51ede000 rw-p 00000000 00:00 0 
7fad51ede000-7fad51ee3000 r--p 00000000 08:08 2234337                    /usr/lib/jvm/java-8-openjdk/jre/lib/amd64/libnet.so
7fad51ee3000-7fad51ef3000 r-xp 00005000 08:08 2234337                    /usr/lib/jvm/java-8-openjdk/jre/lib/amd64/libnet.so
7fad51ef3000-7fad51ef7000 r--p 00015000 08:08 2234337                    /usr/lib/jvm/java-8-openjdk/jre/lib/amd64/libnet.so
7fad51ef7000-7fad51ef8000 r--p 00018000 08:08 2234337                    /usr/lib/jvm/java-8-openjdk/jre/lib/amd64/libnet.so
7fad51ef8000-7fad51ef9000 rw-p 00019000 08:08 2234337                    /usr/lib/jvm/java-8-openjdk/jre/lib/amd64/libnet.so
7fad51f00000-7fad51f01000 ---p 00000000 00:00 0 
7fad51f01000-7fad52001000 rw-p 00000000 00:00 0 
7fad52001000-7fad52004000 ---p 00000000 00:00 0 
7fad52004000-7fad52102000 rw-p 00000000 00:00 0 
7fad52102000-7fad52103000 ---p 00000000 00:00 0 
7fad52103000-7fad52106000 ---p 00000000 00:00 0 
7fad52106000-7fad52203000 rw-p 00000000 00:00 0 
7fad52203000-7fad52204000 ---p 00000000 00:00 0 
7fad52204000-7fad52207000 ---p 00000000 00:00 0 
7fad52207000-7fad52304000 rw-p 00000000 00:00 0 
7fad52304000-7fad52305000 ---p 00000000 00:00 0 
7fad52305000-7fad52308000 ---p 00000000 00:00 0 
7fad52308000-7fad52405000 rw-p 00000000 00:00 0 
7fad52405000-7fad52408000 ---p 00000000 00:00 0 
7fad52408000-7fad52506000 rw-p 00000000 00:00 0 
7fad52506000-7fad527ee000 r--p 00000000 08:08 543246                     /usr/lib/locale/locale-archive
7fad527f0000-7fad527f3000 ---p 00000000 00:00 0 
7fad527f3000-7fad528f1000 rw-p 00000000 00:00 0 
7fad528f1000-7fad528f4000 ---p 00000000 00:00 0 
7fad528f4000-7fad529f2000 rw-p 00000000 00:00 0 
7fad529f2000-7fad529f3000 ---p 00000000 00:00 0 
7fad529f3000-7fad54000000 rw-p 00000000 00:00 0 
7fad54000000-7fad54021000 rw-p 00000000 00:00 0 
7fad54021000-7fad58000000 ---p 00000000 00:00 0 
7fad58000000-7fad58021000 rw-p 00000000 00:00 0 
7fad58021000-7fad5c000000 ---p 00000000 00:00 0 
7fad5c000000-7fad5c021000 rw-p 00000000 00:00 0 
7fad5c021000-7fad60000000 ---p 00000000 00:00 0 
7fad60006000-7fad60007000 r--s 00000000 08:08 8262780                    /home/d4rkwzd/.cache/fontconfig/39d28626-d72d-4c49-bb07-79792e77bfbb-le64.cache-7
7fad6000e000-7fad60015000 r--p 00000000 08:08 2234338                    /usr/lib/jvm/java-8-openjdk/jre/lib/amd64/libnio.so
7fad60015000-7fad6001d000 r-xp 00007000 08:08 2234338                    /usr/lib/jvm/java-8-openjdk/jre/lib/amd64/libnio.so
7fad6001d000-7fad60020000 r--p 0000f000 08:08 2234338                    /usr/lib/jvm/java-8-openjdk/jre/lib/amd64/libnio.so
7fad60020000-7fad60021000 ---p 00012000 08:08 2234338                    /usr/lib/jvm/java-8-openjdk/jre/lib/amd64/libnio.so
7fad60021000-7fad60022000 r--p 00012000 08:08 2234338                    /usr/lib/jvm/java-8-openjdk/jre/lib/amd64/libnio.so
7fad60022000-7fad60023000 rw-p 00013000 08:08 2234338                    /usr/lib/jvm/java-8-openjdk/jre/lib/amd64/libnio.so
7fad60027000-7fad60032000 r--s 00071000 08:08 6822920                    /home/d4rkwzd/Projects/Netbeans/CplexTSP/lib/cplex.jar
7fad60033000-7fad602e6000 rw-p 00000000 00:00 0 
7fad602e6000-7fad604b8000 r--s 03ca8000 08:08 2099480                    /usr/lib/jvm/java-8-openjdk/jre/lib/rt.jar
7fad604bf000-7fad64000000 rw-p 00000000 00:00 0 
7fad64000000-7fad64021000 rw-p 00000000 00:00 0 
7fad64021000-7fad68000000 ---p 00000000 00:00 0 
7fad68006000-7fad68007000 r--p 00000000 08:08 526319                     /usr/lib/libXau.so.6.0.0
7fad68007000-7fad68008000 r-xp 00001000 08:08 526319                     /usr/lib/libXau.so.6.0.0
7fad68008000-7fad68009000 r--p 00002000 08:08 526319                     /usr/lib/libXau.so.6.0.0
7fad68009000-7fad6800a000 r--p 00002000 08:08 526319                     /usr/lib/libXau.so.6.0.0
7fad6800a000-7fad6800b000 rw-p 00003000 08:08 526319                     /usr/lib/libXau.so.6.0.0
7fad68011000-7fad68426000 rw-p 00000000 00:00 0 
7fad68426000-7fad68427000 ---p 00000000 00:00 0 
7fad68427000-7fad68527000 rw-p 00000000 00:00 0 
7fad68527000-7fad68528000 ---p 00000000 00:00 0 
7fad68528000-7fad68650000 rw-p 00000000 00:00 0 
7fad68650000-7fad68898000 ---p 00000000 00:00 0 
7fad68898000-7fad688c0000 rw-p 00000000 00:00 0 
7fad688c0000-7fad68b07000 ---p 00000000 00:00 0 
7fad68b07000-7fad68b2a000 rw-p 00000000 00:00 0 
7fad68b2a000-7fad68c3f000 ---p 00000000 00:00 0 
7fad68c3f000-7fad68c52000 rw-p 00000000 00:00 0 
7fad68c52000-7fad69000000 ---p 00000000 00:00 0 
7fad69000000-7fad69450000 rwxp 00000000 00:00 0 
7fad69450000-7fad78000000 ---p 00000000 00:00 0 
7fad78000000-7fad78e23000 rw-p 00000000 00:00 0 
7fad78e23000-7fad7c000000 ---p 00000000 00:00 0 
7fad7c003000-7fad7c024000 rw-p 00000000 00:00 0 
7fad7c024000-7fad7c025000 ---p 00000000 00:00 0 
7fad7c025000-7fad7c125000 rw-p 00000000 00:00 0 
7fad7c125000-7fad7c126000 ---p 00000000 00:00 0 
7fad7c126000-7fad7c226000 rw-p 00000000 00:00 0 
7fad7c226000-7fad7c229000 r--p 00000000 08:08 2234345                    /usr/lib/jvm/java-8-openjdk/jre/lib/amd64/libzip.so
7fad7c229000-7fad7c22d000 r-xp 00003000 08:08 2234345                    /usr/lib/jvm/java-8-openjdk/jre/lib/amd64/libzip.so
7fad7c22d000-7fad7c22f000 r--p 00007000 08:08 2234345                    /usr/lib/jvm/java-8-openjdk/jre/lib/amd64/libzip.so
7fad7c22f000-7fad7c230000 r--p 00008000 08:08 2234345                    /usr/lib/jvm/java-8-openjdk/jre/lib/amd64/libzip.so
7fad7c230000-7fad7c231000 rw-p 00009000 08:08 2234345                    /usr/lib/jvm/java-8-openjdk/jre/lib/amd64/libzip.so
7fad7c236000-7fad7c243000 r--p 00000000 08:08 2234327                    /usr/lib/jvm/java-8-openjdk/jre/lib/amd64/libjava.so
7fad7c243000-7fad7c259000 r-xp 0000d000 08:08 2234327                    /usr/lib/jvm/java-8-openjdk/jre/lib/amd64/libjava.so
7fad7c259000-7fad7c260000 r--p 00023000 08:08 2234327                    /usr/lib/jvm/java-8-openjdk/jre/lib/amd64/libjava.so
7fad7c260000-7fad7c261000 r--p 00029000 08:08 2234327                    /usr/lib/jvm/java-8-openjdk/jre/lib/amd64/libjava.so
7fad7c261000-7fad7c262000 rw-p 0002a000 08:08 2234327                    /usr/lib/jvm/java-8-openjdk/jre/lib/amd64/libjava.so
7fad7c262000-7fad7c263000 rw-p 00000000 00:00 0 
7fad7c266000-7fad7c269000 r--p 00000000 08:08 541708                     /usr/lib/librt-2.32.so
7fad7c269000-7fad7c26d000 r-xp 00003000 08:08 541708                     /usr/lib/librt-2.32.so
7fad7c26d000-7fad7c26f000 r--p 00007000 08:08 541708                     /usr/lib/librt-2.32.so
7fad7c26f000-7fad7c270000 r--p 00008000 08:08 541708                     /usr/lib/librt-2.32.so
7fad7c270000-7fad7c271000 rw-p 00009000 08:08 541708                     /usr/lib/librt-2.32.so
7fad7c275000-7fad7c276000 ---p 00000000 00:00 0 
7fad7c276000-7fad7c279000 ---p 00000000 00:00 0 
7fad7c279000-7fad7c376000 rw-p 00000000 00:00 0 
7fad7c376000-7fad7c385000 r--p 00000000 08:08 533040                     /usr/lib/libm-2.32.so
7fad7c385000-7fad7c421000 r-xp 0000f000 08:08 533040                     /usr/lib/libm-2.32.so
7fad7c421000-7fad7c4ba000 r--p 000ab000 08:08 533040                     /usr/lib/libm-2.32.so
7fad7c4ba000-7fad7c4bb000 r--p 00143000 08:08 533040                     /usr/lib/libm-2.32.so
7fad7c4bb000-7fad7c4bc000 rw-p 00144000 08:08 533040                     /usr/lib/libm-2.32.so
7fad7c4be000-7fad7c6b1000 r--p 00000000 08:08 2493292                    /usr/lib/jvm/java-8-openjdk/jre/lib/amd64/server/libjvm.so
7fad7c6b1000-7fad7cf44000 r-xp 001f3000 08:08 2493292                    /usr/lib/jvm/java-8-openjdk/jre/lib/amd64/server/libjvm.so
7fad7cf44000-7fad7d0e9000 r--p 00a86000 08:08 2493292                    /usr/lib/jvm/java-8-openjdk/jre/lib/amd64/server/libjvm.so
7fad7d0e9000-7fad7d0ea000 ---p 00c2b000 08:08 2493292                    /usr/lib/jvm/java-8-openjdk/jre/lib/amd64/server/libjvm.so
7fad7d0ea000-7fad7d180000 r--p 00c2b000 08:08 2493292                    /usr/lib/jvm/java-8-openjdk/jre/lib/amd64/server/libjvm.so
7fad7d180000-7fad7d1a8000 rw-p 00cc1000 08:08 2493292                    /usr/lib/jvm/java-8-openjdk/jre/lib/amd64/server/libjvm.so
7fad7d1a8000-7fad7d1d9000 rw-p 00000000 00:00 0 
7fad7d1de000-7fad7d1e5000 r--p 00000000 08:08 541211                     /usr/lib/libpthread-2.32.so
7fad7d1e5000-7fad7d1f5000 r-xp 00007000 08:08 541211                     /usr/lib/libpthread-2.32.so
7fad7d1f5000-7fad7d1fa000 r--p 00017000 08:08 541211                     /usr/lib/libpthread-2.32.so
7fad7d1fa000-7fad7d1fb000 r--p 0001b000 08:08 541211                     /usr/lib/libpthread-2.32.so
7fad7d1fb000-7fad7d1fc000 rw-p 0001c000 08:08 541211                     /usr/lib/libpthread-2.32.so
7fad7d1fc000-7fad7d200000 rw-p 00000000 00:00 0 
7fad7d206000-7fad7d207000 r--p 00000000 08:08 533029                     /usr/lib/libdl-2.32.so
7fad7d207000-7fad7d209000 r-xp 00001000 08:08 533029                     /usr/lib/libdl-2.32.so
7fad7d209000-7fad7d20a000 r--p 00003000 08:08 533029                     /usr/lib/libdl-2.32.so
7fad7d20a000-7fad7d20b000 r--p 00003000 08:08 533029                     /usr/lib/libdl-2.32.so
7fad7d20b000-7fad7d20c000 rw-p 00004000 08:08 533029                     /usr/lib/libdl-2.32.so
7fad7d20e000-7fad7d211000 r--p 00000000 08:08 534886                     /usr/lib/libz.so.1.2.11
7fad7d211000-7fad7d21f000 r-xp 00003000 08:08 534886                     /usr/lib/libz.so.1.2.11
7fad7d21f000-7fad7d225000 r--p 00011000 08:08 534886                     /usr/lib/libz.so.1.2.11
7fad7d225000-7fad7d226000 ---p 00017000 08:08 534886                     /usr/lib/libz.so.1.2.11
7fad7d226000-7fad7d227000 r--p 00017000 08:08 534886                     /usr/lib/libz.so.1.2.11
7fad7d227000-7fad7d228000 rw-p 00018000 08:08 534886                     /usr/lib/libz.so.1.2.11
7fad7d22e000-7fad7d254000 r--p 00000000 08:08 533004                     /usr/lib/libc-2.32.so
7fad7d254000-7fad7d3a1000 r-xp 00026000 08:08 533004                     /usr/lib/libc-2.32.so
7fad7d3a1000-7fad7d3ed000 r--p 00173000 08:08 533004                     /usr/lib/libc-2.32.so
7fad7d3ed000-7fad7d3f0000 r--p 001be000 08:08 533004                     /usr/lib/libc-2.32.so
7fad7d3f0000-7fad7d3f3000 rw-p 001c1000 08:08 533004                     /usr/lib/libc-2.32.so
7fad7d3f3000-7fad7d3f7000 rw-p 00000000 00:00 0 
7fad7d3fe000-7fad7d400000 r--p 00000000 08:08 539191                     /usr/lib/libXtst.so.6.1.0
7fad7d400000-7fad7d403000 r-xp 00002000 08:08 539191                     /usr/lib/libXtst.so.6.1.0
7fad7d403000-7fad7d404000 r--p 00005000 08:08 539191                     /usr/lib/libXtst.so.6.1.0
7fad7d404000-7fad7d405000 r--p 00005000 08:08 539191                     /usr/lib/libXtst.so.6.1.0
7fad7d405000-7fad7d406000 rw-p 00006000 08:08 539191                     /usr/lib/libXtst.so.6.1.0
7fad7d406000-7fad7d40e000 rw-s 00000000 00:32 144795                     /tmp/hsperfdata_d4rkwzd/10906
7fad7d40e000-7fad7d411000 r--p 00000000 08:08 540988                     /usr/lib/libnss_files-2.32.so
7fad7d411000-7fad7d418000 r-xp 00003000 08:08 540988                     /usr/lib/libnss_files-2.32.so
7fad7d418000-7fad7d41a000 r--p 0000a000 08:08 540988                     /usr/lib/libnss_files-2.32.so
7fad7d41a000-7fad7d41b000 r--p 0000b000 08:08 540988                     /usr/lib/libnss_files-2.32.so
7fad7d41b000-7fad7d41c000 rw-p 0000c000 08:08 540988                     /usr/lib/libnss_files-2.32.so
7fad7d41c000-7fad7d422000 rw-p 00000000 00:00 0 
7fad7d426000-7fad7d42b000 r--p 00000000 08:08 2234344                    /usr/lib/jvm/java-8-openjdk/jre/lib/amd64/libverify.so
7fad7d42b000-7fad7d432000 r-xp 00005000 08:08 2234344                    /usr/lib/jvm/java-8-openjdk/jre/lib/amd64/libverify.so
7fad7d432000-7fad7d434000 r--p 0000c000 08:08 2234344                    /usr/lib/jvm/java-8-openjdk/jre/lib/amd64/libverify.so
7fad7d434000-7fad7d435000 ---p 0000e000 08:08 2234344                    /usr/lib/jvm/java-8-openjdk/jre/lib/amd64/libverify.so
7fad7d435000-7fad7d437000 r--p 0000e000 08:08 2234344                    /usr/lib/jvm/java-8-openjdk/jre/lib/amd64/libverify.so
7fad7d437000-7fad7d438000 rw-p 00010000 08:08 2234344                    /usr/lib/jvm/java-8-openjdk/jre/lib/amd64/libverify.so
7fad7d43e000-7fad7d441000 r--p 00000000 08:08 2392784                    /usr/lib/jvm/java-8-openjdk/jre/lib/amd64/jli/libjli.so
7fad7d441000-7fad7d44a000 r-xp 00003000 08:08 2392784                    /usr/lib/jvm/java-8-openjdk/jre/lib/amd64/jli/libjli.so
7fad7d44a000-7fad7d44d000 r--p 0000c000 08:08 2392784                    /usr/lib/jvm/java-8-openjdk/jre/lib/amd64/jli/libjli.so
7fad7d44d000-7fad7d44e000 r--p 0000e000 08:08 2392784                    /usr/lib/jvm/java-8-openjdk/jre/lib/amd64/jli/libjli.so
7fad7d44e000-7fad7d44f000 rw-p 0000f000 08:08 2392784                    /usr/lib/jvm/java-8-openjdk/jre/lib/amd64/jli/libjli.so
7fad7d452000-7fad7d453000 rw-p 00000000 00:00 0 
7fad7d453000-7fad7d454000 r--p 00000000 00:00 0 
7fad7d454000-7fad7d456000 rw-p 00000000 00:00 0 
7fad7d456000-7fad7d458000 r--p 00000000 08:08 532987                     /usr/lib/ld-2.32.so
7fad7d458000-7fad7d479000 r-xp 00002000 08:08 532987                     /usr/lib/ld-2.32.so
7fad7d479000-7fad7d482000 r--p 00023000 08:08 532987                     /usr/lib/ld-2.32.so
7fad7d482000-7fad7d483000 r--p 0002b000 08:08 532987                     /usr/lib/ld-2.32.so
7fad7d483000-7fad7d485000 rw-p 0002c000 08:08 532987                     /usr/lib/ld-2.32.so
7fad7d485000-7fad7d487000 rw-p 00000000 00:00 0 
7fffbfba8000-7fffbfbc9000 rw-p 00000000 00:00 0                          [stack]
7fffbfbee000-7fffbfbf2000 r--p 00000000 00:00 0                          [vvar]
7fffbfbf2000-7fffbfbf4000 r-xp 00000000 00:00 0                          [vdso]
ffffffffff600000-ffffffffff601000 --xp 00000000 00:00 0                  [vsyscall]

VM Arguments:
jvm_args: -Dfile.encoding=UTF-8 -Djava.library.path=/opt/ibm/ILOG/CPLEX_Studio1261/cplex/bin/x86-64_linux 
java_command: v1.Model
java_class_path (initial): /home/d4rkwzd/Projects/Netbeans/CplexTSP/lib/cplex.jar:/home/d4rkwzd/Projects/Netbeans/CplexTSP/build/classes
Launcher Type: SUN_STANDARD

Environment Variables:
PATH=/home/d4rkwzd/.local/bin:/usr/local/sbin:/usr/local/bin:/usr/bin:/usr/lib/jvm/default/bin:/usr/bin/site_perl:/usr/bin/vendor_perl:/usr/bin/core_perl:/var/lib/snapd/snap/bin
LD_LIBRARY_PATH=/usr/lib/jvm/default/bin/../jre/lib/amd64:/usr/lib/jvm/default/bin/../jre/lib/i386:
SHELL=/bin/bash
DISPLAY=:0

Signal Handlers:
SIGSEGV: [libjvm.so+0xa50e40], sa_mask[0]=11111111011111111101111111111110, sa_flags=SA_RESTART|SA_SIGINFO
SIGBUS: [libjvm.so+0xa50e40], sa_mask[0]=11111111011111111101111111111110, sa_flags=SA_RESTART|SA_SIGINFO
SIGFPE: [libjvm.so+0x8adfc0], sa_mask[0]=11111111011111111101111111111110, sa_flags=SA_RESTART|SA_SIGINFO
SIGPIPE: [libjvm.so+0x8adfc0], sa_mask[0]=11111111011111111101111111111110, sa_flags=SA_RESTART|SA_SIGINFO
SIGXFSZ: [libjvm.so+0x8adfc0], sa_mask[0]=11111111011111111101111111111110, sa_flags=SA_RESTART|SA_SIGINFO
SIGILL: [libjvm.so+0x8adfc0], sa_mask[0]=11111111011111111101111111111110, sa_flags=SA_RESTART|SA_SIGINFO
SIGUSR1: SIG_DFL, sa_mask[0]=00000000000000000000000000000000, sa_flags=none
SIGUSR2: [libjvm.so+0x8adda0], sa_mask[0]=00100000000000000000000000000000, sa_flags=SA_RESTART|SA_SIGINFO
SIGHUP: [libjvm.so+0x8ae260], sa_mask[0]=11111111011111111101111111111110, sa_flags=SA_RESTART|SA_SIGINFO
SIGINT: SIG_IGN, sa_mask[0]=00000000000000000000000000000000, sa_flags=none
SIGTERM: [libjvm.so+0x8ae260], sa_mask[0]=11111111011111111101111111111110, sa_flags=SA_RESTART|SA_SIGINFO
SIGQUIT: [libjvm.so+0x8ae260], sa_mask[0]=11111111011111111101111111111110, sa_flags=SA_RESTART|SA_SIGINFO


---------------  S Y S T E M  ---------------

OS:DISTRIB_ID=ManjaroLinux
DISTRIB_RELEASE=20.1.2
DISTRIB_CODENAME=Mikah
DISTRIB_DESCRIPTION="Manjaro Linux"

uname:Linux 5.8.16-2-MANJARO #1 SMP PREEMPT Mon Oct 19 11:33:03 UTC 2020 x86_64
libc:glibc 2.32 NPTL 2.32 
rlimit: STACK 8192k, CORE infinity, NPROC 29591, NOFILE 524288, AS infinity
load average:1,08 1,50 1,22

/proc/meminfo:
MemTotal:        7658352 kB
MemFree:          678472 kB
MemAvailable:    3869336 kB
Buffers:          296612 kB
Cached:          2922836 kB
SwapCached:            0 kB
Active:          3752428 kB
Inactive:        2172144 kB
Active(anon):    2718444 kB
Inactive(anon):   254692 kB
Active(file):    1033984 kB
Inactive(file):  1917452 kB
Unevictable:           0 kB
Mlocked:               0 kB
SwapTotal:       8388604 kB
SwapFree:        8388604 kB
Dirty:               688 kB
Writeback:             0 kB
AnonPages:       2705152 kB
Mapped:          1110980 kB
Shmem:            268008 kB
KReclaimable:     543236 kB
Slab:             638472 kB
SReclaimable:     543236 kB
SUnreclaim:        95236 kB
KernelStack:       12880 kB
PageTables:        36572 kB
NFS_Unstable:          0 kB
Bounce:                0 kB
WritebackTmp:          0 kB
CommitLimit:    12217780 kB
Committed_AS:    9607352 kB
VmallocTotal:   34359738367 kB
VmallocUsed:       43816 kB
VmallocChunk:          0 kB
Percpu:             2576 kB
HardwareCorrupted:     0 kB
AnonHugePages:         0 kB
ShmemHugePages:        0 kB
ShmemPmdMapped:        0 kB
FileHugePages:         0 kB
FilePmdMapped:         0 kB
HugePages_Total:       0
HugePages_Free:        0
HugePages_Rsvd:        0
HugePages_Surp:        0
Hugepagesize:       2048 kB
Hugetlb:               0 kB
DirectMap4k:      626428 kB
DirectMap2M:     7194624 kB
DirectMap1G:     1048576 kB

container (cgroup) information:
container_type: cgroupv1
cpu_cpuset_cpus: 0-3
cpu_memory_nodes: 0
active_processor_count: 4
cpu_quota: -1
cpu_period: 100000
cpu_shares: -1
memory_limit_in_bytes: -1
memory_and_swap_limit_in_bytes: -1
memory_soft_limit_in_bytes: -1
memory_usage_in_bytes: 3934171136
memory_max_usage_in_bytes: 4143890432


CPU:total 4 (initial active 4) (4 cores per cpu, 1 threads per core) family 21 model 101 stepping 1, cmov, cx8, fxsr, mmx, sse, sse2, sse3, ssse3, sse4.1, sse4.2, popcnt, avx, avx2, aes, clmul, mmxext, 3dnowpref, lzcnt, sse4a, tsc, tscinvbit, tscinv, bmi1

/proc/cpuinfo:
processor	: 0
vendor_id	: AuthenticAMD
cpu family	: 21
model		: 101
model name	: AMD A12-9720P RADEON R7, 12 COMPUTE CORES 4C+8G
stepping	: 1
microcode	: 0x600611a
cpu MHz		: 2933.527
cache size	: 1024 KB
physical id	: 0
siblings	: 4
core id		: 0
cpu cores	: 2
apicid		: 16
initial apicid	: 0
fpu		: yes
fpu_exception	: yes
cpuid level	: 13
wp		: yes
flags		: fpu vme de pse tsc msr pae mce cx8 apic sep mtrr pge mca cmov pat pse36 clflush mmx fxsr sse sse2 ht syscall nx mmxext fxsr_opt pdpe1gb rdtscp lm constant_tsc rep_good acc_power nopl nonstop_tsc cpuid extd_apicid aperfmperf pni pclmulqdq monitor ssse3 fma cx16 sse4_1 sse4_2 movbe popcnt aes xsave avx f16c lahf_lm cmp_legacy svm extapic cr8_legacy abm sse4a misalignsse 3dnowprefetch osvw ibs xop skinit wdt lwp fma4 tce nodeid_msr tbm topoext perfctr_core perfctr_nb bpext ptsc mwaitx cpb hw_pstate ssbd ibpb vmmcall fsgsbase bmi1 avx2 smep bmi2 xsaveopt arat npt lbrv svm_lock nrip_save tsc_scale vmcb_clean flushbyasid decodeassists pausefilter pfthreshold avic vgif overflow_recov
bugs		: fxsave_leak sysret_ss_attrs null_seg spectre_v1 spectre_v2 spec_store_bypass
bogomips	: 5392.67
TLB size	: 1536 4K pages
clflush size	: 64
cache_alignment	: 64
address sizes	: 48 bits physical, 48 bits virtual
power management: ts ttp tm 100mhzsteps hwpstate cpb eff_freq_ro acc_power [13]

processor	: 1
vendor_id	: AuthenticAMD
cpu family	: 21
model		: 101
model name	: AMD A12-9720P RADEON R7, 12 COMPUTE CORES 4C+8G
stepping	: 1
microcode	: 0x600611a
cpu MHz		: 2857.987
cache size	: 1024 KB
physical id	: 0
siblings	: 4
core id		: 1
cpu cores	: 2
apicid		: 17
initial apicid	: 1
fpu		: yes
fpu_exception	: yes
cpuid level	: 13
wp		: yes
flags		: fpu vme de pse tsc msr pae mce cx8 apic sep mtrr pge mca cmov pat pse36 clflush mmx fxsr sse sse2 ht syscall nx mmxext fxsr_opt pdpe1gb rdtscp lm constant_tsc rep_good acc_power nopl nonstop_tsc cpuid extd_apicid aperfmperf pni pclmulqdq monitor ssse3 fma cx16 sse4_1 sse4_2 movbe popcnt aes xsave avx f16c lahf_lm cmp_legacy svm extapic cr8_legacy abm sse4a misalignsse 3dnowprefetch osvw ibs xop skinit wdt lwp fma4 tce nodeid_msr tbm topoext perfctr_core perfctr_nb bpext ptsc mwaitx cpb hw_pstate ssbd ibpb vmmcall fsgsbase bmi1 avx2 smep bmi2 xsaveopt arat npt lbrv svm_lock nrip_save tsc_scale vmcb_clean flushbyasid decodeassists pausefilter pfthreshold avic vgif overflow_recov
bugs		: fxsave_leak sysret_ss_attrs null_seg spectre_v1 spectre_v2 spec_store_bypass
bogomips	: 5392.67
TLB size	: 1536 4K pages
clflush size	: 64
cache_alignment	: 64
address sizes	: 48 bits physical, 48 bits virtual
power management: ts ttp tm 100mhzsteps hwpstate cpb eff_freq_ro acc_power [13]

processor	: 2
vendor_id	: AuthenticAMD
cpu family	: 21
model		: 101
model name	: AMD A12-9720P RADEON R7, 12 COMPUTE CORES 4C+8G
stepping	: 1
microcode	: 0x600611a
cpu MHz		: 3282.786
cache size	: 1024 KB
physical id	: 0
siblings	: 4
core id		: 2
cpu cores	: 2
apicid		: 18
initial apicid	: 2
fpu		: yes
fpu_exception	: yes
cpuid level	: 13
wp		: yes
flags		: fpu vme de pse tsc msr pae mce cx8 apic sep mtrr pge mca cmov pat pse36 clflush mmx fxsr sse sse2 ht syscall nx mmxext fxsr_opt pdpe1gb rdtscp lm constant_tsc rep_good acc_power nopl nonstop_tsc cpuid extd_apicid aperfmperf pni pclmulqdq monitor ssse3 fma cx16 sse4_1 sse4_2 movbe popcnt aes xsave avx f16c lahf_lm cmp_legacy svm extapic cr8_legacy abm sse4a misalignsse 3dnowprefetch osvw ibs xop skinit wdt lwp fma4 tce nodeid_msr tbm topoext perfctr_core perfctr_nb bpext ptsc mwaitx cpb hw_pstate ssbd ibpb vmmcall fsgsbase bmi1 avx2 smep bmi2 xsaveopt arat npt lbrv svm_lock nrip_save tsc_scale vmcb_clean flushbyasid decodeassists pausefilter pfthreshold avic vgif overflow_recov
bugs		: fxsave_leak sysret_ss_attrs null_seg spectre_v1 spectre_v2 spec_store_bypass
bogomips	: 5392.67
TLB size	: 1536 4K pages
clflush size	: 64
cache_alignment	: 64
address sizes	: 48 bits physical, 48 bits virtual
power management: ts ttp tm 100mhzsteps hwpstate cpb eff_freq_ro acc_power [13]

processor	: 3
vendor_id	: AuthenticAMD
cpu family	: 21
model		: 101
model name	: AMD A12-9720P RADEON R7, 12 COMPUTE CORES 4C+8G
stepping	: 1
microcode	: 0x600611a
cpu MHz		: 2964.266
cache size	: 1024 KB
physical id	: 0
siblings	: 4
core id		: 3
cpu cores	: 2
apicid		: 19
initial apicid	: 3
fpu		: yes
fpu_exception	: yes
cpuid level	: 13
wp		: yes
flags		: fpu vme de pse tsc msr pae mce cx8 apic sep mtrr pge mca cmov pat pse36 clflush mmx fxsr sse sse2 ht syscall nx mmxext fxsr_opt pdpe1gb rdtscp lm constant_tsc rep_good acc_power nopl nonstop_tsc cpuid extd_apicid aperfmperf pni pclmulqdq monitor ssse3 fma cx16 sse4_1 sse4_2 movbe popcnt aes xsave avx f16c lahf_lm cmp_legacy svm extapic cr8_legacy abm sse4a misalignsse 3dnowprefetch osvw ibs xop skinit wdt lwp fma4 tce nodeid_msr tbm topoext perfctr_core perfctr_nb bpext ptsc mwaitx cpb hw_pstate ssbd ibpb vmmcall fsgsbase bmi1 avx2 smep bmi2 xsaveopt arat npt lbrv svm_lock nrip_save tsc_scale vmcb_clean flushbyasid decodeassists pausefilter pfthreshold avic vgif overflow_recov
bugs		: fxsave_leak sysret_ss_attrs null_seg spectre_v1 spectre_v2 spec_store_bypass
bogomips	: 5392.67
TLB size	: 1536 4K pages
clflush size	: 64
cache_alignment	: 64
address sizes	: 48 bits physical, 48 bits virtual
power management: ts ttp tm 100mhzsteps hwpstate cpb eff_freq_ro acc_power [13]



Memory: 4k page, physical 7658352k(678496k free), swap 8388604k(8388604k free)

vm_info: OpenJDK 64-Bit Server VM (25.265-b01) for linux-amd64 JRE (1.8.0_265-b01), built on Aug 30 2020 10:35:15 by "builduser" with gcc 10.2.0

time: Fri Oct 30 20:11:22 2020
timezone: -03
elapsed time: 9 seconds (0d 0h 0m 9s)

