#
# A fatal error has been detected by the Java Runtime Environment:
#
#  SIGSEGV (0xb) at pc=0x00007f354ca03250, pid=5635, tid=5637
#
# JRE version: Java(TM) SE Runtime Environment (15.0.1+9) (build 15.0.1+9-18)
# Java VM: Java HotSpot(TM) 64-Bit Server VM (15.0.1+9-18, mixed mode, sharing, tiered, compressed oops, g1 gc, linux-amd64)
# Problematic frame:
# C  [libcplex1261remotejni.so+0x5cb250]  _778d684fa8524f693106ac725e8540d0+0x0
#
# Core dump will be written. Default location: Core dumps may be processed with "/usr/lib/systemd/systemd-coredump %P %u %g %s %t %c %h" (or dumping to /home/d4rkwzd/Projects/Netbeans/CplexTSP/core.5635)
#
# If you would like to submit a bug report, please visit:
#   https://bugreport.java.com/bugreport/crash.jsp
# The crash happened outside the Java Virtual Machine in native code.
# See problematic frame for where to report the bug.
#

---------------  S U M M A R Y ------------

Command Line: -Dfile.encoding=UTF-8 -Djava.library.path=/opt/ibm/ILOG/CPLEX_Studio1261/cplex/bin/x86-64_linux v1.Model

Host: AMD A12-9720P RADEON R7, 12 COMPUTE CORES 4C+8G, 4 cores, 7G, Manjaro Linux
Time: Fri Oct 30 22:48:16 2020 -03 elapsed time: 7.984084 seconds (0d 0h 0m 7s)

---------------  T H R E A D  ---------------

Current thread (0x00007f3578027d60):  JavaThread "main" [_thread_in_native, id=5637, stack(0x00007f357e73f000,0x00007f357e840000)]

Stack: [0x00007f357e73f000,0x00007f357e840000],  sp=0x00007f357e83c628,  free space=1013k
Native frames: (J=compiled Java code, A=aot compiled Java code, j=interpreted, Vv=VM code, C=native code)
C  [libcplex1261remotejni.so+0x5cb250]  _778d684fa8524f693106ac725e8540d0+0x0

Java frames: (J=compiled Java code, j=interpreted, Vv=VM code)
j  ilog.cplex.Cplex.CPXmipopt(JJ)I+0
j  ilog.cplex.CplexI$SolveHandle.start()V+278
j  ilog.cplex.CplexI.solve()V+12
j  ilog.cplex.IloCplex.solve()Z+4
j  v1.Model.main([Ljava/lang/String;)V+524
v  ~StubRoutines::call_stub

siginfo: si_signo: 11 (SIGSEGV), si_code: 1 (SEGV_MAPERR), si_addr: 0x0000000000000008

Register to memory mapping:

RAX=0x0 is NULL
RBX=0x0 is NULL
RCX=0x7ffffffffcbc3000 is an unknown value
RDX=0x00007f35782f8f10 points into unknown readable memory: 0x0000000000000000 | 00 00 00 00 00 00 00 00
RSP=0x00007f357e83c628 is pointing into the stack for thread: 0x00007f3578027d60
RBP=0x00007f3578725d00 points into unknown readable memory: 0x0000000011e38f2c | 2c 8f e3 11 00 00 00 00
RSI=0x00007f35782f8f10 points into unknown readable memory: 0x0000000000000000 | 00 00 00 00 00 00 00 00
RDI=0x0 is NULL
R8 =0x00007f357e83d640 is pointing into the stack for thread: 0x00007f3578027d60
R9 =0x00007f35786f3140 points into unknown readable memory: 0x0000000000000000 | 00 00 00 00 00 00 00 00
R10=0x0000000000000002 is an unknown value
R11=0x0 is NULL
R12=0x00007f35786f3e50 points into unknown readable memory: 0x0000000000000000 | 00 00 00 00 00 00 00 00
R13=0x00007f357821e370 points into unknown readable memory: 0x0000000043705865 | 65 58 70 43 00 00 00 00
R14=0x00007f35786ad5e0 points into unknown readable memory: 0x0000000000000000 | 00 00 00 00 00 00 00 00
R15=0x00007f3578727830 points into unknown readable memory: 0x00007f35786a7110 | 10 71 6a 78 35 7f 00 00


Registers:
RAX=0x0000000000000000, RBX=0x0000000000000000, RCX=0x7ffffffffcbc3000, RDX=0x00007f35782f8f10
RSP=0x00007f357e83c628, RBP=0x00007f3578725d00, RSI=0x00007f35782f8f10, RDI=0x0000000000000000
R8 =0x00007f357e83d640, R9 =0x00007f35786f3140, R10=0x0000000000000002, R11=0x0000000000000000
R12=0x00007f35786f3e50, R13=0x00007f357821e370, R14=0x00007f35786ad5e0, R15=0x00007f3578727830
RIP=0x00007f354ca03250, EFLAGS=0x0000000000010293, CSGSFS=0x002b000000000033, ERR=0x0000000000000004
  TRAPNO=0x000000000000000e

Top of Stack: (sp=0x00007f357e83c628)
0x00007f357e83c628:   00007f354c98a4b6 00007f3500000002
0x00007f357e83c638:   00007f357e83d640 00007f357e83c670
0x00007f357e83c648:   00007f357f180cec 00007f357810ad00
0x00007f357e83c658:   00007f357810ad00 0000000000000000 

Instructions: (pc=0x00007f354ca03250)
0x00007f354ca03150:   83 7f 1c 00 74 0a 48 8b 47 08 f2 0f 10 40 30 c3
0x00007f354ca03160:   f2 0f 10 05 b0 24 a3 00 c3 48 8d b6 00 00 00 00
0x00007f354ca03170:   48 8b 47 08 f2 0f 10 40 38 c3 90 48 8d 74 26 00
0x00007f354ca03180:   83 7f 24 00 75 0a 48 8b 47 08 f2 0f 10 40 38 c3
0x00007f354ca03190:   48 8b 47 08 f2 0f 10 25 84 24 a3 00 0f 28 ec f2
0x00007f354ca031a0:   0f 10 58 30 66 0f 2f e3 76 5b f2 0f 10 4f 28 f2
0x00007f354ca031b0:   0f 10 57 30 66 0f 2f e1 76 21 66 0f 2f e2 76 30
0x00007f354ca031c0:   0f 28 c3 0f 28 eb 0f 54 05 03 23 a3 00 f2 0f 59
0x00007f354ca031d0:   c8 f2 0f 5d d1 f2 0f 58 ea eb 2a 66 0f 2f e2 76
0x00007f354ca031e0:   09 0f 28 ea f2 0f 58 eb eb 1b 66 0f 2f e1 76 15
0x00007f354ca031f0:   0f 28 c3 0f 28 eb 0f 54 05 d3 22 a3 00 f2 0f 59
0x00007f354ca03200:   c8 f2 0f 58 e9 66 0f 2f e5 76 2e 0f 28 cd 0f 54
0x00007f354ca03210:   0d bb 22 a3 00 66 0f 2f 0d 13 24 a3 00 76 12 f2
0x00007f354ca03220:   0f 10 05 01 24 a3 00 f2 0f 59 c8 f2 0f 58 e9 eb
0x00007f354ca03230:   08 f2 0f 58 2d ef 23 a3 00 f2 0f 10 40 40 f2 0f
0x00007f354ca03240:   5d c5 c3 90 48 8d 74 26 00 48 8d bf 00 00 00 00
0x00007f354ca03250:   48 8b 47 08 83 7f 1c 00 74 06 f2 0f 10 40 38 c3
0x00007f354ca03260:   f2 0f 10 40 40 c3 48 89 f6 48 8d bf 00 00 00 00
0x00007f354ca03270:   83 7f 20 00 74 0a 48 8b 47 08 f2 0f 10 40 40 c3
0x00007f354ca03280:   48 8b 47 08 83 7f 1c 00 74 06 f2 0f 10 40 38 c3
0x00007f354ca03290:   f2 0f 10 40 40 c3 48 89 f6 48 8d bf 00 00 00 00
0x00007f354ca032a0:   48 8b 46 08 48 8b 97 b8 00 00 00 f2 0f 10 15 85
0x00007f354ca032b0:   23 a3 00 f2 0f 10 58 30 0f 28 e3 f2 0f 10 8a 58
0x00007f354ca032c0:   02 00 00 f2 0f 5c e0 f2 0f 59 ca 0f 54 25 0e 22
0x00007f354ca032d0:   a3 00 66 0f 2f cc 77 5a 0f 54 1d 01 22 a3 00 f2
0x00007f354ca032e0:   0f 10 82 60 02 00 00 f2 0f 58 1d 51 23 a3 00 f2
0x00007f354ca032f0:   0f 59 c3 66 0f 2f c4 77 39 83 78 20 00 75 06 83
0x00007f354ca03300:   78 78 00 7e 24 f2 0f 10 82 88 05 00 00 f2 0f 59
0x00007f354ca03310:   c2 66 0f 2f c4 77 18 f2 0f 10 82 90 05 00 00 f2
0x00007f354ca03320:   0f 59 c3 66 0f 2f c4 77 06 b8 01 00 00 00 c3 33
0x00007f354ca03330:   c0 c3 33 c0 c3 48 8d 76 00 48 8d bf 00 00 00 00
0x00007f354ca03340:   48 8b 57 08 8b 42 28 c3 48 8d b4 26 00 00 00 00 


Stack slot to memory mapping:
stack at sp + 0 slots: 0x00007f354c98a4b6: <offset 0x00000000005524b6> in /opt/ibm/ILOG/CPLEX_Studio1261/cplex/bin/x86-64_linux/libcplex1261remotejni.so at 0x00007f354c438000
stack at sp + 1 slots: 0x00007f3500000002 points into unknown readable memory: 00 00 35 7f 00 00
stack at sp + 2 slots: 0x00007f357e83d640 is pointing into the stack for thread: 0x00007f3578027d60
stack at sp + 3 slots: 0x00007f357e83c670 is pointing into the stack for thread: 0x00007f3578027d60
stack at sp + 4 slots: 0x00007f357f180cec: <offset 0x00000000007f8cec> in /usr/lib/jvm/java-15-jdk/lib/server/libjvm.so at 0x00007f357e988000
stack at sp + 5 slots: 0x00007f357810ad00 points into unknown readable memory: 0x0000000000000000 | 00 00 00 00 00 00 00 00
stack at sp + 6 slots: 0x00007f357810ad00 points into unknown readable memory: 0x0000000000000000 | 00 00 00 00 00 00 00 00
stack at sp + 7 slots: 0x0 is NULL


---------------  P R O C E S S  ---------------

Threads class SMR info:
_java_thread_list=0x00007f34e83b62b0, length=14, elements={
0x00007f3578027d60, 0x00007f357810cb60, 0x00007f357810e2a0, 0x00007f3578114b60,
0x00007f3578116270, 0x00007f3578117e90, 0x00007f35781196c0, 0x00007f357811adc0,
0x00007f357816ff80, 0x00007f3578173b60, 0x00007f357858b0f0, 0x00007f35785bb130,
0x00007f3578688280, 0x00007f34f0007880
}

Java Threads: ( => current thread )
=>0x00007f3578027d60 JavaThread "main" [_thread_in_native, id=5637, stack(0x00007f357e73f000,0x00007f357e840000)]
  0x00007f357810cb60 JavaThread "Reference Handler" daemon [_thread_blocked, id=5647, stack(0x00007f357c174000,0x00007f357c275000)]
  0x00007f357810e2a0 JavaThread "Finalizer" daemon [_thread_blocked, id=5648, stack(0x00007f357c073000,0x00007f357c174000)]
  0x00007f3578114b60 JavaThread "Signal Dispatcher" daemon [_thread_blocked, id=5649, stack(0x00007f355ceb7000,0x00007f355cfb8000)]
  0x00007f3578116270 JavaThread "Service Thread" daemon [_thread_blocked, id=5650, stack(0x00007f355cdb6000,0x00007f355ceb7000)]
  0x00007f3578117e90 JavaThread "C2 CompilerThread0" daemon [_thread_blocked, id=5651, stack(0x00007f355ccb5000,0x00007f355cdb6000)]
  0x00007f35781196c0 JavaThread "C1 CompilerThread0" daemon [_thread_blocked, id=5652, stack(0x00007f355cbb4000,0x00007f355ccb5000)]
  0x00007f357811adc0 JavaThread "Sweeper thread" daemon [_thread_blocked, id=5653, stack(0x00007f355cab3000,0x00007f355cbb4000)]
  0x00007f357816ff80 JavaThread "Notification Thread" daemon [_thread_blocked, id=5654, stack(0x00007f355c9b2000,0x00007f355cab3000)]
  0x00007f3578173b60 JavaThread "Common-Cleaner" daemon [_thread_blocked, id=5656, stack(0x00007f355c7af000,0x00007f355c8b0000)]
  0x00007f357858b0f0 JavaThread "Java2D Disposer" daemon [_thread_blocked, id=5664, stack(0x00007f355c149000,0x00007f355c24a000)]
  0x00007f35785bb130 JavaThread "AWT-XAWT" daemon [_thread_in_native, id=5665, stack(0x00007f3506124000,0x00007f3506225000)]
  0x00007f3578688280 JavaThread "AWT-Shutdown" [_thread_blocked, id=5666, stack(0x00007f3505d2f000,0x00007f3505e30000)]
  0x00007f34f0007880 JavaThread "AWT-EventQueue-0" [_thread_blocked, id=5670, stack(0x00007f3505537000,0x00007f3505638000)]

Other Threads:
  0x00007f3578109e10 VMThread "VM Thread" [stack: 0x00007f357c277000,0x00007f357c377000] [id=5646]
  0x00007f3578171e00 WatcherThread [stack: 0x00007f355c8b2000,0x00007f355c9b2000] [id=5655]
  0x00007f35780643a0 GCTaskThread "GC Thread#0" [stack: 0x00007f357d4e6000,0x00007f357d5e6000] [id=5641]
  0x00007f3544001090 GCTaskThread "GC Thread#1" [stack: 0x00007f355c450000,0x00007f355c550000] [id=5657]
  0x00007f3544004d60 GCTaskThread "GC Thread#2" [stack: 0x00007f3505b2e000,0x00007f3505c2e000] [id=5668]
  0x00007f3544005870 GCTaskThread "GC Thread#3" [stack: 0x00007f3505a2c000,0x00007f3505b2c000] [id=5669]
  0x00007f35780746c0 ConcurrentGCThread "G1 Main Marker" [stack: 0x00007f357d3e4000,0x00007f357d4e4000] [id=5642]
  0x00007f3578075950 ConcurrentGCThread "G1 Conc#0" [stack: 0x00007f357d2e2000,0x00007f357d3e2000] [id=5643]
  0x00007f35780d7260 ConcurrentGCThread "G1 Refine#0" [stack: 0x00007f357cddc000,0x00007f357cedc000] [id=5644]
  0x00007f3548000e90 ConcurrentGCThread "G1 Refine#1" [stack: 0x00007f355c34e000,0x00007f355c44e000] [id=5658]
  0x00007f3514000e90 ConcurrentGCThread "G1 Refine#2" [stack: 0x00007f355c24c000,0x00007f355c34c000] [id=5659]
  0x00007f35780d8470 ConcurrentGCThread "G1 Young RemSet Sampling" [stack: 0x00007f357ccda000,0x00007f357cdda000] [id=5645]

Threads with active compile tasks:

VM state: not at safepoint (normal execution)

VM Mutex/Monitor currently owned by a thread: None

Heap address: 0x000000008b200000, size: 1870 MB, Compressed Oops mode: 32-bit
CDS archive(s) mapped at: [0x0000000800000000-0x0000000800b35000-0x0000000800b35000), size 11751424, SharedBaseAddress: 0x0000000800000000, ArchiveRelocationMode: 0.
Compressed class space mapped at: 0x0000000800b38000-0x0000000840b38000, size: 1073741824
Narrow klass base: 0x0000000800000000, Narrow klass shift: 3, Narrow klass range: 0x100000000

GC Precious Log:
 CPUs: 4 total, 4 available
 Memory: 7478M
 Large Page Support: Disabled
 NUMA Support: Disabled
 Compressed Oops: Enabled (32-bit)
 Heap Region Size: 1M
 Heap Min Capacity: 8M
 Heap Initial Capacity: 118M
 Heap Max Capacity: 1870M
 Pre-touch: Disabled
 Parallel Workers: 4
 Concurrent Workers: 1
 Concurrent Refinement Workers: 4
 Periodic GC: Disabled

Heap:
 garbage-first heap   total 122880K, used 37688K [0x000000008b200000, 0x0000000100000000)
  region size 1024K, 23 young (23552K), 3 survivors (3072K)
 Metaspace       used 9836K, capacity 10046K, committed 10240K, reserved 1058816K
  class space    used 975K, capacity 1020K, committed 1024K, reserved 1048576K

Heap Regions: E=young(eden), S=young(survivor), O=old, HS=humongous(starts), HC=humongous(continues), CS=collection set, F=free, OA=open archive, CA=closed archive, TAMS=top-at-mark-start (previous, next)
|   0|0x000000008b200000, 0x000000008b300000, 0x000000008b300000|100%| O|  |TAMS 0x000000008b200000, 0x000000008b200000| Untracked 
|   1|0x000000008b300000, 0x000000008b400000, 0x000000008b400000|100%| O|  |TAMS 0x000000008b300000, 0x000000008b300000| Untracked 
|   2|0x000000008b400000, 0x000000008b500000, 0x000000008b500000|100%| O|  |TAMS 0x000000008b400000, 0x000000008b400000| Untracked 
|   3|0x000000008b500000, 0x000000008b600000, 0x000000008b600000|100%| O|  |TAMS 0x000000008b500000, 0x000000008b500000| Untracked 
|   4|0x000000008b600000, 0x000000008b700000, 0x000000008b700000|100%| O|  |TAMS 0x000000008b600000, 0x000000008b600000| Untracked 
|   5|0x000000008b700000, 0x000000008b800000, 0x000000008b800000|100%| O|  |TAMS 0x000000008b700000, 0x000000008b700000| Untracked 
|   6|0x000000008b800000, 0x000000008b900000, 0x000000008b900000|100%| O|  |TAMS 0x000000008b800000, 0x000000008b800000| Untracked 
|   7|0x000000008b900000, 0x000000008ba00000, 0x000000008ba00000|100%| O|  |TAMS 0x000000008b900000, 0x000000008b900000| Untracked 
|   8|0x000000008ba00000, 0x000000008bb00000, 0x000000008bb00000|100%| O|  |TAMS 0x000000008ba00000, 0x000000008ba00000| Untracked 
|   9|0x000000008bb00000, 0x000000008bc00000, 0x000000008bc00000|100%| O|  |TAMS 0x000000008bb00000, 0x000000008bb00000| Untracked 
|  10|0x000000008bc00000, 0x000000008bd00000, 0x000000008bd00000|100%| O|  |TAMS 0x000000008bc00000, 0x000000008bc00000| Untracked 
|  11|0x000000008bd00000, 0x000000008be00000, 0x000000008be00000|100%| O|  |TAMS 0x000000008bd00000, 0x000000008bd00000| Untracked 
|  12|0x000000008be00000, 0x000000008bf00000, 0x000000008bf00000|100%| O|  |TAMS 0x000000008be00000, 0x000000008be00000| Untracked 
|  13|0x000000008bf00000, 0x000000008c000000, 0x000000008c000000|100%| O|  |TAMS 0x000000008bf00000, 0x000000008bf00000| Untracked 
|  14|0x000000008c000000, 0x000000008c000000, 0x000000008c100000|  0%| F|  |TAMS 0x000000008c000000, 0x000000008c000000| Untracked 
|  15|0x000000008c100000, 0x000000008c100000, 0x000000008c200000|  0%| F|  |TAMS 0x000000008c100000, 0x000000008c100000| Untracked 
|  16|0x000000008c200000, 0x000000008c200000, 0x000000008c300000|  0%| F|  |TAMS 0x000000008c200000, 0x000000008c200000| Untracked 
|  17|0x000000008c300000, 0x000000008c300000, 0x000000008c400000|  0%| F|  |TAMS 0x000000008c300000, 0x000000008c300000| Untracked 
|  18|0x000000008c400000, 0x000000008c400000, 0x000000008c500000|  0%| F|  |TAMS 0x000000008c400000, 0x000000008c400000| Untracked 
|  19|0x000000008c500000, 0x000000008c500000, 0x000000008c600000|  0%| F|  |TAMS 0x000000008c500000, 0x000000008c500000| Untracked 
|  20|0x000000008c600000, 0x000000008c600000, 0x000000008c700000|  0%| F|  |TAMS 0x000000008c600000, 0x000000008c600000| Untracked 
|  21|0x000000008c700000, 0x000000008c700000, 0x000000008c800000|  0%| F|  |TAMS 0x000000008c700000, 0x000000008c700000| Untracked 
|  22|0x000000008c800000, 0x000000008c800000, 0x000000008c900000|  0%| F|  |TAMS 0x000000008c800000, 0x000000008c800000| Untracked 
|  23|0x000000008c900000, 0x000000008c900000, 0x000000008ca00000|  0%| F|  |TAMS 0x000000008c900000, 0x000000008c900000| Untracked 
|  24|0x000000008ca00000, 0x000000008ca00000, 0x000000008cb00000|  0%| F|  |TAMS 0x000000008ca00000, 0x000000008ca00000| Untracked 
|  25|0x000000008cb00000, 0x000000008cb00000, 0x000000008cc00000|  0%| F|  |TAMS 0x000000008cb00000, 0x000000008cb00000| Untracked 
|  26|0x000000008cc00000, 0x000000008cc00000, 0x000000008cd00000|  0%| F|  |TAMS 0x000000008cc00000, 0x000000008cc00000| Untracked 
|  27|0x000000008cd00000, 0x000000008cd00000, 0x000000008ce00000|  0%| F|  |TAMS 0x000000008cd00000, 0x000000008cd00000| Untracked 
|  28|0x000000008ce00000, 0x000000008ce00000, 0x000000008cf00000|  0%| F|  |TAMS 0x000000008ce00000, 0x000000008ce00000| Untracked 
|  29|0x000000008cf00000, 0x000000008cf00000, 0x000000008d000000|  0%| F|  |TAMS 0x000000008cf00000, 0x000000008cf00000| Untracked 
|  30|0x000000008d000000, 0x000000008d000000, 0x000000008d100000|  0%| F|  |TAMS 0x000000008d000000, 0x000000008d000000| Untracked 
|  31|0x000000008d100000, 0x000000008d100000, 0x000000008d200000|  0%| F|  |TAMS 0x000000008d100000, 0x000000008d100000| Untracked 
|  32|0x000000008d200000, 0x000000008d200000, 0x000000008d300000|  0%| F|  |TAMS 0x000000008d200000, 0x000000008d200000| Untracked 
|  33|0x000000008d300000, 0x000000008d300000, 0x000000008d400000|  0%| F|  |TAMS 0x000000008d300000, 0x000000008d300000| Untracked 
|  34|0x000000008d400000, 0x000000008d400000, 0x000000008d500000|  0%| F|  |TAMS 0x000000008d400000, 0x000000008d400000| Untracked 
|  35|0x000000008d500000, 0x000000008d500000, 0x000000008d600000|  0%| F|  |TAMS 0x000000008d500000, 0x000000008d500000| Untracked 
|  36|0x000000008d600000, 0x000000008d600000, 0x000000008d700000|  0%| F|  |TAMS 0x000000008d600000, 0x000000008d600000| Untracked 
|  37|0x000000008d700000, 0x000000008d700000, 0x000000008d800000|  0%| F|  |TAMS 0x000000008d700000, 0x000000008d700000| Untracked 
|  38|0x000000008d800000, 0x000000008d800000, 0x000000008d900000|  0%| F|  |TAMS 0x000000008d800000, 0x000000008d800000| Untracked 
|  39|0x000000008d900000, 0x000000008d900000, 0x000000008da00000|  0%| F|  |TAMS 0x000000008d900000, 0x000000008d900000| Untracked 
|  40|0x000000008da00000, 0x000000008da00000, 0x000000008db00000|  0%| F|  |TAMS 0x000000008da00000, 0x000000008da00000| Untracked 
|  41|0x000000008db00000, 0x000000008db00000, 0x000000008dc00000|  0%| F|  |TAMS 0x000000008db00000, 0x000000008db00000| Untracked 
|  42|0x000000008dc00000, 0x000000008dc00000, 0x000000008dd00000|  0%| F|  |TAMS 0x000000008dc00000, 0x000000008dc00000| Untracked 
|  43|0x000000008dd00000, 0x000000008dd00000, 0x000000008de00000|  0%| F|  |TAMS 0x000000008dd00000, 0x000000008dd00000| Untracked 
|  44|0x000000008de00000, 0x000000008de00000, 0x000000008df00000|  0%| F|  |TAMS 0x000000008de00000, 0x000000008de00000| Untracked 
|  45|0x000000008df00000, 0x000000008df00000, 0x000000008e000000|  0%| F|  |TAMS 0x000000008df00000, 0x000000008df00000| Untracked 
|  46|0x000000008e000000, 0x000000008e000000, 0x000000008e100000|  0%| F|  |TAMS 0x000000008e000000, 0x000000008e000000| Untracked 
|  47|0x000000008e100000, 0x000000008e100000, 0x000000008e200000|  0%| F|  |TAMS 0x000000008e100000, 0x000000008e100000| Untracked 
|  48|0x000000008e200000, 0x000000008e200000, 0x000000008e300000|  0%| F|  |TAMS 0x000000008e200000, 0x000000008e200000| Untracked 
|  49|0x000000008e300000, 0x000000008e300000, 0x000000008e400000|  0%| F|  |TAMS 0x000000008e300000, 0x000000008e300000| Untracked 
|  50|0x000000008e400000, 0x000000008e400000, 0x000000008e500000|  0%| F|  |TAMS 0x000000008e400000, 0x000000008e400000| Untracked 
|  51|0x000000008e500000, 0x000000008e500000, 0x000000008e600000|  0%| F|  |TAMS 0x000000008e500000, 0x000000008e500000| Untracked 
|  52|0x000000008e600000, 0x000000008e600000, 0x000000008e700000|  0%| F|  |TAMS 0x000000008e600000, 0x000000008e600000| Untracked 
|  53|0x000000008e700000, 0x000000008e700000, 0x000000008e800000|  0%| F|  |TAMS 0x000000008e700000, 0x000000008e700000| Untracked 
|  54|0x000000008e800000, 0x000000008e800000, 0x000000008e900000|  0%| F|  |TAMS 0x000000008e800000, 0x000000008e800000| Untracked 
|  55|0x000000008e900000, 0x000000008e900000, 0x000000008ea00000|  0%| F|  |TAMS 0x000000008e900000, 0x000000008e900000| Untracked 
|  56|0x000000008ea00000, 0x000000008ea00000, 0x000000008eb00000|  0%| F|  |TAMS 0x000000008ea00000, 0x000000008ea00000| Untracked 
|  57|0x000000008eb00000, 0x000000008eb00000, 0x000000008ec00000|  0%| F|  |TAMS 0x000000008eb00000, 0x000000008eb00000| Untracked 
|  58|0x000000008ec00000, 0x000000008ec00000, 0x000000008ed00000|  0%| F|  |TAMS 0x000000008ec00000, 0x000000008ec00000| Untracked 
|  59|0x000000008ed00000, 0x000000008ed00000, 0x000000008ee00000|  0%| F|  |TAMS 0x000000008ed00000, 0x000000008ed00000| Untracked 
|  60|0x000000008ee00000, 0x000000008ee00000, 0x000000008ef00000|  0%| F|  |TAMS 0x000000008ee00000, 0x000000008ee00000| Untracked 
|  61|0x000000008ef00000, 0x000000008ef00000, 0x000000008f000000|  0%| F|  |TAMS 0x000000008ef00000, 0x000000008ef00000| Untracked 
|  62|0x000000008f000000, 0x000000008f000000, 0x000000008f100000|  0%| F|  |TAMS 0x000000008f000000, 0x000000008f000000| Untracked 
|  63|0x000000008f100000, 0x000000008f100000, 0x000000008f200000|  0%| F|  |TAMS 0x000000008f100000, 0x000000008f100000| Untracked 
|  64|0x000000008f200000, 0x000000008f200000, 0x000000008f300000|  0%| F|  |TAMS 0x000000008f200000, 0x000000008f200000| Untracked 
|  65|0x000000008f300000, 0x000000008f300000, 0x000000008f400000|  0%| F|  |TAMS 0x000000008f300000, 0x000000008f300000| Untracked 
|  66|0x000000008f400000, 0x000000008f400000, 0x000000008f500000|  0%| F|  |TAMS 0x000000008f400000, 0x000000008f400000| Untracked 
|  67|0x000000008f500000, 0x000000008f500000, 0x000000008f600000|  0%| F|  |TAMS 0x000000008f500000, 0x000000008f500000| Untracked 
|  68|0x000000008f600000, 0x000000008f600000, 0x000000008f700000|  0%| F|  |TAMS 0x000000008f600000, 0x000000008f600000| Untracked 
|  69|0x000000008f700000, 0x000000008f700000, 0x000000008f800000|  0%| F|  |TAMS 0x000000008f700000, 0x000000008f700000| Untracked 
|  70|0x000000008f800000, 0x000000008f800000, 0x000000008f900000|  0%| F|  |TAMS 0x000000008f800000, 0x000000008f800000| Untracked 
|  71|0x000000008f900000, 0x000000008f900000, 0x000000008fa00000|  0%| F|  |TAMS 0x000000008f900000, 0x000000008f900000| Untracked 
|  72|0x000000008fa00000, 0x000000008fa00000, 0x000000008fb00000|  0%| F|  |TAMS 0x000000008fa00000, 0x000000008fa00000| Untracked 
|  73|0x000000008fb00000, 0x000000008fb00000, 0x000000008fc00000|  0%| F|  |TAMS 0x000000008fb00000, 0x000000008fb00000| Untracked 
|  74|0x000000008fc00000, 0x000000008fc00000, 0x000000008fd00000|  0%| F|  |TAMS 0x000000008fc00000, 0x000000008fc00000| Untracked 
|  75|0x000000008fd00000, 0x000000008fd00000, 0x000000008fe00000|  0%| F|  |TAMS 0x000000008fd00000, 0x000000008fd00000| Untracked 
|  76|0x000000008fe00000, 0x000000008fe00000, 0x000000008ff00000|  0%| F|  |TAMS 0x000000008fe00000, 0x000000008fe00000| Untracked 
|  77|0x000000008ff00000, 0x000000008ff00000, 0x0000000090000000|  0%| F|  |TAMS 0x000000008ff00000, 0x000000008ff00000| Untracked 
|  78|0x0000000090000000, 0x0000000090000000, 0x0000000090100000|  0%| F|  |TAMS 0x0000000090000000, 0x0000000090000000| Untracked 
|  79|0x0000000090100000, 0x0000000090100000, 0x0000000090200000|  0%| F|  |TAMS 0x0000000090100000, 0x0000000090100000| Untracked 
|  80|0x0000000090200000, 0x0000000090200000, 0x0000000090300000|  0%| F|  |TAMS 0x0000000090200000, 0x0000000090200000| Untracked 
|  81|0x0000000090300000, 0x0000000090300000, 0x0000000090400000|  0%| F|  |TAMS 0x0000000090300000, 0x0000000090300000| Untracked 
|  82|0x0000000090400000, 0x0000000090400000, 0x0000000090500000|  0%| F|  |TAMS 0x0000000090400000, 0x0000000090400000| Untracked 
|  83|0x0000000090500000, 0x0000000090500000, 0x0000000090600000|  0%| F|  |TAMS 0x0000000090500000, 0x0000000090500000| Untracked 
|  84|0x0000000090600000, 0x0000000090600000, 0x0000000090700000|  0%| F|  |TAMS 0x0000000090600000, 0x0000000090600000| Untracked 
|  85|0x0000000090700000, 0x0000000090700000, 0x0000000090800000|  0%| F|  |TAMS 0x0000000090700000, 0x0000000090700000| Untracked 
|  86|0x0000000090800000, 0x0000000090800000, 0x0000000090900000|  0%| F|  |TAMS 0x0000000090800000, 0x0000000090800000| Untracked 
|  87|0x0000000090900000, 0x0000000090900000, 0x0000000090a00000|  0%| F|  |TAMS 0x0000000090900000, 0x0000000090900000| Untracked 
|  88|0x0000000090a00000, 0x0000000090a00000, 0x0000000090b00000|  0%| F|  |TAMS 0x0000000090a00000, 0x0000000090a00000| Untracked 
|  89|0x0000000090b00000, 0x0000000090b00000, 0x0000000090c00000|  0%| F|  |TAMS 0x0000000090b00000, 0x0000000090b00000| Untracked 
|  90|0x0000000090c00000, 0x0000000090c00000, 0x0000000090d00000|  0%| F|  |TAMS 0x0000000090c00000, 0x0000000090c00000| Untracked 
|  91|0x0000000090d00000, 0x0000000090d00000, 0x0000000090e00000|  0%| F|  |TAMS 0x0000000090d00000, 0x0000000090d00000| Untracked 
|  92|0x0000000090e00000, 0x0000000090e00000, 0x0000000090f00000|  0%| F|  |TAMS 0x0000000090e00000, 0x0000000090e00000| Untracked 
|  93|0x0000000090f00000, 0x0000000090f00000, 0x0000000091000000|  0%| F|  |TAMS 0x0000000090f00000, 0x0000000090f00000| Untracked 
|  94|0x0000000091000000, 0x0000000091000000, 0x0000000091100000|  0%| F|  |TAMS 0x0000000091000000, 0x0000000091000000| Untracked 
|  95|0x0000000091100000, 0x0000000091138de8, 0x0000000091200000| 22%| E|  |TAMS 0x0000000091100000, 0x0000000091100000| Complete 
|  96|0x0000000091200000, 0x0000000091300000, 0x0000000091300000|100%| E|CS|TAMS 0x0000000091200000, 0x0000000091200000| Complete 
|  97|0x0000000091300000, 0x0000000091400000, 0x0000000091400000|100%| S|CS|TAMS 0x0000000091300000, 0x0000000091300000| Complete 
|  98|0x0000000091400000, 0x0000000091500000, 0x0000000091500000|100%| S|CS|TAMS 0x0000000091400000, 0x0000000091400000| Complete 
|  99|0x0000000091500000, 0x0000000091600000, 0x0000000091600000|100%| S|CS|TAMS 0x0000000091500000, 0x0000000091500000| Complete 
| 100|0x0000000091600000, 0x0000000091700000, 0x0000000091700000|100%| E|CS|TAMS 0x0000000091600000, 0x0000000091600000| Complete 
| 101|0x0000000091700000, 0x0000000091800000, 0x0000000091800000|100%| E|CS|TAMS 0x0000000091700000, 0x0000000091700000| Complete 
| 102|0x0000000091800000, 0x0000000091900000, 0x0000000091900000|100%| E|CS|TAMS 0x0000000091800000, 0x0000000091800000| Complete 
| 103|0x0000000091900000, 0x0000000091a00000, 0x0000000091a00000|100%| E|CS|TAMS 0x0000000091900000, 0x0000000091900000| Complete 
| 104|0x0000000091a00000, 0x0000000091b00000, 0x0000000091b00000|100%| E|CS|TAMS 0x0000000091a00000, 0x0000000091a00000| Complete 
| 105|0x0000000091b00000, 0x0000000091c00000, 0x0000000091c00000|100%| E|CS|TAMS 0x0000000091b00000, 0x0000000091b00000| Complete 
| 106|0x0000000091c00000, 0x0000000091d00000, 0x0000000091d00000|100%| E|CS|TAMS 0x0000000091c00000, 0x0000000091c00000| Complete 
| 107|0x0000000091d00000, 0x0000000091e00000, 0x0000000091e00000|100%| E|CS|TAMS 0x0000000091d00000, 0x0000000091d00000| Complete 
| 108|0x0000000091e00000, 0x0000000091f00000, 0x0000000091f00000|100%| E|CS|TAMS 0x0000000091e00000, 0x0000000091e00000| Complete 
| 109|0x0000000091f00000, 0x0000000092000000, 0x0000000092000000|100%| E|CS|TAMS 0x0000000091f00000, 0x0000000091f00000| Complete 
| 110|0x0000000092000000, 0x0000000092100000, 0x0000000092100000|100%| E|CS|TAMS 0x0000000092000000, 0x0000000092000000| Complete 
| 111|0x0000000092100000, 0x0000000092200000, 0x0000000092200000|100%| E|CS|TAMS 0x0000000092100000, 0x0000000092100000| Complete 
| 112|0x0000000092200000, 0x0000000092300000, 0x0000000092300000|100%| E|CS|TAMS 0x0000000092200000, 0x0000000092200000| Complete 
| 113|0x0000000092300000, 0x0000000092400000, 0x0000000092400000|100%| E|CS|TAMS 0x0000000092300000, 0x0000000092300000| Complete 
| 114|0x0000000092400000, 0x0000000092500000, 0x0000000092500000|100%| E|CS|TAMS 0x0000000092400000, 0x0000000092400000| Complete 
| 115|0x0000000092500000, 0x0000000092600000, 0x0000000092600000|100%| E|CS|TAMS 0x0000000092500000, 0x0000000092500000| Complete 
| 116|0x0000000092600000, 0x0000000092700000, 0x0000000092700000|100%| E|CS|TAMS 0x0000000092600000, 0x0000000092600000| Complete 
| 117|0x0000000092700000, 0x0000000092800000, 0x0000000092800000|100%| E|CS|TAMS 0x0000000092700000, 0x0000000092700000| Complete 
|1868|0x00000000ffe00000, 0x00000000ffe52000, 0x00000000fff00000| 32%|OA|  |TAMS 0x00000000ffe00000, 0x00000000ffe00000| Untracked 
|1869|0x00000000fff00000, 0x00000000fff7c000, 0x0000000100000000| 48%|CA|  |TAMS 0x00000000fff00000, 0x00000000fff00000| Untracked 

Card table byte_map: [0x00007f357d9cc000,0x00007f357dd73000] _byte_map_base: 0x00007f357d573000

Marking Bits (Prev, Next): (CMBitMap*) 0x00007f3578065140, (CMBitMap*) 0x00007f3578065180
 Prev Bits: [0x00007f355efd8000, 0x00007f3560d10000)
 Next Bits: [0x00007f355d2a0000, 0x00007f355efd8000)

Polling page: 0x00007f357fda2000

Metaspace:

Usage:
  Non-class:      8,81 MB capacity,     8,65 MB ( 98%) used,   149,23 KB (  2%) free+waste,    15,69 KB ( <1%) overhead. 
      Class:   1020,00 KB capacity,   975,23 KB ( 96%) used,    38,45 KB (  4%) free+waste,     6,31 KB ( <1%) overhead. 
       Both:      9,81 MB capacity,     9,61 MB ( 98%) used,   187,69 KB (  2%) free+waste,    22,00 KB ( <1%) overhead. 

Virtual space:
  Non-class space:       10,00 MB reserved,       9,00 MB ( 90%) committed 
      Class space:        1,00 GB reserved,       1,00 MB ( <1%) committed 
             Both:        1,01 GB reserved,      10,00 MB ( <1%) committed 

Chunk freelists:
   Non-Class:  94,00 KB
       Class:  4,00 KB
        Both:  98,00 KB

MaxMetaspaceSize: 17179869184,00 GB
CompressedClassSpaceSize: 1,00 GB

CodeHeap 'non-profiled nmethods': size=120032Kb used=613Kb max_used=613Kb free=119418Kb
 bounds [0x00007f35687d8000, 0x00007f3568a48000, 0x00007f356fd10000]
CodeHeap 'profiled nmethods': size=120028Kb used=2538Kb max_used=2538Kb free=117489Kb
 bounds [0x00007f35612a1000, 0x00007f3561521000, 0x00007f35687d8000]
CodeHeap 'non-nmethods': size=5700Kb used=1396Kb max_used=1449Kb free=4303Kb
 bounds [0x00007f3560d10000, 0x00007f3560f80000, 0x00007f35612a1000]
 total_blobs=2301 nmethods=1578 adapters=638
 compilation: enabled
              stopped_count=0, restarted_count=0
 full_count=0

Compilation events (20 events):
Event: 2,792 Thread 0x00007f35781196c0 1570       3       java.awt.Component$1::getParent (5 bytes)
Event: 2,792 Thread 0x00007f35781196c0 nmethod 1570 0x00007f3561516e90 code [0x00007f3561517020, 0x00007f3561517130]
Event: 2,809 Thread 0x00007f35781196c0 1572       1       java.awt.event.InputEvent::isConsumed (5 bytes)
Event: 2,809 Thread 0x00007f35781196c0 nmethod 1572 0x00007f3568870410 code [0x00007f35688705a0, 0x00007f3568870650]
Event: 2,825 Thread 0x00007f35781196c0 1574  s    3       java.awt.KeyboardFocusManager::getCurrentKeyboardFocusManager (32 bytes)
Event: 2,825 Thread 0x00007f35781196c0 nmethod 1574 0x00007f3561517210 code [0x00007f35615173e0, 0x00007f35615177e0]
Event: 2,825 Thread 0x00007f35781196c0 1575       3       java.awt.KeyboardFocusManager::getCurrentKeyboardFocusManager (7 bytes)
Event: 2,826 Thread 0x00007f35781196c0 nmethod 1575 0x00007f3561517910 code [0x00007f3561517b00, 0x00007f3561517fb0]
Event: 2,840 Thread 0x00007f35781196c0 1576       3       java.util.TreeMap::getEntry (77 bytes)
Event: 2,841 Thread 0x00007f35781196c0 nmethod 1576 0x00007f3561518210 code [0x00007f3561518400, 0x00007f3561518a40]
Event: 3,147 Thread 0x00007f35781196c0 1577   !   3       sun.awt.X11.XToolkit::callTimeoutTasks (220 bytes)
Event: 3,151 Thread 0x00007f35781196c0 nmethod 1577 0x00007f3561518c10 code [0x00007f3561519020, 0x00007f356151b2d0]
Event: 3,235 Thread 0x00007f35781196c0 1578       1       sun.awt.X11.XDragSourceContextPeer::getProxyModeSourceWindow (5 bytes)
Event: 3,235 Thread 0x00007f35781196c0 nmethod 1578 0x00007f3568870b90 code [0x00007f3568870d20, 0x00007f3568870dd0]
Event: 3,235 Thread 0x00007f35781196c0 1579       1       sun.awt.X11.XEvent::getPData (5 bytes)
Event: 3,236 Thread 0x00007f35781196c0 nmethod 1579 0x00007f3568870e90 code [0x00007f3568871020, 0x00007f35688710d0]
Event: 3,237 Thread 0x00007f35781196c0 1580       1       java.security.AccessControlContext::getCombiner (5 bytes)
Event: 3,238 Thread 0x00007f35781196c0 nmethod 1580 0x00007f3568871190 code [0x00007f3568871320, 0x00007f35688713d0]
Event: 3,238 Thread 0x00007f35781196c0 1581       1       java.security.AccessControlContext::getContext (5 bytes)
Event: 3,238 Thread 0x00007f35781196c0 nmethod 1581 0x00007f3568871490 code [0x00007f3568871620, 0x00007f35688716d0]

GC Heap History (6 events):
Event: 0,442 GC heap before
{Heap before GC invocations=0 (full 0):
 garbage-first heap   total 122880K, used 14136K [0x000000008b200000, 0x0000000100000000)
  region size 1024K, 13 young (13312K), 0 survivors (0K)
 Metaspace       used 2324K, capacity 5889K, committed 6016K, reserved 1056768K
  class space    used 230K, capacity 555K, committed 640K, reserved 1048576K
}
Event: 0,453 GC heap after
{Heap after GC invocations=1 (full 0):
 garbage-first heap   total 122880K, used 5960K [0x000000008b200000, 0x0000000100000000)
  region size 1024K, 2 young (2048K), 2 survivors (2048K)
 Metaspace       used 2324K, capacity 5889K, committed 6016K, reserved 1056768K
  class space    used 230K, capacity 555K, committed 640K, reserved 1048576K
}
Event: 0,495 GC heap before
{Heap before GC invocations=1 (full 0):
 garbage-first heap   total 122880K, used 16200K [0x000000008b200000, 0x0000000100000000)
  region size 1024K, 12 young (12288K), 2 survivors (2048K)
 Metaspace       used 2325K, capacity 5889K, committed 6016K, reserved 1056768K
  class space    used 230K, capacity 555K, committed 640K, reserved 1048576K
}
Event: 0,508 GC heap after
{Heap after GC invocations=2 (full 0):
 garbage-first heap   total 122880K, used 11064K [0x000000008b200000, 0x0000000100000000)
  region size 1024K, 2 young (2048K), 2 survivors (2048K)
 Metaspace       used 2325K, capacity 5889K, committed 6016K, reserved 1056768K
  class space    used 230K, capacity 555K, committed 640K, reserved 1048576K
}
Event: 1,231 GC heap before
{Heap before GC invocations=2 (full 0):
 garbage-first heap   total 122880K, used 27448K [0x000000008b200000, 0x0000000100000000)
  region size 1024K, 18 young (18432K), 2 survivors (2048K)
 Metaspace       used 8487K, capacity 8670K, committed 8960K, reserved 1056768K
  class space    used 851K, capacity 924K, committed 1024K, reserved 1048576K
}
Event: 1,250 GC heap after
{Heap after GC invocations=3 (full 0):
 garbage-first heap   total 122880K, used 18232K [0x000000008b200000, 0x0000000100000000)
  region size 1024K, 3 young (3072K), 3 survivors (3072K)
 Metaspace       used 8487K, capacity 8670K, committed 8960K, reserved 1056768K
  class space    used 851K, capacity 924K, committed 1024K, reserved 1048576K
}

Deoptimization events (20 events):
Event: 1,672 Thread 0x00007f3578027d60 Uncommon trap: trap_request=0xffffff45 fr.pc=0x00007f35687e2cb0 relative=0x00000000000001b0
Event: 1,672 Thread 0x00007f3578027d60 Uncommon trap: reason=unstable_if action=reinterpret pc=0x00007f35687e2cb0 method=java.lang.String.isLatin1()Z @ 10 c2
Event: 1,672 Thread 0x00007f3578027d60 DEOPT PACKING pc=0x00007f35687e2cb0 sp=0x00007f357e83d830
Event: 1,672 Thread 0x00007f3578027d60 DEOPT UNPACKING pc=0x00007f3560d5de25 sp=0x00007f357e83d780 mode 2
Event: 1,672 Thread 0x00007f3578027d60 Uncommon trap: trap_request=0xffffff45 fr.pc=0x00007f35687ee144 relative=0x0000000000000044
Event: 1,672 Thread 0x00007f3578027d60 Uncommon trap: reason=unstable_if action=reinterpret pc=0x00007f35687ee144 method=java.lang.CharacterData.of(I)Ljava/lang/CharacterData; @ 4 c2
Event: 1,672 Thread 0x00007f3578027d60 DEOPT PACKING pc=0x00007f35687ee144 sp=0x00007f357e83d7b0
Event: 1,672 Thread 0x00007f3578027d60 DEOPT UNPACKING pc=0x00007f3560d5de25 sp=0x00007f357e83d768 mode 2
Event: 1,698 Thread 0x00007f3578027d60 Uncommon trap: trap_request=0xffffff45 fr.pc=0x00007f3568820068 relative=0x00000000000002e8
Event: 1,698 Thread 0x00007f3578027d60 Uncommon trap: reason=unstable_if action=reinterpret pc=0x00007f3568820068 method=java.lang.StringUTF16.compress([CI[BII)I @ 20 c2
Event: 1,698 Thread 0x00007f3578027d60 DEOPT PACKING pc=0x00007f3568820068 sp=0x00007f357e83d490
Event: 1,698 Thread 0x00007f3578027d60 DEOPT UNPACKING pc=0x00007f3560d5de25 sp=0x00007f357e83d430 mode 2
Event: 2,309 Thread 0x00007f3578027d60 Uncommon trap: trap_request=0xffffff45 fr.pc=0x00007f356883b6cc relative=0x00000000000001cc
Event: 2,309 Thread 0x00007f3578027d60 Uncommon trap: reason=unstable_if action=reinterpret pc=0x00007f356883b6cc method=java.lang.String.indexOf(Ljava/lang/String;)I @ 10 c2
Event: 2,309 Thread 0x00007f3578027d60 DEOPT PACKING pc=0x00007f356883b6cc sp=0x00007f357e83be00
Event: 2,309 Thread 0x00007f3578027d60 DEOPT UNPACKING pc=0x00007f3560d5de25 sp=0x00007f357e83bdc0 mode 2
Event: 7,402 Thread 0x00007f3578027d60 Uncommon trap: trap_request=0xffffff45 fr.pc=0x00007f35687f9c1c relative=0x000000000000037c
Event: 7,402 Thread 0x00007f3578027d60 Uncommon trap: reason=unstable_if action=reinterpret pc=0x00007f35687f9c1c method=ilog.cplex.CpxLinearExpr.<init>([D[Lilog/cplex/CpxNumVar;IID)V @ 56 c2
Event: 7,402 Thread 0x00007f3578027d60 DEOPT PACKING pc=0x00007f35687f9c1c sp=0x00007f357e83bbd0
Event: 7,402 Thread 0x00007f3578027d60 DEOPT UNPACKING pc=0x00007f3560d5de25 sp=0x00007f357e83bb60 mode 2

Classes unloaded (0 events):
No events

Classes redefined (0 events):
No events

Internal exceptions (14 events):
Event: 0,565 Thread 0x00007f3578027d60 Exception <a 'java/lang/NoSuchMethodError'{0x0000000091bfedd0}: 'void java.lang.invoke.DirectMethodHandle$Holder.invokeSpecial(java.lang.Object, java.lang.Object, java.lang.Object)'> (0x0000000091bfedd0) 
thrown [open/src/hotspot/share/interpreter/linkResolver.cpp, line 781]
Event: 0,585 Thread 0x00007f3578027d60 Exception <a 'java/lang/ClassNotFoundException'{0x0000000091a12438}: sun/awt/resources/spi/awtProvider> (0x0000000091a12438) 
thrown [open/src/hotspot/share/classfile/systemDictionary.cpp, line 295]
Event: 0,603 Thread 0x00007f3578027d60 Exception <a 'java/lang/NoSuchMethodError'{0x0000000091a29488}: 'java.lang.Object java.lang.invoke.DirectMethodHandle$Holder.invokeStatic(java.lang.Object)'> (0x0000000091a29488) 
thrown [open/src/hotspot/share/interpreter/linkResolver.cpp, line 781]
Event: 0,640 Thread 0x00007f3578027d60 Exception <a 'java/io/FileNotFoundException'{0x0000000091a6f3c0}> (0x0000000091a6f3c0) 
thrown [open/src/hotspot/share/prims/jni.cpp, line 578]
Event: 0,659 Thread 0x00007f3578027d60 Exception <a 'java/io/FileNotFoundException'{0x0000000091a9dad8}> (0x0000000091a9dad8) 
thrown [open/src/hotspot/share/prims/jni.cpp, line 578]
Event: 0,836 Thread 0x00007f3578027d60 Exception <a 'java/lang/NoSuchMethodError'{0x0000000091915630}: 'java.lang.Object java.lang.invoke.DirectMethodHandle$Holder.invokeStaticInit(java.lang.Object)'> (0x0000000091915630) 
thrown [open/src/hotspot/share/interpreter/linkResolver.cpp, line 781]
Event: 0,908 Thread 0x00007f3578027d60 Exception <a 'java/lang/NoSuchMethodError'{0x00000000919e28a8}: 'java.lang.Object java.lang.invoke.DirectMethodHandle$Holder.newInvokeSpecial(java.lang.Object, java.lang.Object, java.lang.Object, java.lang.Object, java.lang.Object)'> (0x00000000919e28a8) 
thrown [open/src/hotspot/share/interpreter/linkResolver.cpp, line 781]
Event: 0,911 Thread 0x00007f3578027d60 Exception <a 'java/lang/NoSuchMethodError'{0x00000000919ee338}: 'java.lang.Object java.lang.invoke.DirectMethodHandle$Holder.invokeStatic(java.lang.Object, int, java.lang.Object, java.lang.Object, java.lang.Object, java.lang.Object)'> (0x00000000919ee338) 
thrown [open/src/hotspot/share/interpreter/linkResolver.cpp, line 781]
Event: 0,923 Thread 0x00007f3578027d60 Exception <a 'java/lang/NoSuchMethodError'{0x0000000091814e20}: 'java.lang.Object java.lang.invoke.DirectMethodHandle$Holder.invokeStatic(java.lang.Object, int, java.lang.Object)'> (0x0000000091814e20) 
thrown [open/src/hotspot/share/interpreter/linkResolver.cpp, line 781]
Event: 0,979 Thread 0x00007f3578027d60 Exception <a 'java/lang/NoSuchMethodError'{0x00000000918cb5a0}: 'void java.lang.invoke.DirectMethodHandle$Holder.invokeStatic(java.lang.Object, java.lang.Object)'> (0x00000000918cb5a0) 
thrown [open/src/hotspot/share/interpreter/linkResolver.cpp, line 781]
Event: 1,013 Thread 0x00007f3578027d60 Exception <a 'java/lang/ClassNotFoundException'{0x00000000918f72f8}: com/sun/swing/internal/plaf/metal/resources/spi/metalProvider> (0x00000000918f72f8) 
thrown [open/src/hotspot/share/classfile/systemDictionary.cpp, line 295]
Event: 1,015 Thread 0x00007f3578027d60 Exception <a 'java/lang/ClassNotFoundException'{0x00000000918fb358}: com/sun/swing/internal/plaf/basic/resources/spi/basicProvider> (0x00000000918fb358) 
thrown [open/src/hotspot/share/classfile/systemDictionary.cpp, line 295]
Event: 1,066 Thread 0x00007f3578027d60 Exception <a 'java/lang/NoSuchMethodError'{0x00000000917424f8}: 'void java.lang.invoke.DirectMethodHandle$Holder.invokeStaticInit(java.lang.Object)'> (0x00000000917424f8) 
thrown [open/src/hotspot/share/interpreter/linkResolver.cpp, line 781]
Event: 1,620 Thread 0x00007f3578027d60 Exception <a 'java/io/FileNotFoundException'{0x0000000091ebad70}> (0x0000000091ebad70) 
thrown [open/src/hotspot/share/prims/jni.cpp, line 578]

Events (20 events):
Event: 2,073 loading class sun/awt/im/InputMethodWindow
Event: 2,073 loading class sun/awt/im/InputMethodWindow done
Event: 2,076 loading class sun/awt/im/CompositionAreaHandler
Event: 2,077 loading class sun/awt/im/CompositionAreaHandler done
Event: 2,077 loading class java/text/AttributedString
Event: 2,077 loading class java/text/AttributedString done
Event: 2,078 loading class java/text/AttributedString$AttributedStringIterator
Event: 2,078 loading class java/text/AttributedCharacterIterator
Event: 2,078 loading class java/text/CharacterIterator
Event: 2,078 loading class java/text/CharacterIterator done
Event: 2,078 loading class java/text/AttributedCharacterIterator done
Event: 2,080 loading class java/text/AttributedString$AttributedStringIterator done
Event: 2,253 Executing VM operation: HandshakeAllThreads
Event: 2,253 Executing VM operation: HandshakeAllThreads done
Event: 2,311 Thread 0x00007f352c1fc450 Thread exited: 0x00007f352c1fc450
Event: 2,480 loading class sun/awt/X11/XMotionEvent
Event: 2,480 loading class sun/awt/X11/XMotionEvent done
Event: 2,680 Loaded shared library /usr/lib/jvm/java-15-jdk/lib/libawt_xawt.so
Event: 7,401 loading class java/util/regex/Matcher$ImmutableMatchResult
Event: 7,401 loading class java/util/regex/Matcher$ImmutableMatchResult done


Dynamic libraries:
8b200000-92800000 rw-p 00000000 00:00 0 
92800000-ffe00000 ---p 00000000 00:00 0 
ffe00000-ffe52000 rw-p 00be6000 08:08 1070342                            /usr/lib/jvm/java-15-jdk/lib/server/classes.jsa
ffe52000-fff00000 rw-p 00000000 00:00 0 
fff00000-fff7c000 rw-p 00b6a000 08:08 1070342                            /usr/lib/jvm/java-15-jdk/lib/server/classes.jsa
fff7c000-100000000 rw-p 00000000 00:00 0 
800000000-800003000 rwxp 00001000 08:08 1070342                          /usr/lib/jvm/java-15-jdk/lib/server/classes.jsa
800003000-8003e7000 rw-p 00004000 08:08 1070342                          /usr/lib/jvm/java-15-jdk/lib/server/classes.jsa
8003e7000-800b35000 r--p 003e8000 08:08 1070342                          /usr/lib/jvm/java-15-jdk/lib/server/classes.jsa
800b35000-800b38000 ---p 00000000 00:00 0 
800b38000-800c38000 rw-p 00000000 00:00 0 
800c38000-840b38000 ---p 00000000 00:00 0 
565463806000-565463807000 r-xp 00000000 08:08 1070286                    /usr/lib/jvm/java-15-jdk/bin/java
565463808000-565463809000 r--p 00001000 08:08 1070286                    /usr/lib/jvm/java-15-jdk/bin/java
565463809000-56546380a000 rw-p 00002000 08:08 1070286                    /usr/lib/jvm/java-15-jdk/bin/java
565464bb2000-565464bd3000 rw-p 00000000 00:00 0                          [heap]
7f34d8000000-7f34d8432000 rw-p 00000000 00:00 0 
7f34d8432000-7f34dc000000 ---p 00000000 00:00 0 
7f34df7ff000-7f34df800000 ---p 00000000 00:00 0 
7f34df800000-7f34e0000000 rw-p 00000000 00:00 0 
7f34e0000000-7f34e0021000 rw-p 00000000 00:00 0 
7f34e0021000-7f34e4000000 ---p 00000000 00:00 0 
7f34e4000000-7f34e41dc000 rw-p 00000000 00:00 0 
7f34e41dc000-7f34e8000000 ---p 00000000 00:00 0 
7f34e8000000-7f34e8859000 rw-p 00000000 00:00 0 
7f34e8859000-7f34ec000000 ---p 00000000 00:00 0 
7f34ec000000-7f34ec021000 rw-p 00000000 00:00 0 
7f34ec021000-7f34f0000000 ---p 00000000 00:00 0 
7f34f0000000-7f34f0021000 rw-p 00000000 00:00 0 
7f34f0021000-7f34f4000000 ---p 00000000 00:00 0 
7f34f4000000-7f34f4021000 rw-p 00000000 00:00 0 
7f34f4021000-7f34f8000000 ---p 00000000 00:00 0 
7f34f8000000-7f34f8021000 rw-p 00000000 00:00 0 
7f34f8021000-7f34fc000000 ---p 00000000 00:00 0 
7f34fc000000-7f34fc021000 rw-p 00000000 00:00 0 
7f34fc021000-7f3500000000 ---p 00000000 00:00 0 
7f3500000000-7f3500021000 rw-p 00000000 00:00 0 
7f3500021000-7f3504000000 ---p 00000000 00:00 0 
7f3504535000-7f3504536000 ---p 00000000 00:00 0 
7f3504536000-7f3504d36000 rw-p 00000000 00:00 0 
7f3504d36000-7f3504d37000 ---p 00000000 00:00 0 
7f3504d37000-7f3504d38000 rw-p 00000000 00:00 0 
7f3504d38000-7f3504d3c000 ---p 00000000 00:00 0 
7f3504d3c000-7f3505537000 rw-p 00000000 00:00 0 
7f3505537000-7f350553b000 ---p 00000000 00:00 0 
7f350553b000-7f3505738000 rw-p 00000000 00:00 0 
7f3505738000-7f3505838000 ---p 00000000 00:00 0 
7f3505838000-7f3505905000 r--s 00000000 08:08 6819592                    /home/d4rkwzd/.cache/fontconfig/923e285e415b1073c8df160bee08820f-le64.cache-7
7f35059b8000-7f35059db000 r--s 00000000 08:08 6427600                    /home/d4rkwzd/.cache/fontconfig/f2e43df3287529323e79e7929dc44cc9-le64.cache-7
7f35059e0000-7f3505a23000 r--s 00000000 08:08 6837194                    /home/d4rkwzd/.cache/fontconfig/f6b893a7224233d96cb72fd88691c0b4-le64.cache-7
7f3505a2a000-7f3505a2b000 ---p 00000000 00:00 0 
7f3505a2b000-7f3505b2c000 rw-p 00000000 00:00 0 
7f3505b2c000-7f3505b2d000 ---p 00000000 00:00 0 
7f3505b2d000-7f3505c2e000 rw-p 00000000 00:00 0 
7f3505c2e000-7f3505c32000 ---p 00000000 00:00 0 
7f3505c32000-7f3505d2f000 rw-p 00000000 00:00 0 
7f3505d2f000-7f3505d33000 ---p 00000000 00:00 0 
7f3505d33000-7f3505e30000 rw-p 00000000 00:00 0 
7f3505e30000-7f3505efd000 r--s 00000000 08:08 6819592                    /home/d4rkwzd/.cache/fontconfig/923e285e415b1073c8df160bee08820f-le64.cache-7
7f3505f30000-7f3505f3c000 r--s 00000000 08:08 8394494                    /home/d4rkwzd/.cache/fontconfig/e34e38f5-54d7-4e44-8c93-fc66dea1fd05-le64.cache-7
7f3505f40000-7f3505f4e000 r--s 00000000 08:08 6427565                    /home/d4rkwzd/.cache/fontconfig/491f45a0a771fef1c10b9b647a97fb82-le64.cache-7
7f3505f50000-7f3505f5e000 r--s 00000000 08:08 9059422                    /home/d4rkwzd/.cache/fontconfig/1dce2cb908b447e938fc03acd9b47fcf-le64.cache-7
7f3505fb0000-7f3505fd3000 r--s 00000000 08:08 6427600                    /home/d4rkwzd/.cache/fontconfig/f2e43df3287529323e79e7929dc44cc9-le64.cache-7
7f3505fd8000-7f350601b000 r--s 00000000 08:08 6837194                    /home/d4rkwzd/.cache/fontconfig/f6b893a7224233d96cb72fd88691c0b4-le64.cache-7
7f3506028000-7f3506029000 r--s 00000000 08:08 6723690                    /home/d4rkwzd/.cache/fontconfig/40a9d18f2870572023edd72623462882-le64.cache-7
7f3506038000-7f3506044000 r--s 00000000 08:08 8394494                    /home/d4rkwzd/.cache/fontconfig/e34e38f5-54d7-4e44-8c93-fc66dea1fd05-le64.cache-7
7f3506048000-7f350604e000 r--s 00000000 08:08 8394475                    /home/d4rkwzd/.cache/fontconfig/9495f0af-d109-49f0-abdf-d280bf3e4658-le64.cache-7
7f3506050000-7f3506056000 r--s 00000000 08:08 6837195                    /home/d4rkwzd/.cache/fontconfig/b67b32625a2bb51b023d3814a918f351-le64.cache-7
7f3506058000-7f3506066000 r--s 00000000 08:08 6427565                    /home/d4rkwzd/.cache/fontconfig/491f45a0a771fef1c10b9b647a97fb82-le64.cache-7
7f3506068000-7f3506069000 r--s 00000000 08:08 6723690                    /home/d4rkwzd/.cache/fontconfig/40a9d18f2870572023edd72623462882-le64.cache-7
7f3506070000-7f3506076000 r--s 00000000 08:08 8394475                    /home/d4rkwzd/.cache/fontconfig/9495f0af-d109-49f0-abdf-d280bf3e4658-le64.cache-7
7f35060b0000-7f35060b8000 r--s 00000000 08:08 8394507                    /home/d4rkwzd/.cache/fontconfig/4603b67a-335d-4cd8-804e-97e5483fbd43-le64.cache-7
7f35060b8000-7f35060be000 r--s 00000000 08:08 6837195                    /home/d4rkwzd/.cache/fontconfig/b67b32625a2bb51b023d3814a918f351-le64.cache-7
7f35060c0000-7f35060c5000 r--s 00000000 08:08 6686299                    /home/d4rkwzd/.cache/fontconfig/6ba42ae0000f58711b5caaf10d690066-le64.cache-7
7f35060c8000-7f35060d5000 r--s 00000000 08:08 6723547                    /home/d4rkwzd/.cache/fontconfig/210c0516121708a580e22e6b1f9a103a-le64.cache-7
7f35060d8000-7f35060db000 r--s 00000000 08:08 8262798                    /home/d4rkwzd/.cache/fontconfig/f7f036bb-6cca-4723-a1e5-41b5ef9aba97-le64.cache-7
7f35060e0000-7f35060e1000 r--s 00000000 08:08 8262780                    /home/d4rkwzd/.cache/fontconfig/39d28626-d72d-4c49-bb07-79792e77bfbb-le64.cache-7
7f35060e8000-7f35060f6000 r--s 00000000 08:08 9059422                    /home/d4rkwzd/.cache/fontconfig/1dce2cb908b447e938fc03acd9b47fcf-le64.cache-7
7f35060f8000-7f35060fd000 r--s 00000000 08:08 6686299                    /home/d4rkwzd/.cache/fontconfig/6ba42ae0000f58711b5caaf10d690066-le64.cache-7
7f3506100000-7f350610d000 r--s 00000000 08:08 6723547                    /home/d4rkwzd/.cache/fontconfig/210c0516121708a580e22e6b1f9a103a-le64.cache-7
7f3506110000-7f3506113000 r--s 00000000 08:08 8262798                    /home/d4rkwzd/.cache/fontconfig/f7f036bb-6cca-4723-a1e5-41b5ef9aba97-le64.cache-7
7f3506118000-7f3506120000 r--s 00000000 08:08 8394507                    /home/d4rkwzd/.cache/fontconfig/4603b67a-335d-4cd8-804e-97e5483fbd43-le64.cache-7
7f3506120000-7f3506121000 r--s 00000000 08:08 8262780                    /home/d4rkwzd/.cache/fontconfig/39d28626-d72d-4c49-bb07-79792e77bfbb-le64.cache-7
7f3506124000-7f3506128000 ---p 00000000 00:00 0 
7f3506128000-7f3506225000 rw-p 00000000 00:00 0 
7f3506225000-7f3506226000 ---p 00000000 00:00 0 
7f3506226000-7f3506a26000 rw-p 00000000 00:00 0 
7f3506a26000-7f3506a27000 ---p 00000000 00:00 0 
7f3506a27000-7f3507227000 rw-p 00000000 00:00 0 
7f3507227000-7f3507228000 ---p 00000000 00:00 0 
7f3507228000-7f3507a28000 rw-p 00000000 00:00 0 
7f3507a28000-7f3507a31000 r--p 00000000 08:08 543620                     /usr/lib/libblkid.so.1.1.0
7f3507a31000-7f3507a64000 r-xp 00009000 08:08 543620                     /usr/lib/libblkid.so.1.1.0
7f3507a64000-7f3507a74000 r--p 0003c000 08:08 543620                     /usr/lib/libblkid.so.1.1.0
7f3507a74000-7f3507a75000 ---p 0004c000 08:08 543620                     /usr/lib/libblkid.so.1.1.0
7f3507a75000-7f3507a79000 r--p 0004c000 08:08 543620                     /usr/lib/libblkid.so.1.1.0
7f3507a79000-7f3507a7a000 rw-p 00050000 08:08 543620                     /usr/lib/libblkid.so.1.1.0
7f3507a80000-7f3507a82000 r--p 00000000 08:08 534283                     /usr/lib/libffi.so.7.1.0
7f3507a82000-7f3507a88000 r-xp 00002000 08:08 534283                     /usr/lib/libffi.so.7.1.0
7f3507a88000-7f3507a89000 r--p 00008000 08:08 534283                     /usr/lib/libffi.so.7.1.0
7f3507a89000-7f3507a8a000 ---p 00009000 08:08 534283                     /usr/lib/libffi.so.7.1.0
7f3507a8a000-7f3507a8b000 r--p 00009000 08:08 534283                     /usr/lib/libffi.so.7.1.0
7f3507a8b000-7f3507a8c000 rw-p 0000a000 08:08 534283                     /usr/lib/libffi.so.7.1.0
7f3507a90000-7f3507a94000 r--p 00000000 08:08 541263                     /usr/lib/libresolv-2.32.so
7f3507a94000-7f3507aa2000 r-xp 00004000 08:08 541263                     /usr/lib/libresolv-2.32.so
7f3507aa2000-7f3507aa5000 r--p 00012000 08:08 541263                     /usr/lib/libresolv-2.32.so
7f3507aa5000-7f3507aa6000 ---p 00015000 08:08 541263                     /usr/lib/libresolv-2.32.so
7f3507aa6000-7f3507aa7000 r--p 00015000 08:08 541263                     /usr/lib/libresolv-2.32.so
7f3507aa7000-7f3507aa8000 rw-p 00016000 08:08 541263                     /usr/lib/libresolv-2.32.so
7f3507aa8000-7f3507aaa000 rw-p 00000000 00:00 0 
7f3507ab0000-7f3507abc000 r--p 00000000 08:08 543746                     /usr/lib/libmount.so.1.1.0
7f3507abc000-7f3507af8000 r-xp 0000c000 08:08 543746                     /usr/lib/libmount.so.1.1.0
7f3507af8000-7f3507b0b000 r--p 00048000 08:08 543746                     /usr/lib/libmount.so.1.1.0
7f3507b0b000-7f3507b0d000 r--p 0005a000 08:08 543746                     /usr/lib/libmount.so.1.1.0
7f3507b0d000-7f3507b0e000 rw-p 0005c000 08:08 543746                     /usr/lib/libmount.so.1.1.0
7f3507b10000-7f3507b1e000 r--p 00000000 08:08 542891                     /usr/lib/libgobject-2.0.so.0.6600.0
7f3507b1e000-7f3507b4c000 r-xp 0000e000 08:08 542891                     /usr/lib/libgobject-2.0.so.0.6600.0
7f3507b4c000-7f3507b64000 r--p 0003c000 08:08 542891                     /usr/lib/libgobject-2.0.so.0.6600.0
7f3507b64000-7f3507b67000 r--p 00053000 08:08 542891                     /usr/lib/libgobject-2.0.so.0.6600.0
7f3507b67000-7f3507b68000 rw-p 00056000 08:08 542891                     /usr/lib/libgobject-2.0.so.0.6600.0
7f3507b68000-7f3507b9f000 r--p 00000000 08:08 537227                     /usr/lib/libgio-2.0.so.0.6600.0
7f3507b9f000-7f3507c9b000 r-xp 00037000 08:08 537227                     /usr/lib/libgio-2.0.so.0.6600.0
7f3507c9b000-7f3507d19000 r--p 00133000 08:08 537227                     /usr/lib/libgio-2.0.so.0.6600.0
7f3507d19000-7f3507d1a000 ---p 001b1000 08:08 537227                     /usr/lib/libgio-2.0.so.0.6600.0
7f3507d1a000-7f3507d21000 r--p 001b1000 08:08 537227                     /usr/lib/libgio-2.0.so.0.6600.0
7f3507d21000-7f3507d22000 rw-p 001b8000 08:08 537227                     /usr/lib/libgio-2.0.so.0.6600.0
7f3507d22000-7f3507d24000 rw-p 00000000 00:00 0 
7f3507d28000-7f3507d2a000 r--p 00000000 08:08 528794                     /usr/lib/libpcre.so.1.2.12
7f3507d2a000-7f3507d7a000 r-xp 00002000 08:08 528794                     /usr/lib/libpcre.so.1.2.12
7f3507d7a000-7f3507d98000 r--p 00052000 08:08 528794                     /usr/lib/libpcre.so.1.2.12
7f3507d98000-7f3507d99000 r--p 0006f000 08:08 528794                     /usr/lib/libpcre.so.1.2.12
7f3507d99000-7f3507d9a000 rw-p 00070000 08:08 528794                     /usr/lib/libpcre.so.1.2.12
7f3507da0000-7f3507dbc000 r--p 00000000 08:08 539218                     /usr/lib/libglib-2.0.so.0.6600.0
7f3507dbc000-7f3507e45000 r-xp 0001c000 08:08 539218                     /usr/lib/libglib-2.0.so.0.6600.0
7f3507e45000-7f3507ecc000 r--p 000a5000 08:08 539218                     /usr/lib/libglib-2.0.so.0.6600.0
7f3507ecc000-7f3507ecd000 ---p 0012c000 08:08 539218                     /usr/lib/libglib-2.0.so.0.6600.0
7f3507ecd000-7f3507ece000 r--p 0012c000 08:08 539218                     /usr/lib/libglib-2.0.so.0.6600.0
7f3507ece000-7f3507ecf000 rw-p 0012d000 08:08 539218                     /usr/lib/libglib-2.0.so.0.6600.0
7f3507ecf000-7f3507ed0000 rw-p 00000000 00:00 0 
7f3507ed0000-7f3507ed3000 r--p 00000000 08:08 539420                     /usr/lib/libgraphite2.so.3.2.1
7f3507ed3000-7f3507eed000 r-xp 00003000 08:08 539420                     /usr/lib/libgraphite2.so.3.2.1
7f3507eed000-7f3507ef2000 r--p 0001d000 08:08 539420                     /usr/lib/libgraphite2.so.3.2.1
7f3507ef2000-7f3507ef4000 r--p 00021000 08:08 539420                     /usr/lib/libgraphite2.so.3.2.1
7f3507ef4000-7f3507ef5000 rw-p 00023000 08:08 539420                     /usr/lib/libgraphite2.so.3.2.1
7f3507ef8000-7f3507f02000 r--p 00000000 08:08 534806                     /usr/lib/libharfbuzz.so.0.20702.0
7f3507f02000-7f3507f93000 r-xp 0000a000 08:08 534806                     /usr/lib/libharfbuzz.so.0.20702.0
7f3507f93000-7f3507fc4000 r--p 0009b000 08:08 534806                     /usr/lib/libharfbuzz.so.0.20702.0
7f3507fc4000-7f3507fc5000 ---p 000cc000 08:08 534806                     /usr/lib/libharfbuzz.so.0.20702.0
7f3507fc5000-7f3507fc6000 r--p 000cc000 08:08 534806                     /usr/lib/libharfbuzz.so.0.20702.0
7f3507fc6000-7f3507fc7000 rw-p 000cd000 08:08 534806                     /usr/lib/libharfbuzz.so.0.20702.0
7f3507fc8000-7f3507fce000 r--p 00000000 08:08 540654                     /usr/lib/libpng16.so.16.37.0
7f3507fce000-7f3507ff2000 r-xp 00006000 08:08 540654                     /usr/lib/libpng16.so.16.37.0
7f3507ff2000-7f3507ffd000 r--p 0002a000 08:08 540654                     /usr/lib/libpng16.so.16.37.0
7f3507ffd000-7f3507ffe000 r--p 00034000 08:08 540654                     /usr/lib/libpng16.so.16.37.0
7f3507ffe000-7f3507fff000 rw-p 00035000 08:08 540654                     /usr/lib/libpng16.so.16.37.0
7f3508000000-7f3508021000 rw-p 00000000 00:00 0 
7f3508021000-7f350c000000 ---p 00000000 00:00 0 
7f350c000000-7f350c0eb000 rw-p 00000000 00:00 0 
7f350c0eb000-7f3510000000 ---p 00000000 00:00 0 
7f3510000000-7f3510021000 rw-p 00000000 00:00 0 
7f3510021000-7f3514000000 ---p 00000000 00:00 0 
7f3514000000-7f3514021000 rw-p 00000000 00:00 0 
7f3514021000-7f3518000000 ---p 00000000 00:00 0 
7f3518000000-7f3518021000 rw-p 00000000 00:00 0 
7f3518021000-7f351c000000 ---p 00000000 00:00 0 
7f351c000000-7f351c021000 rw-p 00000000 00:00 0 
7f351c021000-7f3520000000 ---p 00000000 00:00 0 
7f3520000000-7f3520021000 rw-p 00000000 00:00 0 
7f3520021000-7f3524000000 ---p 00000000 00:00 0 
7f3524000000-7f3524021000 rw-p 00000000 00:00 0 
7f3524021000-7f3528000000 ---p 00000000 00:00 0 
7f3528000000-7f3528ec7000 rw-p 00000000 00:00 0 
7f3528ec7000-7f352c000000 ---p 00000000 00:00 0 
7f352c000000-7f352c467000 rw-p 00000000 00:00 0 
7f352c467000-7f3530000000 ---p 00000000 00:00 0 
7f3530000000-7f3530021000 rw-p 00000000 00:00 0 
7f3530021000-7f3534000000 ---p 00000000 00:00 0 
7f3534000000-7f3534021000 rw-p 00000000 00:00 0 
7f3534021000-7f3538000000 ---p 00000000 00:00 0 
7f3538000000-7f3538021000 rw-p 00000000 00:00 0 
7f3538021000-7f353c000000 ---p 00000000 00:00 0 
7f353c000000-7f353c021000 rw-p 00000000 00:00 0 
7f353c021000-7f3540000000 ---p 00000000 00:00 0 
7f3540000000-7f3540021000 rw-p 00000000 00:00 0 
7f3540021000-7f3544000000 ---p 00000000 00:00 0 
7f3544000000-7f3544021000 rw-p 00000000 00:00 0 
7f3544021000-7f3548000000 ---p 00000000 00:00 0 
7f3548000000-7f3548021000 rw-p 00000000 00:00 0 
7f3548021000-7f354c000000 ---p 00000000 00:00 0 
7f354c000000-7f354c002000 r--p 00000000 08:08 530314                     /usr/lib/libXfixes.so.3.1.0
7f354c002000-7f354c005000 r-xp 00002000 08:08 530314                     /usr/lib/libXfixes.so.3.1.0
7f354c005000-7f354c006000 r--p 00005000 08:08 530314                     /usr/lib/libXfixes.so.3.1.0
7f354c006000-7f354c007000 ---p 00006000 08:08 530314                     /usr/lib/libXfixes.so.3.1.0
7f354c007000-7f354c008000 r--p 00006000 08:08 530314                     /usr/lib/libXfixes.so.3.1.0
7f354c008000-7f354c009000 rw-p 00007000 08:08 530314                     /usr/lib/libXfixes.so.3.1.0
7f354c010000-7f354c011000 r--p 00000000 08:08 542707                     /usr/lib/libgmodule-2.0.so.0.6600.0
7f354c011000-7f354c012000 r-xp 00001000 08:08 542707                     /usr/lib/libgmodule-2.0.so.0.6600.0
7f354c012000-7f354c013000 r--p 00002000 08:08 542707                     /usr/lib/libgmodule-2.0.so.0.6600.0
7f354c013000-7f354c014000 r--p 00002000 08:08 542707                     /usr/lib/libgmodule-2.0.so.0.6600.0
7f354c014000-7f354c015000 rw-p 00003000 08:08 542707                     /usr/lib/libgmodule-2.0.so.0.6600.0
7f354c018000-7f354c01a000 r--p 00000000 08:08 540359                     /usr/lib/libXrandr.so.2.2.0
7f354c01a000-7f354c021000 r-xp 00002000 08:08 540359                     /usr/lib/libXrandr.so.2.2.0
7f354c021000-7f354c023000 r--p 00009000 08:08 540359                     /usr/lib/libXrandr.so.2.2.0
7f354c023000-7f354c024000 r--p 0000a000 08:08 540359                     /usr/lib/libXrandr.so.2.2.0
7f354c024000-7f354c025000 rw-p 0000b000 08:08 540359                     /usr/lib/libXrandr.so.2.2.0
7f354c028000-7f354c02a000 r--p 00000000 08:08 542154                     /usr/lib/libbz2.so.1.0.8
7f354c02a000-7f354c037000 r-xp 00002000 08:08 542154                     /usr/lib/libbz2.so.1.0.8
7f354c037000-7f354c039000 r--p 0000f000 08:08 542154                     /usr/lib/libbz2.so.1.0.8
7f354c039000-7f354c03a000 r--p 00010000 08:08 542154                     /usr/lib/libbz2.so.1.0.8
7f354c03a000-7f354c03b000 rw-p 00011000 08:08 542154                     /usr/lib/libbz2.so.1.0.8
7f354c040000-7f354c04d000 r--p 00000000 08:08 534798                     /usr/lib/libfreetype.so.6.17.4
7f354c04d000-7f354c0d3000 r-xp 0000d000 08:08 534798                     /usr/lib/libfreetype.so.6.17.4
7f354c0d3000-7f354c10b000 r--p 00093000 08:08 534798                     /usr/lib/libfreetype.so.6.17.4
7f354c10b000-7f354c10c000 ---p 000cb000 08:08 534798                     /usr/lib/libfreetype.so.6.17.4
7f354c10c000-7f354c113000 r--p 000cb000 08:08 534798                     /usr/lib/libfreetype.so.6.17.4
7f354c113000-7f354c114000 rw-p 000d2000 08:08 534798                     /usr/lib/libfreetype.so.6.17.4
7f354c118000-7f354c25c000 r-xp 00000000 08:08 1070305                    /usr/lib/jvm/java-15-jdk/lib/libfontmanager.so
7f354c25c000-7f354c25d000 ---p 00144000 08:08 1070305                    /usr/lib/jvm/java-15-jdk/lib/libfontmanager.so
7f354c25d000-7f354c25f000 r--p 00144000 08:08 1070305                    /usr/lib/jvm/java-15-jdk/lib/libfontmanager.so
7f354c25f000-7f354c260000 rw-p 00146000 08:08 1070305                    /usr/lib/jvm/java-15-jdk/lib/libfontmanager.so
7f354c260000-7f354c263000 rw-p 00000000 00:00 0 
7f354c268000-7f354c269000 r--p 00000000 08:08 540337                     /usr/lib/libXinerama.so.1.0.0
7f354c269000-7f354c26a000 r-xp 00001000 08:08 540337                     /usr/lib/libXinerama.so.1.0.0
7f354c26a000-7f354c26b000 r--p 00002000 08:08 540337                     /usr/lib/libXinerama.so.1.0.0
7f354c26b000-7f354c26c000 r--p 00002000 08:08 540337                     /usr/lib/libXinerama.so.1.0.0
7f354c26c000-7f354c26d000 rw-p 00003000 08:08 540337                     /usr/lib/libXinerama.so.1.0.0
7f354c270000-7f354c272000 r--p 00000000 08:08 526323                     /usr/lib/libXdmcp.so.6.0.0
7f354c272000-7f354c274000 r-xp 00002000 08:08 526323                     /usr/lib/libXdmcp.so.6.0.0
7f354c274000-7f354c276000 r--p 00004000 08:08 526323                     /usr/lib/libXdmcp.so.6.0.0
7f354c276000-7f354c277000 r--p 00005000 08:08 526323                     /usr/lib/libXdmcp.so.6.0.0
7f354c277000-7f354c278000 rw-p 00006000 08:08 526323                     /usr/lib/libXdmcp.so.6.0.0
7f354c278000-7f354c279000 r--p 00000000 08:08 526319                     /usr/lib/libXau.so.6.0.0
7f354c279000-7f354c27a000 r-xp 00001000 08:08 526319                     /usr/lib/libXau.so.6.0.0
7f354c27a000-7f354c27b000 r--p 00002000 08:08 526319                     /usr/lib/libXau.so.6.0.0
7f354c27b000-7f354c27c000 r--p 00002000 08:08 526319                     /usr/lib/libXau.so.6.0.0
7f354c27c000-7f354c27d000 rw-p 00003000 08:08 526319                     /usr/lib/libXau.so.6.0.0
7f354c280000-7f354c28c000 r--p 00000000 08:08 534635                     /usr/lib/libxcb.so.1.1.0
7f354c28c000-7f354c29f000 r-xp 0000c000 08:08 534635                     /usr/lib/libxcb.so.1.1.0
7f354c29f000-7f354c2a8000 r--p 0001f000 08:08 534635                     /usr/lib/libxcb.so.1.1.0
7f354c2a8000-7f354c2a9000 r--p 00027000 08:08 534635                     /usr/lib/libxcb.so.1.1.0
7f354c2a9000-7f354c2aa000 rw-p 00028000 08:08 534635                     /usr/lib/libxcb.so.1.1.0
7f354c2b0000-7f354c2b3000 r--p 00000000 08:08 534706                     /usr/lib/libXi.so.6.1.0
7f354c2b3000-7f354c2be000 r-xp 00003000 08:08 534706                     /usr/lib/libXi.so.6.1.0
7f354c2be000-7f354c2c1000 r--p 0000e000 08:08 534706                     /usr/lib/libXi.so.6.1.0
7f354c2c1000-7f354c2c2000 r--p 00010000 08:08 534706                     /usr/lib/libXi.so.6.1.0
7f354c2c2000-7f354c2c3000 rw-p 00011000 08:08 534706                     /usr/lib/libXi.so.6.1.0
7f354c2c8000-7f354c2ca000 r--p 00000000 08:08 534692                     /usr/lib/libXrender.so.1.3.0
7f354c2ca000-7f354c2d1000 r-xp 00002000 08:08 534692                     /usr/lib/libXrender.so.1.3.0
7f354c2d1000-7f354c2d3000 r--p 00009000 08:08 534692                     /usr/lib/libXrender.so.1.3.0
7f354c2d3000-7f354c2d4000 r--p 0000a000 08:08 534692                     /usr/lib/libXrender.so.1.3.0
7f354c2d4000-7f354c2d5000 rw-p 0000b000 08:08 534692                     /usr/lib/libXrender.so.1.3.0
7f354c2d8000-7f354c2f4000 r--p 00000000 08:08 540044                     /usr/lib/libX11.so.6.3.0
7f354c2f4000-7f354c37e000 r-xp 0001c000 08:08 540044                     /usr/lib/libX11.so.6.3.0
7f354c37e000-7f354c411000 r--p 000a6000 08:08 540044                     /usr/lib/libX11.so.6.3.0
7f354c411000-7f354c412000 ---p 00139000 08:08 540044                     /usr/lib/libX11.so.6.3.0
7f354c412000-7f354c415000 r--p 00139000 08:08 540044                     /usr/lib/libX11.so.6.3.0
7f354c415000-7f354c419000 rw-p 0013c000 08:08 540044                     /usr/lib/libX11.so.6.3.0
7f354c420000-7f354c424000 r--p 00000000 08:08 528425                     /usr/lib/libXext.so.6.4.0
7f354c424000-7f354c42f000 r-xp 00004000 08:08 528425                     /usr/lib/libXext.so.6.4.0
7f354c42f000-7f354c433000 r--p 0000f000 08:08 528425                     /usr/lib/libXext.so.6.4.0
7f354c433000-7f354c434000 r--p 00012000 08:08 528425                     /usr/lib/libXext.so.6.4.0
7f354c434000-7f354c435000 rw-p 00013000 08:08 528425                     /usr/lib/libXext.so.6.4.0
7f354c438000-7f354dc04000 r-xp 00000000 08:08 4995239                    /opt/ibm/ILOG/CPLEX_Studio1261/cplex/bin/x86-64_linux/libcplex1261remotejni.so
7f354dc04000-7f354de04000 ---p 017cc000 08:08 4995239                    /opt/ibm/ILOG/CPLEX_Studio1261/cplex/bin/x86-64_linux/libcplex1261remotejni.so
7f354de04000-7f354de05000 r--p 017cc000 08:08 4995239                    /opt/ibm/ILOG/CPLEX_Studio1261/cplex/bin/x86-64_linux/libcplex1261remotejni.so
7f354de05000-7f354dff2000 rw-p 017cd000 08:08 4995239                    /opt/ibm/ILOG/CPLEX_Studio1261/cplex/bin/x86-64_linux/libcplex1261remotejni.so
7f354dff2000-7f354dffc000 rw-p 00000000 00:00 0 
7f354e000000-7f3550000000 rw-p 00000000 00:00 0 
7f3550000000-7f3550021000 rw-p 00000000 00:00 0 
7f3550021000-7f3554000000 ---p 00000000 00:00 0 
7f3554000000-7f3554021000 rw-p 00000000 00:00 0 
7f3554021000-7f3558000000 ---p 00000000 00:00 0 
7f3558000000-7f3558021000 rw-p 00000000 00:00 0 
7f3558021000-7f355c000000 ---p 00000000 00:00 0 
7f355c000000-7f355c05b000 r-xp 00000000 08:08 1070302                    /usr/lib/jvm/java-15-jdk/lib/libawt_xawt.so
7f355c05b000-7f355c05c000 ---p 0005b000 08:08 1070302                    /usr/lib/jvm/java-15-jdk/lib/libawt_xawt.so
7f355c05c000-7f355c05d000 r--p 0005b000 08:08 1070302                    /usr/lib/jvm/java-15-jdk/lib/libawt_xawt.so
7f355c05d000-7f355c05f000 rw-p 0005c000 08:08 1070302                    /usr/lib/jvm/java-15-jdk/lib/libawt_xawt.so
7f355c05f000-7f355c061000 rw-p 00000000 00:00 0 
7f355c068000-7f355c10f000 r-xp 00000000 08:08 1070300                    /usr/lib/jvm/java-15-jdk/lib/libawt.so
7f355c10f000-7f355c110000 ---p 000a7000 08:08 1070300                    /usr/lib/jvm/java-15-jdk/lib/libawt.so
7f355c110000-7f355c112000 r--p 000a7000 08:08 1070300                    /usr/lib/jvm/java-15-jdk/lib/libawt.so
7f355c112000-7f355c11d000 rw-p 000a9000 08:08 1070300                    /usr/lib/jvm/java-15-jdk/lib/libawt.so
7f355c11d000-7f355c142000 rw-p 00000000 00:00 0 
7f355c149000-7f355c14d000 ---p 00000000 00:00 0 
7f355c14d000-7f355c24a000 rw-p 00000000 00:00 0 
7f355c24a000-7f355c24b000 ---p 00000000 00:00 0 
7f355c24b000-7f355c34c000 rw-p 00000000 00:00 0 
7f355c34c000-7f355c34d000 ---p 00000000 00:00 0 
7f355c34d000-7f355c44e000 rw-p 00000000 00:00 0 
7f355c44e000-7f355c44f000 ---p 00000000 00:00 0 
7f355c44f000-7f355c550000 rw-p 00000000 00:00 0 
7f355c550000-7f355c553000 r--p 00000000 08:08 528698                     /usr/lib/libgcc_s.so.1
7f355c553000-7f355c564000 r-xp 00003000 08:08 528698                     /usr/lib/libgcc_s.so.1
7f355c564000-7f355c568000 r--p 00014000 08:08 528698                     /usr/lib/libgcc_s.so.1
7f355c568000-7f355c569000 r--p 00017000 08:08 528698                     /usr/lib/libgcc_s.so.1
7f355c569000-7f355c56a000 rw-p 00018000 08:08 528698                     /usr/lib/libgcc_s.so.1
7f355c570000-7f355c606000 r--p 00000000 08:08 542368                     /usr/lib/libstdc++.so.6.0.28
7f355c606000-7f355c6f2000 r-xp 00096000 08:08 542368                     /usr/lib/libstdc++.so.6.0.28
7f355c6f2000-7f355c73b000 r--p 00182000 08:08 542368                     /usr/lib/libstdc++.so.6.0.28
7f355c73b000-7f355c73c000 ---p 001cb000 08:08 542368                     /usr/lib/libstdc++.so.6.0.28
7f355c73c000-7f355c749000 r--p 001cb000 08:08 542368                     /usr/lib/libstdc++.so.6.0.28
7f355c749000-7f355c74a000 rw-p 001d8000 08:08 542368                     /usr/lib/libstdc++.so.6.0.28
7f355c74a000-7f355c74d000 rw-p 00000000 00:00 0 
7f355c750000-7f355c753000 r--p 00000000 08:08 540847                     /usr/lib/libXcursor.so.1.0.2
7f355c753000-7f355c758000 r-xp 00003000 08:08 540847                     /usr/lib/libXcursor.so.1.0.2
7f355c758000-7f355c75a000 r--p 00008000 08:08 540847                     /usr/lib/libXcursor.so.1.0.2
7f355c75a000-7f355c75b000 r--p 00009000 08:08 540847                     /usr/lib/libXcursor.so.1.0.2
7f355c75b000-7f355c75c000 rw-p 0000a000 08:08 540847                     /usr/lib/libXcursor.so.1.0.2
7f355c760000-7f355c761000 r--p 00000000 08:08 7213370                    /home/d4rkwzd/.config/dconf/user
7f355c768000-7f355c769000 r--s 00000000 00:35 29291                      /run/user/1000/dconf/user
7f355c770000-7f355c774000 r--p 00000000 08:08 1576318                    /usr/lib/gio/modules/libdconfsettings.so
7f355c774000-7f355c779000 r-xp 00004000 08:08 1576318                    /usr/lib/gio/modules/libdconfsettings.so
7f355c779000-7f355c77b000 r--p 00009000 08:08 1576318                    /usr/lib/gio/modules/libdconfsettings.so
7f355c77b000-7f355c77c000 ---p 0000b000 08:08 1576318                    /usr/lib/gio/modules/libdconfsettings.so
7f355c77c000-7f355c77d000 r--p 0000b000 08:08 1576318                    /usr/lib/gio/modules/libdconfsettings.so
7f355c77d000-7f355c77e000 rw-p 0000c000 08:08 1576318                    /usr/lib/gio/modules/libdconfsettings.so
7f355c780000-7f355c78b000 r--p 00000000 08:08 1074382                    /usr/share/glib-2.0/schemas/gschemas.compiled
7f355c790000-7f355c79d000 r-xp 00000000 08:08 1070331                    /usr/lib/jvm/java-15-jdk/lib/libverify.so
7f355c79d000-7f355c79f000 r--p 0000c000 08:08 1070331                    /usr/lib/jvm/java-15-jdk/lib/libverify.so
7f355c79f000-7f355c7a0000 rw-p 0000e000 08:08 1070331                    /usr/lib/jvm/java-15-jdk/lib/libverify.so
7f355c7a0000-7f355c7a7000 r-xp 00000000 08:08 1070332                    /usr/lib/jvm/java-15-jdk/lib/libzip.so
7f355c7a7000-7f355c7a8000 ---p 00007000 08:08 1070332                    /usr/lib/jvm/java-15-jdk/lib/libzip.so
7f355c7a8000-7f355c7a9000 r--p 00007000 08:08 1070332                    /usr/lib/jvm/java-15-jdk/lib/libzip.so
7f355c7a9000-7f355c7aa000 rw-p 00008000 08:08 1070332                    /usr/lib/jvm/java-15-jdk/lib/libzip.so
7f355c7af000-7f355c7b3000 ---p 00000000 00:00 0 
7f355c7b3000-7f355c8b0000 rw-p 00000000 00:00 0 
7f355c8b0000-7f355c8b1000 ---p 00000000 00:00 0 
7f355c8b1000-7f355c9b2000 rw-p 00000000 00:00 0 
7f355c9b2000-7f355c9b6000 ---p 00000000 00:00 0 
7f355c9b6000-7f355cab3000 rw-p 00000000 00:00 0 
7f355cab3000-7f355cab7000 ---p 00000000 00:00 0 
7f355cab7000-7f355cbb4000 rw-p 00000000 00:00 0 
7f355cbb4000-7f355cbb8000 ---p 00000000 00:00 0 
7f355cbb8000-7f355ccb5000 rw-p 00000000 00:00 0 
7f355ccb5000-7f355ccb9000 ---p 00000000 00:00 0 
7f355ccb9000-7f355cdb6000 rw-p 00000000 00:00 0 
7f355cdb6000-7f355cdba000 ---p 00000000 00:00 0 
7f355cdba000-7f355ceb7000 rw-p 00000000 00:00 0 
7f355ceb7000-7f355cebb000 ---p 00000000 00:00 0 
7f355cebb000-7f355cfb8000 rw-p 00000000 00:00 0 
7f355cfb8000-7f355d2a0000 r--p 00000000 08:08 543246                     /usr/lib/locale/locale-archive
7f355d2a0000-7f355d478000 rw-p 00000000 00:00 0 
7f355d478000-7f355efd0000 ---p 00000000 00:00 0 
7f355efd0000-7f355f1b0000 rw-p 00000000 00:00 0 
7f355f1b0000-7f3560d08000 ---p 00000000 00:00 0 
7f3560d08000-7f3560d10000 rw-p 00000000 00:00 0 
7f3560d10000-7f3560f80000 rwxp 00000000 00:00 0 
7f3560f80000-7f35612a1000 ---p 00000000 00:00 0 
7f35612a1000-7f3561521000 rwxp 00000000 00:00 0 
7f3561521000-7f35687d8000 ---p 00000000 00:00 0 
7f35687d8000-7f3568a48000 rwxp 00000000 00:00 0 
7f3568a48000-7f356fd10000 ---p 00000000 00:00 0 
7f356fd10000-7f3577ffe000 r--s 00000000 08:08 1070333                    /usr/lib/jvm/java-15-jdk/lib/modules
7f3578000000-7f3578ecc000 rw-p 00000000 00:00 0 
7f3578ecc000-7f357c000000 ---p 00000000 00:00 0 
7f357c000000-7f357c002000 r--p 00000000 08:08 539191                     /usr/lib/libXtst.so.6.1.0
7f357c002000-7f357c005000 r-xp 00002000 08:08 539191                     /usr/lib/libXtst.so.6.1.0
7f357c005000-7f357c006000 r--p 00005000 08:08 539191                     /usr/lib/libXtst.so.6.1.0
7f357c006000-7f357c007000 r--p 00005000 08:08 539191                     /usr/lib/libXtst.so.6.1.0
7f357c007000-7f357c008000 rw-p 00006000 08:08 539191                     /usr/lib/libXtst.so.6.1.0
7f357c00f000-7f357c040000 rw-p 00000000 00:00 0 
7f357c040000-7f357c055000 r-xp 00000000 08:08 1070324                    /usr/lib/jvm/java-15-jdk/lib/libnet.so
7f357c055000-7f357c056000 r--p 00014000 08:08 1070324                    /usr/lib/jvm/java-15-jdk/lib/libnet.so
7f357c056000-7f357c057000 rw-p 00015000 08:08 1070324                    /usr/lib/jvm/java-15-jdk/lib/libnet.so
7f357c058000-7f357c06a000 r-xp 00000000 08:08 1070325                    /usr/lib/jvm/java-15-jdk/lib/libnio.so
7f357c06a000-7f357c06b000 r--p 00011000 08:08 1070325                    /usr/lib/jvm/java-15-jdk/lib/libnio.so
7f357c06b000-7f357c06c000 rw-p 00012000 08:08 1070325                    /usr/lib/jvm/java-15-jdk/lib/libnio.so
7f357c073000-7f357c077000 ---p 00000000 00:00 0 
7f357c077000-7f357c174000 rw-p 00000000 00:00 0 
7f357c174000-7f357c178000 ---p 00000000 00:00 0 
7f357c178000-7f357c275000 rw-p 00000000 00:00 0 
7f357c275000-7f357c276000 ---p 00000000 00:00 0 
7f357c276000-7f357cc94000 rw-p 00000000 00:00 0 
7f357cc96000-7f357ccd8000 rw-p 00000000 00:00 0 
7f357ccd8000-7f357ccd9000 ---p 00000000 00:00 0 
7f357ccd9000-7f357cdda000 rw-p 00000000 00:00 0 
7f357cdda000-7f357cddb000 ---p 00000000 00:00 0 
7f357cddb000-7f357d2e0000 rw-p 00000000 00:00 0 
7f357d2e0000-7f357d2e1000 ---p 00000000 00:00 0 
7f357d2e1000-7f357d3e2000 rw-p 00000000 00:00 0 
7f357d3e2000-7f357d3e3000 ---p 00000000 00:00 0 
7f357d3e3000-7f357d4e4000 rw-p 00000000 00:00 0 
7f357d4e4000-7f357d4e5000 ---p 00000000 00:00 0 
7f357d4e5000-7f357d660000 rw-p 00000000 00:00 0 
7f357d660000-7f357d9cb000 ---p 00000000 00:00 0 
7f357d9cb000-7f357da07000 rw-p 00000000 00:00 0 
7f357da07000-7f357dd72000 ---p 00000000 00:00 0 
7f357dd72000-7f357ddae000 rw-p 00000000 00:00 0 
7f357ddae000-7f357e119000 ---p 00000000 00:00 0 
7f357e119000-7f357e523000 rw-p 00000000 00:00 0 
7f357e523000-7f357e609000 ---p 00000000 00:00 0 
7f357e609000-7f357e60e000 rw-p 00000000 00:00 0 
7f357e60e000-7f357e6f4000 ---p 00000000 00:00 0 
7f357e6f4000-7f357e6f9000 rw-p 00000000 00:00 0 
7f357e6f9000-7f357e700000 ---p 00000000 00:00 0 
7f357e700000-7f357e724000 r-xp 00000000 08:08 1070311                    /usr/lib/jvm/java-15-jdk/lib/libjava.so
7f357e724000-7f357e725000 ---p 00024000 08:08 1070311                    /usr/lib/jvm/java-15-jdk/lib/libjava.so
7f357e725000-7f357e726000 r--p 00024000 08:08 1070311                    /usr/lib/jvm/java-15-jdk/lib/libjava.so
7f357e726000-7f357e727000 rw-p 00025000 08:08 1070311                    /usr/lib/jvm/java-15-jdk/lib/libjava.so
7f357e727000-7f357e728000 rw-p 00000000 00:00 0 
7f357e728000-7f357e730000 rw-s 00000000 00:32 69848                      /tmp/hsperfdata_d4rkwzd/5635
7f357e730000-7f357e733000 r--p 00000000 08:08 541708                     /usr/lib/librt-2.32.so
7f357e733000-7f357e737000 r-xp 00003000 08:08 541708                     /usr/lib/librt-2.32.so
7f357e737000-7f357e739000 r--p 00007000 08:08 541708                     /usr/lib/librt-2.32.so
7f357e739000-7f357e73a000 r--p 00008000 08:08 541708                     /usr/lib/librt-2.32.so
7f357e73a000-7f357e73b000 rw-p 00009000 08:08 541708                     /usr/lib/librt-2.32.so
7f357e73f000-7f357e743000 ---p 00000000 00:00 0 
7f357e743000-7f357e840000 rw-p 00000000 00:00 0 
7f357e840000-7f357e84f000 r--p 00000000 08:08 533040                     /usr/lib/libm-2.32.so
7f357e84f000-7f357e8eb000 r-xp 0000f000 08:08 533040                     /usr/lib/libm-2.32.so
7f357e8eb000-7f357e984000 r--p 000ab000 08:08 533040                     /usr/lib/libm-2.32.so
7f357e984000-7f357e985000 r--p 00143000 08:08 533040                     /usr/lib/libm-2.32.so
7f357e985000-7f357e986000 rw-p 00144000 08:08 533040                     /usr/lib/libm-2.32.so
7f357e988000-7f357f9cf000 r-xp 00000000 08:08 1070345                    /usr/lib/jvm/java-15-jdk/lib/server/libjvm.so
7f357f9cf000-7f357fa69000 r--p 01046000 08:08 1070345                    /usr/lib/jvm/java-15-jdk/lib/server/libjvm.so
7f357fa69000-7f357faa0000 rw-p 010e0000 08:08 1070345                    /usr/lib/jvm/java-15-jdk/lib/server/libjvm.so
7f357faa0000-7f357fb29000 rw-p 00000000 00:00 0 
7f357fb30000-7f357fb56000 r--p 00000000 08:08 533004                     /usr/lib/libc-2.32.so
7f357fb56000-7f357fca3000 r-xp 00026000 08:08 533004                     /usr/lib/libc-2.32.so
7f357fca3000-7f357fcef000 r--p 00173000 08:08 533004                     /usr/lib/libc-2.32.so
7f357fcef000-7f357fcf2000 r--p 001be000 08:08 533004                     /usr/lib/libc-2.32.so
7f357fcf2000-7f357fcf5000 rw-p 001c1000 08:08 533004                     /usr/lib/libc-2.32.so
7f357fcf5000-7f357fcf9000 rw-p 00000000 00:00 0 
7f357fd00000-7f357fd01000 r--p 00000000 08:08 533029                     /usr/lib/libdl-2.32.so
7f357fd01000-7f357fd03000 r-xp 00001000 08:08 533029                     /usr/lib/libdl-2.32.so
7f357fd03000-7f357fd04000 r--p 00003000 08:08 533029                     /usr/lib/libdl-2.32.so
7f357fd04000-7f357fd05000 r--p 00003000 08:08 533029                     /usr/lib/libdl-2.32.so
7f357fd05000-7f357fd06000 rw-p 00004000 08:08 533029                     /usr/lib/libdl-2.32.so
7f357fd08000-7f357fd0f000 r--p 00000000 08:08 541211                     /usr/lib/libpthread-2.32.so
7f357fd0f000-7f357fd1f000 r-xp 00007000 08:08 541211                     /usr/lib/libpthread-2.32.so
7f357fd1f000-7f357fd24000 r--p 00017000 08:08 541211                     /usr/lib/libpthread-2.32.so
7f357fd24000-7f357fd25000 r--p 0001b000 08:08 541211                     /usr/lib/libpthread-2.32.so
7f357fd25000-7f357fd26000 rw-p 0001c000 08:08 541211                     /usr/lib/libpthread-2.32.so
7f357fd26000-7f357fd2a000 rw-p 00000000 00:00 0 
7f357fd30000-7f357fd3f000 r-xp 00000000 08:08 1070316                    /usr/lib/jvm/java-15-jdk/lib/libjli.so
7f357fd3f000-7f357fd40000 r--p 0000e000 08:08 1070316                    /usr/lib/jvm/java-15-jdk/lib/libjli.so
7f357fd40000-7f357fd41000 rw-p 0000f000 08:08 1070316                    /usr/lib/jvm/java-15-jdk/lib/libjli.so
7f357fd48000-7f357fd4b000 r--p 00000000 08:08 534886                     /usr/lib/libz.so.1.2.11
7f357fd4b000-7f357fd59000 r-xp 00003000 08:08 534886                     /usr/lib/libz.so.1.2.11
7f357fd59000-7f357fd5f000 r--p 00011000 08:08 534886                     /usr/lib/libz.so.1.2.11
7f357fd5f000-7f357fd60000 ---p 00017000 08:08 534886                     /usr/lib/libz.so.1.2.11
7f357fd60000-7f357fd61000 r--p 00017000 08:08 534886                     /usr/lib/libz.so.1.2.11
7f357fd61000-7f357fd62000 rw-p 00018000 08:08 534886                     /usr/lib/libz.so.1.2.11
7f357fd68000-7f357fd6b000 r--p 00000000 08:08 540988                     /usr/lib/libnss_files-2.32.so
7f357fd6b000-7f357fd72000 r-xp 00003000 08:08 540988                     /usr/lib/libnss_files-2.32.so
7f357fd72000-7f357fd74000 r--p 0000a000 08:08 540988                     /usr/lib/libnss_files-2.32.so
7f357fd74000-7f357fd75000 r--p 0000b000 08:08 540988                     /usr/lib/libnss_files-2.32.so
7f357fd75000-7f357fd76000 rw-p 0000c000 08:08 540988                     /usr/lib/libnss_files-2.32.so
7f357fd76000-7f357fd7c000 rw-p 00000000 00:00 0 
7f357fd80000-7f357fd9c000 r-xp 00000000 08:08 1070315                    /usr/lib/jvm/java-15-jdk/lib/libjimage.so
7f357fd9c000-7f357fd9e000 r--p 0001b000 08:08 1070315                    /usr/lib/jvm/java-15-jdk/lib/libjimage.so
7f357fd9e000-7f357fd9f000 rw-p 0001d000 08:08 1070315                    /usr/lib/jvm/java-15-jdk/lib/libjimage.so
7f357fda2000-7f357fda3000 ---p 00000000 00:00 0 
7f357fda3000-7f357fda4000 r--p 00000000 00:00 0 
7f357fda4000-7f357fda8000 rw-p 00000000 00:00 0 
7f357fda8000-7f357fdaa000 r--p 00000000 08:08 532987                     /usr/lib/ld-2.32.so
7f357fdaa000-7f357fdcb000 r-xp 00002000 08:08 532987                     /usr/lib/ld-2.32.so
7f357fdcb000-7f357fdd4000 r--p 00023000 08:08 532987                     /usr/lib/ld-2.32.so
7f357fdd4000-7f357fdd5000 r--p 0002b000 08:08 532987                     /usr/lib/ld-2.32.so
7f357fdd5000-7f357fdd7000 rw-p 0002c000 08:08 532987                     /usr/lib/ld-2.32.so
7f357fdd7000-7f357fdd8000 ---p 00000000 00:00 0 
7ffd40da8000-7ffd40dc9000 rw-p 00000000 00:00 0                          [stack]
7ffd40dd8000-7ffd40ddc000 r--p 00000000 00:00 0                          [vvar]
7ffd40ddc000-7ffd40dde000 r-xp 00000000 00:00 0                          [vdso]
ffffffffff600000-ffffffffff601000 --xp 00000000 00:00 0                  [vsyscall]


VM Arguments:
jvm_args: -Dfile.encoding=UTF-8 -Djava.library.path=/opt/ibm/ILOG/CPLEX_Studio1261/cplex/bin/x86-64_linux 
java_command: v1.Model
java_class_path (initial): /home/d4rkwzd/Projects/Netbeans/CplexTSP/lib/cplex.jar:/home/d4rkwzd/Projects/Netbeans/CplexTSP/build/classes
Launcher Type: SUN_STANDARD

[Global flags]
     intx CICompilerCount                          = 3                                         {product} {ergonomic}
     uint ConcGCThreads                            = 1                                         {product} {ergonomic}
     uint G1ConcRefinementThreads                  = 4                                         {product} {ergonomic}
   size_t G1HeapRegionSize                         = 1048576                                   {product} {ergonomic}
    uintx GCDrainStackTargetSize                   = 64                                        {product} {ergonomic}
   size_t InitialHeapSize                          = 123731968                                 {product} {ergonomic}
   size_t MarkStackSize                            = 4194304                                   {product} {ergonomic}
   size_t MaxHeapSize                              = 1960837120                                {product} {ergonomic}
   size_t MaxNewSize                               = 1176502272                                {product} {ergonomic}
   size_t MinHeapDeltaBytes                        = 1048576                                   {product} {ergonomic}
   size_t MinHeapSize                              = 8388608                                   {product} {ergonomic}
    uintx NonNMethodCodeHeapSize                   = 5832780                                {pd product} {ergonomic}
    uintx NonProfiledCodeHeapSize                  = 122912730                              {pd product} {ergonomic}
    uintx ProfiledCodeHeapSize                     = 122912730                              {pd product} {ergonomic}
    uintx ReservedCodeCacheSize                    = 251658240                              {pd product} {ergonomic}
     bool SegmentedCodeCache                       = true                                      {product} {ergonomic}
   size_t SoftMaxHeapSize                          = 1960837120                             {manageable} {ergonomic}
     bool UseCompressedClassPointers               = true                                 {lp64_product} {ergonomic}
     bool UseCompressedOops                        = true                                 {lp64_product} {ergonomic}
     bool UseG1GC                                  = true                                      {product} {ergonomic}

Logging:
Log output configuration:
 #0: stdout all=warning uptime,level,tags
 #1: stderr all=off uptime,level,tags

Environment Variables:
PATH=/home/d4rkwzd/.local/bin:/usr/local/sbin:/usr/local/bin:/usr/bin:/usr/lib/jvm/default/bin:/usr/bin/site_perl:/usr/bin/vendor_perl:/usr/bin/core_perl:/var/lib/snapd/snap/bin
SHELL=/bin/bash
DISPLAY=:0
LANG=en_US.UTF-8

Signal Handlers:
SIGSEGV: [libjvm.so+0xd63670], sa_mask[0]=11111111011111111101111111111110, sa_flags=SA_RESTART|SA_SIGINFO
SIGBUS: [libjvm.so+0xd63670], sa_mask[0]=11111111011111111101111111111110, sa_flags=SA_RESTART|SA_SIGINFO
SIGFPE: [libjvm.so+0xd63670], sa_mask[0]=11111111011111111101111111111110, sa_flags=SA_RESTART|SA_SIGINFO
SIGPIPE: SIG_IGN, sa_mask[0]=00000000000010000000000000000000, sa_flags=SA_RESTART
SIGXFSZ: [libjvm.so+0xb410d0], sa_mask[0]=11111111011111111101111111111110, sa_flags=SA_RESTART|SA_SIGINFO
SIGILL: [libjvm.so+0xd63670], sa_mask[0]=11111111011111111101111111111110, sa_flags=SA_RESTART|SA_SIGINFO
SIGUSR2: [libjvm.so+0xb40f70], sa_mask[0]=00100000000000000000000000000000, sa_flags=SA_RESTART|SA_SIGINFO
SIGHUP: [libjvm.so+0xb417e0], sa_mask[0]=11111111011111111101111111111110, sa_flags=SA_RESTART|SA_SIGINFO
SIGINT: SIG_IGN, sa_mask[0]=00000000000000000000000000000000, sa_flags=none
SIGTERM: [libjvm.so+0xb417e0], sa_mask[0]=11111111011111111101111111111110, sa_flags=SA_RESTART|SA_SIGINFO
SIGQUIT: [libjvm.so+0xb417e0], sa_mask[0]=11111111011111111101111111111110, sa_flags=SA_RESTART|SA_SIGINFO


---------------  S Y S T E M  ---------------

OS:
DISTRIB_ID=ManjaroLinux
DISTRIB_RELEASE=20.1.2
DISTRIB_CODENAME=Mikah
DISTRIB_DESCRIPTION="Manjaro Linux"
uname: Linux 5.8.16-2-MANJARO #1 SMP PREEMPT Mon Oct 19 11:33:03 UTC 2020 x86_64
OS uptime: 0 days 0:29 hours
libc: glibc 2.32 NPTL 2.32 
rlimit (soft/hard): STACK 8192k/infinity , CORE infinity/infinity , NPROC 29592/29592 , NOFILE 524288/524288 , AS infinity/infinity , CPU infinity/infinity , DATA infinity/infinity , FSIZE infinity/infinity , MEMLOCK 64k/64k
load average: 2,61 2,33 2,02

/proc/meminfo:
MemTotal:        7658360 kB
MemFree:          562636 kB
MemAvailable:    4093392 kB
Buffers:          257076 kB
Cached:          3266992 kB
SwapCached:            0 kB
Active:          3890120 kB
Inactive:        2343740 kB
Active(anon):    2638784 kB
Inactive(anon):   270680 kB
Active(file):    1251336 kB
Inactive(file):  2073060 kB
Unevictable:           0 kB
Mlocked:               0 kB
SwapTotal:       8388604 kB
SwapFree:        8388080 kB
Dirty:               740 kB
Writeback:             0 kB
AnonPages:       2709896 kB
Mapped:           941960 kB
Shmem:            199672 kB
KReclaimable:     510040 kB
Slab:             600936 kB
SReclaimable:     510040 kB
SUnreclaim:        90896 kB
KernelStack:       11536 kB
PageTables:        30096 kB
NFS_Unstable:          0 kB
Bounce:                0 kB
WritebackTmp:          0 kB
CommitLimit:    12217784 kB
Committed_AS:    8386468 kB
VmallocTotal:   34359738367 kB
VmallocUsed:       42440 kB
VmallocChunk:          0 kB
Percpu:             2576 kB
HardwareCorrupted:     0 kB
AnonHugePages:         0 kB
ShmemHugePages:        0 kB
ShmemPmdMapped:        0 kB
FileHugePages:         0 kB
FilePmdMapped:         0 kB
HugePages_Total:       0
HugePages_Free:        0
HugePages_Rsvd:        0
HugePages_Surp:        0
Hugepagesize:       2048 kB
Hugetlb:               0 kB
DirectMap4k:      448252 kB
DirectMap2M:     6324224 kB
DirectMap1G:     2097152 kB

/sys/kernel/mm/transparent_hugepage/enabled: always [madvise] never
/sys/kernel/mm/transparent_hugepage/defrag (defrag/compaction efforts parameter): always defer defer+madvise [madvise] never

/proc/sys/kernel/threads-max (system-wide limit on the number of threads): 59184
/proc/sys/vm/max_map_count (maximum number of memory map areas a process may have): 65530
/proc/sys/kernel/pid_max (system-wide limit on number of process identifiers): 4194304

container (cgroup) information:
container_type: cgroupv1
cpu_cpuset_cpus: 0-3
cpu_memory_nodes: 0
active_processor_count: 4
cpu_quota: no quota
cpu_period: 100000
cpu_shares: no shares
memory_limit_in_bytes: unlimited
memory_and_swap_limit_in_bytes: unlimited
memory_soft_limit_in_bytes: unlimited
memory_usage_in_bytes: 4594159616
memory_max_usage_in_bytes: 4725436416

Steal ticks since vm start: 0
Steal ticks percentage since vm start:  0,000

CPU: total 4 (initial active 4) (4 cores per cpu, 1 threads per core) family 21 model 101 stepping 1 microcode 0x600611a, cmov, cx8, fxsr, mmx, sse, sse2, sse3, ssse3, sse4.1, sse4.2, popcnt, vzeroupper, avx, avx2, aes, clmul, 3dnowpref, lzcnt, sse4a, tsc, tscinvbit, tscinv, bmi1, bmi2, fma, clflush
CPU Model and flags from /proc/cpuinfo:
model name	: AMD A12-9720P RADEON R7, 12 COMPUTE CORES 4C+8G
flags		: fpu vme de pse tsc msr pae mce cx8 apic sep mtrr pge mca cmov pat pse36 clflush mmx fxsr sse sse2 ht syscall nx mmxext fxsr_opt pdpe1gb rdtscp lm constant_tsc rep_good acc_power nopl nonstop_tsc cpuid extd_apicid aperfmperf pni pclmulqdq monitor ssse3 fma cx16 sse4_1 sse4_2 movbe popcnt aes xsave avx f16c lahf_lm cmp_legacy svm extapic cr8_legacy abm sse4a misalignsse 3dnowprefetch osvw ibs xop skinit wdt lwp fma4 tce nodeid_msr tbm topoext perfctr_core perfctr_nb bpext ptsc mwaitx cpb hw_pstate ssbd ibpb vmmcall fsgsbase bmi1 avx2 smep bmi2 xsaveopt arat npt lbrv svm_lock nrip_save tsc_scale vmcb_clean flushbyasid decodeassists pausefilter pfthreshold avic vgif overflow_recov

Online cpus: 0-3
Offline cpus: 
BIOS frequency limitation: 2700000
Frequency switch latency (ns): 4000
Available cpu frequencies: 2700000 2300000 1800000 1400000 
Current governor: schedutil
Core performance/turbo boost: 1

Memory: 4k page, physical 7658360k(562384k free), swap 8388604k(8388080k free)

vm_info: Java HotSpot(TM) 64-Bit Server VM (15.0.1+9-18) for linux-amd64 JRE (15.0.1+9-18), built on Sep 15 2020 13:35:21 by "mach5one" with gcc 9.2.0

END.
