#
# A fatal error has been detected by the Java Runtime Environment:
#
#  SIGSEGV (0xb) at pc=0x00007fd13aa01250, pid=10666, tid=0x00007fd188095640
#
# JRE version: OpenJDK Runtime Environment (8.0_265-b01) (build 1.8.0_265-b01)
# Java VM: OpenJDK 64-Bit Server VM (25.265-b01 mixed mode linux-amd64 compressed oops)
# Problematic frame:
# C  [libcplex1261remotejni.so+0x5cb250]  _778d684fa8524f693106ac725e8540d0+0x0
#
# Core dump written. Default location: /home/d4rkwzd/Projects/Netbeans/CplexTSP/core or core.10666
#
# If you would like to submit a bug report, please visit:
#   http://bugreport.java.com/bugreport/crash.jsp
# The crash happened outside the Java Virtual Machine in native code.
# See problematic frame for where to report the bug.
#

---------------  T H R E A D  ---------------

Current thread (0x00007fd18000a800):  JavaThread "main" [_thread_in_native, id=10669, stack(0x00007fd187f96000,0x00007fd188096000)]

siginfo: si_signo: 11 (SIGSEGV), si_code: 1 (SEGV_MAPERR), si_addr: 0x0000000000000008

Registers:
RAX=0x0000000000000000, RBX=0x0000000000000000, RCX=0x7ffffffffcbc3000, RDX=0x00007fd1802a5b60
RSP=0x00007fd188092608, RBP=0x00007fd1802e3100, RSI=0x00007fd1802a5b60, RDI=0x0000000000000000
R8 =0x00007fd188093620, R9 =0x00007fd180467400, R10=0x0000000000000002, R11=0x00007fd1890e5200
R12=0x00007fd180618080, R13=0x00007fd18027ae50, R14=0x00007fd1802df3f0, R15=0x00007fd1803877a0
RIP=0x00007fd13aa01250, EFLAGS=0x0000000000010293, CSGSFS=0x002b000000000033, ERR=0x0000000000000004
  TRAPNO=0x000000000000000e

Top of Stack: (sp=0x00007fd188092608)
0x00007fd188092608:   00007fd13a9884b6 00007fd100000002
0x00007fd188092618:   00007fd188093620 0000000000000000
0x00007fd188092628:   00007fd180078e10 0000000000000000
0x00007fd188092638:   00007fd18007b808 00007fd18007b800
0x00007fd188092648:   00007fd180078e18 00007fd18000a9e0
0x00007fd188092658:   00007fd13a502f36 00007fd18007b800
0x00007fd188092668:   00007fd180078e10 0000000000000000
0x00007fd188092678:   00007fd188092730 0000007300012958
0x00007fd188092688:   00007fd188093620 00007fd18027ae50
0x00007fd188092698:   0000000000000000 00007fd18000a9e0
0x00007fd1880926a8:   00007fd188093620 00007fd1880927e8
0x00007fd1880926b8:   7ffffffffcbc3000 0000000011e38f2c
0x00007fd1880926c8:   00007fd100000000 00007fd100000000
0x00007fd1880926d8:   00007fd100000001 0000000000000000
0x00007fd1880926e8:   00007fd1802e3100 00007fd100000000
0x00007fd1880926f8:   00007fd180467400 0000000000000000
0x00007fd188092708:   0000000000000000 00007fd1803877a0
0x00007fd188092718:   00007fd1802e3100 0000000000000002
0x00007fd188092728:   00007fd18027ae50 00007fd1802df3f0
0x00007fd188092738:   00007fd1803877a0 00000000000003ee
0x00007fd188092748:   00007fd13aa59517 0000000000000002
0x00007fd188092758:   0000000000000000 0000000000000000
0x00007fd188092768:   0000000000000000 00007fd188092f78
0x00007fd188092778:   0000000000000000 0000000000000000
0x00007fd188092788:   0000000000000cea 0000000000000001
0x00007fd188092798:   00007fd1802e3940 00000000027cb04f
0x00007fd1880927a8:   000000000000046b 0000000000000c14
0x00007fd1880927b8:   00007fd180a5b770 00007fd180985a58
0x00007fd1880927c8:   00007fd1802e3100 0000000000000000
0x00007fd1880927d8:   0000000000000000 0000000000000000
0x00007fd1880927e8:   0000000000000000 0000000000000000
0x00007fd1880927f8:   0000000000000000 0000000000000000 

Instructions: (pc=0x00007fd13aa01250)
0x00007fd13aa01230:   08 f2 0f 58 2d ef 23 a3 00 f2 0f 10 40 40 f2 0f
0x00007fd13aa01240:   5d c5 c3 90 48 8d 74 26 00 48 8d bf 00 00 00 00
0x00007fd13aa01250:   48 8b 47 08 83 7f 1c 00 74 06 f2 0f 10 40 38 c3
0x00007fd13aa01260:   f2 0f 10 40 40 c3 48 89 f6 48 8d bf 00 00 00 00 

Register to memory mapping:

RAX=0x0000000000000000 is an unknown value
RBX=0x0000000000000000 is an unknown value
RCX=0x7ffffffffcbc3000 is an unknown value
RDX=0x00007fd1802a5b60 is an unknown value
RSP=0x00007fd188092608 is pointing into the stack for thread: 0x00007fd18000a800
RBP=0x00007fd1802e3100 is an unknown value
RSI=0x00007fd1802a5b60 is an unknown value
RDI=0x0000000000000000 is an unknown value
R8 =0x00007fd188093620 is pointing into the stack for thread: 0x00007fd18000a800
R9 =0x00007fd180467400 is an unknown value
R10=0x0000000000000002 is an unknown value
R11=0x00007fd1890e5200: <offset 0x197200> in /usr/lib/libc.so.6 at 0x00007fd188f4e000
R12=0x00007fd180618080 is an unknown value
R13=0x00007fd18027ae50 is an unknown value
R14=0x00007fd1802df3f0 is an unknown value
R15=0x00007fd1803877a0 is an unknown value


Stack: [0x00007fd187f96000,0x00007fd188096000],  sp=0x00007fd188092608,  free space=1009k
Native frames: (J=compiled Java code, j=interpreted, Vv=VM code, C=native code)
C  [libcplex1261remotejni.so+0x5cb250]  _778d684fa8524f693106ac725e8540d0+0x0

Java frames: (J=compiled Java code, j=interpreted, Vv=VM code)
j  ilog.cplex.Cplex.CPXmipopt(JJ)I+0
j  ilog.cplex.CplexI$SolveHandle.start()V+278
j  ilog.cplex.CplexI.solve()V+12
j  ilog.cplex.IloCplex.solve()Z+4
j  v1.Model.main([Ljava/lang/String;)V+454
v  ~StubRoutines::call_stub

---------------  P R O C E S S  ---------------

Java Threads: ( => current thread )
  0x00007fd12c017800 JavaThread "AWT-EventQueue-0" [_thread_blocked, id=10691, stack(0x00007fd139133000,0x00007fd139234000)]
  0x00007fd180bab800 JavaThread "AWT-Shutdown" [_thread_blocked, id=10690, stack(0x00007fd168255000,0x00007fd168356000)]
  0x00007fd180b18000 JavaThread "AWT-XAWT" daemon [_thread_in_native, id=10689, stack(0x00007fd17029d000,0x00007fd17039e000)]
  0x00007fd180aec800 JavaThread "Java2D Disposer" daemon [_thread_blocked, id=10688, stack(0x00007fd1703ad000,0x00007fd1704ae000)]
  0x00007fd1800ca800 JavaThread "Service Thread" daemon [_thread_blocked, id=10683, stack(0x00007fd1847d9000,0x00007fd1848da000)]
  0x00007fd1800bd800 JavaThread "C1 CompilerThread2" daemon [_thread_blocked, id=10682, stack(0x00007fd1848db000,0x00007fd1849db000)]
  0x00007fd1800bc000 JavaThread "C2 CompilerThread1" daemon [_thread_blocked, id=10681, stack(0x00007fd1849dc000,0x00007fd184adc000)]
  0x00007fd1800b9000 JavaThread "C2 CompilerThread0" daemon [_thread_blocked, id=10680, stack(0x00007fd184add000,0x00007fd184bdd000)]
  0x00007fd1800b7000 JavaThread "Signal Dispatcher" daemon [_thread_blocked, id=10679, stack(0x00007fd184bdd000,0x00007fd184cde000)]
  0x00007fd180085800 JavaThread "Finalizer" daemon [_thread_blocked, id=10678, stack(0x00007fd184fc9000,0x00007fd1850ca000)]
  0x00007fd180081000 JavaThread "Reference Handler" daemon [_thread_blocked, id=10677, stack(0x00007fd1850ca000,0x00007fd1851cb000)]
=>0x00007fd18000a800 JavaThread "main" [_thread_in_native, id=10669, stack(0x00007fd187f96000,0x00007fd188096000)]

Other Threads:
  0x00007fd180077800 VMThread [stack: 0x00007fd1851cc000,0x00007fd1852cc000] [id=10676]
  0x00007fd1800cd800 WatcherThread [stack: 0x00007fd1846d9000,0x00007fd1847d9000] [id=10684]

VM state:not at safepoint (normal execution)

VM Mutex/Monitor currently owned by a thread: None

heap address: 0x000000008b200000, size: 1870 MB, Compressed Oops mode: 32-bit
Narrow klass base: 0x0000000000000000, Narrow klass shift: 3
Compressed class space size: 1073741824 Address: 0x0000000100000000

Heap:
 PSYoungGen      total 66048K, used 7776K [0x00000000d9100000, 0x00000000dd600000, 0x0000000100000000)
  eden space 61440K, 5% used [0x00000000d9100000,0x00000000d9418230,0x00000000dcd00000)
  from space 4608K, 99% used [0x00000000dd180000,0x00000000dd5fff50,0x00000000dd600000)
  to   space 4608K, 0% used [0x00000000dcd00000,0x00000000dcd00000,0x00000000dd180000)
 ParOldGen       total 80896K, used 15341K [0x000000008b200000, 0x0000000090100000, 0x00000000d9100000)
  object space 80896K, 18% used [0x000000008b200000,0x000000008c0fb670,0x0000000090100000)
 Metaspace       used 12384K, capacity 12568K, committed 12800K, reserved 1060864K
  class space    used 1342K, capacity 1421K, committed 1536K, reserved 1048576K

Card table byte_map: [0x00007fd1877de000,0x00007fd187b86000] byte_map_base: 0x00007fd187385000

Marking Bits: (ParMarkBitMap*) 0x00007fd188edbde0
 Begin Bits: [0x00007fd168590000, 0x00007fd16a2c8000)
 End Bits:   [0x00007fd16a2c8000, 0x00007fd16c000000)

Polling page: 0x00007fd1891a7000

CodeCache: size=245760Kb used=4458Kb max_used=4462Kb free=241301Kb
 bounds [0x00007fd171000000, 0x00007fd171460000, 0x00007fd180000000]
 total_blobs=1968 nmethods=1310 adapters=574
 compilation: enabled

Compilation events (10 events):
Event: 5,740 Thread 0x00007fd1800b9000 1305       4       java.util.ArrayList$Itr::next (66 bytes)
Event: 5,743 Thread 0x00007fd1800b9000 nmethod 1305 0x00007fd17145c450 code [0x00007fd17145c5a0, 0x00007fd17145c6d8]
Event: 5,748 Thread 0x00007fd1800bc000 1306       4       sun.util.logging.PlatformLogger::finest (12 bytes)
Event: 5,751 Thread 0x00007fd1800bc000 nmethod 1306 0x00007fd17145bf90 code [0x00007fd17145c100, 0x00007fd17145c258]
Event: 5,772 Thread 0x00007fd1800bd800 1307   !   3       sun.awt.X11.XAwtState::getGrabWindow (67 bytes)
Event: 5,773 Thread 0x00007fd1800bd800 nmethod 1307 0x00007fd17145e5d0 code [0x00007fd17145e7e0, 0x00007fd17145f4d8]
Event: 5,812 Thread 0x00007fd1800bd800 1308       1       sun.awt.X11.XBaseWindow::getStateLock (5 bytes)
Event: 5,812 Thread 0x00007fd1800bd800 nmethod 1308 0x00007fd17145bcd0 code [0x00007fd17145be20, 0x00007fd17145bf30]
Event: 7,010 Thread 0x00007fd1800bd800 1309       1       java.awt.EventQueue::access$400 (5 bytes)
Event: 7,010 Thread 0x00007fd1800bd800 nmethod 1309 0x00007fd17145ba10 code [0x00007fd17145bb60, 0x00007fd17145bc50]

GC Heap History (4 events):
Event: 0,499 GC heap before
{Heap before GC invocations=1 (full 0):
 PSYoungGen      total 35328K, used 30720K [0x00000000d9100000, 0x00000000db800000, 0x0000000100000000)
  eden space 30720K, 100% used [0x00000000d9100000,0x00000000daf00000,0x00000000daf00000)
  from space 4608K, 0% used [0x00000000db380000,0x00000000db380000,0x00000000db800000)
  to   space 4608K, 0% used [0x00000000daf00000,0x00000000daf00000,0x00000000db380000)
 ParOldGen       total 80896K, used 0K [0x000000008b200000, 0x0000000090100000, 0x00000000d9100000)
  object space 80896K, 0% used [0x000000008b200000,0x000000008b200000,0x0000000090100000)
 Metaspace       used 5240K, capacity 5824K, committed 6016K, reserved 1056768K
  class space    used 571K, capacity 624K, committed 640K, reserved 1048576K
Event: 0,516 GC heap after
Heap after GC invocations=1 (full 0):
 PSYoungGen      total 35328K, used 4576K [0x00000000d9100000, 0x00000000dd600000, 0x0000000100000000)
  eden space 30720K, 0% used [0x00000000d9100000,0x00000000d9100000,0x00000000daf00000)
  from space 4608K, 99% used [0x00000000daf00000,0x00000000db378080,0x00000000db380000)
  to   space 4608K, 0% used [0x00000000dd180000,0x00000000dd180000,0x00000000dd600000)
 ParOldGen       total 80896K, used 9416K [0x000000008b200000, 0x0000000090100000, 0x00000000d9100000)
  object space 80896K, 11% used [0x000000008b200000,0x000000008bb321d8,0x0000000090100000)
 Metaspace       used 5240K, capacity 5824K, committed 6016K, reserved 1056768K
  class space    used 571K, capacity 624K, committed 640K, reserved 1048576K
}
Event: 1,581 GC heap before
{Heap before GC invocations=2 (full 0):
 PSYoungGen      total 35328K, used 35296K [0x00000000d9100000, 0x00000000dd600000, 0x0000000100000000)
  eden space 30720K, 100% used [0x00000000d9100000,0x00000000daf00000,0x00000000daf00000)
  from space 4608K, 99% used [0x00000000daf00000,0x00000000db378080,0x00000000db380000)
  to   space 4608K, 0% used [0x00000000dd180000,0x00000000dd180000,0x00000000dd600000)
 ParOldGen       total 80896K, used 9416K [0x000000008b200000, 0x0000000090100000, 0x00000000d9100000)
  object space 80896K, 11% used [0x000000008b200000,0x000000008bb321d8,0x0000000090100000)
 Metaspace       used 11397K, capacity 11608K, committed 11904K, reserved 1060864K
  class space    used 1221K, capacity 1293K, committed 1408K, reserved 1048576K
Event: 1,601 GC heap after
Heap after GC invocations=2 (full 0):
 PSYoungGen      total 66048K, used 4607K [0x00000000d9100000, 0x00000000dd600000, 0x0000000100000000)
  eden space 61440K, 0% used [0x00000000d9100000,0x00000000d9100000,0x00000000dcd00000)
  from space 4608K, 99% used [0x00000000dd180000,0x00000000dd5fff50,0x00000000dd600000)
  to   space 4608K, 0% used [0x00000000dcd00000,0x00000000dcd00000,0x00000000dd180000)
 ParOldGen       total 80896K, used 15341K [0x000000008b200000, 0x0000000090100000, 0x00000000d9100000)
  object space 80896K, 18% used [0x000000008b200000,0x000000008c0fb670,0x0000000090100000)
 Metaspace       used 11397K, capacity 11608K, committed 11904K, reserved 1060864K
  class space    used 1221K, capacity 1293K, committed 1408K, reserved 1048576K
}

Deoptimization events (6 events):
Event: 1,135 Thread 0x00007fd18000a800 Uncommon trap: reason=unstable_if action=reinterpret pc=0x00007fd1711b3ccc method=java.lang.String.startsWith(Ljava/lang/String;I)Z @ 25
Event: 1,355 Thread 0x00007fd18000a800 Uncommon trap: reason=unstable_if action=reinterpret pc=0x00007fd17130e2a4 method=java.io.BufferedReader.read()I @ 19
Event: 1,391 Thread 0x00007fd18000a800 Uncommon trap: reason=unstable_if action=reinterpret pc=0x00007fd171335b30 method=java.io.StreamTokenizer.nextToken()I @ 248
Event: 1,548 Thread 0x00007fd18000a800 Uncommon trap: reason=unstable_if action=reinterpret pc=0x00007fd17132483c method=java.lang.CharacterData.of(I)Ljava/lang/CharacterData; @ 4
Event: 1,651 Thread 0x00007fd180b18000 Uncommon trap: reason=unstable_if action=reinterpret pc=0x00007fd17137b698 method=java.lang.ThreadLocal.get()Ljava/lang/Object; @ 11
Event: 10,789 Thread 0x00007fd18000a800 Uncommon trap: reason=unstable_if action=reinterpret pc=0x00007fd1711f5cd8 method=ilog.cplex.CpxLinearExpr.<init>([D[Lilog/cplex/CpxNumVar;IID)V @ 56

Classes redefined (0 events):
No events

Internal exceptions (10 events):
Event: 0,969 Thread 0x00007fd18000a800 Exception <a 'java/lang/NoSuchFieldError': method resolution failed> (0x00000000d9739918) thrown at [/build/java8-openjdk/src/jdk8u-jdk8u265-b01/hotspot/src/share/vm/prims/methodHandles.cpp, line 1169]
Event: 0,973 Thread 0x00007fd18000a800 Exception <a 'java/lang/NoSuchFieldError': method resolution failed> (0x00000000d97470b8) thrown at [/build/java8-openjdk/src/jdk8u-jdk8u265-b01/hotspot/src/share/vm/prims/methodHandles.cpp, line 1169]
Event: 1,008 Thread 0x00007fd18000a800 Exception <a 'java/io/FileNotFoundException'> (0x00000000d97c57e0) thrown at [/build/java8-openjdk/src/jdk8u-jdk8u265-b01/hotspot/src/share/vm/prims/jni.cpp, line 711]
Event: 1,008 Thread 0x00007fd18000a800 Exception <a 'java/io/FileNotFoundException'> (0x00000000d97c6198) thrown at [/build/java8-openjdk/src/jdk8u-jdk8u265-b01/hotspot/src/share/vm/prims/jni.cpp, line 711]
Event: 1,029 Thread 0x00007fd18000a800 Exception <a 'java/lang/ClassNotFoundException': sun/dc/DuctusRenderingEngine> (0x00000000d97debf0) thrown at [/build/java8-openjdk/src/jdk8u-jdk8u265-b01/hotspot/src/share/vm/classfile/systemDictionary.cpp, line 215]
Event: 1,504 Thread 0x00007fd18000a800 Exception <a 'java/io/FileNotFoundException'> (0x00000000da750518) thrown at [/build/java8-openjdk/src/jdk8u-jdk8u265-b01/hotspot/src/share/vm/prims/jni.cpp, line 711]
Event: 1,504 Thread 0x00007fd18000a800 Implicit null exception at 0x00007fd17136bdc6 to 0x00007fd17136d18c
Event: 1,504 Thread 0x00007fd18000a800 Exception <a 'java/lang/NullPointerException'> (0x00000000da750c08) thrown at [/build/java8-openjdk/src/jdk8u-jdk8u265-b01/hotspot/src/share/vm/runtime/sharedRuntime.cpp, line 605]
Event: 1,651 Thread 0x00007fd180b18000 Implicit null exception at 0x00007fd17137b5bc to 0x00007fd17137b681
Event: 1,932 Thread 0x00007fd12c017800 Exception <a 'java/lang/UnsupportedOperationException': > (0x00000000d937e8c0) thrown at [/build/java8-openjdk/src/jdk8u-jdk8u265-b01/hotspot/src/share/vm/prims/jni.cpp, line 738]

Events (10 events):
Event: 2,548 loading class sun/awt/X11/XMotionEvent done
Event: 4,113 Executing VM operation: EnableBiasedLocking
Event: 4,113 Executing VM operation: EnableBiasedLocking done
Event: 10,788 loading class java/util/ArrayList$SubList
Event: 10,789 loading class java/util/ArrayList$SubList done
Event: 10,789 loading class java/util/ArrayList$SubList$1
Event: 10,789 loading class java/util/ArrayList$SubList$1 done
Event: 10,789 Thread 0x00007fd18000a800 Uncommon trap: trap_request=0xffffff65 fr.pc=0x00007fd1711f5cd8
Event: 10,789 Thread 0x00007fd18000a800 DEOPT PACKING pc=0x00007fd1711f5cd8 sp=0x00007fd188091bc0
Event: 10,789 Thread 0x00007fd18000a800 DEOPT UNPACKING pc=0x00007fd17104547a sp=0x00007fd188091b58 mode 2


Dynamic libraries:
8b200000-90100000 rw-p 00000000 00:00 0 
90100000-d9100000 ---p 00000000 00:00 0 
d9100000-dd600000 rw-p 00000000 00:00 0 
dd600000-100000000 ---p 00000000 00:00 0 
100000000-100180000 rw-p 00000000 00:00 0 
100180000-140000000 ---p 00000000 00:00 0 
56447dfc6000-56447dfc7000 r--p 00000000 08:08 1968221                    /usr/lib/jvm/java-8-openjdk/jre/bin/java
56447dfc7000-56447dfc8000 r-xp 00001000 08:08 1968221                    /usr/lib/jvm/java-8-openjdk/jre/bin/java
56447dfc8000-56447dfc9000 r--p 00002000 08:08 1968221                    /usr/lib/jvm/java-8-openjdk/jre/bin/java
56447dfc9000-56447dfca000 r--p 00002000 08:08 1968221                    /usr/lib/jvm/java-8-openjdk/jre/bin/java
56447dfca000-56447dfcb000 rw-p 00003000 08:08 1968221                    /usr/lib/jvm/java-8-openjdk/jre/bin/java
56447ef33000-56447ef54000 rw-p 00000000 00:00 0                          [heap]
7fd120000000-7fd120021000 rw-p 00000000 00:00 0 
7fd120021000-7fd124000000 ---p 00000000 00:00 0 
7fd124000000-7fd1241aa000 rw-p 00000000 00:00 0 
7fd1241aa000-7fd128000000 ---p 00000000 00:00 0 
7fd128000000-7fd128021000 rw-p 00000000 00:00 0 
7fd128021000-7fd12c000000 ---p 00000000 00:00 0 
7fd12c000000-7fd12c035000 rw-p 00000000 00:00 0 
7fd12c035000-7fd130000000 ---p 00000000 00:00 0 
7fd130000000-7fd130432000 rw-p 00000000 00:00 0 
7fd130432000-7fd134000000 ---p 00000000 00:00 0 
7fd134000000-7fd134021000 rw-p 00000000 00:00 0 
7fd134021000-7fd138000000 ---p 00000000 00:00 0 
7fd139133000-7fd139136000 ---p 00000000 00:00 0 
7fd139136000-7fd139334000 rw-p 00000000 00:00 0 
7fd139334000-7fd139434000 ---p 00000000 00:00 0 
7fd139434000-7fd139435000 ---p 00000000 00:00 0 
7fd139435000-7fd139c35000 rw-p 00000000 00:00 0 
7fd139c35000-7fd139c36000 ---p 00000000 00:00 0 
7fd139c36000-7fd13a436000 rw-p 00000000 00:00 0 
7fd13a436000-7fd13bc02000 r-xp 00000000 08:08 4995239                    /opt/ibm/ILOG/CPLEX_Studio1261/cplex/bin/x86-64_linux/libcplex1261remotejni.so
7fd13bc02000-7fd13be02000 ---p 017cc000 08:08 4995239                    /opt/ibm/ILOG/CPLEX_Studio1261/cplex/bin/x86-64_linux/libcplex1261remotejni.so
7fd13be02000-7fd13be03000 r--p 017cc000 08:08 4995239                    /opt/ibm/ILOG/CPLEX_Studio1261/cplex/bin/x86-64_linux/libcplex1261remotejni.so
7fd13be03000-7fd13bff0000 rw-p 017cd000 08:08 4995239                    /opt/ibm/ILOG/CPLEX_Studio1261/cplex/bin/x86-64_linux/libcplex1261remotejni.so
7fd13bff0000-7fd13bffa000 rw-p 00000000 00:00 0 
7fd13c000000-7fd13c3e8000 rw-p 00000000 00:00 0 
7fd13c3e8000-7fd140000000 ---p 00000000 00:00 0 
7fd140000000-7fd140021000 rw-p 00000000 00:00 0 
7fd140021000-7fd144000000 ---p 00000000 00:00 0 
7fd144000000-7fd144566000 rw-p 00000000 00:00 0 
7fd144566000-7fd148000000 ---p 00000000 00:00 0 
7fd148000000-7fd148783000 rw-p 00000000 00:00 0 
7fd148783000-7fd14c000000 ---p 00000000 00:00 0 
7fd14c000000-7fd14c021000 rw-p 00000000 00:00 0 
7fd14c021000-7fd150000000 ---p 00000000 00:00 0 
7fd150000000-7fd150021000 rw-p 00000000 00:00 0 
7fd150021000-7fd154000000 ---p 00000000 00:00 0 
7fd154000000-7fd154021000 rw-p 00000000 00:00 0 
7fd154021000-7fd158000000 ---p 00000000 00:00 0 
7fd158000000-7fd158021000 rw-p 00000000 00:00 0 
7fd158021000-7fd15c000000 ---p 00000000 00:00 0 
7fd15c000000-7fd15c021000 rw-p 00000000 00:00 0 
7fd15c021000-7fd160000000 ---p 00000000 00:00 0 
7fd160000000-7fd160021000 rw-p 00000000 00:00 0 
7fd160021000-7fd164000000 ---p 00000000 00:00 0 
7fd164000000-7fd164021000 rw-p 00000000 00:00 0 
7fd164021000-7fd168000000 ---p 00000000 00:00 0 
7fd168066000-7fd168133000 r--s 00000000 08:08 6819592                    /home/d4rkwzd/.cache/fontconfig/923e285e415b1073c8df160bee08820f-le64.cache-7
7fd16820e000-7fd168251000 r--s 00000000 08:08 6837194                    /home/d4rkwzd/.cache/fontconfig/f6b893a7224233d96cb72fd88691c0b4-le64.cache-7
7fd168255000-7fd168258000 ---p 00000000 00:00 0 
7fd168258000-7fd168356000 rw-p 00000000 00:00 0 
7fd168356000-7fd168423000 r--s 00000000 08:08 6819592                    /home/d4rkwzd/.cache/fontconfig/923e285e415b1073c8df160bee08820f-le64.cache-7
7fd168436000-7fd168459000 r--s 00000000 08:08 6427600                    /home/d4rkwzd/.cache/fontconfig/f2e43df3287529323e79e7929dc44cc9-le64.cache-7
7fd168476000-7fd168482000 r--s 00000000 08:08 8394494                    /home/d4rkwzd/.cache/fontconfig/e34e38f5-54d7-4e44-8c93-fc66dea1fd05-le64.cache-7
7fd1684d6000-7fd1684f9000 r--s 00000000 08:08 6427600                    /home/d4rkwzd/.cache/fontconfig/f2e43df3287529323e79e7929dc44cc9-le64.cache-7
7fd1684fe000-7fd168541000 r--s 00000000 08:08 6837194                    /home/d4rkwzd/.cache/fontconfig/f6b893a7224233d96cb72fd88691c0b4-le64.cache-7
7fd168546000-7fd168554000 r--s 00000000 08:08 6427565                    /home/d4rkwzd/.cache/fontconfig/491f45a0a771fef1c10b9b647a97fb82-le64.cache-7
7fd168556000-7fd168564000 r--s 00000000 08:08 9059422                    /home/d4rkwzd/.cache/fontconfig/1dce2cb908b447e938fc03acd9b47fcf-le64.cache-7
7fd168566000-7fd168567000 r--s 00000000 08:08 6723690                    /home/d4rkwzd/.cache/fontconfig/40a9d18f2870572023edd72623462882-le64.cache-7
7fd16856e000-7fd16857a000 r--s 00000000 08:08 8394494                    /home/d4rkwzd/.cache/fontconfig/e34e38f5-54d7-4e44-8c93-fc66dea1fd05-le64.cache-7
7fd16857e000-7fd16858c000 r--s 00000000 08:08 6427565                    /home/d4rkwzd/.cache/fontconfig/491f45a0a771fef1c10b9b647a97fb82-le64.cache-7
7fd168590000-7fd16c000000 rw-p 00000000 00:00 0 
7fd16c000000-7fd16c021000 rw-p 00000000 00:00 0 
7fd16c021000-7fd170000000 ---p 00000000 00:00 0 
7fd170006000-7fd17000c000 r--s 00000000 08:08 8394475                    /home/d4rkwzd/.cache/fontconfig/9495f0af-d109-49f0-abdf-d280bf3e4658-le64.cache-7
7fd17000e000-7fd17001c000 r--s 00000000 08:08 9059422                    /home/d4rkwzd/.cache/fontconfig/1dce2cb908b447e938fc03acd9b47fcf-le64.cache-7
7fd17001e000-7fd17001f000 r--s 00000000 08:08 6723690                    /home/d4rkwzd/.cache/fontconfig/40a9d18f2870572023edd72623462882-le64.cache-7
7fd170026000-7fd170029000 r--s 00000000 08:08 8262798                    /home/d4rkwzd/.cache/fontconfig/f7f036bb-6cca-4723-a1e5-41b5ef9aba97-le64.cache-7
7fd170066000-7fd17006c000 r--s 00000000 08:08 8394475                    /home/d4rkwzd/.cache/fontconfig/9495f0af-d109-49f0-abdf-d280bf3e4658-le64.cache-7
7fd17006e000-7fd170074000 r--s 00000000 08:08 6837195                    /home/d4rkwzd/.cache/fontconfig/b67b32625a2bb51b023d3814a918f351-le64.cache-7
7fd170076000-7fd17007b000 r--s 00000000 08:08 6686299                    /home/d4rkwzd/.cache/fontconfig/6ba42ae0000f58711b5caaf10d690066-le64.cache-7
7fd17007e000-7fd17008b000 r--s 00000000 08:08 6723547                    /home/d4rkwzd/.cache/fontconfig/210c0516121708a580e22e6b1f9a103a-le64.cache-7
7fd17008e000-7fd170096000 r--s 00000000 08:08 8394507                    /home/d4rkwzd/.cache/fontconfig/4603b67a-335d-4cd8-804e-97e5483fbd43-le64.cache-7
7fd17009d000-7fd17029d000 rw-p 00000000 00:00 0 
7fd17029d000-7fd1702a0000 ---p 00000000 00:00 0 
7fd1702a0000-7fd17039e000 rw-p 00000000 00:00 0 
7fd17039e000-7fd1703a0000 r--p 00000000 08:08 530314                     /usr/lib/libXfixes.so.3.1.0
7fd1703a0000-7fd1703a3000 r-xp 00002000 08:08 530314                     /usr/lib/libXfixes.so.3.1.0
7fd1703a3000-7fd1703a4000 r--p 00005000 08:08 530314                     /usr/lib/libXfixes.so.3.1.0
7fd1703a4000-7fd1703a5000 ---p 00006000 08:08 530314                     /usr/lib/libXfixes.so.3.1.0
7fd1703a5000-7fd1703a6000 r--p 00006000 08:08 530314                     /usr/lib/libXfixes.so.3.1.0
7fd1703a6000-7fd1703a7000 rw-p 00007000 08:08 530314                     /usr/lib/libXfixes.so.3.1.0
7fd1703ad000-7fd1703b0000 ---p 00000000 00:00 0 
7fd1703b0000-7fd1704ae000 rw-p 00000000 00:00 0 
7fd1704ae000-7fd1704b0000 r--p 00000000 08:08 528794                     /usr/lib/libpcre.so.1.2.12
7fd1704b0000-7fd170500000 r-xp 00002000 08:08 528794                     /usr/lib/libpcre.so.1.2.12
7fd170500000-7fd17051e000 r--p 00052000 08:08 528794                     /usr/lib/libpcre.so.1.2.12
7fd17051e000-7fd17051f000 r--p 0006f000 08:08 528794                     /usr/lib/libpcre.so.1.2.12
7fd17051f000-7fd170520000 rw-p 00070000 08:08 528794                     /usr/lib/libpcre.so.1.2.12
7fd170526000-7fd170542000 r--p 00000000 08:08 539218                     /usr/lib/libglib-2.0.so.0.6600.0
7fd170542000-7fd1705cb000 r-xp 0001c000 08:08 539218                     /usr/lib/libglib-2.0.so.0.6600.0
7fd1705cb000-7fd170652000 r--p 000a5000 08:08 539218                     /usr/lib/libglib-2.0.so.0.6600.0
7fd170652000-7fd170653000 ---p 0012c000 08:08 539218                     /usr/lib/libglib-2.0.so.0.6600.0
7fd170653000-7fd170654000 r--p 0012c000 08:08 539218                     /usr/lib/libglib-2.0.so.0.6600.0
7fd170654000-7fd170655000 rw-p 0012d000 08:08 539218                     /usr/lib/libglib-2.0.so.0.6600.0
7fd170655000-7fd170656000 rw-p 00000000 00:00 0 
7fd170656000-7fd170660000 r--p 00000000 08:08 534806                     /usr/lib/libharfbuzz.so.0.20702.0
7fd170660000-7fd1706f1000 r-xp 0000a000 08:08 534806                     /usr/lib/libharfbuzz.so.0.20702.0
7fd1706f1000-7fd170722000 r--p 0009b000 08:08 534806                     /usr/lib/libharfbuzz.so.0.20702.0
7fd170722000-7fd170723000 ---p 000cc000 08:08 534806                     /usr/lib/libharfbuzz.so.0.20702.0
7fd170723000-7fd170724000 r--p 000cc000 08:08 534806                     /usr/lib/libharfbuzz.so.0.20702.0
7fd170724000-7fd170725000 rw-p 000cd000 08:08 534806                     /usr/lib/libharfbuzz.so.0.20702.0
7fd170726000-7fd170733000 r--p 00000000 08:08 534798                     /usr/lib/libfreetype.so.6.17.4
7fd170733000-7fd1707b9000 r-xp 0000d000 08:08 534798                     /usr/lib/libfreetype.so.6.17.4
7fd1707b9000-7fd1707f1000 r--p 00093000 08:08 534798                     /usr/lib/libfreetype.so.6.17.4
7fd1707f1000-7fd1707f2000 ---p 000cb000 08:08 534798                     /usr/lib/libfreetype.so.6.17.4
7fd1707f2000-7fd1707f9000 r--p 000cb000 08:08 534798                     /usr/lib/libfreetype.so.6.17.4
7fd1707f9000-7fd1707fa000 rw-p 000d2000 08:08 534798                     /usr/lib/libfreetype.so.6.17.4
7fd1707ff000-7fd170800000 ---p 00000000 00:00 0 
7fd170800000-7fd170803000 ---p 00000000 00:00 0 
7fd170803000-7fd171000000 rw-p 00000000 00:00 0 
7fd171000000-7fd171460000 rwxp 00000000 00:00 0 
7fd171460000-7fd180000000 ---p 00000000 00:00 0 
7fd180000000-7fd180d13000 rw-p 00000000 00:00 0 
7fd180d13000-7fd184000000 ---p 00000000 00:00 0 
7fd184006000-7fd184009000 r--p 00000000 08:08 539420                     /usr/lib/libgraphite2.so.3.2.1
7fd184009000-7fd184023000 r-xp 00003000 08:08 539420                     /usr/lib/libgraphite2.so.3.2.1
7fd184023000-7fd184028000 r--p 0001d000 08:08 539420                     /usr/lib/libgraphite2.so.3.2.1
7fd184028000-7fd18402a000 r--p 00021000 08:08 539420                     /usr/lib/libgraphite2.so.3.2.1
7fd18402a000-7fd18402b000 rw-p 00023000 08:08 539420                     /usr/lib/libgraphite2.so.3.2.1
7fd18402e000-7fd184034000 r--p 00000000 08:08 540654                     /usr/lib/libpng16.so.16.37.0
7fd184034000-7fd184058000 r-xp 00006000 08:08 540654                     /usr/lib/libpng16.so.16.37.0
7fd184058000-7fd184063000 r--p 0002a000 08:08 540654                     /usr/lib/libpng16.so.16.37.0
7fd184063000-7fd184064000 r--p 00034000 08:08 540654                     /usr/lib/libpng16.so.16.37.0
7fd184064000-7fd184065000 rw-p 00035000 08:08 540654                     /usr/lib/libpng16.so.16.37.0
7fd184066000-7fd184067000 r--s 00000000 08:08 8262780                    /home/d4rkwzd/.cache/fontconfig/39d28626-d72d-4c49-bb07-79792e77bfbb-le64.cache-7
7fd18406e000-7fd184076000 r--s 00000000 08:08 8394507                    /home/d4rkwzd/.cache/fontconfig/4603b67a-335d-4cd8-804e-97e5483fbd43-le64.cache-7
7fd184076000-7fd18407c000 r--s 00000000 08:08 6837195                    /home/d4rkwzd/.cache/fontconfig/b67b32625a2bb51b023d3814a918f351-le64.cache-7
7fd18407e000-7fd184083000 r--s 00000000 08:08 6686299                    /home/d4rkwzd/.cache/fontconfig/6ba42ae0000f58711b5caaf10d690066-le64.cache-7
7fd184086000-7fd184093000 r--s 00000000 08:08 6723547                    /home/d4rkwzd/.cache/fontconfig/210c0516121708a580e22e6b1f9a103a-le64.cache-7
7fd184096000-7fd184099000 r--s 00000000 08:08 8262798                    /home/d4rkwzd/.cache/fontconfig/f7f036bb-6cca-4723-a1e5-41b5ef9aba97-le64.cache-7
7fd18409e000-7fd18409f000 r--s 00000000 08:08 8262780                    /home/d4rkwzd/.cache/fontconfig/39d28626-d72d-4c49-bb07-79792e77bfbb-le64.cache-7
7fd1840a6000-7fd1840af000 r--p 00000000 08:08 2234320                    /usr/lib/jvm/java-8-openjdk/jre/lib/amd64/libfontmanager.so
7fd1840af000-7fd1840ea000 r-xp 00009000 08:08 2234320                    /usr/lib/jvm/java-8-openjdk/jre/lib/amd64/libfontmanager.so
7fd1840ea000-7fd18410a000 r--p 00044000 08:08 2234320                    /usr/lib/jvm/java-8-openjdk/jre/lib/amd64/libfontmanager.so
7fd18410a000-7fd18410e000 r--p 00063000 08:08 2234320                    /usr/lib/jvm/java-8-openjdk/jre/lib/amd64/libfontmanager.so
7fd18410e000-7fd18410f000 rw-p 00067000 08:08 2234320                    /usr/lib/jvm/java-8-openjdk/jre/lib/amd64/libfontmanager.so
7fd184116000-7fd184118000 r--p 00000000 08:08 526323                     /usr/lib/libXdmcp.so.6.0.0
7fd184118000-7fd18411a000 r-xp 00002000 08:08 526323                     /usr/lib/libXdmcp.so.6.0.0
7fd18411a000-7fd18411c000 r--p 00004000 08:08 526323                     /usr/lib/libXdmcp.so.6.0.0
7fd18411c000-7fd18411d000 r--p 00005000 08:08 526323                     /usr/lib/libXdmcp.so.6.0.0
7fd18411d000-7fd18411e000 rw-p 00006000 08:08 526323                     /usr/lib/libXdmcp.so.6.0.0
7fd18411e000-7fd18411f000 r--p 00000000 08:08 526319                     /usr/lib/libXau.so.6.0.0
7fd18411f000-7fd184120000 r-xp 00001000 08:08 526319                     /usr/lib/libXau.so.6.0.0
7fd184120000-7fd184121000 r--p 00002000 08:08 526319                     /usr/lib/libXau.so.6.0.0
7fd184121000-7fd184122000 r--p 00002000 08:08 526319                     /usr/lib/libXau.so.6.0.0
7fd184122000-7fd184123000 rw-p 00003000 08:08 526319                     /usr/lib/libXau.so.6.0.0
7fd184126000-7fd184132000 r--p 00000000 08:08 534635                     /usr/lib/libxcb.so.1.1.0
7fd184132000-7fd184145000 r-xp 0000c000 08:08 534635                     /usr/lib/libxcb.so.1.1.0
7fd184145000-7fd18414e000 r--p 0001f000 08:08 534635                     /usr/lib/libxcb.so.1.1.0
7fd18414e000-7fd18414f000 r--p 00027000 08:08 534635                     /usr/lib/libxcb.so.1.1.0
7fd18414f000-7fd184150000 rw-p 00028000 08:08 534635                     /usr/lib/libxcb.so.1.1.0
7fd184156000-7fd184159000 r--p 00000000 08:08 534706                     /usr/lib/libXi.so.6.1.0
7fd184159000-7fd184164000 r-xp 00003000 08:08 534706                     /usr/lib/libXi.so.6.1.0
7fd184164000-7fd184167000 r--p 0000e000 08:08 534706                     /usr/lib/libXi.so.6.1.0
7fd184167000-7fd184168000 r--p 00010000 08:08 534706                     /usr/lib/libXi.so.6.1.0
7fd184168000-7fd184169000 rw-p 00011000 08:08 534706                     /usr/lib/libXi.so.6.1.0
7fd18416e000-7fd184170000 r--p 00000000 08:08 534692                     /usr/lib/libXrender.so.1.3.0
7fd184170000-7fd184177000 r-xp 00002000 08:08 534692                     /usr/lib/libXrender.so.1.3.0
7fd184177000-7fd184179000 r--p 00009000 08:08 534692                     /usr/lib/libXrender.so.1.3.0
7fd184179000-7fd18417a000 r--p 0000a000 08:08 534692                     /usr/lib/libXrender.so.1.3.0
7fd18417a000-7fd18417b000 rw-p 0000b000 08:08 534692                     /usr/lib/libXrender.so.1.3.0
7fd18417e000-7fd18419a000 r--p 00000000 08:08 540044                     /usr/lib/libX11.so.6.3.0
7fd18419a000-7fd184224000 r-xp 0001c000 08:08 540044                     /usr/lib/libX11.so.6.3.0
7fd184224000-7fd1842b7000 r--p 000a6000 08:08 540044                     /usr/lib/libX11.so.6.3.0
7fd1842b7000-7fd1842b8000 ---p 00139000 08:08 540044                     /usr/lib/libX11.so.6.3.0
7fd1842b8000-7fd1842bb000 r--p 00139000 08:08 540044                     /usr/lib/libX11.so.6.3.0
7fd1842bb000-7fd1842bf000 rw-p 0013c000 08:08 540044                     /usr/lib/libX11.so.6.3.0
7fd1842c6000-7fd1842ca000 r--p 00000000 08:08 528425                     /usr/lib/libXext.so.6.4.0
7fd1842ca000-7fd1842d5000 r-xp 00004000 08:08 528425                     /usr/lib/libXext.so.6.4.0
7fd1842d5000-7fd1842d9000 r--p 0000f000 08:08 528425                     /usr/lib/libXext.so.6.4.0
7fd1842d9000-7fd1842da000 r--p 00012000 08:08 528425                     /usr/lib/libXext.so.6.4.0
7fd1842da000-7fd1842db000 rw-p 00013000 08:08 528425                     /usr/lib/libXext.so.6.4.0
7fd1842de000-7fd1842ee000 r--p 00000000 08:08 2234318                    /usr/lib/jvm/java-8-openjdk/jre/lib/amd64/libawt_xawt.so
7fd1842ee000-7fd18432a000 r-xp 00010000 08:08 2234318                    /usr/lib/jvm/java-8-openjdk/jre/lib/amd64/libawt_xawt.so
7fd18432a000-7fd18433b000 r--p 0004c000 08:08 2234318                    /usr/lib/jvm/java-8-openjdk/jre/lib/amd64/libawt_xawt.so
7fd18433b000-7fd18433c000 ---p 0005d000 08:08 2234318                    /usr/lib/jvm/java-8-openjdk/jre/lib/amd64/libawt_xawt.so
7fd18433c000-7fd18433d000 r--p 0005d000 08:08 2234318                    /usr/lib/jvm/java-8-openjdk/jre/lib/amd64/libawt_xawt.so
7fd18433d000-7fd18433f000 rw-p 0005e000 08:08 2234318                    /usr/lib/jvm/java-8-openjdk/jre/lib/amd64/libawt_xawt.so
7fd18433f000-7fd184341000 rw-p 00000000 00:00 0 
7fd184346000-7fd184373000 r--p 00000000 08:08 2234316                    /usr/lib/jvm/java-8-openjdk/jre/lib/amd64/libawt.so
7fd184373000-7fd1843db000 r-xp 0002d000 08:08 2234316                    /usr/lib/jvm/java-8-openjdk/jre/lib/amd64/libawt.so
7fd1843db000-7fd1843e7000 r--p 00095000 08:08 2234316                    /usr/lib/jvm/java-8-openjdk/jre/lib/amd64/libawt.so
7fd1843e7000-7fd1843e8000 ---p 000a1000 08:08 2234316                    /usr/lib/jvm/java-8-openjdk/jre/lib/amd64/libawt.so
7fd1843e8000-7fd1843e9000 r--p 000a1000 08:08 2234316                    /usr/lib/jvm/java-8-openjdk/jre/lib/amd64/libawt.so
7fd1843e9000-7fd1843f4000 rw-p 000a2000 08:08 2234316                    /usr/lib/jvm/java-8-openjdk/jre/lib/amd64/libawt.so
7fd1843f4000-7fd184419000 rw-p 00000000 00:00 0 
7fd18441e000-7fd184421000 r--p 00000000 08:08 528698                     /usr/lib/libgcc_s.so.1
7fd184421000-7fd184432000 r-xp 00003000 08:08 528698                     /usr/lib/libgcc_s.so.1
7fd184432000-7fd184436000 r--p 00014000 08:08 528698                     /usr/lib/libgcc_s.so.1
7fd184436000-7fd184437000 r--p 00017000 08:08 528698                     /usr/lib/libgcc_s.so.1
7fd184437000-7fd184438000 rw-p 00018000 08:08 528698                     /usr/lib/libgcc_s.so.1
7fd18443e000-7fd1844d4000 r--p 00000000 08:08 542368                     /usr/lib/libstdc++.so.6.0.28
7fd1844d4000-7fd1845c0000 r-xp 00096000 08:08 542368                     /usr/lib/libstdc++.so.6.0.28
7fd1845c0000-7fd184609000 r--p 00182000 08:08 542368                     /usr/lib/libstdc++.so.6.0.28
7fd184609000-7fd18460a000 ---p 001cb000 08:08 542368                     /usr/lib/libstdc++.so.6.0.28
7fd18460a000-7fd184617000 r--p 001cb000 08:08 542368                     /usr/lib/libstdc++.so.6.0.28
7fd184617000-7fd184618000 rw-p 001d8000 08:08 542368                     /usr/lib/libstdc++.so.6.0.28
7fd184618000-7fd18461b000 rw-p 00000000 00:00 0 
7fd18461e000-7fd184621000 r--p 00000000 08:08 540847                     /usr/lib/libXcursor.so.1.0.2
7fd184621000-7fd184626000 r-xp 00003000 08:08 540847                     /usr/lib/libXcursor.so.1.0.2
7fd184626000-7fd184628000 r--p 00008000 08:08 540847                     /usr/lib/libXcursor.so.1.0.2
7fd184628000-7fd184629000 r--p 00009000 08:08 540847                     /usr/lib/libXcursor.so.1.0.2
7fd184629000-7fd18462a000 rw-p 0000a000 08:08 540847                     /usr/lib/libXcursor.so.1.0.2
7fd18462e000-7fd184630000 r--p 00000000 08:08 542154                     /usr/lib/libbz2.so.1.0.8
7fd184630000-7fd18463d000 r-xp 00002000 08:08 542154                     /usr/lib/libbz2.so.1.0.8
7fd18463d000-7fd18463f000 r--p 0000f000 08:08 542154                     /usr/lib/libbz2.so.1.0.8
7fd18463f000-7fd184640000 r--p 00010000 08:08 542154                     /usr/lib/libbz2.so.1.0.8
7fd184640000-7fd184641000 rw-p 00011000 08:08 542154                     /usr/lib/libbz2.so.1.0.8
7fd184644000-7fd184657000 r--s 00346000 08:08 2099479                    /usr/lib/jvm/java-8-openjdk/jre/lib/resources.jar
7fd18465d000-7fd18468e000 rw-p 00000000 00:00 0 
7fd18468e000-7fd184693000 r--p 00000000 08:08 2234337                    /usr/lib/jvm/java-8-openjdk/jre/lib/amd64/libnet.so
7fd184693000-7fd1846a3000 r-xp 00005000 08:08 2234337                    /usr/lib/jvm/java-8-openjdk/jre/lib/amd64/libnet.so
7fd1846a3000-7fd1846a7000 r--p 00015000 08:08 2234337                    /usr/lib/jvm/java-8-openjdk/jre/lib/amd64/libnet.so
7fd1846a7000-7fd1846a8000 r--p 00018000 08:08 2234337                    /usr/lib/jvm/java-8-openjdk/jre/lib/amd64/libnet.so
7fd1846a8000-7fd1846a9000 rw-p 00019000 08:08 2234337                    /usr/lib/jvm/java-8-openjdk/jre/lib/amd64/libnet.so
7fd1846ae000-7fd1846b5000 r--p 00000000 08:08 2234338                    /usr/lib/jvm/java-8-openjdk/jre/lib/amd64/libnio.so
7fd1846b5000-7fd1846bd000 r-xp 00007000 08:08 2234338                    /usr/lib/jvm/java-8-openjdk/jre/lib/amd64/libnio.so
7fd1846bd000-7fd1846c0000 r--p 0000f000 08:08 2234338                    /usr/lib/jvm/java-8-openjdk/jre/lib/amd64/libnio.so
7fd1846c0000-7fd1846c1000 ---p 00012000 08:08 2234338                    /usr/lib/jvm/java-8-openjdk/jre/lib/amd64/libnio.so
7fd1846c1000-7fd1846c2000 r--p 00012000 08:08 2234338                    /usr/lib/jvm/java-8-openjdk/jre/lib/amd64/libnio.so
7fd1846c2000-7fd1846c3000 rw-p 00013000 08:08 2234338                    /usr/lib/jvm/java-8-openjdk/jre/lib/amd64/libnio.so
7fd1846c7000-7fd1846d2000 r--s 00071000 08:08 6822920                    /home/d4rkwzd/Projects/Netbeans/CplexTSP/lib/cplex.jar
7fd1846d8000-7fd1846d9000 ---p 00000000 00:00 0 
7fd1846d9000-7fd1847d9000 rw-p 00000000 00:00 0 
7fd1847d9000-7fd1847dc000 ---p 00000000 00:00 0 
7fd1847dc000-7fd1848da000 rw-p 00000000 00:00 0 
7fd1848da000-7fd1848db000 ---p 00000000 00:00 0 
7fd1848db000-7fd1848de000 ---p 00000000 00:00 0 
7fd1848de000-7fd1849db000 rw-p 00000000 00:00 0 
7fd1849db000-7fd1849dc000 ---p 00000000 00:00 0 
7fd1849dc000-7fd1849df000 ---p 00000000 00:00 0 
7fd1849df000-7fd184adc000 rw-p 00000000 00:00 0 
7fd184adc000-7fd184add000 ---p 00000000 00:00 0 
7fd184add000-7fd184ae0000 ---p 00000000 00:00 0 
7fd184ae0000-7fd184bdd000 rw-p 00000000 00:00 0 
7fd184bdd000-7fd184be0000 ---p 00000000 00:00 0 
7fd184be0000-7fd184cde000 rw-p 00000000 00:00 0 
7fd184cde000-7fd184fc6000 r--p 00000000 08:08 543246                     /usr/lib/locale/locale-archive
7fd184fc9000-7fd184fcc000 ---p 00000000 00:00 0 
7fd184fcc000-7fd1850ca000 rw-p 00000000 00:00 0 
7fd1850ca000-7fd1850cd000 ---p 00000000 00:00 0 
7fd1850cd000-7fd1851cb000 rw-p 00000000 00:00 0 
7fd1851cb000-7fd1851cc000 ---p 00000000 00:00 0 
7fd1851cc000-7fd1862ce000 rw-p 00000000 00:00 0 
7fd1862ce000-7fd1864a0000 r--s 03ca8000 08:08 2099480                    /usr/lib/jvm/java-8-openjdk/jre/lib/rt.jar
7fd1864a5000-7fd18716a000 rw-p 00000000 00:00 0 
7fd18716a000-7fd18716b000 ---p 00000000 00:00 0 
7fd18716b000-7fd18726b000 rw-p 00000000 00:00 0 
7fd18726b000-7fd18726c000 ---p 00000000 00:00 0 
7fd18726c000-7fd18736c000 rw-p 00000000 00:00 0 
7fd18736c000-7fd18736d000 ---p 00000000 00:00 0 
7fd18736d000-7fd18746d000 rw-p 00000000 00:00 0 
7fd18746d000-7fd18746e000 ---p 00000000 00:00 0 
7fd18746e000-7fd187596000 rw-p 00000000 00:00 0 
7fd187596000-7fd1877de000 ---p 00000000 00:00 0 
7fd1877de000-7fd187806000 rw-p 00000000 00:00 0 
7fd187806000-7fd187a4d000 ---p 00000000 00:00 0 
7fd187a4d000-7fd187a70000 rw-p 00000000 00:00 0 
7fd187a70000-7fd187b85000 ---p 00000000 00:00 0 
7fd187b85000-7fd187b98000 rw-p 00000000 00:00 0 
7fd187b98000-7fd187f46000 ---p 00000000 00:00 0 
7fd187f46000-7fd187f49000 r--p 00000000 08:08 2234345                    /usr/lib/jvm/java-8-openjdk/jre/lib/amd64/libzip.so
7fd187f49000-7fd187f4d000 r-xp 00003000 08:08 2234345                    /usr/lib/jvm/java-8-openjdk/jre/lib/amd64/libzip.so
7fd187f4d000-7fd187f4f000 r--p 00007000 08:08 2234345                    /usr/lib/jvm/java-8-openjdk/jre/lib/amd64/libzip.so
7fd187f4f000-7fd187f50000 r--p 00008000 08:08 2234345                    /usr/lib/jvm/java-8-openjdk/jre/lib/amd64/libzip.so
7fd187f50000-7fd187f51000 rw-p 00009000 08:08 2234345                    /usr/lib/jvm/java-8-openjdk/jre/lib/amd64/libzip.so
7fd187f56000-7fd187f63000 r--p 00000000 08:08 2234327                    /usr/lib/jvm/java-8-openjdk/jre/lib/amd64/libjava.so
7fd187f63000-7fd187f79000 r-xp 0000d000 08:08 2234327                    /usr/lib/jvm/java-8-openjdk/jre/lib/amd64/libjava.so
7fd187f79000-7fd187f80000 r--p 00023000 08:08 2234327                    /usr/lib/jvm/java-8-openjdk/jre/lib/amd64/libjava.so
7fd187f80000-7fd187f81000 r--p 00029000 08:08 2234327                    /usr/lib/jvm/java-8-openjdk/jre/lib/amd64/libjava.so
7fd187f81000-7fd187f82000 rw-p 0002a000 08:08 2234327                    /usr/lib/jvm/java-8-openjdk/jre/lib/amd64/libjava.so
7fd187f82000-7fd187f83000 rw-p 00000000 00:00 0 
7fd187f86000-7fd187f89000 r--p 00000000 08:08 541708                     /usr/lib/librt-2.32.so
7fd187f89000-7fd187f8d000 r-xp 00003000 08:08 541708                     /usr/lib/librt-2.32.so
7fd187f8d000-7fd187f8f000 r--p 00007000 08:08 541708                     /usr/lib/librt-2.32.so
7fd187f8f000-7fd187f90000 r--p 00008000 08:08 541708                     /usr/lib/librt-2.32.so
7fd187f90000-7fd187f91000 rw-p 00009000 08:08 541708                     /usr/lib/librt-2.32.so
7fd187f95000-7fd187f96000 ---p 00000000 00:00 0 
7fd187f96000-7fd187f99000 ---p 00000000 00:00 0 
7fd187f99000-7fd188096000 rw-p 00000000 00:00 0 
7fd188096000-7fd1880a5000 r--p 00000000 08:08 533040                     /usr/lib/libm-2.32.so
7fd1880a5000-7fd188141000 r-xp 0000f000 08:08 533040                     /usr/lib/libm-2.32.so
7fd188141000-7fd1881da000 r--p 000ab000 08:08 533040                     /usr/lib/libm-2.32.so
7fd1881da000-7fd1881db000 r--p 00143000 08:08 533040                     /usr/lib/libm-2.32.so
7fd1881db000-7fd1881dc000 rw-p 00144000 08:08 533040                     /usr/lib/libm-2.32.so
7fd1881de000-7fd1883d1000 r--p 00000000 08:08 2493292                    /usr/lib/jvm/java-8-openjdk/jre/lib/amd64/server/libjvm.so
7fd1883d1000-7fd188c64000 r-xp 001f3000 08:08 2493292                    /usr/lib/jvm/java-8-openjdk/jre/lib/amd64/server/libjvm.so
7fd188c64000-7fd188e09000 r--p 00a86000 08:08 2493292                    /usr/lib/jvm/java-8-openjdk/jre/lib/amd64/server/libjvm.so
7fd188e09000-7fd188e0a000 ---p 00c2b000 08:08 2493292                    /usr/lib/jvm/java-8-openjdk/jre/lib/amd64/server/libjvm.so
7fd188e0a000-7fd188ea0000 r--p 00c2b000 08:08 2493292                    /usr/lib/jvm/java-8-openjdk/jre/lib/amd64/server/libjvm.so
7fd188ea0000-7fd188ec8000 rw-p 00cc1000 08:08 2493292                    /usr/lib/jvm/java-8-openjdk/jre/lib/amd64/server/libjvm.so
7fd188ec8000-7fd188ef9000 rw-p 00000000 00:00 0 
7fd188efe000-7fd188f05000 r--p 00000000 08:08 541211                     /usr/lib/libpthread-2.32.so
7fd188f05000-7fd188f15000 r-xp 00007000 08:08 541211                     /usr/lib/libpthread-2.32.so
7fd188f15000-7fd188f1a000 r--p 00017000 08:08 541211                     /usr/lib/libpthread-2.32.so
7fd188f1a000-7fd188f1b000 r--p 0001b000 08:08 541211                     /usr/lib/libpthread-2.32.so
7fd188f1b000-7fd188f1c000 rw-p 0001c000 08:08 541211                     /usr/lib/libpthread-2.32.so
7fd188f1c000-7fd188f20000 rw-p 00000000 00:00 0 
7fd188f26000-7fd188f27000 r--p 00000000 08:08 533029                     /usr/lib/libdl-2.32.so
7fd188f27000-7fd188f29000 r-xp 00001000 08:08 533029                     /usr/lib/libdl-2.32.so
7fd188f29000-7fd188f2a000 r--p 00003000 08:08 533029                     /usr/lib/libdl-2.32.so
7fd188f2a000-7fd188f2b000 r--p 00003000 08:08 533029                     /usr/lib/libdl-2.32.so
7fd188f2b000-7fd188f2c000 rw-p 00004000 08:08 533029                     /usr/lib/libdl-2.32.so
7fd188f2e000-7fd188f31000 r--p 00000000 08:08 534886                     /usr/lib/libz.so.1.2.11
7fd188f31000-7fd188f3f000 r-xp 00003000 08:08 534886                     /usr/lib/libz.so.1.2.11
7fd188f3f000-7fd188f45000 r--p 00011000 08:08 534886                     /usr/lib/libz.so.1.2.11
7fd188f45000-7fd188f46000 ---p 00017000 08:08 534886                     /usr/lib/libz.so.1.2.11
7fd188f46000-7fd188f47000 r--p 00017000 08:08 534886                     /usr/lib/libz.so.1.2.11
7fd188f47000-7fd188f48000 rw-p 00018000 08:08 534886                     /usr/lib/libz.so.1.2.11
7fd188f4e000-7fd188f74000 r--p 00000000 08:08 533004                     /usr/lib/libc-2.32.so
7fd188f74000-7fd1890c1000 r-xp 00026000 08:08 533004                     /usr/lib/libc-2.32.so
7fd1890c1000-7fd18910d000 r--p 00173000 08:08 533004                     /usr/lib/libc-2.32.so
7fd18910d000-7fd189110000 r--p 001be000 08:08 533004                     /usr/lib/libc-2.32.so
7fd189110000-7fd189113000 rw-p 001c1000 08:08 533004                     /usr/lib/libc-2.32.so
7fd189113000-7fd189117000 rw-p 00000000 00:00 0 
7fd18911e000-7fd189120000 r--p 00000000 08:08 539191                     /usr/lib/libXtst.so.6.1.0
7fd189120000-7fd189123000 r-xp 00002000 08:08 539191                     /usr/lib/libXtst.so.6.1.0
7fd189123000-7fd189124000 r--p 00005000 08:08 539191                     /usr/lib/libXtst.so.6.1.0
7fd189124000-7fd189125000 r--p 00005000 08:08 539191                     /usr/lib/libXtst.so.6.1.0
7fd189125000-7fd189126000 rw-p 00006000 08:08 539191                     /usr/lib/libXtst.so.6.1.0
7fd189126000-7fd18912e000 rw-s 00000000 00:32 141723                     /tmp/hsperfdata_d4rkwzd/10666
7fd18912e000-7fd189131000 r--p 00000000 08:08 540988                     /usr/lib/libnss_files-2.32.so
7fd189131000-7fd189138000 r-xp 00003000 08:08 540988                     /usr/lib/libnss_files-2.32.so
7fd189138000-7fd18913a000 r--p 0000a000 08:08 540988                     /usr/lib/libnss_files-2.32.so
7fd18913a000-7fd18913b000 r--p 0000b000 08:08 540988                     /usr/lib/libnss_files-2.32.so
7fd18913b000-7fd18913c000 rw-p 0000c000 08:08 540988                     /usr/lib/libnss_files-2.32.so
7fd18913c000-7fd189142000 rw-p 00000000 00:00 0 
7fd189146000-7fd18914b000 r--p 00000000 08:08 2234344                    /usr/lib/jvm/java-8-openjdk/jre/lib/amd64/libverify.so
7fd18914b000-7fd189152000 r-xp 00005000 08:08 2234344                    /usr/lib/jvm/java-8-openjdk/jre/lib/amd64/libverify.so
7fd189152000-7fd189154000 r--p 0000c000 08:08 2234344                    /usr/lib/jvm/java-8-openjdk/jre/lib/amd64/libverify.so
7fd189154000-7fd189155000 ---p 0000e000 08:08 2234344                    /usr/lib/jvm/java-8-openjdk/jre/lib/amd64/libverify.so
7fd189155000-7fd189157000 r--p 0000e000 08:08 2234344                    /usr/lib/jvm/java-8-openjdk/jre/lib/amd64/libverify.so
7fd189157000-7fd189158000 rw-p 00010000 08:08 2234344                    /usr/lib/jvm/java-8-openjdk/jre/lib/amd64/libverify.so
7fd18915e000-7fd189161000 r--p 00000000 08:08 2392784                    /usr/lib/jvm/java-8-openjdk/jre/lib/amd64/jli/libjli.so
7fd189161000-7fd18916a000 r-xp 00003000 08:08 2392784                    /usr/lib/jvm/java-8-openjdk/jre/lib/amd64/jli/libjli.so
7fd18916a000-7fd18916d000 r--p 0000c000 08:08 2392784                    /usr/lib/jvm/java-8-openjdk/jre/lib/amd64/jli/libjli.so
7fd18916d000-7fd18916e000 r--p 0000e000 08:08 2392784                    /usr/lib/jvm/java-8-openjdk/jre/lib/amd64/jli/libjli.so
7fd18916e000-7fd18916f000 rw-p 0000f000 08:08 2392784                    /usr/lib/jvm/java-8-openjdk/jre/lib/amd64/jli/libjli.so
7fd189176000-7fd189178000 r--p 00000000 08:08 532987                     /usr/lib/ld-2.32.so
7fd189178000-7fd189199000 r-xp 00002000 08:08 532987                     /usr/lib/ld-2.32.so
7fd189199000-7fd1891a2000 r--p 00023000 08:08 532987                     /usr/lib/ld-2.32.so
7fd1891a2000-7fd1891a3000 r--p 0002b000 08:08 532987                     /usr/lib/ld-2.32.so
7fd1891a3000-7fd1891a5000 rw-p 0002c000 08:08 532987                     /usr/lib/ld-2.32.so
7fd1891a6000-7fd1891a7000 rw-p 00000000 00:00 0 
7fd1891a7000-7fd1891a8000 r--p 00000000 00:00 0 
7fd1891a8000-7fd1891ac000 rw-p 00000000 00:00 0 
7ffc44ace000-7ffc44aef000 rw-p 00000000 00:00 0                          [stack]
7ffc44b36000-7ffc44b3a000 r--p 00000000 00:00 0                          [vvar]
7ffc44b3a000-7ffc44b3c000 r-xp 00000000 00:00 0                          [vdso]
ffffffffff600000-ffffffffff601000 --xp 00000000 00:00 0                  [vsyscall]

VM Arguments:
jvm_args: -Dfile.encoding=UTF-8 -Djava.library.path=/opt/ibm/ILOG/CPLEX_Studio1261/cplex/bin/x86-64_linux 
java_command: v1.Model
java_class_path (initial): /home/d4rkwzd/Projects/Netbeans/CplexTSP/lib/cplex.jar:/home/d4rkwzd/Projects/Netbeans/CplexTSP/build/classes
Launcher Type: SUN_STANDARD

Environment Variables:
PATH=/home/d4rkwzd/.local/bin:/usr/local/sbin:/usr/local/bin:/usr/bin:/usr/lib/jvm/default/bin:/usr/bin/site_perl:/usr/bin/vendor_perl:/usr/bin/core_perl:/var/lib/snapd/snap/bin
LD_LIBRARY_PATH=/usr/lib/jvm/default/bin/../jre/lib/amd64:/usr/lib/jvm/default/bin/../jre/lib/i386:
SHELL=/bin/bash
DISPLAY=:0

Signal Handlers:
SIGSEGV: [libjvm.so+0xa50e40], sa_mask[0]=11111111011111111101111111111110, sa_flags=SA_RESTART|SA_SIGINFO
SIGBUS: [libjvm.so+0xa50e40], sa_mask[0]=11111111011111111101111111111110, sa_flags=SA_RESTART|SA_SIGINFO
SIGFPE: [libjvm.so+0x8adfc0], sa_mask[0]=11111111011111111101111111111110, sa_flags=SA_RESTART|SA_SIGINFO
SIGPIPE: [libjvm.so+0x8adfc0], sa_mask[0]=11111111011111111101111111111110, sa_flags=SA_RESTART|SA_SIGINFO
SIGXFSZ: [libjvm.so+0x8adfc0], sa_mask[0]=11111111011111111101111111111110, sa_flags=SA_RESTART|SA_SIGINFO
SIGILL: [libjvm.so+0x8adfc0], sa_mask[0]=11111111011111111101111111111110, sa_flags=SA_RESTART|SA_SIGINFO
SIGUSR1: SIG_DFL, sa_mask[0]=00000000000000000000000000000000, sa_flags=none
SIGUSR2: [libjvm.so+0x8adda0], sa_mask[0]=00100000000000000000000000000000, sa_flags=SA_RESTART|SA_SIGINFO
SIGHUP: [libjvm.so+0x8ae260], sa_mask[0]=11111111011111111101111111111110, sa_flags=SA_RESTART|SA_SIGINFO
SIGINT: SIG_IGN, sa_mask[0]=00000000000000000000000000000000, sa_flags=none
SIGTERM: [libjvm.so+0x8ae260], sa_mask[0]=11111111011111111101111111111110, sa_flags=SA_RESTART|SA_SIGINFO
SIGQUIT: [libjvm.so+0x8ae260], sa_mask[0]=11111111011111111101111111111110, sa_flags=SA_RESTART|SA_SIGINFO


---------------  S Y S T E M  ---------------

OS:DISTRIB_ID=ManjaroLinux
DISTRIB_RELEASE=20.1.2
DISTRIB_CODENAME=Mikah
DISTRIB_DESCRIPTION="Manjaro Linux"

uname:Linux 5.8.16-2-MANJARO #1 SMP PREEMPT Mon Oct 19 11:33:03 UTC 2020 x86_64
libc:glibc 2.32 NPTL 2.32 
rlimit: STACK 8192k, CORE infinity, NPROC 29591, NOFILE 524288, AS infinity
load average:1,38 1,41 1,09

/proc/meminfo:
MemTotal:        7658352 kB
MemFree:          701928 kB
MemAvailable:    3802792 kB
Buffers:          294580 kB
Cached:          2835168 kB
SwapCached:            0 kB
Active:          3793804 kB
Inactive:        2105528 kB
Active(anon):    2782908 kB
Inactive(anon):   252276 kB
Active(file):    1010896 kB
Inactive(file):  1853252 kB
Unevictable:           0 kB
Mlocked:               0 kB
SwapTotal:       8388604 kB
SwapFree:        8388604 kB
Dirty:               724 kB
Writeback:             0 kB
AnonPages:       2769644 kB
Mapped:          1039212 kB
Shmem:            265604 kB
KReclaimable:     540524 kB
Slab:             636024 kB
SReclaimable:     540524 kB
SUnreclaim:        95500 kB
KernelStack:       13024 kB
PageTables:        35996 kB
NFS_Unstable:          0 kB
Bounce:                0 kB
WritebackTmp:          0 kB
CommitLimit:    12217780 kB
Committed_AS:    9730468 kB
VmallocTotal:   34359738367 kB
VmallocUsed:       43960 kB
VmallocChunk:          0 kB
Percpu:             2576 kB
HardwareCorrupted:     0 kB
AnonHugePages:         0 kB
ShmemHugePages:        0 kB
ShmemPmdMapped:        0 kB
FileHugePages:         0 kB
FilePmdMapped:         0 kB
HugePages_Total:       0
HugePages_Free:        0
HugePages_Rsvd:        0
HugePages_Surp:        0
Hugepagesize:       2048 kB
Hugetlb:               0 kB
DirectMap4k:      624380 kB
DirectMap2M:     7196672 kB
DirectMap1G:     1048576 kB

container (cgroup) information:
container_type: cgroupv1
cpu_cpuset_cpus: 0-3
cpu_memory_nodes: 0
active_processor_count: 4
cpu_quota: -1
cpu_period: 100000
cpu_shares: -1
memory_limit_in_bytes: -1
memory_and_swap_limit_in_bytes: -1
memory_soft_limit_in_bytes: -1
memory_usage_in_bytes: 3998310400
memory_max_usage_in_bytes: 4143890432


CPU:total 4 (initial active 4) (4 cores per cpu, 1 threads per core) family 21 model 101 stepping 1, cmov, cx8, fxsr, mmx, sse, sse2, sse3, ssse3, sse4.1, sse4.2, popcnt, avx, avx2, aes, clmul, mmxext, 3dnowpref, lzcnt, sse4a, tsc, tscinvbit, tscinv, bmi1

/proc/cpuinfo:
processor	: 0
vendor_id	: AuthenticAMD
cpu family	: 21
model		: 101
model name	: AMD A12-9720P RADEON R7, 12 COMPUTE CORES 4C+8G
stepping	: 1
microcode	: 0x600611a
cpu MHz		: 3036.362
cache size	: 1024 KB
physical id	: 0
siblings	: 4
core id		: 0
cpu cores	: 2
apicid		: 16
initial apicid	: 0
fpu		: yes
fpu_exception	: yes
cpuid level	: 13
wp		: yes
flags		: fpu vme de pse tsc msr pae mce cx8 apic sep mtrr pge mca cmov pat pse36 clflush mmx fxsr sse sse2 ht syscall nx mmxext fxsr_opt pdpe1gb rdtscp lm constant_tsc rep_good acc_power nopl nonstop_tsc cpuid extd_apicid aperfmperf pni pclmulqdq monitor ssse3 fma cx16 sse4_1 sse4_2 movbe popcnt aes xsave avx f16c lahf_lm cmp_legacy svm extapic cr8_legacy abm sse4a misalignsse 3dnowprefetch osvw ibs xop skinit wdt lwp fma4 tce nodeid_msr tbm topoext perfctr_core perfctr_nb bpext ptsc mwaitx cpb hw_pstate ssbd ibpb vmmcall fsgsbase bmi1 avx2 smep bmi2 xsaveopt arat npt lbrv svm_lock nrip_save tsc_scale vmcb_clean flushbyasid decodeassists pausefilter pfthreshold avic vgif overflow_recov
bugs		: fxsave_leak sysret_ss_attrs null_seg spectre_v1 spectre_v2 spec_store_bypass
bogomips	: 5392.67
TLB size	: 1536 4K pages
clflush size	: 64
cache_alignment	: 64
address sizes	: 48 bits physical, 48 bits virtual
power management: ts ttp tm 100mhzsteps hwpstate cpb eff_freq_ro acc_power [13]

processor	: 1
vendor_id	: AuthenticAMD
cpu family	: 21
model		: 101
model name	: AMD A12-9720P RADEON R7, 12 COMPUTE CORES 4C+8G
stepping	: 1
microcode	: 0x600611a
cpu MHz		: 3002.666
cache size	: 1024 KB
physical id	: 0
siblings	: 4
core id		: 1
cpu cores	: 2
apicid		: 17
initial apicid	: 1
fpu		: yes
fpu_exception	: yes
cpuid level	: 13
wp		: yes
flags		: fpu vme de pse tsc msr pae mce cx8 apic sep mtrr pge mca cmov pat pse36 clflush mmx fxsr sse sse2 ht syscall nx mmxext fxsr_opt pdpe1gb rdtscp lm constant_tsc rep_good acc_power nopl nonstop_tsc cpuid extd_apicid aperfmperf pni pclmulqdq monitor ssse3 fma cx16 sse4_1 sse4_2 movbe popcnt aes xsave avx f16c lahf_lm cmp_legacy svm extapic cr8_legacy abm sse4a misalignsse 3dnowprefetch osvw ibs xop skinit wdt lwp fma4 tce nodeid_msr tbm topoext perfctr_core perfctr_nb bpext ptsc mwaitx cpb hw_pstate ssbd ibpb vmmcall fsgsbase bmi1 avx2 smep bmi2 xsaveopt arat npt lbrv svm_lock nrip_save tsc_scale vmcb_clean flushbyasid decodeassists pausefilter pfthreshold avic vgif overflow_recov
bugs		: fxsave_leak sysret_ss_attrs null_seg spectre_v1 spectre_v2 spec_store_bypass
bogomips	: 5392.67
TLB size	: 1536 4K pages
clflush size	: 64
cache_alignment	: 64
address sizes	: 48 bits physical, 48 bits virtual
power management: ts ttp tm 100mhzsteps hwpstate cpb eff_freq_ro acc_power [13]

processor	: 2
vendor_id	: AuthenticAMD
cpu family	: 21
model		: 101
model name	: AMD A12-9720P RADEON R7, 12 COMPUTE CORES 4C+8G
stepping	: 1
microcode	: 0x600611a
cpu MHz		: 2415.667
cache size	: 1024 KB
physical id	: 0
siblings	: 4
core id		: 2
cpu cores	: 2
apicid		: 18
initial apicid	: 2
fpu		: yes
fpu_exception	: yes
cpuid level	: 13
wp		: yes
flags		: fpu vme de pse tsc msr pae mce cx8 apic sep mtrr pge mca cmov pat pse36 clflush mmx fxsr sse sse2 ht syscall nx mmxext fxsr_opt pdpe1gb rdtscp lm constant_tsc rep_good acc_power nopl nonstop_tsc cpuid extd_apicid aperfmperf pni pclmulqdq monitor ssse3 fma cx16 sse4_1 sse4_2 movbe popcnt aes xsave avx f16c lahf_lm cmp_legacy svm extapic cr8_legacy abm sse4a misalignsse 3dnowprefetch osvw ibs xop skinit wdt lwp fma4 tce nodeid_msr tbm topoext perfctr_core perfctr_nb bpext ptsc mwaitx cpb hw_pstate ssbd ibpb vmmcall fsgsbase bmi1 avx2 smep bmi2 xsaveopt arat npt lbrv svm_lock nrip_save tsc_scale vmcb_clean flushbyasid decodeassists pausefilter pfthreshold avic vgif overflow_recov
bugs		: fxsave_leak sysret_ss_attrs null_seg spectre_v1 spectre_v2 spec_store_bypass
bogomips	: 5392.67
TLB size	: 1536 4K pages
clflush size	: 64
cache_alignment	: 64
address sizes	: 48 bits physical, 48 bits virtual
power management: ts ttp tm 100mhzsteps hwpstate cpb eff_freq_ro acc_power [13]

processor	: 3
vendor_id	: AuthenticAMD
cpu family	: 21
model		: 101
model name	: AMD A12-9720P RADEON R7, 12 COMPUTE CORES 4C+8G
stepping	: 1
microcode	: 0x600611a
cpu MHz		: 2496.833
cache size	: 1024 KB
physical id	: 0
siblings	: 4
core id		: 3
cpu cores	: 2
apicid		: 19
initial apicid	: 3
fpu		: yes
fpu_exception	: yes
cpuid level	: 13
wp		: yes
flags		: fpu vme de pse tsc msr pae mce cx8 apic sep mtrr pge mca cmov pat pse36 clflush mmx fxsr sse sse2 ht syscall nx mmxext fxsr_opt pdpe1gb rdtscp lm constant_tsc rep_good acc_power nopl nonstop_tsc cpuid extd_apicid aperfmperf pni pclmulqdq monitor ssse3 fma cx16 sse4_1 sse4_2 movbe popcnt aes xsave avx f16c lahf_lm cmp_legacy svm extapic cr8_legacy abm sse4a misalignsse 3dnowprefetch osvw ibs xop skinit wdt lwp fma4 tce nodeid_msr tbm topoext perfctr_core perfctr_nb bpext ptsc mwaitx cpb hw_pstate ssbd ibpb vmmcall fsgsbase bmi1 avx2 smep bmi2 xsaveopt arat npt lbrv svm_lock nrip_save tsc_scale vmcb_clean flushbyasid decodeassists pausefilter pfthreshold avic vgif overflow_recov
bugs		: fxsave_leak sysret_ss_attrs null_seg spectre_v1 spectre_v2 spec_store_bypass
bogomips	: 5392.67
TLB size	: 1536 4K pages
clflush size	: 64
cache_alignment	: 64
address sizes	: 48 bits physical, 48 bits virtual
power management: ts ttp tm 100mhzsteps hwpstate cpb eff_freq_ro acc_power [13]



Memory: 4k page, physical 7658352k(701720k free), swap 8388604k(8388604k free)

vm_info: OpenJDK 64-Bit Server VM (25.265-b01) for linux-amd64 JRE (1.8.0_265-b01), built on Aug 30 2020 10:35:15 by "builduser" with gcc 10.2.0

time: Fri Oct 30 20:07:51 2020
timezone: -03
elapsed time: 12 seconds (0d 0h 0m 12s)

