#
# A fatal error has been detected by the Java Runtime Environment:
#
#  SIGSEGV (0xb) at pc=0x00007f2ac1a09250, pid=11295, tid=0x00007f2aed4c5640
#
# JRE version: OpenJDK Runtime Environment (8.0_265-b01) (build 1.8.0_265-b01)
# Java VM: OpenJDK 64-Bit Server VM (25.265-b01 mixed mode linux-amd64 compressed oops)
# Problematic frame:
# C  [libcplex1261remotejni.so+0x5cb250]  _778d684fa8524f693106ac725e8540d0+0x0
#
# Core dump written. Default location: /home/d4rkwzd/Projects/Netbeans/CplexTSP/core or core.11295
#
# If you would like to submit a bug report, please visit:
#   http://bugreport.java.com/bugreport/crash.jsp
# The crash happened outside the Java Virtual Machine in native code.
# See problematic frame for where to report the bug.
#

---------------  T H R E A D  ---------------

Current thread (0x00007f2ae800a800):  JavaThread "main" [_thread_in_native, id=11297, stack(0x00007f2aed3c6000,0x00007f2aed4c6000)]

siginfo: si_signo: 11 (SIGSEGV), si_code: 1 (SEGV_MAPERR), si_addr: 0x0000000000000008

Registers:
RAX=0x0000000000000000, RBX=0x0000000000000000, RCX=0x7ffffffffcbc3000, RDX=0x00007f2ae82cd860
RSP=0x00007f2aed4c2608, RBP=0x00007f2ae82cb100, RSI=0x00007f2ae82cd860, RDI=0x0000000000000000
R8 =0x00007f2aed4c3620, R9 =0x00007f2ae86c1a10, R10=0x0000000000000002, R11=0x00007f2aee515200
R12=0x00007f2ae8266420, R13=0x00007f2ae82a2230, R14=0x00007f2ae82cd1d0, R15=0x00007f2ae824f270
RIP=0x00007f2ac1a09250, EFLAGS=0x0000000000010293, CSGSFS=0x002b000000000033, ERR=0x0000000000000004
  TRAPNO=0x000000000000000e

Top of Stack: (sp=0x00007f2aed4c2608)
0x00007f2aed4c2608:   00007f2ac19904b6 00007f2a00000002
0x00007f2aed4c2618:   00007f2aed4c3620 0000000000000000
0x00007f2aed4c2628:   00007f2ae8078e10 0000000000000000
0x00007f2aed4c2638:   00007f2ae807b870 00007f2ae807b868
0x00007f2aed4c2648:   00007f2ae8078e18 00007f2ae800a9e0
0x00007f2aed4c2658:   00007f2ac150af36 00007f2ae807b868
0x00007f2aed4c2668:   00007f2ae8078e10 0000000000000000
0x00007f2aed4c2678:   00007f2aed4c2730 0000007300012958
0x00007f2aed4c2688:   00007f2aed4c3620 00007f2ae82a2230
0x00007f2aed4c2698:   0000000000000000 00007f2ae800a9e0
0x00007f2aed4c26a8:   00007f2aed4c3620 00007f2aed4c27e8
0x00007f2aed4c26b8:   7ffffffffcbc3000 0000000011e38f2c
0x00007f2aed4c26c8:   00007f2a00000000 00007f2a00000000
0x00007f2aed4c26d8:   00007f2a00000001 0000000000000000
0x00007f2aed4c26e8:   00007f2ae82cb100 00007f2a00000000
0x00007f2aed4c26f8:   00007f2ae86c1a10 0000000000000000
0x00007f2aed4c2708:   0000000000000000 00007f2ae824f270
0x00007f2aed4c2718:   00007f2ae82cb100 0000000000000002
0x00007f2aed4c2728:   00007f2ae82a2230 00007f2ae82cd1d0
0x00007f2aed4c2738:   00007f2ae824f270 00000000000003ee
0x00007f2aed4c2748:   00007f2ac1a61517 0000000000000002
0x00007f2aed4c2758:   0000000000000000 0000000000000000
0x00007f2aed4c2768:   0000000000000000 00007f2aed4c2f78
0x00007f2aed4c2778:   0000000000000000 0000000000000000
0x00007f2aed4c2788:   0000000000000cea 0000000000000001
0x00007f2aed4c2798:   00007f2ae81b4a40 00000000027cb04f
0x00007f2aed4c27a8:   000000000000046b 0000000000000c14
0x00007f2aed4c27b8:   00007f2ae8a86b90 00007f2ae83ceac8
0x00007f2aed4c27c8:   00007f2ae82cb100 0000000000000000
0x00007f2aed4c27d8:   0000000000000000 0000000000000000
0x00007f2aed4c27e8:   0000000000000000 0000000000000000
0x00007f2aed4c27f8:   0000000000000000 0000000000000000 

Instructions: (pc=0x00007f2ac1a09250)
0x00007f2ac1a09230:   08 f2 0f 58 2d ef 23 a3 00 f2 0f 10 40 40 f2 0f
0x00007f2ac1a09240:   5d c5 c3 90 48 8d 74 26 00 48 8d bf 00 00 00 00
0x00007f2ac1a09250:   48 8b 47 08 83 7f 1c 00 74 06 f2 0f 10 40 38 c3
0x00007f2ac1a09260:   f2 0f 10 40 40 c3 48 89 f6 48 8d bf 00 00 00 00 

Register to memory mapping:

RAX=0x0000000000000000 is an unknown value
RBX=0x0000000000000000 is an unknown value
RCX=0x7ffffffffcbc3000 is an unknown value
RDX=0x00007f2ae82cd860 is an unknown value
RSP=0x00007f2aed4c2608 is pointing into the stack for thread: 0x00007f2ae800a800
RBP=0x00007f2ae82cb100 is an unknown value
RSI=0x00007f2ae82cd860 is an unknown value
RDI=0x0000000000000000 is an unknown value
R8 =0x00007f2aed4c3620 is pointing into the stack for thread: 0x00007f2ae800a800
R9 =0x00007f2ae86c1a10 is an unknown value
R10=0x0000000000000002 is an unknown value
R11=0x00007f2aee515200: <offset 0x197200> in /usr/lib/libc.so.6 at 0x00007f2aee37e000
R12=0x00007f2ae8266420 is an unknown value
R13=0x00007f2ae82a2230 is an unknown value
R14=0x00007f2ae82cd1d0 is an unknown value
R15=0x00007f2ae824f270 is an unknown value


Stack: [0x00007f2aed3c6000,0x00007f2aed4c6000],  sp=0x00007f2aed4c2608,  free space=1009k
Native frames: (J=compiled Java code, j=interpreted, Vv=VM code, C=native code)
C  [libcplex1261remotejni.so+0x5cb250]  _778d684fa8524f693106ac725e8540d0+0x0

Java frames: (J=compiled Java code, j=interpreted, Vv=VM code)
j  ilog.cplex.Cplex.CPXmipopt(JJ)I+0
j  ilog.cplex.CplexI$SolveHandle.start()V+278
j  ilog.cplex.CplexI.solve()V+12
j  ilog.cplex.IloCplex.solve()Z+4
j  v1.Model.main([Ljava/lang/String;)V+509
v  ~StubRoutines::call_stub

---------------  P R O C E S S  ---------------

Java Threads: ( => current thread )
  0x00007f2ae80c8800 JavaThread "Service Thread" daemon [_thread_blocked, id=11312, stack(0x00007f2ac3109000,0x00007f2ac320a000)]
  0x00007f2ae80bd800 JavaThread "C1 CompilerThread2" daemon [_thread_blocked, id=11311, stack(0x00007f2ac320b000,0x00007f2ac330b000)]
  0x00007f2ae80bc000 JavaThread "C2 CompilerThread1" daemon [_thread_blocked, id=11310, stack(0x00007f2ac330c000,0x00007f2ac340c000)]
  0x00007f2ae80b9000 JavaThread "C2 CompilerThread0" daemon [_thread_blocked, id=11309, stack(0x00007f2ac340d000,0x00007f2ac350d000)]
  0x00007f2ae80b7000 JavaThread "Signal Dispatcher" daemon [_thread_blocked, id=11308, stack(0x00007f2ac350d000,0x00007f2ac360e000)]
  0x00007f2ae8085800 JavaThread "Finalizer" daemon [_thread_blocked, id=11306, stack(0x00007f2ac38f9000,0x00007f2ac39fa000)]
  0x00007f2ae8081000 JavaThread "Reference Handler" daemon [_thread_blocked, id=11305, stack(0x00007f2ac39fa000,0x00007f2ac3afb000)]
=>0x00007f2ae800a800 JavaThread "main" [_thread_in_native, id=11297, stack(0x00007f2aed3c6000,0x00007f2aed4c6000)]

Other Threads:
  0x00007f2ae8077800 VMThread [stack: 0x00007f2ac3afc000,0x00007f2ac3bfc000] [id=11304]
  0x00007f2ae80cb000 WatcherThread [stack: 0x00007f2ac3009000,0x00007f2ac3109000] [id=11313]

VM state:not at safepoint (normal execution)

VM Mutex/Monitor currently owned by a thread: None

heap address: 0x000000008b200000, size: 1870 MB, Compressed Oops mode: 32-bit
Narrow klass base: 0x0000000000000000, Narrow klass shift: 3
Compressed class space size: 1073741824 Address: 0x0000000100000000

Heap:
 PSYoungGen      total 35328K, used 10433K [0x00000000d9100000, 0x00000000dd600000, 0x0000000100000000)
  eden space 30720K, 19% used [0x00000000d9100000,0x00000000d96b44f8,0x00000000daf00000)
  from space 4608K, 99% used [0x00000000daf00000,0x00000000db37c070,0x00000000db380000)
  to   space 4608K, 0% used [0x00000000dd180000,0x00000000dd180000,0x00000000dd600000)
 ParOldGen       total 80896K, used 9382K [0x000000008b200000, 0x0000000090100000, 0x00000000d9100000)
  object space 80896K, 11% used [0x000000008b200000,0x000000008bb299a0,0x0000000090100000)
 Metaspace       used 5327K, capacity 5888K, committed 6016K, reserved 1056768K
  class space    used 582K, capacity 624K, committed 640K, reserved 1048576K

Card table byte_map: [0x00007f2aecc0e000,0x00007f2aecfb6000] byte_map_base: 0x00007f2aec7b5000

Marking Bits: (ParMarkBitMap*) 0x00007f2aee30bde0
 Begin Bits: [0x00007f2ac8590000, 0x00007f2aca2c8000)
 End Bits:   [0x00007f2aca2c8000, 0x00007f2acc000000)

Polling page: 0x00007f2aee5d6000

CodeCache: size=245760Kb used=2083Kb max_used=2083Kb free=243676Kb
 bounds [0x00007f2ad9000000, 0x00007f2ad9270000, 0x00007f2ae8000000]
 total_blobs=830 nmethods=395 adapters=351
 compilation: enabled

Compilation events (10 events):
Event: 0,723 Thread 0x00007f2ae80b9000 nmethod 372 0x00007f2ad9200110 code [0x00007f2ad92002e0, 0x00007f2ad9200b08]
Event: 0,793 Thread 0x00007f2ae80bd800  390       1       ilog.cplex.CpxCallback::getWherefrom (5 bytes)
Event: 0,794 Thread 0x00007f2ae80bd800 nmethod 390 0x00007f2ad91ffe50 code [0x00007f2ad91fffa0, 0x00007f2ad92000b0]
Event: 0,803 Thread 0x00007f2ae80bd800  391       3       ilog.cplex.IloCplex$ControlCallback::getValue (16 bytes)
Event: 0,804 Thread 0x00007f2ae80bd800 nmethod 391 0x00007f2ad9209e90 code [0x00007f2ad920a0e0, 0x00007f2ad920b388]
Event: 0,804 Thread 0x00007f2ae80bd800  392       3       ilog.cplex.IloCplex$MIPInfoCallback::getIndex (8 bytes)
Event: 0,805 Thread 0x00007f2ae80bd800 nmethod 392 0x00007f2ad9204550 code [0x00007f2ad92046e0, 0x00007f2ad9204b08]
Event: 0,805 Thread 0x00007f2ae80bd800  393       3       ilog.cplex.CpxCallback::CALL (22 bytes)
Event: 0,806 Thread 0x00007f2ae80bd800 nmethod 393 0x00007f2ad9203710 code [0x00007f2ad92038e0, 0x00007f2ad9204188]
Event: 5,176 Thread 0x00007f2ae80bd800  395       3       java.nio.Buffer::position (43 bytes)

GC Heap History (2 events):
Event: 0,648 GC heap before
{Heap before GC invocations=1 (full 0):
 PSYoungGen      total 35328K, used 30720K [0x00000000d9100000, 0x00000000db800000, 0x0000000100000000)
  eden space 30720K, 100% used [0x00000000d9100000,0x00000000daf00000,0x00000000daf00000)
  from space 4608K, 0% used [0x00000000db380000,0x00000000db380000,0x00000000db800000)
  to   space 4608K, 0% used [0x00000000daf00000,0x00000000daf00000,0x00000000db380000)
 ParOldGen       total 80896K, used 0K [0x000000008b200000, 0x0000000090100000, 0x00000000d9100000)
  object space 80896K, 0% used [0x000000008b200000,0x000000008b200000,0x0000000090100000)
 Metaspace       used 5235K, capacity 5824K, committed 6016K, reserved 1056768K
  class space    used 571K, capacity 624K, committed 640K, reserved 1048576K
Event: 0,671 GC heap after
Heap after GC invocations=1 (full 0):
 PSYoungGen      total 35328K, used 4592K [0x00000000d9100000, 0x00000000dd600000, 0x0000000100000000)
  eden space 30720K, 0% used [0x00000000d9100000,0x00000000d9100000,0x00000000daf00000)
  from space 4608K, 99% used [0x00000000daf00000,0x00000000db37c070,0x00000000db380000)
  to   space 4608K, 0% used [0x00000000dd180000,0x00000000dd180000,0x00000000dd600000)
 ParOldGen       total 80896K, used 9382K [0x000000008b200000, 0x0000000090100000, 0x00000000d9100000)
  object space 80896K, 11% used [0x000000008b200000,0x000000008bb299a0,0x0000000090100000)
 Metaspace       used 5235K, capacity 5824K, committed 6016K, reserved 1056768K
  class space    used 571K, capacity 624K, committed 640K, reserved 1048576K
}

Deoptimization events (1 events):
Event: 4,061 Thread 0x00007f2ae800a800 Uncommon trap: reason=unstable_if action=reinterpret pc=0x00007f2ad91f1c98 method=ilog.cplex.CpxLinearExpr.<init>([D[Lilog/cplex/CpxNumVar;IID)V @ 56

Classes redefined (0 events):
No events

Internal exceptions (8 events):
Event: 0,036 Thread 0x00007f2ae800a800 Exception <a 'java/lang/NoSuchMethodError': Method sun.misc.Unsafe.defineClass(Ljava/lang/String;[BII)Ljava/lang/Class; name or signature does not match> (0x00000000d9107cc0) thrown at [/build/java8-openjdk/src/jdk8u-jdk8u265-b01/hotspot/src/share/vm/prim
Event: 0,036 Thread 0x00007f2ae800a800 Exception <a 'java/lang/NoSuchMethodError': Method sun.misc.Unsafe.prefetchRead(Ljava/lang/Object;J)V name or signature does not match> (0x00000000d9107fa8) thrown at [/build/java8-openjdk/src/jdk8u-jdk8u265-b01/hotspot/src/share/vm/prims/jni.cpp, line 40
Event: 0,192 Thread 0x00007f2ae800a800 Exception <a 'java/security/PrivilegedActionException'> (0x00000000d9255e20) thrown at [/build/java8-openjdk/src/jdk8u-jdk8u265-b01/hotspot/src/share/vm/prims/jvm.cpp, line 1510]
Event: 0,192 Thread 0x00007f2ae800a800 Exception <a 'java/security/PrivilegedActionException'> (0x00000000d9256218) thrown at [/build/java8-openjdk/src/jdk8u-jdk8u265-b01/hotspot/src/share/vm/prims/jvm.cpp, line 1510]
Event: 0,192 Thread 0x00007f2ae800a800 Exception <a 'java/security/PrivilegedActionException'> (0x00000000d92582a0) thrown at [/build/java8-openjdk/src/jdk8u-jdk8u265-b01/hotspot/src/share/vm/prims/jvm.cpp, line 1510]
Event: 0,192 Thread 0x00007f2ae800a800 Exception <a 'java/security/PrivilegedActionException'> (0x00000000d9258698) thrown at [/build/java8-openjdk/src/jdk8u-jdk8u265-b01/hotspot/src/share/vm/prims/jvm.cpp, line 1510]
Event: 0,192 Thread 0x00007f2ae800a800 Exception <a 'java/security/PrivilegedActionException'> (0x00000000d92592e0) thrown at [/build/java8-openjdk/src/jdk8u-jdk8u265-b01/hotspot/src/share/vm/prims/jvm.cpp, line 1510]
Event: 0,192 Thread 0x00007f2ae800a800 Exception <a 'java/security/PrivilegedActionException'> (0x00000000d92596d8) thrown at [/build/java8-openjdk/src/jdk8u-jdk8u265-b01/hotspot/src/share/vm/prims/jvm.cpp, line 1510]

Events (10 events):
Event: 4,060 loading class java/util/ArrayList$SubList done
Event: 4,060 loading class java/util/ArrayList$SubList$1
Event: 4,061 loading class java/util/ListIterator
Event: 4,061 loading class java/util/ListIterator done
Event: 4,061 loading class java/util/ArrayList$SubList$1 done
Event: 4,061 Thread 0x00007f2ae800a800 Uncommon trap: trap_request=0xffffff65 fr.pc=0x00007f2ad91f1c98
Event: 4,061 Thread 0x00007f2ae800a800 DEOPT PACKING pc=0x00007f2ad91f1c98 sp=0x00007f2aed4c1bc0
Event: 4,061 Thread 0x00007f2ae800a800 DEOPT UNPACKING pc=0x00007f2ad904547a sp=0x00007f2aed4c1b58 mode 2
Event: 4,125 Executing VM operation: EnableBiasedLocking
Event: 4,125 Executing VM operation: EnableBiasedLocking done


Dynamic libraries:
8b200000-90100000 rw-p 00000000 00:00 0 
90100000-d9100000 ---p 00000000 00:00 0 
d9100000-dd600000 rw-p 00000000 00:00 0 
dd600000-100000000 ---p 00000000 00:00 0 
100000000-1000a0000 rw-p 00000000 00:00 0 
1000a0000-140000000 ---p 00000000 00:00 0 
5576925ff000-557692600000 r--p 00000000 08:08 1968221                    /usr/lib/jvm/java-8-openjdk/jre/bin/java
557692600000-557692601000 r-xp 00001000 08:08 1968221                    /usr/lib/jvm/java-8-openjdk/jre/bin/java
557692601000-557692602000 r--p 00002000 08:08 1968221                    /usr/lib/jvm/java-8-openjdk/jre/bin/java
557692602000-557692603000 r--p 00002000 08:08 1968221                    /usr/lib/jvm/java-8-openjdk/jre/bin/java
557692603000-557692604000 rw-p 00003000 08:08 1968221                    /usr/lib/jvm/java-8-openjdk/jre/bin/java
557694171000-557694192000 rw-p 00000000 00:00 0                          [heap]
7f2a94000000-7f2a94432000 rw-p 00000000 00:00 0 
7f2a94432000-7f2a98000000 ---p 00000000 00:00 0 
7f2a9b7ff000-7f2a9b800000 ---p 00000000 00:00 0 
7f2a9b800000-7f2a9c000000 rw-p 00000000 00:00 0 
7f2a9c000000-7f2a9c021000 rw-p 00000000 00:00 0 
7f2a9c021000-7f2aa0000000 ---p 00000000 00:00 0 
7f2aa0000000-7f2aa0021000 rw-p 00000000 00:00 0 
7f2aa0021000-7f2aa4000000 ---p 00000000 00:00 0 
7f2aa4000000-7f2aa424d000 rw-p 00000000 00:00 0 
7f2aa424d000-7f2aa8000000 ---p 00000000 00:00 0 
7f2aa8000000-7f2aa81f3000 rw-p 00000000 00:00 0 
7f2aa81f3000-7f2aac000000 ---p 00000000 00:00 0 
7f2aac000000-7f2aac021000 rw-p 00000000 00:00 0 
7f2aac021000-7f2ab0000000 ---p 00000000 00:00 0 
7f2ab0000000-7f2ab02c3000 rw-p 00000000 00:00 0 
7f2ab02c3000-7f2ab4000000 ---p 00000000 00:00 0 
7f2ab4000000-7f2ab4021000 rw-p 00000000 00:00 0 
7f2ab4021000-7f2ab8000000 ---p 00000000 00:00 0 
7f2ab8000000-7f2ab8021000 rw-p 00000000 00:00 0 
7f2ab8021000-7f2abc000000 ---p 00000000 00:00 0 
7f2abc000000-7f2abc021000 rw-p 00000000 00:00 0 
7f2abc021000-7f2ac0000000 ---p 00000000 00:00 0 
7f2ac01fc000-7f2ac01fd000 ---p 00000000 00:00 0 
7f2ac01fd000-7f2ac09fd000 rw-p 00000000 00:00 0 
7f2ac09fd000-7f2ac09fe000 ---p 00000000 00:00 0 
7f2ac09fe000-7f2ac0a01000 ---p 00000000 00:00 0 
7f2ac0a01000-7f2ac11fe000 rw-p 00000000 00:00 0 
7f2ac11fe000-7f2ac1201000 r--p 00000000 08:08 528698                     /usr/lib/libgcc_s.so.1
7f2ac1201000-7f2ac1212000 r-xp 00003000 08:08 528698                     /usr/lib/libgcc_s.so.1
7f2ac1212000-7f2ac1216000 r--p 00014000 08:08 528698                     /usr/lib/libgcc_s.so.1
7f2ac1216000-7f2ac1217000 r--p 00017000 08:08 528698                     /usr/lib/libgcc_s.so.1
7f2ac1217000-7f2ac1218000 rw-p 00018000 08:08 528698                     /usr/lib/libgcc_s.so.1
7f2ac121e000-7f2ac12b4000 r--p 00000000 08:08 542368                     /usr/lib/libstdc++.so.6.0.28
7f2ac12b4000-7f2ac13a0000 r-xp 00096000 08:08 542368                     /usr/lib/libstdc++.so.6.0.28
7f2ac13a0000-7f2ac13e9000 r--p 00182000 08:08 542368                     /usr/lib/libstdc++.so.6.0.28
7f2ac13e9000-7f2ac13ea000 ---p 001cb000 08:08 542368                     /usr/lib/libstdc++.so.6.0.28
7f2ac13ea000-7f2ac13f7000 r--p 001cb000 08:08 542368                     /usr/lib/libstdc++.so.6.0.28
7f2ac13f7000-7f2ac13f8000 rw-p 001d8000 08:08 542368                     /usr/lib/libstdc++.so.6.0.28
7f2ac13f8000-7f2ac13fb000 rw-p 00000000 00:00 0 
7f2ac143e000-7f2ac2c0a000 r-xp 00000000 08:08 4995239                    /opt/ibm/ILOG/CPLEX_Studio1261/cplex/bin/x86-64_linux/libcplex1261remotejni.so
7f2ac2c0a000-7f2ac2e0a000 ---p 017cc000 08:08 4995239                    /opt/ibm/ILOG/CPLEX_Studio1261/cplex/bin/x86-64_linux/libcplex1261remotejni.so
7f2ac2e0a000-7f2ac2e0b000 r--p 017cc000 08:08 4995239                    /opt/ibm/ILOG/CPLEX_Studio1261/cplex/bin/x86-64_linux/libcplex1261remotejni.so
7f2ac2e0b000-7f2ac2ff8000 rw-p 017cd000 08:08 4995239                    /opt/ibm/ILOG/CPLEX_Studio1261/cplex/bin/x86-64_linux/libcplex1261remotejni.so
7f2ac2ff8000-7f2ac3002000 rw-p 00000000 00:00 0 
7f2ac3008000-7f2ac3009000 ---p 00000000 00:00 0 
7f2ac3009000-7f2ac3109000 rw-p 00000000 00:00 0 
7f2ac3109000-7f2ac310c000 ---p 00000000 00:00 0 
7f2ac310c000-7f2ac320a000 rw-p 00000000 00:00 0 
7f2ac320a000-7f2ac320b000 ---p 00000000 00:00 0 
7f2ac320b000-7f2ac320e000 ---p 00000000 00:00 0 
7f2ac320e000-7f2ac330b000 rw-p 00000000 00:00 0 
7f2ac330b000-7f2ac330c000 ---p 00000000 00:00 0 
7f2ac330c000-7f2ac330f000 ---p 00000000 00:00 0 
7f2ac330f000-7f2ac340c000 rw-p 00000000 00:00 0 
7f2ac340c000-7f2ac340d000 ---p 00000000 00:00 0 
7f2ac340d000-7f2ac3410000 ---p 00000000 00:00 0 
7f2ac3410000-7f2ac350d000 rw-p 00000000 00:00 0 
7f2ac350d000-7f2ac3510000 ---p 00000000 00:00 0 
7f2ac3510000-7f2ac360e000 rw-p 00000000 00:00 0 
7f2ac360e000-7f2ac38f6000 r--p 00000000 08:08 543246                     /usr/lib/locale/locale-archive
7f2ac38f9000-7f2ac38fc000 ---p 00000000 00:00 0 
7f2ac38fc000-7f2ac39fa000 rw-p 00000000 00:00 0 
7f2ac39fa000-7f2ac39fd000 ---p 00000000 00:00 0 
7f2ac39fd000-7f2ac3afb000 rw-p 00000000 00:00 0 
7f2ac3afb000-7f2ac3afc000 ---p 00000000 00:00 0 
7f2ac3afc000-7f2ac4000000 rw-p 00000000 00:00 0 
7f2ac4000000-7f2ac4021000 rw-p 00000000 00:00 0 
7f2ac4021000-7f2ac8000000 ---p 00000000 00:00 0 
7f2ac8015000-7f2ac8046000 rw-p 00000000 00:00 0 
7f2ac8046000-7f2ac804b000 r--p 00000000 08:08 2234337                    /usr/lib/jvm/java-8-openjdk/jre/lib/amd64/libnet.so
7f2ac804b000-7f2ac805b000 r-xp 00005000 08:08 2234337                    /usr/lib/jvm/java-8-openjdk/jre/lib/amd64/libnet.so
7f2ac805b000-7f2ac805f000 r--p 00015000 08:08 2234337                    /usr/lib/jvm/java-8-openjdk/jre/lib/amd64/libnet.so
7f2ac805f000-7f2ac8060000 r--p 00018000 08:08 2234337                    /usr/lib/jvm/java-8-openjdk/jre/lib/amd64/libnet.so
7f2ac8060000-7f2ac8061000 rw-p 00019000 08:08 2234337                    /usr/lib/jvm/java-8-openjdk/jre/lib/amd64/libnet.so
7f2ac8066000-7f2ac806d000 r--p 00000000 08:08 2234338                    /usr/lib/jvm/java-8-openjdk/jre/lib/amd64/libnio.so
7f2ac806d000-7f2ac8075000 r-xp 00007000 08:08 2234338                    /usr/lib/jvm/java-8-openjdk/jre/lib/amd64/libnio.so
7f2ac8075000-7f2ac8078000 r--p 0000f000 08:08 2234338                    /usr/lib/jvm/java-8-openjdk/jre/lib/amd64/libnio.so
7f2ac8078000-7f2ac8079000 ---p 00012000 08:08 2234338                    /usr/lib/jvm/java-8-openjdk/jre/lib/amd64/libnio.so
7f2ac8079000-7f2ac807a000 r--p 00012000 08:08 2234338                    /usr/lib/jvm/java-8-openjdk/jre/lib/amd64/libnio.so
7f2ac807a000-7f2ac807b000 rw-p 00013000 08:08 2234338                    /usr/lib/jvm/java-8-openjdk/jre/lib/amd64/libnio.so
7f2ac807f000-7f2ac808a000 r--s 00071000 08:08 6822920                    /home/d4rkwzd/Projects/Netbeans/CplexTSP/lib/cplex.jar
7f2ac808b000-7f2acc000000 rw-p 00000000 00:00 0 
7f2acc000000-7f2acc021000 rw-p 00000000 00:00 0 
7f2acc021000-7f2ad0000000 ---p 00000000 00:00 0 
7f2ad0000000-7f2ad0021000 rw-p 00000000 00:00 0 
7f2ad0021000-7f2ad4000000 ---p 00000000 00:00 0 
7f2ad4000000-7f2ad4021000 rw-p 00000000 00:00 0 
7f2ad4021000-7f2ad8000000 ---p 00000000 00:00 0 
7f2ad8007000-7f2ad862e000 rw-p 00000000 00:00 0 
7f2ad862e000-7f2ad8800000 r--s 03ca8000 08:08 2099480                    /usr/lib/jvm/java-8-openjdk/jre/lib/rt.jar
7f2ad8800000-7f2ad8d40000 rw-p 00000000 00:00 0 
7f2ad8d40000-7f2ad9000000 ---p 00000000 00:00 0 
7f2ad9000000-7f2ad9270000 rwxp 00000000 00:00 0 
7f2ad9270000-7f2ae8000000 ---p 00000000 00:00 0 
7f2ae8000000-7f2ae8c0e000 rw-p 00000000 00:00 0 
7f2ae8c0e000-7f2aec000000 ---p 00000000 00:00 0 
7f2aec003000-7f2aec59a000 rw-p 00000000 00:00 0 
7f2aec59a000-7f2aec59b000 ---p 00000000 00:00 0 
7f2aec59b000-7f2aec69b000 rw-p 00000000 00:00 0 
7f2aec69b000-7f2aec69c000 ---p 00000000 00:00 0 
7f2aec69c000-7f2aec79c000 rw-p 00000000 00:00 0 
7f2aec79c000-7f2aec79d000 ---p 00000000 00:00 0 
7f2aec79d000-7f2aec89d000 rw-p 00000000 00:00 0 
7f2aec89d000-7f2aec89e000 ---p 00000000 00:00 0 
7f2aec89e000-7f2aec9c6000 rw-p 00000000 00:00 0 
7f2aec9c6000-7f2aecc0e000 ---p 00000000 00:00 0 
7f2aecc0e000-7f2aecc36000 rw-p 00000000 00:00 0 
7f2aecc36000-7f2aece7d000 ---p 00000000 00:00 0 
7f2aece7d000-7f2aecea0000 rw-p 00000000 00:00 0 
7f2aecea0000-7f2aecfb5000 ---p 00000000 00:00 0 
7f2aecfb5000-7f2aecfc0000 rw-p 00000000 00:00 0 
7f2aecfc0000-7f2aed376000 ---p 00000000 00:00 0 
7f2aed376000-7f2aed379000 r--p 00000000 08:08 2234345                    /usr/lib/jvm/java-8-openjdk/jre/lib/amd64/libzip.so
7f2aed379000-7f2aed37d000 r-xp 00003000 08:08 2234345                    /usr/lib/jvm/java-8-openjdk/jre/lib/amd64/libzip.so
7f2aed37d000-7f2aed37f000 r--p 00007000 08:08 2234345                    /usr/lib/jvm/java-8-openjdk/jre/lib/amd64/libzip.so
7f2aed37f000-7f2aed380000 r--p 00008000 08:08 2234345                    /usr/lib/jvm/java-8-openjdk/jre/lib/amd64/libzip.so
7f2aed380000-7f2aed381000 rw-p 00009000 08:08 2234345                    /usr/lib/jvm/java-8-openjdk/jre/lib/amd64/libzip.so
7f2aed386000-7f2aed393000 r--p 00000000 08:08 2234327                    /usr/lib/jvm/java-8-openjdk/jre/lib/amd64/libjava.so
7f2aed393000-7f2aed3a9000 r-xp 0000d000 08:08 2234327                    /usr/lib/jvm/java-8-openjdk/jre/lib/amd64/libjava.so
7f2aed3a9000-7f2aed3b0000 r--p 00023000 08:08 2234327                    /usr/lib/jvm/java-8-openjdk/jre/lib/amd64/libjava.so
7f2aed3b0000-7f2aed3b1000 r--p 00029000 08:08 2234327                    /usr/lib/jvm/java-8-openjdk/jre/lib/amd64/libjava.so
7f2aed3b1000-7f2aed3b2000 rw-p 0002a000 08:08 2234327                    /usr/lib/jvm/java-8-openjdk/jre/lib/amd64/libjava.so
7f2aed3b2000-7f2aed3b3000 rw-p 00000000 00:00 0 
7f2aed3b6000-7f2aed3b9000 r--p 00000000 08:08 541708                     /usr/lib/librt-2.32.so
7f2aed3b9000-7f2aed3bd000 r-xp 00003000 08:08 541708                     /usr/lib/librt-2.32.so
7f2aed3bd000-7f2aed3bf000 r--p 00007000 08:08 541708                     /usr/lib/librt-2.32.so
7f2aed3bf000-7f2aed3c0000 r--p 00008000 08:08 541708                     /usr/lib/librt-2.32.so
7f2aed3c0000-7f2aed3c1000 rw-p 00009000 08:08 541708                     /usr/lib/librt-2.32.so
7f2aed3c5000-7f2aed3c6000 ---p 00000000 00:00 0 
7f2aed3c6000-7f2aed3c9000 ---p 00000000 00:00 0 
7f2aed3c9000-7f2aed4c6000 rw-p 00000000 00:00 0 
7f2aed4c6000-7f2aed4d5000 r--p 00000000 08:08 533040                     /usr/lib/libm-2.32.so
7f2aed4d5000-7f2aed571000 r-xp 0000f000 08:08 533040                     /usr/lib/libm-2.32.so
7f2aed571000-7f2aed60a000 r--p 000ab000 08:08 533040                     /usr/lib/libm-2.32.so
7f2aed60a000-7f2aed60b000 r--p 00143000 08:08 533040                     /usr/lib/libm-2.32.so
7f2aed60b000-7f2aed60c000 rw-p 00144000 08:08 533040                     /usr/lib/libm-2.32.so
7f2aed60e000-7f2aed801000 r--p 00000000 08:08 2493292                    /usr/lib/jvm/java-8-openjdk/jre/lib/amd64/server/libjvm.so
7f2aed801000-7f2aee094000 r-xp 001f3000 08:08 2493292                    /usr/lib/jvm/java-8-openjdk/jre/lib/amd64/server/libjvm.so
7f2aee094000-7f2aee239000 r--p 00a86000 08:08 2493292                    /usr/lib/jvm/java-8-openjdk/jre/lib/amd64/server/libjvm.so
7f2aee239000-7f2aee23a000 ---p 00c2b000 08:08 2493292                    /usr/lib/jvm/java-8-openjdk/jre/lib/amd64/server/libjvm.so
7f2aee23a000-7f2aee2d0000 r--p 00c2b000 08:08 2493292                    /usr/lib/jvm/java-8-openjdk/jre/lib/amd64/server/libjvm.so
7f2aee2d0000-7f2aee2f8000 rw-p 00cc1000 08:08 2493292                    /usr/lib/jvm/java-8-openjdk/jre/lib/amd64/server/libjvm.so
7f2aee2f8000-7f2aee329000 rw-p 00000000 00:00 0 
7f2aee32e000-7f2aee335000 r--p 00000000 08:08 541211                     /usr/lib/libpthread-2.32.so
7f2aee335000-7f2aee345000 r-xp 00007000 08:08 541211                     /usr/lib/libpthread-2.32.so
7f2aee345000-7f2aee34a000 r--p 00017000 08:08 541211                     /usr/lib/libpthread-2.32.so
7f2aee34a000-7f2aee34b000 r--p 0001b000 08:08 541211                     /usr/lib/libpthread-2.32.so
7f2aee34b000-7f2aee34c000 rw-p 0001c000 08:08 541211                     /usr/lib/libpthread-2.32.so
7f2aee34c000-7f2aee350000 rw-p 00000000 00:00 0 
7f2aee356000-7f2aee357000 r--p 00000000 08:08 533029                     /usr/lib/libdl-2.32.so
7f2aee357000-7f2aee359000 r-xp 00001000 08:08 533029                     /usr/lib/libdl-2.32.so
7f2aee359000-7f2aee35a000 r--p 00003000 08:08 533029                     /usr/lib/libdl-2.32.so
7f2aee35a000-7f2aee35b000 r--p 00003000 08:08 533029                     /usr/lib/libdl-2.32.so
7f2aee35b000-7f2aee35c000 rw-p 00004000 08:08 533029                     /usr/lib/libdl-2.32.so
7f2aee35e000-7f2aee361000 r--p 00000000 08:08 534886                     /usr/lib/libz.so.1.2.11
7f2aee361000-7f2aee36f000 r-xp 00003000 08:08 534886                     /usr/lib/libz.so.1.2.11
7f2aee36f000-7f2aee375000 r--p 00011000 08:08 534886                     /usr/lib/libz.so.1.2.11
7f2aee375000-7f2aee376000 ---p 00017000 08:08 534886                     /usr/lib/libz.so.1.2.11
7f2aee376000-7f2aee377000 r--p 00017000 08:08 534886                     /usr/lib/libz.so.1.2.11
7f2aee377000-7f2aee378000 rw-p 00018000 08:08 534886                     /usr/lib/libz.so.1.2.11
7f2aee37e000-7f2aee3a4000 r--p 00000000 08:08 533004                     /usr/lib/libc-2.32.so
7f2aee3a4000-7f2aee4f1000 r-xp 00026000 08:08 533004                     /usr/lib/libc-2.32.so
7f2aee4f1000-7f2aee53d000 r--p 00173000 08:08 533004                     /usr/lib/libc-2.32.so
7f2aee53d000-7f2aee540000 r--p 001be000 08:08 533004                     /usr/lib/libc-2.32.so
7f2aee540000-7f2aee543000 rw-p 001c1000 08:08 533004                     /usr/lib/libc-2.32.so
7f2aee543000-7f2aee547000 rw-p 00000000 00:00 0 
7f2aee556000-7f2aee55e000 rw-s 00000000 00:32 149568                     /tmp/hsperfdata_d4rkwzd/11295
7f2aee55e000-7f2aee561000 r--p 00000000 08:08 540988                     /usr/lib/libnss_files-2.32.so
7f2aee561000-7f2aee568000 r-xp 00003000 08:08 540988                     /usr/lib/libnss_files-2.32.so
7f2aee568000-7f2aee56a000 r--p 0000a000 08:08 540988                     /usr/lib/libnss_files-2.32.so
7f2aee56a000-7f2aee56b000 r--p 0000b000 08:08 540988                     /usr/lib/libnss_files-2.32.so
7f2aee56b000-7f2aee56c000 rw-p 0000c000 08:08 540988                     /usr/lib/libnss_files-2.32.so
7f2aee56c000-7f2aee572000 rw-p 00000000 00:00 0 
7f2aee576000-7f2aee57b000 r--p 00000000 08:08 2234344                    /usr/lib/jvm/java-8-openjdk/jre/lib/amd64/libverify.so
7f2aee57b000-7f2aee582000 r-xp 00005000 08:08 2234344                    /usr/lib/jvm/java-8-openjdk/jre/lib/amd64/libverify.so
7f2aee582000-7f2aee584000 r--p 0000c000 08:08 2234344                    /usr/lib/jvm/java-8-openjdk/jre/lib/amd64/libverify.so
7f2aee584000-7f2aee585000 ---p 0000e000 08:08 2234344                    /usr/lib/jvm/java-8-openjdk/jre/lib/amd64/libverify.so
7f2aee585000-7f2aee587000 r--p 0000e000 08:08 2234344                    /usr/lib/jvm/java-8-openjdk/jre/lib/amd64/libverify.so
7f2aee587000-7f2aee588000 rw-p 00010000 08:08 2234344                    /usr/lib/jvm/java-8-openjdk/jre/lib/amd64/libverify.so
7f2aee58e000-7f2aee591000 r--p 00000000 08:08 2392784                    /usr/lib/jvm/java-8-openjdk/jre/lib/amd64/jli/libjli.so
7f2aee591000-7f2aee59a000 r-xp 00003000 08:08 2392784                    /usr/lib/jvm/java-8-openjdk/jre/lib/amd64/jli/libjli.so
7f2aee59a000-7f2aee59d000 r--p 0000c000 08:08 2392784                    /usr/lib/jvm/java-8-openjdk/jre/lib/amd64/jli/libjli.so
7f2aee59d000-7f2aee59e000 r--p 0000e000 08:08 2392784                    /usr/lib/jvm/java-8-openjdk/jre/lib/amd64/jli/libjli.so
7f2aee59e000-7f2aee59f000 rw-p 0000f000 08:08 2392784                    /usr/lib/jvm/java-8-openjdk/jre/lib/amd64/jli/libjli.so
7f2aee5a6000-7f2aee5a8000 r--p 00000000 08:08 532987                     /usr/lib/ld-2.32.so
7f2aee5a8000-7f2aee5c9000 r-xp 00002000 08:08 532987                     /usr/lib/ld-2.32.so
7f2aee5c9000-7f2aee5d2000 r--p 00023000 08:08 532987                     /usr/lib/ld-2.32.so
7f2aee5d2000-7f2aee5d3000 r--p 0002b000 08:08 532987                     /usr/lib/ld-2.32.so
7f2aee5d3000-7f2aee5d5000 rw-p 0002c000 08:08 532987                     /usr/lib/ld-2.32.so
7f2aee5d5000-7f2aee5d6000 rw-p 00000000 00:00 0 
7f2aee5d6000-7f2aee5d7000 r--p 00000000 00:00 0 
7f2aee5d7000-7f2aee5db000 rw-p 00000000 00:00 0 
7ffda3596000-7ffda35b7000 rw-p 00000000 00:00 0                          [stack]
7ffda35fe000-7ffda3602000 r--p 00000000 00:00 0                          [vvar]
7ffda3602000-7ffda3604000 r-xp 00000000 00:00 0                          [vdso]
ffffffffff600000-ffffffffff601000 --xp 00000000 00:00 0                  [vsyscall]

VM Arguments:
jvm_args: -Dfile.encoding=UTF-8 -Djava.library.path=/opt/ibm/ILOG/CPLEX_Studio1261/cplex/bin/x86-64_linux 
java_command: v1.Model
java_class_path (initial): /home/d4rkwzd/Projects/Netbeans/CplexTSP/lib/cplex.jar:/home/d4rkwzd/Projects/Netbeans/CplexTSP/build/classes
Launcher Type: SUN_STANDARD

Environment Variables:
PATH=/home/d4rkwzd/.local/bin:/usr/local/sbin:/usr/local/bin:/usr/bin:/usr/lib/jvm/default/bin:/usr/bin/site_perl:/usr/bin/vendor_perl:/usr/bin/core_perl:/var/lib/snapd/snap/bin
LD_LIBRARY_PATH=/usr/lib/jvm/default/bin/../jre/lib/amd64:/usr/lib/jvm/default/bin/../jre/lib/i386:
SHELL=/bin/bash
DISPLAY=:0

Signal Handlers:
SIGSEGV: [libjvm.so+0xa50e40], sa_mask[0]=11111111011111111101111111111110, sa_flags=SA_RESTART|SA_SIGINFO
SIGBUS: [libjvm.so+0xa50e40], sa_mask[0]=11111111011111111101111111111110, sa_flags=SA_RESTART|SA_SIGINFO
SIGFPE: [libjvm.so+0x8adfc0], sa_mask[0]=11111111011111111101111111111110, sa_flags=SA_RESTART|SA_SIGINFO
SIGPIPE: [libjvm.so+0x8adfc0], sa_mask[0]=11111111011111111101111111111110, sa_flags=SA_RESTART|SA_SIGINFO
SIGXFSZ: [libjvm.so+0x8adfc0], sa_mask[0]=11111111011111111101111111111110, sa_flags=SA_RESTART|SA_SIGINFO
SIGILL: [libjvm.so+0x8adfc0], sa_mask[0]=11111111011111111101111111111110, sa_flags=SA_RESTART|SA_SIGINFO
SIGUSR1: SIG_DFL, sa_mask[0]=00000000000000000000000000000000, sa_flags=none
SIGUSR2: [libjvm.so+0x8adda0], sa_mask[0]=00100000000000000000000000000000, sa_flags=SA_RESTART|SA_SIGINFO
SIGHUP: [libjvm.so+0x8ae260], sa_mask[0]=11111111011111111101111111111110, sa_flags=SA_RESTART|SA_SIGINFO
SIGINT: SIG_IGN, sa_mask[0]=00000000000000000000000000000000, sa_flags=none
SIGTERM: [libjvm.so+0x8ae260], sa_mask[0]=11111111011111111101111111111110, sa_flags=SA_RESTART|SA_SIGINFO
SIGQUIT: [libjvm.so+0x8ae260], sa_mask[0]=11111111011111111101111111111110, sa_flags=SA_RESTART|SA_SIGINFO


---------------  S Y S T E M  ---------------

OS:DISTRIB_ID=ManjaroLinux
DISTRIB_RELEASE=20.1.2
DISTRIB_CODENAME=Mikah
DISTRIB_DESCRIPTION="Manjaro Linux"

uname:Linux 5.8.16-2-MANJARO #1 SMP PREEMPT Mon Oct 19 11:33:03 UTC 2020 x86_64
libc:glibc 2.32 NPTL 2.32 
rlimit: STACK 8192k, CORE infinity, NPROC 29591, NOFILE 524288, AS infinity
load average:1,00 1,25 1,19

/proc/meminfo:
MemTotal:        7658352 kB
MemFree:          748244 kB
MemAvailable:    3995364 kB
Buffers:          298816 kB
Cached:          2974356 kB
SwapCached:            0 kB
Active:          3702820 kB
Inactive:        2154792 kB
Active(anon):    2597736 kB
Inactive(anon):   254048 kB
Active(file):    1105084 kB
Inactive(file):  1900744 kB
Unevictable:           0 kB
Mlocked:               0 kB
SwapTotal:       8388604 kB
SwapFree:        8388604 kB
Dirty:             21152 kB
Writeback:           128 kB
AnonPages:       2584436 kB
Mapped:          1188812 kB
Shmem:            267348 kB
KReclaimable:     545100 kB
Slab:             639252 kB
SReclaimable:     545100 kB
SUnreclaim:        94152 kB
KernelStack:       12176 kB
PageTables:        36784 kB
NFS_Unstable:          0 kB
Bounce:                0 kB
WritebackTmp:          0 kB
CommitLimit:    12217780 kB
Committed_AS:    9159048 kB
VmallocTotal:   34359738367 kB
VmallocUsed:       43192 kB
VmallocChunk:          0 kB
Percpu:             2624 kB
HardwareCorrupted:     0 kB
AnonHugePages:         0 kB
ShmemHugePages:        0 kB
ShmemPmdMapped:        0 kB
FileHugePages:         0 kB
FilePmdMapped:         0 kB
HugePages_Total:       0
HugePages_Free:        0
HugePages_Rsvd:        0
HugePages_Surp:        0
Hugepagesize:       2048 kB
Hugetlb:               0 kB
DirectMap4k:      630524 kB
DirectMap2M:     7190528 kB
DirectMap1G:     1048576 kB

container (cgroup) information:
container_type: cgroupv1
cpu_cpuset_cpus: 0-3
cpu_memory_nodes: 0
active_processor_count: 4
cpu_quota: -1
cpu_period: 100000
cpu_shares: -1
memory_limit_in_bytes: -1
memory_and_swap_limit_in_bytes: -1
memory_soft_limit_in_bytes: -1
memory_usage_in_bytes: 3782184960
memory_max_usage_in_bytes: 4143890432


CPU:total 4 (initial active 4) (4 cores per cpu, 1 threads per core) family 21 model 101 stepping 1, cmov, cx8, fxsr, mmx, sse, sse2, sse3, ssse3, sse4.1, sse4.2, popcnt, avx, avx2, aes, clmul, mmxext, 3dnowpref, lzcnt, sse4a, tsc, tscinvbit, tscinv, bmi1

/proc/cpuinfo:
processor	: 0
vendor_id	: AuthenticAMD
cpu family	: 21
model		: 101
model name	: AMD A12-9720P RADEON R7, 12 COMPUTE CORES 4C+8G
stepping	: 1
microcode	: 0x600611a
cpu MHz		: 2226.123
cache size	: 1024 KB
physical id	: 0
siblings	: 4
core id		: 0
cpu cores	: 2
apicid		: 16
initial apicid	: 0
fpu		: yes
fpu_exception	: yes
cpuid level	: 13
wp		: yes
flags		: fpu vme de pse tsc msr pae mce cx8 apic sep mtrr pge mca cmov pat pse36 clflush mmx fxsr sse sse2 ht syscall nx mmxext fxsr_opt pdpe1gb rdtscp lm constant_tsc rep_good acc_power nopl nonstop_tsc cpuid extd_apicid aperfmperf pni pclmulqdq monitor ssse3 fma cx16 sse4_1 sse4_2 movbe popcnt aes xsave avx f16c lahf_lm cmp_legacy svm extapic cr8_legacy abm sse4a misalignsse 3dnowprefetch osvw ibs xop skinit wdt lwp fma4 tce nodeid_msr tbm topoext perfctr_core perfctr_nb bpext ptsc mwaitx cpb hw_pstate ssbd ibpb vmmcall fsgsbase bmi1 avx2 smep bmi2 xsaveopt arat npt lbrv svm_lock nrip_save tsc_scale vmcb_clean flushbyasid decodeassists pausefilter pfthreshold avic vgif overflow_recov
bugs		: fxsave_leak sysret_ss_attrs null_seg spectre_v1 spectre_v2 spec_store_bypass
bogomips	: 5392.67
TLB size	: 1536 4K pages
clflush size	: 64
cache_alignment	: 64
address sizes	: 48 bits physical, 48 bits virtual
power management: ts ttp tm 100mhzsteps hwpstate cpb eff_freq_ro acc_power [13]

processor	: 1
vendor_id	: AuthenticAMD
cpu family	: 21
model		: 101
model name	: AMD A12-9720P RADEON R7, 12 COMPUTE CORES 4C+8G
stepping	: 1
microcode	: 0x600611a
cpu MHz		: 2139.379
cache size	: 1024 KB
physical id	: 0
siblings	: 4
core id		: 1
cpu cores	: 2
apicid		: 17
initial apicid	: 1
fpu		: yes
fpu_exception	: yes
cpuid level	: 13
wp		: yes
flags		: fpu vme de pse tsc msr pae mce cx8 apic sep mtrr pge mca cmov pat pse36 clflush mmx fxsr sse sse2 ht syscall nx mmxext fxsr_opt pdpe1gb rdtscp lm constant_tsc rep_good acc_power nopl nonstop_tsc cpuid extd_apicid aperfmperf pni pclmulqdq monitor ssse3 fma cx16 sse4_1 sse4_2 movbe popcnt aes xsave avx f16c lahf_lm cmp_legacy svm extapic cr8_legacy abm sse4a misalignsse 3dnowprefetch osvw ibs xop skinit wdt lwp fma4 tce nodeid_msr tbm topoext perfctr_core perfctr_nb bpext ptsc mwaitx cpb hw_pstate ssbd ibpb vmmcall fsgsbase bmi1 avx2 smep bmi2 xsaveopt arat npt lbrv svm_lock nrip_save tsc_scale vmcb_clean flushbyasid decodeassists pausefilter pfthreshold avic vgif overflow_recov
bugs		: fxsave_leak sysret_ss_attrs null_seg spectre_v1 spectre_v2 spec_store_bypass
bogomips	: 5392.67
TLB size	: 1536 4K pages
clflush size	: 64
cache_alignment	: 64
address sizes	: 48 bits physical, 48 bits virtual
power management: ts ttp tm 100mhzsteps hwpstate cpb eff_freq_ro acc_power [13]

processor	: 2
vendor_id	: AuthenticAMD
cpu family	: 21
model		: 101
model name	: AMD A12-9720P RADEON R7, 12 COMPUTE CORES 4C+8G
stepping	: 1
microcode	: 0x600611a
cpu MHz		: 2894.675
cache size	: 1024 KB
physical id	: 0
siblings	: 4
core id		: 2
cpu cores	: 2
apicid		: 18
initial apicid	: 2
fpu		: yes
fpu_exception	: yes
cpuid level	: 13
wp		: yes
flags		: fpu vme de pse tsc msr pae mce cx8 apic sep mtrr pge mca cmov pat pse36 clflush mmx fxsr sse sse2 ht syscall nx mmxext fxsr_opt pdpe1gb rdtscp lm constant_tsc rep_good acc_power nopl nonstop_tsc cpuid extd_apicid aperfmperf pni pclmulqdq monitor ssse3 fma cx16 sse4_1 sse4_2 movbe popcnt aes xsave avx f16c lahf_lm cmp_legacy svm extapic cr8_legacy abm sse4a misalignsse 3dnowprefetch osvw ibs xop skinit wdt lwp fma4 tce nodeid_msr tbm topoext perfctr_core perfctr_nb bpext ptsc mwaitx cpb hw_pstate ssbd ibpb vmmcall fsgsbase bmi1 avx2 smep bmi2 xsaveopt arat npt lbrv svm_lock nrip_save tsc_scale vmcb_clean flushbyasid decodeassists pausefilter pfthreshold avic vgif overflow_recov
bugs		: fxsave_leak sysret_ss_attrs null_seg spectre_v1 spectre_v2 spec_store_bypass
bogomips	: 5392.67
TLB size	: 1536 4K pages
clflush size	: 64
cache_alignment	: 64
address sizes	: 48 bits physical, 48 bits virtual
power management: ts ttp tm 100mhzsteps hwpstate cpb eff_freq_ro acc_power [13]

processor	: 3
vendor_id	: AuthenticAMD
cpu family	: 21
model		: 101
model name	: AMD A12-9720P RADEON R7, 12 COMPUTE CORES 4C+8G
stepping	: 1
microcode	: 0x600611a
cpu MHz		: 2894.291
cache size	: 1024 KB
physical id	: 0
siblings	: 4
core id		: 3
cpu cores	: 2
apicid		: 19
initial apicid	: 3
fpu		: yes
fpu_exception	: yes
cpuid level	: 13
wp		: yes
flags		: fpu vme de pse tsc msr pae mce cx8 apic sep mtrr pge mca cmov pat pse36 clflush mmx fxsr sse sse2 ht syscall nx mmxext fxsr_opt pdpe1gb rdtscp lm constant_tsc rep_good acc_power nopl nonstop_tsc cpuid extd_apicid aperfmperf pni pclmulqdq monitor ssse3 fma cx16 sse4_1 sse4_2 movbe popcnt aes xsave avx f16c lahf_lm cmp_legacy svm extapic cr8_legacy abm sse4a misalignsse 3dnowprefetch osvw ibs xop skinit wdt lwp fma4 tce nodeid_msr tbm topoext perfctr_core perfctr_nb bpext ptsc mwaitx cpb hw_pstate ssbd ibpb vmmcall fsgsbase bmi1 avx2 smep bmi2 xsaveopt arat npt lbrv svm_lock nrip_save tsc_scale vmcb_clean flushbyasid decodeassists pausefilter pfthreshold avic vgif overflow_recov
bugs		: fxsave_leak sysret_ss_attrs null_seg spectre_v1 spectre_v2 spec_store_bypass
bogomips	: 5392.67
TLB size	: 1536 4K pages
clflush size	: 64
cache_alignment	: 64
address sizes	: 48 bits physical, 48 bits virtual
power management: ts ttp tm 100mhzsteps hwpstate cpb eff_freq_ro acc_power [13]



Memory: 4k page, physical 7658352k(748268k free), swap 8388604k(8388604k free)

vm_info: OpenJDK 64-Bit Server VM (25.265-b01) for linux-amd64 JRE (1.8.0_265-b01), built on Aug 30 2020 10:35:15 by "builduser" with gcc 10.2.0

time: Fri Oct 30 20:15:57 2020
timezone: -03
elapsed time: 5 seconds (0d 0h 0m 5s)

