#
# A fatal error has been detected by the Java Runtime Environment:
#
#  SIGSEGV (0xb) at pc=0x00007fafc9909250, pid=10484, tid=0x00007faff13dd640
#
# JRE version: OpenJDK Runtime Environment (8.0_265-b01) (build 1.8.0_265-b01)
# Java VM: OpenJDK 64-Bit Server VM (25.265-b01 mixed mode linux-amd64 compressed oops)
# Problematic frame:
# C  [libcplex1261remotejni.so+0x5cb250]  _778d684fa8524f693106ac725e8540d0+0x0
#
# Core dump written. Default location: /home/d4rkwzd/Projects/Netbeans/CplexTSP/core or core.10484
#
# If you would like to submit a bug report, please visit:
#   http://bugreport.java.com/bugreport/crash.jsp
# The crash happened outside the Java Virtual Machine in native code.
# See problematic frame for where to report the bug.
#

---------------  T H R E A D  ---------------

Current thread (0x00007fafec00a800):  JavaThread "main" [_thread_in_native, id=10486, stack(0x00007faff12de000,0x00007faff13de000)]

siginfo: si_signo: 11 (SIGSEGV), si_code: 1 (SEGV_MAPERR), si_addr: 0x0000000000000008

Registers:
RAX=0x0000000000000000, RBX=0x0000000000000000, RCX=0x7ffffffffcbc3000, RDX=0x00007fafec18b3a0
RSP=0x00007faff13da608, RBP=0x00007fafec272180, RSI=0x00007fafec18b3a0, RDI=0x0000000000000000
R8 =0x00007faff13db620, R9 =0x00007fafec81b900, R10=0x0000000000000002, R11=0x00007faff242d440
R12=0x00007fafec277310, R13=0x00007fafec28baa0, R14=0x00007fafec194420, R15=0x00007fafec698790
RIP=0x00007fafc9909250, EFLAGS=0x0000000000010293, CSGSFS=0x002b000000000033, ERR=0x0000000000000004
  TRAPNO=0x000000000000000e

Top of Stack: (sp=0x00007faff13da608)
0x00007faff13da608:   00007fafc98904b6 00007faf00000002
0x00007faff13da618:   00007faff13db620 0000000000000000
0x00007faff13da628:   00007fafec078e10 0000000000000000
0x00007faff13da638:   00007fafec07b888 00007fafec07b880
0x00007faff13da648:   00007fafec078e18 00007fafec00a9e0
0x00007faff13da658:   00007fafc940af36 00007fafec07b880
0x00007faff13da668:   00007fafec078e10 0000000000000000
0x00007faff13da678:   00007faff13da730 0000007300012958
0x00007faff13da688:   00007faff13db620 00007fafec28baa0
0x00007faff13da698:   0000000000000000 00007fafec00a9e0
0x00007faff13da6a8:   00007faff13db620 00007faff13da7e8
0x00007faff13da6b8:   7ffffffffcbc3000 0000000011e38f2c
0x00007faff13da6c8:   00007faf00000000 00007faf00000000
0x00007faff13da6d8:   00007faf00000001 0000000000000000
0x00007faff13da6e8:   00007fafec272180 00007faf00000000
0x00007faff13da6f8:   00007fafec81b900 0000000000000000
0x00007faff13da708:   0000000000000000 00007fafec698790
0x00007faff13da718:   00007fafec272180 0000000000000002
0x00007faff13da728:   00007fafec28baa0 00007fafec194420
0x00007faff13da738:   00007fafec698790 00000000000003ee
0x00007faff13da748:   00007fafc9961517 0000000000000002
0x00007faff13da758:   0000000000000000 0000000000000000
0x00007faff13da768:   0000000000000000 00007faff13daf78
0x00007faff13da778:   0000000000000000 0000000000000000
0x00007faff13da788:   0000000000000cea 0000000000000001
0x00007faff13da798:   00007fafec399ec0 00000000027cb04f
0x00007faff13da7a8:   000000000000046b 0000000000000c14
0x00007faff13da7b8:   00007fafeca6d8d0 00007fafec2ac298
0x00007faff13da7c8:   00007fafec272180 0000000000000000
0x00007faff13da7d8:   0000000000000000 0000000000000000
0x00007faff13da7e8:   0000000000000000 0000000000000000
0x00007faff13da7f8:   0000000000000000 0000000000000000 

Instructions: (pc=0x00007fafc9909250)
0x00007fafc9909230:   08 f2 0f 58 2d ef 23 a3 00 f2 0f 10 40 40 f2 0f
0x00007fafc9909240:   5d c5 c3 90 48 8d 74 26 00 48 8d bf 00 00 00 00
0x00007fafc9909250:   48 8b 47 08 83 7f 1c 00 74 06 f2 0f 10 40 38 c3
0x00007fafc9909260:   f2 0f 10 40 40 c3 48 89 f6 48 8d bf 00 00 00 00 

Register to memory mapping:

RAX=0x0000000000000000 is an unknown value
RBX=0x0000000000000000 is an unknown value
RCX=0x7ffffffffcbc3000 is an unknown value
RDX=0x00007fafec18b3a0 is an unknown value
RSP=0x00007faff13da608 is pointing into the stack for thread: 0x00007fafec00a800
RBP=0x00007fafec272180 is an unknown value
RSI=0x00007fafec18b3a0 is an unknown value
RDI=0x0000000000000000 is an unknown value
R8 =0x00007faff13db620 is pointing into the stack for thread: 0x00007fafec00a800
R9 =0x00007fafec81b900 is an unknown value
R10=0x0000000000000002 is an unknown value
R11=0x00007faff242d440: <offset 0x197440> in /usr/lib/libc.so.6 at 0x00007faff2296000
R12=0x00007fafec277310 is an unknown value
R13=0x00007fafec28baa0 is an unknown value
R14=0x00007fafec194420 is an unknown value
R15=0x00007fafec698790 is an unknown value


Stack: [0x00007faff12de000,0x00007faff13de000],  sp=0x00007faff13da608,  free space=1009k
Native frames: (J=compiled Java code, j=interpreted, Vv=VM code, C=native code)
C  [libcplex1261remotejni.so+0x5cb250]  _778d684fa8524f693106ac725e8540d0+0x0

Java frames: (J=compiled Java code, j=interpreted, Vv=VM code)
j  ilog.cplex.Cplex.CPXmipopt(JJ)I+0
j  ilog.cplex.CplexI$SolveHandle.start()V+278
j  ilog.cplex.CplexI.solve()V+12
j  ilog.cplex.IloCplex.solve()Z+4
j  v1.Model.main([Ljava/lang/String;)V+454
v  ~StubRoutines::call_stub

---------------  P R O C E S S  ---------------

Java Threads: ( => current thread )
  0x00007faf94009800 JavaThread "AWT-EventQueue-0" [_thread_blocked, id=10510, stack(0x00007faf9e4fd000,0x00007faf9e5fe000)]
  0x00007fafecbb3000 JavaThread "AWT-Shutdown" [_thread_blocked, id=10509, stack(0x00007faf9e9ed000,0x00007faf9eaee000)]
  0x00007fafecb20000 JavaThread "AWT-XAWT" daemon [_thread_in_native, id=10508, stack(0x00007faf9efa5000,0x00007faf9f0a6000)]
  0x00007fafecaf5000 JavaThread "Java2D Disposer" daemon [_thread_blocked, id=10507, stack(0x00007faf9f0b5000,0x00007faf9f1b6000)]
  0x00007fafec0c0800 JavaThread "Service Thread" daemon [_thread_blocked, id=10502, stack(0x00007fafcb009000,0x00007fafcb10a000)]
  0x00007fafec0bd800 JavaThread "C1 CompilerThread2" daemon [_thread_blocked, id=10501, stack(0x00007fafcb10b000,0x00007fafcb20b000)]
  0x00007fafec0bc000 JavaThread "C2 CompilerThread1" daemon [_thread_blocked, id=10500, stack(0x00007fafcb20c000,0x00007fafcb30c000)]
  0x00007fafec0b9000 JavaThread "C2 CompilerThread0" daemon [_thread_blocked, id=10499, stack(0x00007fafcb30d000,0x00007fafcb40d000)]
  0x00007fafec0b7000 JavaThread "Signal Dispatcher" daemon [_thread_blocked, id=10498, stack(0x00007fafcb40d000,0x00007fafcb50e000)]
  0x00007fafec085800 JavaThread "Finalizer" daemon [_thread_blocked, id=10496, stack(0x00007fafcb7f8000,0x00007fafcb8f9000)]
  0x00007fafec081000 JavaThread "Reference Handler" daemon [_thread_blocked, id=10495, stack(0x00007fafcb8f9000,0x00007fafcb9fa000)]
=>0x00007fafec00a800 JavaThread "main" [_thread_in_native, id=10486, stack(0x00007faff12de000,0x00007faff13de000)]

Other Threads:
  0x00007fafec077800 VMThread [stack: 0x00007fafcb9fb000,0x00007fafcbafb000] [id=10494]
  0x00007fafec0c3000 WatcherThread [stack: 0x00007fafcaf09000,0x00007fafcb009000] [id=10503]

VM state:not at safepoint (normal execution)

VM Mutex/Monitor currently owned by a thread: None

heap address: 0x000000008b200000, size: 1870 MB, Compressed Oops mode: 32-bit
Narrow klass base: 0x0000000000000000, Narrow klass shift: 3
Compressed class space size: 1073741824 Address: 0x0000000100000000

Heap:
 PSYoungGen      total 66048K, used 7746K [0x00000000d9100000, 0x00000000dd600000, 0x0000000100000000)
  eden space 61440K, 5% used [0x00000000d9100000,0x00000000d94152d0,0x00000000dcd00000)
  from space 4608K, 99% used [0x00000000dd180000,0x00000000dd5fb730,0x00000000dd600000)
  to   space 4608K, 0% used [0x00000000dcd00000,0x00000000dcd00000,0x00000000dd180000)
 ParOldGen       total 80896K, used 15328K [0x000000008b200000, 0x0000000090100000, 0x00000000d9100000)
  object space 80896K, 18% used [0x000000008b200000,0x000000008c0f82b0,0x0000000090100000)
 Metaspace       used 12357K, capacity 12568K, committed 12800K, reserved 1060864K
  class space    used 1340K, capacity 1421K, committed 1536K, reserved 1048576K

Card table byte_map: [0x00007faff0b26000,0x00007faff0ece000] byte_map_base: 0x00007faff06cd000

Marking Bits: (ParMarkBitMap*) 0x00007faff2223de0
 Begin Bits: [0x00007fafd9590000, 0x00007fafdb2c8000)
 End Bits:   [0x00007fafdb2c8000, 0x00007fafdd000000)

Polling page: 0x00007faff24ef000

CodeCache: size=245760Kb used=4445Kb max_used=4445Kb free=241314Kb
 bounds [0x00007fafdd000000, 0x00007fafdd460000, 0x00007fafec000000]
 total_blobs=1957 nmethods=1298 adapters=575
 compilation: enabled

Compilation events (10 events):
Event: 10,112 Thread 0x00007fafec0bd800 1294       3       java.security.AccessControlContext::<init> (63 bytes)
Event: 10,113 Thread 0x00007fafec0bd800 nmethod 1294 0x00007fafdd4474d0 code [0x00007fafdd447660, 0x00007fafdd447a48]
Event: 10,113 Thread 0x00007fafec0bd800 1295       3       sun.awt.X11.XDropTargetEventProcessor::processEvent (18 bytes)
Event: 10,113 Thread 0x00007fafec0bd800 nmethod 1295 0x00007fafdd4470d0 code [0x00007fafdd447240, 0x00007fafdd447428]
Event: 10,113 Thread 0x00007fafec0bd800 1296   !   3       sun.awt.X11.XDragSourceContextPeer::doProcessEvent (690 bytes)
Event: 10,133 Thread 0x00007fafec0bd800 nmethod 1296 0x00007fafdd4483d0 code [0x00007fafdd4492e0, 0x00007fafdd452f78]
Event: 10,133 Thread 0x00007fafec0bd800 1297   !   3       sun.awt.X11.XToolkit::notifyListeners (100 bytes)
Event: 10,135 Thread 0x00007fafec0bd800 nmethod 1297 0x00007fafdd4598d0 code [0x00007fafdd459ba0, 0x00007fafdd45ae18]
Event: 10,135 Thread 0x00007fafec0bd800 1298       3       sun.awt.X11.XKeyboardFocusManagerPeer::getInstance (4 bytes)
Event: 10,136 Thread 0x00007fafec0bd800 nmethod 1298 0x00007fafdd446dd0 code [0x00007fafdd446f20, 0x00007fafdd447050]

GC Heap History (4 events):
Event: 0,497 GC heap before
{Heap before GC invocations=1 (full 0):
 PSYoungGen      total 35328K, used 30720K [0x00000000d9100000, 0x00000000db800000, 0x0000000100000000)
  eden space 30720K, 100% used [0x00000000d9100000,0x00000000daf00000,0x00000000daf00000)
  from space 4608K, 0% used [0x00000000db380000,0x00000000db380000,0x00000000db800000)
  to   space 4608K, 0% used [0x00000000daf00000,0x00000000daf00000,0x00000000db380000)
 ParOldGen       total 80896K, used 0K [0x000000008b200000, 0x0000000090100000, 0x00000000d9100000)
  object space 80896K, 0% used [0x000000008b200000,0x000000008b200000,0x0000000090100000)
 Metaspace       used 5235K, capacity 5824K, committed 6016K, reserved 1056768K
  class space    used 571K, capacity 624K, committed 640K, reserved 1048576K
Event: 0,523 GC heap after
Heap after GC invocations=1 (full 0):
 PSYoungGen      total 35328K, used 4576K [0x00000000d9100000, 0x00000000dd600000, 0x0000000100000000)
  eden space 30720K, 0% used [0x00000000d9100000,0x00000000d9100000,0x00000000daf00000)
  from space 4608K, 99% used [0x00000000daf00000,0x00000000db378080,0x00000000db380000)
  to   space 4608K, 0% used [0x00000000dd180000,0x00000000dd180000,0x00000000dd600000)
 ParOldGen       total 80896K, used 9376K [0x000000008b200000, 0x0000000090100000, 0x00000000d9100000)
  object space 80896K, 11% used [0x000000008b200000,0x000000008bb28120,0x0000000090100000)
 Metaspace       used 5235K, capacity 5824K, committed 6016K, reserved 1056768K
  class space    used 571K, capacity 624K, committed 640K, reserved 1048576K
}
Event: 1,587 GC heap before
{Heap before GC invocations=2 (full 0):
 PSYoungGen      total 35328K, used 35296K [0x00000000d9100000, 0x00000000dd600000, 0x0000000100000000)
  eden space 30720K, 100% used [0x00000000d9100000,0x00000000daf00000,0x00000000daf00000)
  from space 4608K, 99% used [0x00000000daf00000,0x00000000db378080,0x00000000db380000)
  to   space 4608K, 0% used [0x00000000dd180000,0x00000000dd180000,0x00000000dd600000)
 ParOldGen       total 80896K, used 9376K [0x000000008b200000, 0x0000000090100000, 0x00000000d9100000)
  object space 80896K, 11% used [0x000000008b200000,0x000000008bb28120,0x0000000090100000)
 Metaspace       used 11392K, capacity 11544K, committed 11904K, reserved 1060864K
  class space    used 1221K, capacity 1293K, committed 1408K, reserved 1048576K
Event: 1,604 GC heap after
Heap after GC invocations=2 (full 0):
 PSYoungGen      total 66048K, used 4589K [0x00000000d9100000, 0x00000000dd600000, 0x0000000100000000)
  eden space 61440K, 0% used [0x00000000d9100000,0x00000000d9100000,0x00000000dcd00000)
  from space 4608K, 99% used [0x00000000dd180000,0x00000000dd5fb730,0x00000000dd600000)
  to   space 4608K, 0% used [0x00000000dcd00000,0x00000000dcd00000,0x00000000dd180000)
 ParOldGen       total 80896K, used 15328K [0x000000008b200000, 0x0000000090100000, 0x00000000d9100000)
  object space 80896K, 18% used [0x000000008b200000,0x000000008c0f82b0,0x0000000090100000)
 Metaspace       used 11392K, capacity 11544K, committed 11904K, reserved 1060864K
  class space    used 1221K, capacity 1293K, committed 1408K, reserved 1048576K
}

Deoptimization events (6 events):
Event: 1,135 Thread 0x00007fafec00a800 Uncommon trap: reason=unstable_if action=reinterpret pc=0x00007fafdd1ac58c method=java.lang.String.startsWith(Ljava/lang/String;I)Z @ 25
Event: 1,345 Thread 0x00007fafec00a800 Uncommon trap: reason=unstable_if action=reinterpret pc=0x00007fafdd30a4a4 method=java.io.BufferedReader.read()I @ 19
Event: 1,416 Thread 0x00007fafec00a800 Uncommon trap: reason=unstable_if action=reinterpret pc=0x00007fafdd33e4b0 method=java.io.StreamTokenizer.nextToken()I @ 248
Event: 1,555 Thread 0x00007fafec00a800 Uncommon trap: reason=unstable_if action=reinterpret pc=0x00007fafdd32b07c method=java.lang.CharacterData.of(I)Ljava/lang/CharacterData; @ 4
Event: 1,649 Thread 0x00007fafecb20000 Uncommon trap: reason=unstable_if action=reinterpret pc=0x00007fafdd374540 method=java.lang.ThreadLocal.get()Ljava/lang/Object; @ 11
Event: 16,411 Thread 0x00007fafec00a800 Uncommon trap: reason=unstable_if action=reinterpret pc=0x00007fafdd1e57d8 method=ilog.cplex.CpxLinearExpr.<init>([D[Lilog/cplex/CpxNumVar;IID)V @ 56

Classes redefined (0 events):
No events

Internal exceptions (10 events):
Event: 0,994 Thread 0x00007fafec00a800 Exception <a 'java/lang/NoSuchFieldError': method resolution failed> (0x00000000d973a320) thrown at [/build/java8-openjdk/src/jdk8u-jdk8u265-b01/hotspot/src/share/vm/prims/methodHandles.cpp, line 1169]
Event: 0,997 Thread 0x00007fafec00a800 Exception <a 'java/lang/NoSuchFieldError': method resolution failed> (0x00000000d9747ac0) thrown at [/build/java8-openjdk/src/jdk8u-jdk8u265-b01/hotspot/src/share/vm/prims/methodHandles.cpp, line 1169]
Event: 1,028 Thread 0x00007fafec00a800 Exception <a 'java/io/FileNotFoundException'> (0x00000000d97c61c0) thrown at [/build/java8-openjdk/src/jdk8u-jdk8u265-b01/hotspot/src/share/vm/prims/jni.cpp, line 711]
Event: 1,028 Thread 0x00007fafec00a800 Exception <a 'java/io/FileNotFoundException'> (0x00000000d97c6b78) thrown at [/build/java8-openjdk/src/jdk8u-jdk8u265-b01/hotspot/src/share/vm/prims/jni.cpp, line 711]
Event: 1,044 Thread 0x00007fafec00a800 Exception <a 'java/lang/ClassNotFoundException': sun/dc/DuctusRenderingEngine> (0x00000000d97df5d0) thrown at [/build/java8-openjdk/src/jdk8u-jdk8u265-b01/hotspot/src/share/vm/classfile/systemDictionary.cpp, line 215]
Event: 1,505 Thread 0x00007fafec00a800 Exception <a 'java/io/FileNotFoundException'> (0x00000000da750a18) thrown at [/build/java8-openjdk/src/jdk8u-jdk8u265-b01/hotspot/src/share/vm/prims/jni.cpp, line 711]
Event: 1,506 Thread 0x00007fafec00a800 Implicit null exception at 0x00007fafdd376d86 to 0x00007fafdd37814c
Event: 1,506 Thread 0x00007fafec00a800 Exception <a 'java/lang/NullPointerException'> (0x00000000da751108) thrown at [/build/java8-openjdk/src/jdk8u-jdk8u265-b01/hotspot/src/share/vm/runtime/sharedRuntime.cpp, line 605]
Event: 1,649 Thread 0x00007fafecb20000 Implicit null exception at 0x00007fafdd37449a to 0x00007fafdd37452d
Event: 1,907 Thread 0x00007faf94009800 Exception <a 'java/lang/UnsupportedOperationException': > (0x00000000d93797b0) thrown at [/build/java8-openjdk/src/jdk8u-jdk8u265-b01/hotspot/src/share/vm/prims/jni.cpp, line 738]

Events (10 events):
Event: 10,109 loading class sun/awt/X11/XUnmapEvent done
Event: 10,112 loading class java/awt/event/ContainerEvent
Event: 10,112 loading class java/awt/event/ContainerEvent done
Event: 16,410 loading class java/util/ArrayList$SubList
Event: 16,410 loading class java/util/ArrayList$SubList done
Event: 16,410 loading class java/util/ArrayList$SubList$1
Event: 16,411 loading class java/util/ArrayList$SubList$1 done
Event: 16,411 Thread 0x00007fafec00a800 Uncommon trap: trap_request=0xffffff65 fr.pc=0x00007fafdd1e57d8
Event: 16,411 Thread 0x00007fafec00a800 DEOPT PACKING pc=0x00007fafdd1e57d8 sp=0x00007faff13d9bc0
Event: 16,411 Thread 0x00007fafec00a800 DEOPT UNPACKING pc=0x00007fafdd04547a sp=0x00007faff13d9b58 mode 2


Dynamic libraries:
8b200000-90100000 rw-p 00000000 00:00 0 
90100000-d9100000 ---p 00000000 00:00 0 
d9100000-dd600000 rw-p 00000000 00:00 0 
dd600000-100000000 ---p 00000000 00:00 0 
100000000-100180000 rw-p 00000000 00:00 0 
100180000-140000000 ---p 00000000 00:00 0 
5643dbdc3000-5643dbdc4000 r--p 00000000 08:08 1968221                    /usr/lib/jvm/java-8-openjdk/jre/bin/java
5643dbdc4000-5643dbdc5000 r-xp 00001000 08:08 1968221                    /usr/lib/jvm/java-8-openjdk/jre/bin/java
5643dbdc5000-5643dbdc6000 r--p 00002000 08:08 1968221                    /usr/lib/jvm/java-8-openjdk/jre/bin/java
5643dbdc6000-5643dbdc7000 r--p 00002000 08:08 1968221                    /usr/lib/jvm/java-8-openjdk/jre/bin/java
5643dbdc7000-5643dbdc8000 rw-p 00003000 08:08 1968221                    /usr/lib/jvm/java-8-openjdk/jre/bin/java
5643dc3e4000-5643dc405000 rw-p 00000000 00:00 0                          [heap]
7faf88000000-7faf88021000 rw-p 00000000 00:00 0 
7faf88021000-7faf8c000000 ---p 00000000 00:00 0 
7faf8c000000-7faf8c197000 rw-p 00000000 00:00 0 
7faf8c197000-7faf90000000 ---p 00000000 00:00 0 
7faf90000000-7faf90021000 rw-p 00000000 00:00 0 
7faf90021000-7faf94000000 ---p 00000000 00:00 0 
7faf94000000-7faf94027000 rw-p 00000000 00:00 0 
7faf94027000-7faf98000000 ---p 00000000 00:00 0 
7faf98000000-7faf98432000 rw-p 00000000 00:00 0 
7faf98432000-7faf9c000000 ---p 00000000 00:00 0 
7faf9e4fd000-7faf9e500000 ---p 00000000 00:00 0 
7faf9e500000-7faf9e6fe000 rw-p 00000000 00:00 0 
7faf9e6fe000-7faf9e7fe000 ---p 00000000 00:00 0 
7faf9e7fe000-7faf9e8cb000 r--s 00000000 08:08 6819592                    /home/d4rkwzd/.cache/fontconfig/923e285e415b1073c8df160bee08820f-le64.cache-7
7faf9e97e000-7faf9e9a1000 r--s 00000000 08:08 6427600                    /home/d4rkwzd/.cache/fontconfig/f2e43df3287529323e79e7929dc44cc9-le64.cache-7
7faf9e9a6000-7faf9e9e9000 r--s 00000000 08:08 6837194                    /home/d4rkwzd/.cache/fontconfig/f6b893a7224233d96cb72fd88691c0b4-le64.cache-7
7faf9e9ed000-7faf9e9f0000 ---p 00000000 00:00 0 
7faf9e9f0000-7faf9eaee000 rw-p 00000000 00:00 0 
7faf9eaee000-7faf9ebbb000 r--s 00000000 08:08 6819592                    /home/d4rkwzd/.cache/fontconfig/923e285e415b1073c8df160bee08820f-le64.cache-7
7faf9ebee000-7faf9ebfa000 r--s 00000000 08:08 8394494                    /home/d4rkwzd/.cache/fontconfig/e34e38f5-54d7-4e44-8c93-fc66dea1fd05-le64.cache-7
7faf9ebfe000-7faf9ec0c000 r--s 00000000 08:08 6427565                    /home/d4rkwzd/.cache/fontconfig/491f45a0a771fef1c10b9b647a97fb82-le64.cache-7
7faf9ec0e000-7faf9ec1c000 r--s 00000000 08:08 9059422                    /home/d4rkwzd/.cache/fontconfig/1dce2cb908b447e938fc03acd9b47fcf-le64.cache-7
7faf9ec6e000-7faf9ec91000 r--s 00000000 08:08 6427600                    /home/d4rkwzd/.cache/fontconfig/f2e43df3287529323e79e7929dc44cc9-le64.cache-7
7faf9ec96000-7faf9ecd9000 r--s 00000000 08:08 6837194                    /home/d4rkwzd/.cache/fontconfig/f6b893a7224233d96cb72fd88691c0b4-le64.cache-7
7faf9ece6000-7faf9ece7000 r--s 00000000 08:08 6723690                    /home/d4rkwzd/.cache/fontconfig/40a9d18f2870572023edd72623462882-le64.cache-7
7faf9ecee000-7faf9ecfa000 r--s 00000000 08:08 8394494                    /home/d4rkwzd/.cache/fontconfig/e34e38f5-54d7-4e44-8c93-fc66dea1fd05-le64.cache-7
7faf9ecfe000-7faf9ed04000 r--s 00000000 08:08 8394475                    /home/d4rkwzd/.cache/fontconfig/9495f0af-d109-49f0-abdf-d280bf3e4658-le64.cache-7
7faf9ed06000-7faf9ed14000 r--s 00000000 08:08 6427565                    /home/d4rkwzd/.cache/fontconfig/491f45a0a771fef1c10b9b647a97fb82-le64.cache-7
7faf9ed16000-7faf9ed24000 r--s 00000000 08:08 9059422                    /home/d4rkwzd/.cache/fontconfig/1dce2cb908b447e938fc03acd9b47fcf-le64.cache-7
7faf9ed2e000-7faf9ed34000 r--s 00000000 08:08 8394475                    /home/d4rkwzd/.cache/fontconfig/9495f0af-d109-49f0-abdf-d280bf3e4658-le64.cache-7
7faf9ed66000-7faf9ed67000 r--s 00000000 08:08 6723690                    /home/d4rkwzd/.cache/fontconfig/40a9d18f2870572023edd72623462882-le64.cache-7
7faf9ed6e000-7faf9ed76000 r--s 00000000 08:08 8394507                    /home/d4rkwzd/.cache/fontconfig/4603b67a-335d-4cd8-804e-97e5483fbd43-le64.cache-7
7faf9ed76000-7faf9ed7c000 r--s 00000000 08:08 6837195                    /home/d4rkwzd/.cache/fontconfig/b67b32625a2bb51b023d3814a918f351-le64.cache-7
7faf9ed86000-7faf9ed93000 r--s 00000000 08:08 6723547                    /home/d4rkwzd/.cache/fontconfig/210c0516121708a580e22e6b1f9a103a-le64.cache-7
7faf9ed96000-7faf9ed99000 r--s 00000000 08:08 8262798                    /home/d4rkwzd/.cache/fontconfig/f7f036bb-6cca-4723-a1e5-41b5ef9aba97-le64.cache-7
7faf9ed9e000-7faf9eda3000 r--s 00000000 08:08 6686299                    /home/d4rkwzd/.cache/fontconfig/6ba42ae0000f58711b5caaf10d690066-le64.cache-7
7faf9eda5000-7faf9efa5000 rw-p 00000000 00:00 0 
7faf9efa5000-7faf9efa8000 ---p 00000000 00:00 0 
7faf9efa8000-7faf9f0a6000 rw-p 00000000 00:00 0 
7faf9f0a6000-7faf9f0a8000 r--p 00000000 08:08 530314                     /usr/lib/libXfixes.so.3.1.0
7faf9f0a8000-7faf9f0ab000 r-xp 00002000 08:08 530314                     /usr/lib/libXfixes.so.3.1.0
7faf9f0ab000-7faf9f0ac000 r--p 00005000 08:08 530314                     /usr/lib/libXfixes.so.3.1.0
7faf9f0ac000-7faf9f0ad000 ---p 00006000 08:08 530314                     /usr/lib/libXfixes.so.3.1.0
7faf9f0ad000-7faf9f0ae000 r--p 00006000 08:08 530314                     /usr/lib/libXfixes.so.3.1.0
7faf9f0ae000-7faf9f0af000 rw-p 00007000 08:08 530314                     /usr/lib/libXfixes.so.3.1.0
7faf9f0b5000-7faf9f0b8000 ---p 00000000 00:00 0 
7faf9f0b8000-7faf9f1b6000 rw-p 00000000 00:00 0 
7faf9f1b6000-7faf9f1b8000 r--p 00000000 08:08 528794                     /usr/lib/libpcre.so.1.2.12
7faf9f1b8000-7faf9f208000 r-xp 00002000 08:08 528794                     /usr/lib/libpcre.so.1.2.12
7faf9f208000-7faf9f226000 r--p 00052000 08:08 528794                     /usr/lib/libpcre.so.1.2.12
7faf9f226000-7faf9f227000 r--p 0006f000 08:08 528794                     /usr/lib/libpcre.so.1.2.12
7faf9f227000-7faf9f228000 rw-p 00070000 08:08 528794                     /usr/lib/libpcre.so.1.2.12
7faf9f22e000-7faf9f24a000 r--p 00000000 08:08 539218                     /usr/lib/libglib-2.0.so.0.6600.0
7faf9f24a000-7faf9f2d3000 r-xp 0001c000 08:08 539218                     /usr/lib/libglib-2.0.so.0.6600.0
7faf9f2d3000-7faf9f35a000 r--p 000a5000 08:08 539218                     /usr/lib/libglib-2.0.so.0.6600.0
7faf9f35a000-7faf9f35b000 ---p 0012c000 08:08 539218                     /usr/lib/libglib-2.0.so.0.6600.0
7faf9f35b000-7faf9f35c000 r--p 0012c000 08:08 539218                     /usr/lib/libglib-2.0.so.0.6600.0
7faf9f35c000-7faf9f35d000 rw-p 0012d000 08:08 539218                     /usr/lib/libglib-2.0.so.0.6600.0
7faf9f35d000-7faf9f35e000 rw-p 00000000 00:00 0 
7faf9f35e000-7faf9f361000 r--p 00000000 08:08 539420                     /usr/lib/libgraphite2.so.3.2.1
7faf9f361000-7faf9f37b000 r-xp 00003000 08:08 539420                     /usr/lib/libgraphite2.so.3.2.1
7faf9f37b000-7faf9f380000 r--p 0001d000 08:08 539420                     /usr/lib/libgraphite2.so.3.2.1
7faf9f380000-7faf9f382000 r--p 00021000 08:08 539420                     /usr/lib/libgraphite2.so.3.2.1
7faf9f382000-7faf9f383000 rw-p 00023000 08:08 539420                     /usr/lib/libgraphite2.so.3.2.1
7faf9f386000-7faf9f390000 r--p 00000000 08:08 534806                     /usr/lib/libharfbuzz.so.0.20702.0
7faf9f390000-7faf9f421000 r-xp 0000a000 08:08 534806                     /usr/lib/libharfbuzz.so.0.20702.0
7faf9f421000-7faf9f452000 r--p 0009b000 08:08 534806                     /usr/lib/libharfbuzz.so.0.20702.0
7faf9f452000-7faf9f453000 ---p 000cc000 08:08 534806                     /usr/lib/libharfbuzz.so.0.20702.0
7faf9f453000-7faf9f454000 r--p 000cc000 08:08 534806                     /usr/lib/libharfbuzz.so.0.20702.0
7faf9f454000-7faf9f455000 rw-p 000cd000 08:08 534806                     /usr/lib/libharfbuzz.so.0.20702.0
7faf9f456000-7faf9f45c000 r--p 00000000 08:08 540654                     /usr/lib/libpng16.so.16.37.0
7faf9f45c000-7faf9f480000 r-xp 00006000 08:08 540654                     /usr/lib/libpng16.so.16.37.0
7faf9f480000-7faf9f48b000 r--p 0002a000 08:08 540654                     /usr/lib/libpng16.so.16.37.0
7faf9f48b000-7faf9f48c000 r--p 00034000 08:08 540654                     /usr/lib/libpng16.so.16.37.0
7faf9f48c000-7faf9f48d000 rw-p 00035000 08:08 540654                     /usr/lib/libpng16.so.16.37.0
7faf9f48e000-7faf9f49b000 r--p 00000000 08:08 534798                     /usr/lib/libfreetype.so.6.17.4
7faf9f49b000-7faf9f521000 r-xp 0000d000 08:08 534798                     /usr/lib/libfreetype.so.6.17.4
7faf9f521000-7faf9f559000 r--p 00093000 08:08 534798                     /usr/lib/libfreetype.so.6.17.4
7faf9f559000-7faf9f55a000 ---p 000cb000 08:08 534798                     /usr/lib/libfreetype.so.6.17.4
7faf9f55a000-7faf9f561000 r--p 000cb000 08:08 534798                     /usr/lib/libfreetype.so.6.17.4
7faf9f561000-7faf9f562000 rw-p 000d2000 08:08 534798                     /usr/lib/libfreetype.so.6.17.4
7faf9f566000-7faf9f567000 r--s 00000000 08:08 8262780                    /home/d4rkwzd/.cache/fontconfig/39d28626-d72d-4c49-bb07-79792e77bfbb-le64.cache-7
7faf9f56e000-7faf9f576000 r--s 00000000 08:08 8394507                    /home/d4rkwzd/.cache/fontconfig/4603b67a-335d-4cd8-804e-97e5483fbd43-le64.cache-7
7faf9f576000-7faf9f57c000 r--s 00000000 08:08 6837195                    /home/d4rkwzd/.cache/fontconfig/b67b32625a2bb51b023d3814a918f351-le64.cache-7
7faf9f57e000-7faf9f583000 r--s 00000000 08:08 6686299                    /home/d4rkwzd/.cache/fontconfig/6ba42ae0000f58711b5caaf10d690066-le64.cache-7
7faf9f586000-7faf9f593000 r--s 00000000 08:08 6723547                    /home/d4rkwzd/.cache/fontconfig/210c0516121708a580e22e6b1f9a103a-le64.cache-7
7faf9f596000-7faf9f599000 r--s 00000000 08:08 8262798                    /home/d4rkwzd/.cache/fontconfig/f7f036bb-6cca-4723-a1e5-41b5ef9aba97-le64.cache-7
7faf9f59e000-7faf9f59f000 r--s 00000000 08:08 8262780                    /home/d4rkwzd/.cache/fontconfig/39d28626-d72d-4c49-bb07-79792e77bfbb-le64.cache-7
7faf9f5a6000-7faf9f5af000 r--p 00000000 08:08 2234320                    /usr/lib/jvm/java-8-openjdk/jre/lib/amd64/libfontmanager.so
7faf9f5af000-7faf9f5ea000 r-xp 00009000 08:08 2234320                    /usr/lib/jvm/java-8-openjdk/jre/lib/amd64/libfontmanager.so
7faf9f5ea000-7faf9f60a000 r--p 00044000 08:08 2234320                    /usr/lib/jvm/java-8-openjdk/jre/lib/amd64/libfontmanager.so
7faf9f60a000-7faf9f60e000 r--p 00063000 08:08 2234320                    /usr/lib/jvm/java-8-openjdk/jre/lib/amd64/libfontmanager.so
7faf9f60e000-7faf9f60f000 rw-p 00067000 08:08 2234320                    /usr/lib/jvm/java-8-openjdk/jre/lib/amd64/libfontmanager.so
7faf9f616000-7faf9f618000 r--p 00000000 08:08 526323                     /usr/lib/libXdmcp.so.6.0.0
7faf9f618000-7faf9f61a000 r-xp 00002000 08:08 526323                     /usr/lib/libXdmcp.so.6.0.0
7faf9f61a000-7faf9f61c000 r--p 00004000 08:08 526323                     /usr/lib/libXdmcp.so.6.0.0
7faf9f61c000-7faf9f61d000 r--p 00005000 08:08 526323                     /usr/lib/libXdmcp.so.6.0.0
7faf9f61d000-7faf9f61e000 rw-p 00006000 08:08 526323                     /usr/lib/libXdmcp.so.6.0.0
7faf9f61e000-7faf9f62a000 r--p 00000000 08:08 534635                     /usr/lib/libxcb.so.1.1.0
7faf9f62a000-7faf9f63d000 r-xp 0000c000 08:08 534635                     /usr/lib/libxcb.so.1.1.0
7faf9f63d000-7faf9f646000 r--p 0001f000 08:08 534635                     /usr/lib/libxcb.so.1.1.0
7faf9f646000-7faf9f647000 r--p 00027000 08:08 534635                     /usr/lib/libxcb.so.1.1.0
7faf9f647000-7faf9f648000 rw-p 00028000 08:08 534635                     /usr/lib/libxcb.so.1.1.0
7faf9f64e000-7faf9f66a000 r--p 00000000 08:08 540044                     /usr/lib/libX11.so.6.3.0
7faf9f66a000-7faf9f6f4000 r-xp 0001c000 08:08 540044                     /usr/lib/libX11.so.6.3.0
7faf9f6f4000-7faf9f787000 r--p 000a6000 08:08 540044                     /usr/lib/libX11.so.6.3.0
7faf9f787000-7faf9f788000 ---p 00139000 08:08 540044                     /usr/lib/libX11.so.6.3.0
7faf9f788000-7faf9f78b000 r--p 00139000 08:08 540044                     /usr/lib/libX11.so.6.3.0
7faf9f78b000-7faf9f78f000 rw-p 0013c000 08:08 540044                     /usr/lib/libX11.so.6.3.0
7faf9f796000-7faf9f7a6000 r--p 00000000 08:08 2234318                    /usr/lib/jvm/java-8-openjdk/jre/lib/amd64/libawt_xawt.so
7faf9f7a6000-7faf9f7e2000 r-xp 00010000 08:08 2234318                    /usr/lib/jvm/java-8-openjdk/jre/lib/amd64/libawt_xawt.so
7faf9f7e2000-7faf9f7f3000 r--p 0004c000 08:08 2234318                    /usr/lib/jvm/java-8-openjdk/jre/lib/amd64/libawt_xawt.so
7faf9f7f3000-7faf9f7f4000 ---p 0005d000 08:08 2234318                    /usr/lib/jvm/java-8-openjdk/jre/lib/amd64/libawt_xawt.so
7faf9f7f4000-7faf9f7f5000 r--p 0005d000 08:08 2234318                    /usr/lib/jvm/java-8-openjdk/jre/lib/amd64/libawt_xawt.so
7faf9f7f5000-7faf9f7f7000 rw-p 0005e000 08:08 2234318                    /usr/lib/jvm/java-8-openjdk/jre/lib/amd64/libawt_xawt.so
7faf9f7f7000-7faf9f7f9000 rw-p 00000000 00:00 0 
7faf9f7ff000-7faf9f800000 ---p 00000000 00:00 0 
7faf9f800000-7fafa0000000 rw-p 00000000 00:00 0 
7fafa0000000-7fafa0021000 rw-p 00000000 00:00 0 
7fafa0021000-7fafa4000000 ---p 00000000 00:00 0 
7fafa4000000-7fafa4021000 rw-p 00000000 00:00 0 
7fafa4021000-7fafa8000000 ---p 00000000 00:00 0 
7fafa8000000-7fafa8629000 rw-p 00000000 00:00 0 
7fafa8629000-7fafac000000 ---p 00000000 00:00 0 
7fafac000000-7fafac3fd000 rw-p 00000000 00:00 0 
7fafac3fd000-7fafb0000000 ---p 00000000 00:00 0 
7fafb0000000-7fafb0021000 rw-p 00000000 00:00 0 
7fafb0021000-7fafb4000000 ---p 00000000 00:00 0 
7fafb4000000-7fafb4688000 rw-p 00000000 00:00 0 
7fafb4688000-7fafb8000000 ---p 00000000 00:00 0 
7fafb8000000-7fafb8021000 rw-p 00000000 00:00 0 
7fafb8021000-7fafbc000000 ---p 00000000 00:00 0 
7fafbc000000-7fafbc021000 rw-p 00000000 00:00 0 
7fafbc021000-7fafc0000000 ---p 00000000 00:00 0 
7fafc0000000-7fafc0021000 rw-p 00000000 00:00 0 
7fafc0021000-7fafc4000000 ---p 00000000 00:00 0 
7fafc4000000-7fafc4021000 rw-p 00000000 00:00 0 
7fafc4021000-7fafc8000000 ---p 00000000 00:00 0 
7fafc8006000-7fafc8009000 r--p 00000000 08:08 534706                     /usr/lib/libXi.so.6.1.0
7fafc8009000-7fafc8014000 r-xp 00003000 08:08 534706                     /usr/lib/libXi.so.6.1.0
7fafc8014000-7fafc8017000 r--p 0000e000 08:08 534706                     /usr/lib/libXi.so.6.1.0
7fafc8017000-7fafc8018000 r--p 00010000 08:08 534706                     /usr/lib/libXi.so.6.1.0
7fafc8018000-7fafc8019000 rw-p 00011000 08:08 534706                     /usr/lib/libXi.so.6.1.0
7fafc801e000-7fafc8020000 r--p 00000000 08:08 534692                     /usr/lib/libXrender.so.1.3.0
7fafc8020000-7fafc8027000 r-xp 00002000 08:08 534692                     /usr/lib/libXrender.so.1.3.0
7fafc8027000-7fafc8029000 r--p 00009000 08:08 534692                     /usr/lib/libXrender.so.1.3.0
7fafc8029000-7fafc802a000 r--p 0000a000 08:08 534692                     /usr/lib/libXrender.so.1.3.0
7fafc802a000-7fafc802b000 rw-p 0000b000 08:08 534692                     /usr/lib/libXrender.so.1.3.0
7fafc802e000-7fafc8032000 r--p 00000000 08:08 528425                     /usr/lib/libXext.so.6.4.0
7fafc8032000-7fafc803d000 r-xp 00004000 08:08 528425                     /usr/lib/libXext.so.6.4.0
7fafc803d000-7fafc8041000 r--p 0000f000 08:08 528425                     /usr/lib/libXext.so.6.4.0
7fafc8041000-7fafc8042000 r--p 00012000 08:08 528425                     /usr/lib/libXext.so.6.4.0
7fafc8042000-7fafc8043000 rw-p 00013000 08:08 528425                     /usr/lib/libXext.so.6.4.0
7fafc8046000-7fafc8073000 r--p 00000000 08:08 2234316                    /usr/lib/jvm/java-8-openjdk/jre/lib/amd64/libawt.so
7fafc8073000-7fafc80db000 r-xp 0002d000 08:08 2234316                    /usr/lib/jvm/java-8-openjdk/jre/lib/amd64/libawt.so
7fafc80db000-7fafc80e7000 r--p 00095000 08:08 2234316                    /usr/lib/jvm/java-8-openjdk/jre/lib/amd64/libawt.so
7fafc80e7000-7fafc80e8000 ---p 000a1000 08:08 2234316                    /usr/lib/jvm/java-8-openjdk/jre/lib/amd64/libawt.so
7fafc80e8000-7fafc80e9000 r--p 000a1000 08:08 2234316                    /usr/lib/jvm/java-8-openjdk/jre/lib/amd64/libawt.so
7fafc80e9000-7fafc80f4000 rw-p 000a2000 08:08 2234316                    /usr/lib/jvm/java-8-openjdk/jre/lib/amd64/libawt.so
7fafc80f4000-7fafc8119000 rw-p 00000000 00:00 0 
7fafc811c000-7fafc811d000 ---p 00000000 00:00 0 
7fafc811d000-7fafc891d000 rw-p 00000000 00:00 0 
7fafc891d000-7fafc891e000 ---p 00000000 00:00 0 
7fafc891e000-7fafc8921000 ---p 00000000 00:00 0 
7fafc8921000-7fafc911e000 rw-p 00000000 00:00 0 
7fafc911e000-7fafc91b4000 r--p 00000000 08:08 542368                     /usr/lib/libstdc++.so.6.0.28
7fafc91b4000-7fafc92a0000 r-xp 00096000 08:08 542368                     /usr/lib/libstdc++.so.6.0.28
7fafc92a0000-7fafc92e9000 r--p 00182000 08:08 542368                     /usr/lib/libstdc++.so.6.0.28
7fafc92e9000-7fafc92ea000 ---p 001cb000 08:08 542368                     /usr/lib/libstdc++.so.6.0.28
7fafc92ea000-7fafc92f7000 r--p 001cb000 08:08 542368                     /usr/lib/libstdc++.so.6.0.28
7fafc92f7000-7fafc92f8000 rw-p 001d8000 08:08 542368                     /usr/lib/libstdc++.so.6.0.28
7fafc92f8000-7fafc92fb000 rw-p 00000000 00:00 0 
7fafc92fe000-7fafc9301000 r--p 00000000 08:08 540847                     /usr/lib/libXcursor.so.1.0.2
7fafc9301000-7fafc9306000 r-xp 00003000 08:08 540847                     /usr/lib/libXcursor.so.1.0.2
7fafc9306000-7fafc9308000 r--p 00008000 08:08 540847                     /usr/lib/libXcursor.so.1.0.2
7fafc9308000-7fafc9309000 r--p 00009000 08:08 540847                     /usr/lib/libXcursor.so.1.0.2
7fafc9309000-7fafc930a000 rw-p 0000a000 08:08 540847                     /usr/lib/libXcursor.so.1.0.2
7fafc930e000-7fafc9310000 r--p 00000000 08:08 542154                     /usr/lib/libbz2.so.1.0.8
7fafc9310000-7fafc931d000 r-xp 00002000 08:08 542154                     /usr/lib/libbz2.so.1.0.8
7fafc931d000-7fafc931f000 r--p 0000f000 08:08 542154                     /usr/lib/libbz2.so.1.0.8
7fafc931f000-7fafc9320000 r--p 00010000 08:08 542154                     /usr/lib/libbz2.so.1.0.8
7fafc9320000-7fafc9321000 rw-p 00011000 08:08 542154                     /usr/lib/libbz2.so.1.0.8
7fafc9324000-7fafc9337000 r--s 00346000 08:08 2099479                    /usr/lib/jvm/java-8-openjdk/jre/lib/resources.jar
7fafc933e000-7fafcab0a000 r-xp 00000000 08:08 4995239                    /opt/ibm/ILOG/CPLEX_Studio1261/cplex/bin/x86-64_linux/libcplex1261remotejni.so
7fafcab0a000-7fafcad0a000 ---p 017cc000 08:08 4995239                    /opt/ibm/ILOG/CPLEX_Studio1261/cplex/bin/x86-64_linux/libcplex1261remotejni.so
7fafcad0a000-7fafcad0b000 r--p 017cc000 08:08 4995239                    /opt/ibm/ILOG/CPLEX_Studio1261/cplex/bin/x86-64_linux/libcplex1261remotejni.so
7fafcad0b000-7fafcaef8000 rw-p 017cd000 08:08 4995239                    /opt/ibm/ILOG/CPLEX_Studio1261/cplex/bin/x86-64_linux/libcplex1261remotejni.so
7fafcaef8000-7fafcaf02000 rw-p 00000000 00:00 0 
7fafcaf08000-7fafcaf09000 ---p 00000000 00:00 0 
7fafcaf09000-7fafcb009000 rw-p 00000000 00:00 0 
7fafcb009000-7fafcb00c000 ---p 00000000 00:00 0 
7fafcb00c000-7fafcb10a000 rw-p 00000000 00:00 0 
7fafcb10a000-7fafcb10b000 ---p 00000000 00:00 0 
7fafcb10b000-7fafcb10e000 ---p 00000000 00:00 0 
7fafcb10e000-7fafcb20b000 rw-p 00000000 00:00 0 
7fafcb20b000-7fafcb20c000 ---p 00000000 00:00 0 
7fafcb20c000-7fafcb20f000 ---p 00000000 00:00 0 
7fafcb20f000-7fafcb30c000 rw-p 00000000 00:00 0 
7fafcb30c000-7fafcb30d000 ---p 00000000 00:00 0 
7fafcb30d000-7fafcb310000 ---p 00000000 00:00 0 
7fafcb310000-7fafcb40d000 rw-p 00000000 00:00 0 
7fafcb40d000-7fafcb410000 ---p 00000000 00:00 0 
7fafcb410000-7fafcb50e000 rw-p 00000000 00:00 0 
7fafcb50e000-7fafcb7f6000 r--p 00000000 08:08 543246                     /usr/lib/locale/locale-archive
7fafcb7f8000-7fafcb7fb000 ---p 00000000 00:00 0 
7fafcb7fb000-7fafcb8f9000 rw-p 00000000 00:00 0 
7fafcb8f9000-7fafcb8fc000 ---p 00000000 00:00 0 
7fafcb8fc000-7fafcb9fa000 rw-p 00000000 00:00 0 
7fafcb9fa000-7fafcb9fb000 ---p 00000000 00:00 0 
7fafcb9fb000-7fafcc000000 rw-p 00000000 00:00 0 
7fafcc000000-7fafcc021000 rw-p 00000000 00:00 0 
7fafcc021000-7fafd0000000 ---p 00000000 00:00 0 
7fafd0000000-7fafd0021000 rw-p 00000000 00:00 0 
7fafd0021000-7fafd4000000 ---p 00000000 00:00 0 
7fafd4000000-7fafd4021000 rw-p 00000000 00:00 0 
7fafd4021000-7fafd8000000 ---p 00000000 00:00 0 
7fafd8006000-7fafd8007000 r--p 00000000 08:08 526319                     /usr/lib/libXau.so.6.0.0
7fafd8007000-7fafd8008000 r-xp 00001000 08:08 526319                     /usr/lib/libXau.so.6.0.0
7fafd8008000-7fafd8009000 r--p 00002000 08:08 526319                     /usr/lib/libXau.so.6.0.0
7fafd8009000-7fafd800a000 r--p 00002000 08:08 526319                     /usr/lib/libXau.so.6.0.0
7fafd800a000-7fafd800b000 rw-p 00003000 08:08 526319                     /usr/lib/libXau.so.6.0.0
7fafd800e000-7fafd8011000 r--p 00000000 08:08 528698                     /usr/lib/libgcc_s.so.1
7fafd8011000-7fafd8022000 r-xp 00003000 08:08 528698                     /usr/lib/libgcc_s.so.1
7fafd8022000-7fafd8026000 r--p 00014000 08:08 528698                     /usr/lib/libgcc_s.so.1
7fafd8026000-7fafd8027000 r--p 00017000 08:08 528698                     /usr/lib/libgcc_s.so.1
7fafd8027000-7fafd8028000 rw-p 00018000 08:08 528698                     /usr/lib/libgcc_s.so.1
7fafd802d000-7fafd805e000 rw-p 00000000 00:00 0 
7fafd805e000-7fafd8063000 r--p 00000000 08:08 2234337                    /usr/lib/jvm/java-8-openjdk/jre/lib/amd64/libnet.so
7fafd8063000-7fafd8073000 r-xp 00005000 08:08 2234337                    /usr/lib/jvm/java-8-openjdk/jre/lib/amd64/libnet.so
7fafd8073000-7fafd8077000 r--p 00015000 08:08 2234337                    /usr/lib/jvm/java-8-openjdk/jre/lib/amd64/libnet.so
7fafd8077000-7fafd8078000 r--p 00018000 08:08 2234337                    /usr/lib/jvm/java-8-openjdk/jre/lib/amd64/libnet.so
7fafd8078000-7fafd8079000 rw-p 00019000 08:08 2234337                    /usr/lib/jvm/java-8-openjdk/jre/lib/amd64/libnet.so
7fafd807e000-7fafd8085000 r--p 00000000 08:08 2234338                    /usr/lib/jvm/java-8-openjdk/jre/lib/amd64/libnio.so
7fafd8085000-7fafd808d000 r-xp 00007000 08:08 2234338                    /usr/lib/jvm/java-8-openjdk/jre/lib/amd64/libnio.so
7fafd808d000-7fafd8090000 r--p 0000f000 08:08 2234338                    /usr/lib/jvm/java-8-openjdk/jre/lib/amd64/libnio.so
7fafd8090000-7fafd8091000 ---p 00012000 08:08 2234338                    /usr/lib/jvm/java-8-openjdk/jre/lib/amd64/libnio.so
7fafd8091000-7fafd8092000 r--p 00012000 08:08 2234338                    /usr/lib/jvm/java-8-openjdk/jre/lib/amd64/libnio.so
7fafd8092000-7fafd8093000 rw-p 00013000 08:08 2234338                    /usr/lib/jvm/java-8-openjdk/jre/lib/amd64/libnio.so
7fafd8097000-7fafd8b46000 rw-p 00000000 00:00 0 
7fafd8b46000-7fafd8d18000 r--s 03ca8000 08:08 2099480                    /usr/lib/jvm/java-8-openjdk/jre/lib/rt.jar
7fafd8d1a000-7fafdd000000 rw-p 00000000 00:00 0 
7fafdd000000-7fafdd460000 rwxp 00000000 00:00 0 
7fafdd460000-7fafec000000 ---p 00000000 00:00 0 
7fafec000000-7fafecd1a000 rw-p 00000000 00:00 0 
7fafecd1a000-7faff0000000 ---p 00000000 00:00 0 
7faff0007000-7faff0012000 r--s 00071000 08:08 6822920                    /home/d4rkwzd/Projects/Netbeans/CplexTSP/lib/cplex.jar
7faff0015000-7faff04b2000 rw-p 00000000 00:00 0 
7faff04b2000-7faff04b3000 ---p 00000000 00:00 0 
7faff04b3000-7faff05b3000 rw-p 00000000 00:00 0 
7faff05b3000-7faff05b4000 ---p 00000000 00:00 0 
7faff05b4000-7faff06b4000 rw-p 00000000 00:00 0 
7faff06b4000-7faff06b5000 ---p 00000000 00:00 0 
7faff06b5000-7faff07b5000 rw-p 00000000 00:00 0 
7faff07b5000-7faff07b6000 ---p 00000000 00:00 0 
7faff07b6000-7faff08de000 rw-p 00000000 00:00 0 
7faff08de000-7faff0b26000 ---p 00000000 00:00 0 
7faff0b26000-7faff0b4e000 rw-p 00000000 00:00 0 
7faff0b4e000-7faff0d95000 ---p 00000000 00:00 0 
7faff0d95000-7faff0db8000 rw-p 00000000 00:00 0 
7faff0db8000-7faff0ecd000 ---p 00000000 00:00 0 
7faff0ecd000-7faff0ee0000 rw-p 00000000 00:00 0 
7faff0ee0000-7faff128e000 ---p 00000000 00:00 0 
7faff128e000-7faff1291000 r--p 00000000 08:08 2234345                    /usr/lib/jvm/java-8-openjdk/jre/lib/amd64/libzip.so
7faff1291000-7faff1295000 r-xp 00003000 08:08 2234345                    /usr/lib/jvm/java-8-openjdk/jre/lib/amd64/libzip.so
7faff1295000-7faff1297000 r--p 00007000 08:08 2234345                    /usr/lib/jvm/java-8-openjdk/jre/lib/amd64/libzip.so
7faff1297000-7faff1298000 r--p 00008000 08:08 2234345                    /usr/lib/jvm/java-8-openjdk/jre/lib/amd64/libzip.so
7faff1298000-7faff1299000 rw-p 00009000 08:08 2234345                    /usr/lib/jvm/java-8-openjdk/jre/lib/amd64/libzip.so
7faff129e000-7faff12ab000 r--p 00000000 08:08 2234327                    /usr/lib/jvm/java-8-openjdk/jre/lib/amd64/libjava.so
7faff12ab000-7faff12c1000 r-xp 0000d000 08:08 2234327                    /usr/lib/jvm/java-8-openjdk/jre/lib/amd64/libjava.so
7faff12c1000-7faff12c8000 r--p 00023000 08:08 2234327                    /usr/lib/jvm/java-8-openjdk/jre/lib/amd64/libjava.so
7faff12c8000-7faff12c9000 r--p 00029000 08:08 2234327                    /usr/lib/jvm/java-8-openjdk/jre/lib/amd64/libjava.so
7faff12c9000-7faff12ca000 rw-p 0002a000 08:08 2234327                    /usr/lib/jvm/java-8-openjdk/jre/lib/amd64/libjava.so
7faff12ca000-7faff12cb000 rw-p 00000000 00:00 0 
7faff12ce000-7faff12d1000 r--p 00000000 08:08 541708                     /usr/lib/librt-2.32.so
7faff12d1000-7faff12d5000 r-xp 00003000 08:08 541708                     /usr/lib/librt-2.32.so
7faff12d5000-7faff12d7000 r--p 00007000 08:08 541708                     /usr/lib/librt-2.32.so
7faff12d7000-7faff12d8000 r--p 00008000 08:08 541708                     /usr/lib/librt-2.32.so
7faff12d8000-7faff12d9000 rw-p 00009000 08:08 541708                     /usr/lib/librt-2.32.so
7faff12dd000-7faff12de000 ---p 00000000 00:00 0 
7faff12de000-7faff12e1000 ---p 00000000 00:00 0 
7faff12e1000-7faff13de000 rw-p 00000000 00:00 0 
7faff13de000-7faff13ed000 r--p 00000000 08:08 533040                     /usr/lib/libm-2.32.so
7faff13ed000-7faff1489000 r-xp 0000f000 08:08 533040                     /usr/lib/libm-2.32.so
7faff1489000-7faff1522000 r--p 000ab000 08:08 533040                     /usr/lib/libm-2.32.so
7faff1522000-7faff1523000 r--p 00143000 08:08 533040                     /usr/lib/libm-2.32.so
7faff1523000-7faff1524000 rw-p 00144000 08:08 533040                     /usr/lib/libm-2.32.so
7faff1526000-7faff1719000 r--p 00000000 08:08 2493292                    /usr/lib/jvm/java-8-openjdk/jre/lib/amd64/server/libjvm.so
7faff1719000-7faff1fac000 r-xp 001f3000 08:08 2493292                    /usr/lib/jvm/java-8-openjdk/jre/lib/amd64/server/libjvm.so
7faff1fac000-7faff2151000 r--p 00a86000 08:08 2493292                    /usr/lib/jvm/java-8-openjdk/jre/lib/amd64/server/libjvm.so
7faff2151000-7faff2152000 ---p 00c2b000 08:08 2493292                    /usr/lib/jvm/java-8-openjdk/jre/lib/amd64/server/libjvm.so
7faff2152000-7faff21e8000 r--p 00c2b000 08:08 2493292                    /usr/lib/jvm/java-8-openjdk/jre/lib/amd64/server/libjvm.so
7faff21e8000-7faff2210000 rw-p 00cc1000 08:08 2493292                    /usr/lib/jvm/java-8-openjdk/jre/lib/amd64/server/libjvm.so
7faff2210000-7faff2241000 rw-p 00000000 00:00 0 
7faff2246000-7faff224d000 r--p 00000000 08:08 541211                     /usr/lib/libpthread-2.32.so
7faff224d000-7faff225d000 r-xp 00007000 08:08 541211                     /usr/lib/libpthread-2.32.so
7faff225d000-7faff2262000 r--p 00017000 08:08 541211                     /usr/lib/libpthread-2.32.so
7faff2262000-7faff2263000 r--p 0001b000 08:08 541211                     /usr/lib/libpthread-2.32.so
7faff2263000-7faff2264000 rw-p 0001c000 08:08 541211                     /usr/lib/libpthread-2.32.so
7faff2264000-7faff2268000 rw-p 00000000 00:00 0 
7faff226e000-7faff226f000 r--p 00000000 08:08 533029                     /usr/lib/libdl-2.32.so
7faff226f000-7faff2271000 r-xp 00001000 08:08 533029                     /usr/lib/libdl-2.32.so
7faff2271000-7faff2272000 r--p 00003000 08:08 533029                     /usr/lib/libdl-2.32.so
7faff2272000-7faff2273000 r--p 00003000 08:08 533029                     /usr/lib/libdl-2.32.so
7faff2273000-7faff2274000 rw-p 00004000 08:08 533029                     /usr/lib/libdl-2.32.so
7faff2276000-7faff2279000 r--p 00000000 08:08 534886                     /usr/lib/libz.so.1.2.11
7faff2279000-7faff2287000 r-xp 00003000 08:08 534886                     /usr/lib/libz.so.1.2.11
7faff2287000-7faff228d000 r--p 00011000 08:08 534886                     /usr/lib/libz.so.1.2.11
7faff228d000-7faff228e000 ---p 00017000 08:08 534886                     /usr/lib/libz.so.1.2.11
7faff228e000-7faff228f000 r--p 00017000 08:08 534886                     /usr/lib/libz.so.1.2.11
7faff228f000-7faff2290000 rw-p 00018000 08:08 534886                     /usr/lib/libz.so.1.2.11
7faff2296000-7faff22bc000 r--p 00000000 08:08 533004                     /usr/lib/libc-2.32.so
7faff22bc000-7faff2409000 r-xp 00026000 08:08 533004                     /usr/lib/libc-2.32.so
7faff2409000-7faff2455000 r--p 00173000 08:08 533004                     /usr/lib/libc-2.32.so
7faff2455000-7faff2458000 r--p 001be000 08:08 533004                     /usr/lib/libc-2.32.so
7faff2458000-7faff245b000 rw-p 001c1000 08:08 533004                     /usr/lib/libc-2.32.so
7faff245b000-7faff245f000 rw-p 00000000 00:00 0 
7faff2466000-7faff2468000 r--p 00000000 08:08 539191                     /usr/lib/libXtst.so.6.1.0
7faff2468000-7faff246b000 r-xp 00002000 08:08 539191                     /usr/lib/libXtst.so.6.1.0
7faff246b000-7faff246c000 r--p 00005000 08:08 539191                     /usr/lib/libXtst.so.6.1.0
7faff246c000-7faff246d000 r--p 00005000 08:08 539191                     /usr/lib/libXtst.so.6.1.0
7faff246d000-7faff246e000 rw-p 00006000 08:08 539191                     /usr/lib/libXtst.so.6.1.0
7faff246e000-7faff2476000 rw-s 00000000 00:32 135105                     /tmp/hsperfdata_d4rkwzd/10484
7faff2476000-7faff2479000 r--p 00000000 08:08 540988                     /usr/lib/libnss_files-2.32.so
7faff2479000-7faff2480000 r-xp 00003000 08:08 540988                     /usr/lib/libnss_files-2.32.so
7faff2480000-7faff2482000 r--p 0000a000 08:08 540988                     /usr/lib/libnss_files-2.32.so
7faff2482000-7faff2483000 r--p 0000b000 08:08 540988                     /usr/lib/libnss_files-2.32.so
7faff2483000-7faff2484000 rw-p 0000c000 08:08 540988                     /usr/lib/libnss_files-2.32.so
7faff2484000-7faff248a000 rw-p 00000000 00:00 0 
7faff248e000-7faff2493000 r--p 00000000 08:08 2234344                    /usr/lib/jvm/java-8-openjdk/jre/lib/amd64/libverify.so
7faff2493000-7faff249a000 r-xp 00005000 08:08 2234344                    /usr/lib/jvm/java-8-openjdk/jre/lib/amd64/libverify.so
7faff249a000-7faff249c000 r--p 0000c000 08:08 2234344                    /usr/lib/jvm/java-8-openjdk/jre/lib/amd64/libverify.so
7faff249c000-7faff249d000 ---p 0000e000 08:08 2234344                    /usr/lib/jvm/java-8-openjdk/jre/lib/amd64/libverify.so
7faff249d000-7faff249f000 r--p 0000e000 08:08 2234344                    /usr/lib/jvm/java-8-openjdk/jre/lib/amd64/libverify.so
7faff249f000-7faff24a0000 rw-p 00010000 08:08 2234344                    /usr/lib/jvm/java-8-openjdk/jre/lib/amd64/libverify.so
7faff24a6000-7faff24a9000 r--p 00000000 08:08 2392784                    /usr/lib/jvm/java-8-openjdk/jre/lib/amd64/jli/libjli.so
7faff24a9000-7faff24b2000 r-xp 00003000 08:08 2392784                    /usr/lib/jvm/java-8-openjdk/jre/lib/amd64/jli/libjli.so
7faff24b2000-7faff24b5000 r--p 0000c000 08:08 2392784                    /usr/lib/jvm/java-8-openjdk/jre/lib/amd64/jli/libjli.so
7faff24b5000-7faff24b6000 r--p 0000e000 08:08 2392784                    /usr/lib/jvm/java-8-openjdk/jre/lib/amd64/jli/libjli.so
7faff24b6000-7faff24b7000 rw-p 0000f000 08:08 2392784                    /usr/lib/jvm/java-8-openjdk/jre/lib/amd64/jli/libjli.so
7faff24be000-7faff24c0000 r--p 00000000 08:08 532987                     /usr/lib/ld-2.32.so
7faff24c0000-7faff24e1000 r-xp 00002000 08:08 532987                     /usr/lib/ld-2.32.so
7faff24e1000-7faff24ea000 r--p 00023000 08:08 532987                     /usr/lib/ld-2.32.so
7faff24ea000-7faff24eb000 r--p 0002b000 08:08 532987                     /usr/lib/ld-2.32.so
7faff24eb000-7faff24ed000 rw-p 0002c000 08:08 532987                     /usr/lib/ld-2.32.so
7faff24ee000-7faff24ef000 rw-p 00000000 00:00 0 
7faff24ef000-7faff24f0000 r--p 00000000 00:00 0 
7faff24f0000-7faff24f4000 rw-p 00000000 00:00 0 
7ffd93360000-7ffd93381000 rw-p 00000000 00:00 0                          [stack]
7ffd9338e000-7ffd93392000 r--p 00000000 00:00 0                          [vvar]
7ffd93392000-7ffd93394000 r-xp 00000000 00:00 0                          [vdso]
ffffffffff600000-ffffffffff601000 --xp 00000000 00:00 0                  [vsyscall]

VM Arguments:
jvm_args: -Dfile.encoding=UTF-8 -Djava.library.path=/opt/ibm/ILOG/CPLEX_Studio1261/cplex/bin/x86-64_linux 
java_command: v1.Model
java_class_path (initial): /home/d4rkwzd/Projects/Netbeans/CplexTSP/lib/cplex.jar:/home/d4rkwzd/Projects/Netbeans/CplexTSP/build/classes
Launcher Type: SUN_STANDARD

Environment Variables:
PATH=/home/d4rkwzd/.local/bin:/usr/local/sbin:/usr/local/bin:/usr/bin:/usr/lib/jvm/default/bin:/usr/bin/site_perl:/usr/bin/vendor_perl:/usr/bin/core_perl:/var/lib/snapd/snap/bin
LD_LIBRARY_PATH=/usr/lib/jvm/default/bin/../jre/lib/amd64:/usr/lib/jvm/default/bin/../jre/lib/i386:
SHELL=/bin/bash
DISPLAY=:0

Signal Handlers:
SIGSEGV: [libjvm.so+0xa50e40], sa_mask[0]=11111111011111111101111111111110, sa_flags=SA_RESTART|SA_SIGINFO
SIGBUS: [libjvm.so+0xa50e40], sa_mask[0]=11111111011111111101111111111110, sa_flags=SA_RESTART|SA_SIGINFO
SIGFPE: [libjvm.so+0x8adfc0], sa_mask[0]=11111111011111111101111111111110, sa_flags=SA_RESTART|SA_SIGINFO
SIGPIPE: [libjvm.so+0x8adfc0], sa_mask[0]=11111111011111111101111111111110, sa_flags=SA_RESTART|SA_SIGINFO
SIGXFSZ: [libjvm.so+0x8adfc0], sa_mask[0]=11111111011111111101111111111110, sa_flags=SA_RESTART|SA_SIGINFO
SIGILL: [libjvm.so+0x8adfc0], sa_mask[0]=11111111011111111101111111111110, sa_flags=SA_RESTART|SA_SIGINFO
SIGUSR1: SIG_DFL, sa_mask[0]=00000000000000000000000000000000, sa_flags=none
SIGUSR2: [libjvm.so+0x8adda0], sa_mask[0]=00100000000000000000000000000000, sa_flags=SA_RESTART|SA_SIGINFO
SIGHUP: [libjvm.so+0x8ae260], sa_mask[0]=11111111011111111101111111111110, sa_flags=SA_RESTART|SA_SIGINFO
SIGINT: SIG_IGN, sa_mask[0]=00000000000000000000000000000000, sa_flags=none
SIGTERM: [libjvm.so+0x8ae260], sa_mask[0]=11111111011111111101111111111110, sa_flags=SA_RESTART|SA_SIGINFO
SIGQUIT: [libjvm.so+0x8ae260], sa_mask[0]=11111111011111111101111111111110, sa_flags=SA_RESTART|SA_SIGINFO


---------------  S Y S T E M  ---------------

OS:DISTRIB_ID=ManjaroLinux
DISTRIB_RELEASE=20.1.2
DISTRIB_CODENAME=Mikah
DISTRIB_DESCRIPTION="Manjaro Linux"

uname:Linux 5.8.16-2-MANJARO #1 SMP PREEMPT Mon Oct 19 11:33:03 UTC 2020 x86_64
libc:glibc 2.32 NPTL 2.32 
rlimit: STACK 8192k, CORE infinity, NPROC 29591, NOFILE 524288, AS infinity
load average:1,47 1,08 0,93

/proc/meminfo:
MemTotal:        7658352 kB
MemFree:          828812 kB
MemAvailable:    3854304 kB
Buffers:          293376 kB
Cached:          2763012 kB
SwapCached:            0 kB
Active:          3737008 kB
Inactive:        2051140 kB
Active(anon):    2745084 kB
Inactive(anon):   251312 kB
Active(file):     991924 kB
Inactive(file):  1799828 kB
Unevictable:           0 kB
Mlocked:               0 kB
SwapTotal:       8388604 kB
SwapFree:        8388604 kB
Dirty:               540 kB
Writeback:             0 kB
AnonPages:       2731772 kB
Mapped:          1022056 kB
Shmem:            264640 kB
KReclaimable:     537548 kB
Slab:             631540 kB
SReclaimable:     537548 kB
SUnreclaim:        93992 kB
KernelStack:       12768 kB
PageTables:        35004 kB
NFS_Unstable:          0 kB
Bounce:                0 kB
WritebackTmp:          0 kB
CommitLimit:    12217780 kB
Committed_AS:    9522388 kB
VmallocTotal:   34359738367 kB
VmallocUsed:       43712 kB
VmallocChunk:          0 kB
Percpu:             2528 kB
HardwareCorrupted:     0 kB
AnonHugePages:         0 kB
ShmemHugePages:        0 kB
ShmemPmdMapped:        0 kB
FileHugePages:         0 kB
FilePmdMapped:         0 kB
HugePages_Total:       0
HugePages_Free:        0
HugePages_Rsvd:        0
HugePages_Surp:        0
Hugepagesize:       2048 kB
Hugetlb:               0 kB
DirectMap4k:      622332 kB
DirectMap2M:     7198720 kB
DirectMap1G:     1048576 kB

container (cgroup) information:
container_type: cgroupv1
cpu_cpuset_cpus: 0-3
cpu_memory_nodes: 0
active_processor_count: 4
cpu_quota: -1
cpu_period: 100000
cpu_shares: -1
memory_limit_in_bytes: -1
memory_and_swap_limit_in_bytes: -1
memory_soft_limit_in_bytes: -1
memory_usage_in_bytes: 3942957056
memory_max_usage_in_bytes: 4143890432


CPU:total 4 (initial active 4) (4 cores per cpu, 1 threads per core) family 21 model 101 stepping 1, cmov, cx8, fxsr, mmx, sse, sse2, sse3, ssse3, sse4.1, sse4.2, popcnt, avx, avx2, aes, clmul, mmxext, 3dnowpref, lzcnt, sse4a, tsc, tscinvbit, tscinv, bmi1

/proc/cpuinfo:
processor	: 0
vendor_id	: AuthenticAMD
cpu family	: 21
model		: 101
model name	: AMD A12-9720P RADEON R7, 12 COMPUTE CORES 4C+8G
stepping	: 1
microcode	: 0x600611a
cpu MHz		: 3055.042
cache size	: 1024 KB
physical id	: 0
siblings	: 4
core id		: 0
cpu cores	: 2
apicid		: 16
initial apicid	: 0
fpu		: yes
fpu_exception	: yes
cpuid level	: 13
wp		: yes
flags		: fpu vme de pse tsc msr pae mce cx8 apic sep mtrr pge mca cmov pat pse36 clflush mmx fxsr sse sse2 ht syscall nx mmxext fxsr_opt pdpe1gb rdtscp lm constant_tsc rep_good acc_power nopl nonstop_tsc cpuid extd_apicid aperfmperf pni pclmulqdq monitor ssse3 fma cx16 sse4_1 sse4_2 movbe popcnt aes xsave avx f16c lahf_lm cmp_legacy svm extapic cr8_legacy abm sse4a misalignsse 3dnowprefetch osvw ibs xop skinit wdt lwp fma4 tce nodeid_msr tbm topoext perfctr_core perfctr_nb bpext ptsc mwaitx cpb hw_pstate ssbd ibpb vmmcall fsgsbase bmi1 avx2 smep bmi2 xsaveopt arat npt lbrv svm_lock nrip_save tsc_scale vmcb_clean flushbyasid decodeassists pausefilter pfthreshold avic vgif overflow_recov
bugs		: fxsave_leak sysret_ss_attrs null_seg spectre_v1 spectre_v2 spec_store_bypass
bogomips	: 5392.67
TLB size	: 1536 4K pages
clflush size	: 64
cache_alignment	: 64
address sizes	: 48 bits physical, 48 bits virtual
power management: ts ttp tm 100mhzsteps hwpstate cpb eff_freq_ro acc_power [13]

processor	: 1
vendor_id	: AuthenticAMD
cpu family	: 21
model		: 101
model name	: AMD A12-9720P RADEON R7, 12 COMPUTE CORES 4C+8G
stepping	: 1
microcode	: 0x600611a
cpu MHz		: 3027.946
cache size	: 1024 KB
physical id	: 0
siblings	: 4
core id		: 1
cpu cores	: 2
apicid		: 17
initial apicid	: 1
fpu		: yes
fpu_exception	: yes
cpuid level	: 13
wp		: yes
flags		: fpu vme de pse tsc msr pae mce cx8 apic sep mtrr pge mca cmov pat pse36 clflush mmx fxsr sse sse2 ht syscall nx mmxext fxsr_opt pdpe1gb rdtscp lm constant_tsc rep_good acc_power nopl nonstop_tsc cpuid extd_apicid aperfmperf pni pclmulqdq monitor ssse3 fma cx16 sse4_1 sse4_2 movbe popcnt aes xsave avx f16c lahf_lm cmp_legacy svm extapic cr8_legacy abm sse4a misalignsse 3dnowprefetch osvw ibs xop skinit wdt lwp fma4 tce nodeid_msr tbm topoext perfctr_core perfctr_nb bpext ptsc mwaitx cpb hw_pstate ssbd ibpb vmmcall fsgsbase bmi1 avx2 smep bmi2 xsaveopt arat npt lbrv svm_lock nrip_save tsc_scale vmcb_clean flushbyasid decodeassists pausefilter pfthreshold avic vgif overflow_recov
bugs		: fxsave_leak sysret_ss_attrs null_seg spectre_v1 spectre_v2 spec_store_bypass
bogomips	: 5392.67
TLB size	: 1536 4K pages
clflush size	: 64
cache_alignment	: 64
address sizes	: 48 bits physical, 48 bits virtual
power management: ts ttp tm 100mhzsteps hwpstate cpb eff_freq_ro acc_power [13]

processor	: 2
vendor_id	: AuthenticAMD
cpu family	: 21
model		: 101
model name	: AMD A12-9720P RADEON R7, 12 COMPUTE CORES 4C+8G
stepping	: 1
microcode	: 0x600611a
cpu MHz		: 2720.317
cache size	: 1024 KB
physical id	: 0
siblings	: 4
core id		: 2
cpu cores	: 2
apicid		: 18
initial apicid	: 2
fpu		: yes
fpu_exception	: yes
cpuid level	: 13
wp		: yes
flags		: fpu vme de pse tsc msr pae mce cx8 apic sep mtrr pge mca cmov pat pse36 clflush mmx fxsr sse sse2 ht syscall nx mmxext fxsr_opt pdpe1gb rdtscp lm constant_tsc rep_good acc_power nopl nonstop_tsc cpuid extd_apicid aperfmperf pni pclmulqdq monitor ssse3 fma cx16 sse4_1 sse4_2 movbe popcnt aes xsave avx f16c lahf_lm cmp_legacy svm extapic cr8_legacy abm sse4a misalignsse 3dnowprefetch osvw ibs xop skinit wdt lwp fma4 tce nodeid_msr tbm topoext perfctr_core perfctr_nb bpext ptsc mwaitx cpb hw_pstate ssbd ibpb vmmcall fsgsbase bmi1 avx2 smep bmi2 xsaveopt arat npt lbrv svm_lock nrip_save tsc_scale vmcb_clean flushbyasid decodeassists pausefilter pfthreshold avic vgif overflow_recov
bugs		: fxsave_leak sysret_ss_attrs null_seg spectre_v1 spectre_v2 spec_store_bypass
bogomips	: 5392.67
TLB size	: 1536 4K pages
clflush size	: 64
cache_alignment	: 64
address sizes	: 48 bits physical, 48 bits virtual
power management: ts ttp tm 100mhzsteps hwpstate cpb eff_freq_ro acc_power [13]

processor	: 3
vendor_id	: AuthenticAMD
cpu family	: 21
model		: 101
model name	: AMD A12-9720P RADEON R7, 12 COMPUTE CORES 4C+8G
stepping	: 1
microcode	: 0x600611a
cpu MHz		: 2784.679
cache size	: 1024 KB
physical id	: 0
siblings	: 4
core id		: 3
cpu cores	: 2
apicid		: 19
initial apicid	: 3
fpu		: yes
fpu_exception	: yes
cpuid level	: 13
wp		: yes
flags		: fpu vme de pse tsc msr pae mce cx8 apic sep mtrr pge mca cmov pat pse36 clflush mmx fxsr sse sse2 ht syscall nx mmxext fxsr_opt pdpe1gb rdtscp lm constant_tsc rep_good acc_power nopl nonstop_tsc cpuid extd_apicid aperfmperf pni pclmulqdq monitor ssse3 fma cx16 sse4_1 sse4_2 movbe popcnt aes xsave avx f16c lahf_lm cmp_legacy svm extapic cr8_legacy abm sse4a misalignsse 3dnowprefetch osvw ibs xop skinit wdt lwp fma4 tce nodeid_msr tbm topoext perfctr_core perfctr_nb bpext ptsc mwaitx cpb hw_pstate ssbd ibpb vmmcall fsgsbase bmi1 avx2 smep bmi2 xsaveopt arat npt lbrv svm_lock nrip_save tsc_scale vmcb_clean flushbyasid decodeassists pausefilter pfthreshold avic vgif overflow_recov
bugs		: fxsave_leak sysret_ss_attrs null_seg spectre_v1 spectre_v2 spec_store_bypass
bogomips	: 5392.67
TLB size	: 1536 4K pages
clflush size	: 64
cache_alignment	: 64
address sizes	: 48 bits physical, 48 bits virtual
power management: ts ttp tm 100mhzsteps hwpstate cpb eff_freq_ro acc_power [13]



Memory: 4k page, physical 7658352k(828812k free), swap 8388604k(8388604k free)

vm_info: OpenJDK 64-Bit Server VM (25.265-b01) for linux-amd64 JRE (1.8.0_265-b01), built on Aug 30 2020 10:35:15 by "builduser" with gcc 10.2.0

time: Fri Oct 30 20:05:51 2020
timezone: -03
elapsed time: 17 seconds (0d 0h 0m 17s)

