#
# A fatal error has been detected by the Java Runtime Environment:
#
#  SIGSEGV (0xb) at pc=0x00007efd1ea01250, pid=11203, tid=0x00007efd6fc45640
#
# JRE version: OpenJDK Runtime Environment (8.0_265-b01) (build 1.8.0_265-b01)
# Java VM: OpenJDK 64-Bit Server VM (25.265-b01 mixed mode linux-amd64 compressed oops)
# Problematic frame:
# C  [libcplex1261remotejni.so+0x5cb250]  _778d684fa8524f693106ac725e8540d0+0x0
#
# Core dump written. Default location: /home/d4rkwzd/Projects/Netbeans/CplexTSP/core or core.11203
#
# If you would like to submit a bug report, please visit:
#   http://bugreport.java.com/bugreport/crash.jsp
# The crash happened outside the Java Virtual Machine in native code.
# See problematic frame for where to report the bug.
#

---------------  T H R E A D  ---------------

Current thread (0x00007efd6800a800):  JavaThread "main" [_thread_in_native, id=11206, stack(0x00007efd6fb46000,0x00007efd6fc46000)]

siginfo: si_signo: 11 (SIGSEGV), si_code: 1 (SEGV_MAPERR), si_addr: 0x0000000000000008

Registers:
RAX=0x0000000000000000, RBX=0x0000000000000000, RCX=0x7ffffffffcbc3000, RDX=0x00007efd6819bcc0
RSP=0x00007efd6fc42608, RBP=0x00007efd68232d00, RSI=0x00007efd6819bcc0, RDI=0x0000000000000000
R8 =0x00007efd6fc43620, R9 =0x00007efd6864c1e0, R10=0x0000000000000002, R11=0x00007efd70c95440
R12=0x00007efd684238f0, R13=0x00007efd6829c1d0, R14=0x00007efd681a4880, R15=0x00007efd6822b910
RIP=0x00007efd1ea01250, EFLAGS=0x0000000000010293, CSGSFS=0x002b000000000033, ERR=0x0000000000000004
  TRAPNO=0x000000000000000e

Top of Stack: (sp=0x00007efd6fc42608)
0x00007efd6fc42608:   00007efd1e9884b6 00007efd00000002
0x00007efd6fc42618:   00007efd6fc43620 0000000000000000
0x00007efd6fc42628:   00007efd68078e10 0000000000000000
0x00007efd6fc42638:   00007efd6807b870 00007efd6807b868
0x00007efd6fc42648:   00007efd68078e18 00007efd6800a9e0
0x00007efd6fc42658:   00007efd1e502f36 00007efd6807b868
0x00007efd6fc42668:   00007efd68078e10 0000000000000000
0x00007efd6fc42678:   00007efd6fc42730 0000007300012958
0x00007efd6fc42688:   00007efd6fc43620 00007efd6829c1d0
0x00007efd6fc42698:   0000000000000000 00007efd6800a9e0
0x00007efd6fc426a8:   00007efd6fc43620 00007efd6fc427e8
0x00007efd6fc426b8:   7ffffffffcbc3000 0000000011e38f2c
0x00007efd6fc426c8:   00007efd00000000 00007efd00000000
0x00007efd6fc426d8:   00007efd00000001 0000000000000000
0x00007efd6fc426e8:   00007efd68232d00 00007efd00000000
0x00007efd6fc426f8:   00007efd6864c1e0 0000000000000000
0x00007efd6fc42708:   0000000000000000 00007efd6822b910
0x00007efd6fc42718:   00007efd68232d00 0000000000000002
0x00007efd6fc42728:   00007efd6829c1d0 00007efd681a4880
0x00007efd6fc42738:   00007efd6822b910 00000000000003ee
0x00007efd6fc42748:   00007efd1ea59517 0000000000000002
0x00007efd6fc42758:   0000000000000000 0000000000000000
0x00007efd6fc42768:   0000000000000000 00007efd6fc42f78
0x00007efd6fc42778:   0000000000000000 0000000000000000
0x00007efd6fc42788:   0000000000000cea 0000000000000001
0x00007efd6fc42798:   00007efd6839f270 00000000027cb04f
0x00007efd6fc427a8:   000000000000046b 0000000000000c14
0x00007efd6fc427b8:   00007efd68a7a730 00007efd6822a2b8
0x00007efd6fc427c8:   00007efd68232d00 0000000000000000
0x00007efd6fc427d8:   0000000000000000 0000000000000000
0x00007efd6fc427e8:   0000000000000000 0000000000000000
0x00007efd6fc427f8:   0000000000000000 0000000000000000 

Instructions: (pc=0x00007efd1ea01250)
0x00007efd1ea01230:   08 f2 0f 58 2d ef 23 a3 00 f2 0f 10 40 40 f2 0f
0x00007efd1ea01240:   5d c5 c3 90 48 8d 74 26 00 48 8d bf 00 00 00 00
0x00007efd1ea01250:   48 8b 47 08 83 7f 1c 00 74 06 f2 0f 10 40 38 c3
0x00007efd1ea01260:   f2 0f 10 40 40 c3 48 89 f6 48 8d bf 00 00 00 00 

Register to memory mapping:

RAX=0x0000000000000000 is an unknown value
RBX=0x0000000000000000 is an unknown value
RCX=0x7ffffffffcbc3000 is an unknown value
RDX=0x00007efd6819bcc0 is an unknown value
RSP=0x00007efd6fc42608 is pointing into the stack for thread: 0x00007efd6800a800
RBP=0x00007efd68232d00 is an unknown value
RSI=0x00007efd6819bcc0 is an unknown value
RDI=0x0000000000000000 is an unknown value
R8 =0x00007efd6fc43620 is pointing into the stack for thread: 0x00007efd6800a800
R9 =0x00007efd6864c1e0 is an unknown value
R10=0x0000000000000002 is an unknown value
R11=0x00007efd70c95440: <offset 0x197440> in /usr/lib/libc.so.6 at 0x00007efd70afe000
R12=0x00007efd684238f0 is an unknown value
R13=0x00007efd6829c1d0 is an unknown value
R14=0x00007efd681a4880 is an unknown value
R15=0x00007efd6822b910 is an unknown value


Stack: [0x00007efd6fb46000,0x00007efd6fc46000],  sp=0x00007efd6fc42608,  free space=1009k
Native frames: (J=compiled Java code, j=interpreted, Vv=VM code, C=native code)
C  [libcplex1261remotejni.so+0x5cb250]  _778d684fa8524f693106ac725e8540d0+0x0

Java frames: (J=compiled Java code, j=interpreted, Vv=VM code)
j  ilog.cplex.Cplex.CPXmipopt(JJ)I+0
j  ilog.cplex.CplexI$SolveHandle.start()V+278
j  ilog.cplex.CplexI.solve()V+12
j  ilog.cplex.IloCplex.solve()Z+4
j  v1.Model.main([Ljava/lang/String;)V+509
v  ~StubRoutines::call_stub

---------------  P R O C E S S  ---------------

Java Threads: ( => current thread )
  0x00007efd680c8800 JavaThread "Service Thread" daemon [_thread_blocked, id=11219, stack(0x00007efd6c389000,0x00007efd6c48a000)]
  0x00007efd680bd800 JavaThread "C1 CompilerThread2" daemon [_thread_blocked, id=11218, stack(0x00007efd6c48b000,0x00007efd6c58b000)]
  0x00007efd680bc000 JavaThread "C2 CompilerThread1" daemon [_thread_blocked, id=11217, stack(0x00007efd6c58c000,0x00007efd6c68c000)]
  0x00007efd680b9000 JavaThread "C2 CompilerThread0" daemon [_thread_blocked, id=11216, stack(0x00007efd6c68d000,0x00007efd6c78d000)]
  0x00007efd680b7000 JavaThread "Signal Dispatcher" daemon [_thread_blocked, id=11215, stack(0x00007efd6c78d000,0x00007efd6c88e000)]
  0x00007efd68085800 JavaThread "Finalizer" daemon [_thread_blocked, id=11214, stack(0x00007efd6cb79000,0x00007efd6cc7a000)]
  0x00007efd68081000 JavaThread "Reference Handler" daemon [_thread_blocked, id=11213, stack(0x00007efd6cc7a000,0x00007efd6cd7b000)]
=>0x00007efd6800a800 JavaThread "main" [_thread_in_native, id=11206, stack(0x00007efd6fb46000,0x00007efd6fc46000)]

Other Threads:
  0x00007efd68077800 VMThread [stack: 0x00007efd6cd7c000,0x00007efd6ce7c000] [id=11212]
  0x00007efd680cb000 WatcherThread [stack: 0x00007efd6c289000,0x00007efd6c389000] [id=11220]

VM state:not at safepoint (normal execution)

VM Mutex/Monitor currently owned by a thread: None

heap address: 0x000000008b200000, size: 1870 MB, Compressed Oops mode: 32-bit
Narrow klass base: 0x0000000000000000, Narrow klass shift: 3
Compressed class space size: 1073741824 Address: 0x0000000100000000

Heap:
 PSYoungGen      total 35328K, used 10416K [0x00000000d9100000, 0x00000000dd600000, 0x0000000100000000)
  eden space 30720K, 18% used [0x00000000d9100000,0x00000000d96b02d0,0x00000000daf00000)
  from space 4608K, 99% used [0x00000000daf00000,0x00000000db37c060,0x00000000db380000)
  to   space 4608K, 0% used [0x00000000dd180000,0x00000000dd180000,0x00000000dd600000)
 ParOldGen       total 80896K, used 9372K [0x000000008b200000, 0x0000000090100000, 0x00000000d9100000)
  object space 80896K, 11% used [0x000000008b200000,0x000000008bb27260,0x0000000090100000)
 Metaspace       used 5322K, capacity 5888K, committed 6016K, reserved 1056768K
  class space    used 581K, capacity 624K, committed 640K, reserved 1048576K

Card table byte_map: [0x00007efd6f38e000,0x00007efd6f736000] byte_map_base: 0x00007efd6ef35000

Marking Bits: (ParMarkBitMap*) 0x00007efd70a8bde0
 Begin Bits: [0x00007efd55590000, 0x00007efd572c8000)
 End Bits:   [0x00007efd572c8000, 0x00007efd59000000)

Polling page: 0x00007efd70d25000

CodeCache: size=245760Kb used=2080Kb max_used=2080Kb free=243679Kb
 bounds [0x00007efd59000000, 0x00007efd59270000, 0x00007efd68000000]
 total_blobs=834 nmethods=399 adapters=351
 compilation: enabled

Compilation events (10 events):
Event: 0,501 Thread 0x00007efd680bc000 nmethod 379 0x00007efd591fec10 code [0x00007efd591fede0, 0x00007efd591ff608]
Event: 0,584 Thread 0x00007efd680bd800  394       1       ilog.cplex.CpxCallback::getWherefrom (5 bytes)
Event: 0,584 Thread 0x00007efd680bd800 nmethod 394 0x00007efd591fe950 code [0x00007efd591feaa0, 0x00007efd591febb0]
Event: 0,594 Thread 0x00007efd680bd800  395       3       ilog.cplex.IloCplex$ControlCallback::getValue (16 bytes)
Event: 0,595 Thread 0x00007efd680bd800 nmethod 395 0x00007efd59208990 code [0x00007efd59208be0, 0x00007efd59209e88]
Event: 0,595 Thread 0x00007efd680bd800  396       3       ilog.cplex.IloCplex$MIPInfoCallback::getIndex (8 bytes)
Event: 0,596 Thread 0x00007efd680bd800 nmethod 396 0x00007efd59203050 code [0x00007efd592031e0, 0x00007efd59203608]
Event: 0,596 Thread 0x00007efd680bd800  397       3       ilog.cplex.CpxCallback::CALL (22 bytes)
Event: 0,596 Thread 0x00007efd680bd800 nmethod 397 0x00007efd59202210 code [0x00007efd592023e0, 0x00007efd59202c88]
Event: 7,401 Thread 0x00007efd680bd800  399       3       java.nio.Buffer::position (43 bytes)

GC Heap History (2 events):
Event: 0,427 GC heap before
{Heap before GC invocations=1 (full 0):
 PSYoungGen      total 35328K, used 30720K [0x00000000d9100000, 0x00000000db800000, 0x0000000100000000)
  eden space 30720K, 100% used [0x00000000d9100000,0x00000000daf00000,0x00000000daf00000)
  from space 4608K, 0% used [0x00000000db380000,0x00000000db380000,0x00000000db800000)
  to   space 4608K, 0% used [0x00000000daf00000,0x00000000daf00000,0x00000000db380000)
 ParOldGen       total 80896K, used 0K [0x000000008b200000, 0x0000000090100000, 0x00000000d9100000)
  object space 80896K, 0% used [0x000000008b200000,0x000000008b200000,0x0000000090100000)
 Metaspace       used 5231K, capacity 5824K, committed 6016K, reserved 1056768K
  class space    used 571K, capacity 624K, committed 640K, reserved 1048576K
Event: 0,449 GC heap after
Heap after GC invocations=1 (full 0):
 PSYoungGen      total 35328K, used 4592K [0x00000000d9100000, 0x00000000dd600000, 0x0000000100000000)
  eden space 30720K, 0% used [0x00000000d9100000,0x00000000d9100000,0x00000000daf00000)
  from space 4608K, 99% used [0x00000000daf00000,0x00000000db37c060,0x00000000db380000)
  to   space 4608K, 0% used [0x00000000dd180000,0x00000000dd180000,0x00000000dd600000)
 ParOldGen       total 80896K, used 9372K [0x000000008b200000, 0x0000000090100000, 0x00000000d9100000)
  object space 80896K, 11% used [0x000000008b200000,0x000000008bb27260,0x0000000090100000)
 Metaspace       used 5231K, capacity 5824K, committed 6016K, reserved 1056768K
  class space    used 571K, capacity 624K, committed 640K, reserved 1048576K
}

Deoptimization events (1 events):
Event: 5,389 Thread 0x00007efd6800a800 Uncommon trap: reason=unstable_if action=reinterpret pc=0x00007efd591f14d8 method=ilog.cplex.CpxLinearExpr.<init>([D[Lilog/cplex/CpxNumVar;IID)V @ 56

Classes redefined (0 events):
No events

Internal exceptions (8 events):
Event: 0,029 Thread 0x00007efd6800a800 Exception <a 'java/lang/NoSuchMethodError': Method sun.misc.Unsafe.defineClass(Ljava/lang/String;[BII)Ljava/lang/Class; name or signature does not match> (0x00000000d9107cc0) thrown at [/build/java8-openjdk/src/jdk8u-jdk8u265-b01/hotspot/src/share/vm/prim
Event: 0,029 Thread 0x00007efd6800a800 Exception <a 'java/lang/NoSuchMethodError': Method sun.misc.Unsafe.prefetchRead(Ljava/lang/Object;J)V name or signature does not match> (0x00000000d9107fa8) thrown at [/build/java8-openjdk/src/jdk8u-jdk8u265-b01/hotspot/src/share/vm/prims/jni.cpp, line 40
Event: 0,109 Thread 0x00007efd6800a800 Exception <a 'java/security/PrivilegedActionException'> (0x00000000d9255e20) thrown at [/build/java8-openjdk/src/jdk8u-jdk8u265-b01/hotspot/src/share/vm/prims/jvm.cpp, line 1510]
Event: 0,109 Thread 0x00007efd6800a800 Exception <a 'java/security/PrivilegedActionException'> (0x00000000d9256218) thrown at [/build/java8-openjdk/src/jdk8u-jdk8u265-b01/hotspot/src/share/vm/prims/jvm.cpp, line 1510]
Event: 0,109 Thread 0x00007efd6800a800 Exception <a 'java/security/PrivilegedActionException'> (0x00000000d92582a0) thrown at [/build/java8-openjdk/src/jdk8u-jdk8u265-b01/hotspot/src/share/vm/prims/jvm.cpp, line 1510]
Event: 0,109 Thread 0x00007efd6800a800 Exception <a 'java/security/PrivilegedActionException'> (0x00000000d9258698) thrown at [/build/java8-openjdk/src/jdk8u-jdk8u265-b01/hotspot/src/share/vm/prims/jvm.cpp, line 1510]
Event: 0,110 Thread 0x00007efd6800a800 Exception <a 'java/security/PrivilegedActionException'> (0x00000000d92592e0) thrown at [/build/java8-openjdk/src/jdk8u-jdk8u265-b01/hotspot/src/share/vm/prims/jvm.cpp, line 1510]
Event: 0,110 Thread 0x00007efd6800a800 Exception <a 'java/security/PrivilegedActionException'> (0x00000000d92596d8) thrown at [/build/java8-openjdk/src/jdk8u-jdk8u265-b01/hotspot/src/share/vm/prims/jvm.cpp, line 1510]

Events (10 events):
Event: 4,078 Executing VM operation: EnableBiasedLocking done
Event: 5,388 loading class java/util/ArrayList$SubList
Event: 5,388 loading class java/util/ArrayList$SubList done
Event: 5,389 loading class java/util/ArrayList$SubList$1
Event: 5,389 loading class java/util/ListIterator
Event: 5,389 loading class java/util/ListIterator done
Event: 5,389 loading class java/util/ArrayList$SubList$1 done
Event: 5,389 Thread 0x00007efd6800a800 Uncommon trap: trap_request=0xffffff65 fr.pc=0x00007efd591f14d8
Event: 5,390 Thread 0x00007efd6800a800 DEOPT PACKING pc=0x00007efd591f14d8 sp=0x00007efd6fc41bc0
Event: 5,390 Thread 0x00007efd6800a800 DEOPT UNPACKING pc=0x00007efd5904547a sp=0x00007efd6fc41b58 mode 2


Dynamic libraries:
8b200000-90100000 rw-p 00000000 00:00 0 
90100000-d9100000 ---p 00000000 00:00 0 
d9100000-dd600000 rw-p 00000000 00:00 0 
dd600000-100000000 ---p 00000000 00:00 0 
100000000-1000a0000 rw-p 00000000 00:00 0 
1000a0000-140000000 ---p 00000000 00:00 0 
563bc94cb000-563bc94cc000 r--p 00000000 08:08 1968221                    /usr/lib/jvm/java-8-openjdk/jre/bin/java
563bc94cc000-563bc94cd000 r-xp 00001000 08:08 1968221                    /usr/lib/jvm/java-8-openjdk/jre/bin/java
563bc94cd000-563bc94ce000 r--p 00002000 08:08 1968221                    /usr/lib/jvm/java-8-openjdk/jre/bin/java
563bc94ce000-563bc94cf000 r--p 00002000 08:08 1968221                    /usr/lib/jvm/java-8-openjdk/jre/bin/java
563bc94cf000-563bc94d0000 rw-p 00003000 08:08 1968221                    /usr/lib/jvm/java-8-openjdk/jre/bin/java
563bca226000-563bca247000 rw-p 00000000 00:00 0                          [heap]
7efd18000000-7efd18432000 rw-p 00000000 00:00 0 
7efd18432000-7efd1c000000 ---p 00000000 00:00 0 
7efd1dc35000-7efd1dc36000 ---p 00000000 00:00 0 
7efd1dc36000-7efd1e436000 rw-p 00000000 00:00 0 
7efd1e436000-7efd1fc02000 r-xp 00000000 08:08 4995239                    /opt/ibm/ILOG/CPLEX_Studio1261/cplex/bin/x86-64_linux/libcplex1261remotejni.so
7efd1fc02000-7efd1fe02000 ---p 017cc000 08:08 4995239                    /opt/ibm/ILOG/CPLEX_Studio1261/cplex/bin/x86-64_linux/libcplex1261remotejni.so
7efd1fe02000-7efd1fe03000 r--p 017cc000 08:08 4995239                    /opt/ibm/ILOG/CPLEX_Studio1261/cplex/bin/x86-64_linux/libcplex1261remotejni.so
7efd1fe03000-7efd1fff0000 rw-p 017cd000 08:08 4995239                    /opt/ibm/ILOG/CPLEX_Studio1261/cplex/bin/x86-64_linux/libcplex1261remotejni.so
7efd1fff0000-7efd1fffa000 rw-p 00000000 00:00 0 
7efd20000000-7efd20021000 rw-p 00000000 00:00 0 
7efd20021000-7efd24000000 ---p 00000000 00:00 0 
7efd24000000-7efd24021000 rw-p 00000000 00:00 0 
7efd24021000-7efd28000000 ---p 00000000 00:00 0 
7efd28000000-7efd282af000 rw-p 00000000 00:00 0 
7efd282af000-7efd2c000000 ---p 00000000 00:00 0 
7efd2c000000-7efd2c1da000 rw-p 00000000 00:00 0 
7efd2c1da000-7efd30000000 ---p 00000000 00:00 0 
7efd30000000-7efd30021000 rw-p 00000000 00:00 0 
7efd30021000-7efd34000000 ---p 00000000 00:00 0 
7efd34000000-7efd34274000 rw-p 00000000 00:00 0 
7efd34274000-7efd38000000 ---p 00000000 00:00 0 
7efd38000000-7efd38021000 rw-p 00000000 00:00 0 
7efd38021000-7efd3c000000 ---p 00000000 00:00 0 
7efd3c000000-7efd3c021000 rw-p 00000000 00:00 0 
7efd3c021000-7efd40000000 ---p 00000000 00:00 0 
7efd40000000-7efd40021000 rw-p 00000000 00:00 0 
7efd40021000-7efd44000000 ---p 00000000 00:00 0 
7efd44000000-7efd44021000 rw-p 00000000 00:00 0 
7efd44021000-7efd48000000 ---p 00000000 00:00 0 
7efd48000000-7efd48021000 rw-p 00000000 00:00 0 
7efd48021000-7efd4c000000 ---p 00000000 00:00 0 
7efd4c000000-7efd4c021000 rw-p 00000000 00:00 0 
7efd4c021000-7efd50000000 ---p 00000000 00:00 0 
7efd50000000-7efd50021000 rw-p 00000000 00:00 0 
7efd50021000-7efd54000000 ---p 00000000 00:00 0 
7efd543ac000-7efd543ad000 ---p 00000000 00:00 0 
7efd543ad000-7efd54bad000 rw-p 00000000 00:00 0 
7efd54bad000-7efd54bae000 ---p 00000000 00:00 0 
7efd54bae000-7efd54bb1000 ---p 00000000 00:00 0 
7efd54bb1000-7efd553ae000 rw-p 00000000 00:00 0 
7efd553ae000-7efd55444000 r--p 00000000 08:08 542368                     /usr/lib/libstdc++.so.6.0.28
7efd55444000-7efd55530000 r-xp 00096000 08:08 542368                     /usr/lib/libstdc++.so.6.0.28
7efd55530000-7efd55579000 r--p 00182000 08:08 542368                     /usr/lib/libstdc++.so.6.0.28
7efd55579000-7efd5557a000 ---p 001cb000 08:08 542368                     /usr/lib/libstdc++.so.6.0.28
7efd5557a000-7efd55587000 r--p 001cb000 08:08 542368                     /usr/lib/libstdc++.so.6.0.28
7efd55587000-7efd55588000 rw-p 001d8000 08:08 542368                     /usr/lib/libstdc++.so.6.0.28
7efd55588000-7efd5558b000 rw-p 00000000 00:00 0 
7efd55590000-7efd59000000 rw-p 00000000 00:00 0 
7efd59000000-7efd59270000 rwxp 00000000 00:00 0 
7efd59270000-7efd68000000 ---p 00000000 00:00 0 
7efd68000000-7efd68d11000 rw-p 00000000 00:00 0 
7efd68d11000-7efd6c000000 ---p 00000000 00:00 0 
7efd6c1ae000-7efd6c1b1000 r--p 00000000 08:08 528698                     /usr/lib/libgcc_s.so.1
7efd6c1b1000-7efd6c1c2000 r-xp 00003000 08:08 528698                     /usr/lib/libgcc_s.so.1
7efd6c1c2000-7efd6c1c6000 r--p 00014000 08:08 528698                     /usr/lib/libgcc_s.so.1
7efd6c1c6000-7efd6c1c7000 r--p 00017000 08:08 528698                     /usr/lib/libgcc_s.so.1
7efd6c1c7000-7efd6c1c8000 rw-p 00018000 08:08 528698                     /usr/lib/libgcc_s.so.1
7efd6c20d000-7efd6c23e000 rw-p 00000000 00:00 0 
7efd6c23e000-7efd6c243000 r--p 00000000 08:08 2234337                    /usr/lib/jvm/java-8-openjdk/jre/lib/amd64/libnet.so
7efd6c243000-7efd6c253000 r-xp 00005000 08:08 2234337                    /usr/lib/jvm/java-8-openjdk/jre/lib/amd64/libnet.so
7efd6c253000-7efd6c257000 r--p 00015000 08:08 2234337                    /usr/lib/jvm/java-8-openjdk/jre/lib/amd64/libnet.so
7efd6c257000-7efd6c258000 r--p 00018000 08:08 2234337                    /usr/lib/jvm/java-8-openjdk/jre/lib/amd64/libnet.so
7efd6c258000-7efd6c259000 rw-p 00019000 08:08 2234337                    /usr/lib/jvm/java-8-openjdk/jre/lib/amd64/libnet.so
7efd6c25e000-7efd6c265000 r--p 00000000 08:08 2234338                    /usr/lib/jvm/java-8-openjdk/jre/lib/amd64/libnio.so
7efd6c265000-7efd6c26d000 r-xp 00007000 08:08 2234338                    /usr/lib/jvm/java-8-openjdk/jre/lib/amd64/libnio.so
7efd6c26d000-7efd6c270000 r--p 0000f000 08:08 2234338                    /usr/lib/jvm/java-8-openjdk/jre/lib/amd64/libnio.so
7efd6c270000-7efd6c271000 ---p 00012000 08:08 2234338                    /usr/lib/jvm/java-8-openjdk/jre/lib/amd64/libnio.so
7efd6c271000-7efd6c272000 r--p 00012000 08:08 2234338                    /usr/lib/jvm/java-8-openjdk/jre/lib/amd64/libnio.so
7efd6c272000-7efd6c273000 rw-p 00013000 08:08 2234338                    /usr/lib/jvm/java-8-openjdk/jre/lib/amd64/libnio.so
7efd6c277000-7efd6c282000 r--s 00071000 08:08 6822920                    /home/d4rkwzd/Projects/Netbeans/CplexTSP/lib/cplex.jar
7efd6c288000-7efd6c289000 ---p 00000000 00:00 0 
7efd6c289000-7efd6c389000 rw-p 00000000 00:00 0 
7efd6c389000-7efd6c38c000 ---p 00000000 00:00 0 
7efd6c38c000-7efd6c48a000 rw-p 00000000 00:00 0 
7efd6c48a000-7efd6c48b000 ---p 00000000 00:00 0 
7efd6c48b000-7efd6c48e000 ---p 00000000 00:00 0 
7efd6c48e000-7efd6c58b000 rw-p 00000000 00:00 0 
7efd6c58b000-7efd6c58c000 ---p 00000000 00:00 0 
7efd6c58c000-7efd6c58f000 ---p 00000000 00:00 0 
7efd6c58f000-7efd6c68c000 rw-p 00000000 00:00 0 
7efd6c68c000-7efd6c68d000 ---p 00000000 00:00 0 
7efd6c68d000-7efd6c690000 ---p 00000000 00:00 0 
7efd6c690000-7efd6c78d000 rw-p 00000000 00:00 0 
7efd6c78d000-7efd6c790000 ---p 00000000 00:00 0 
7efd6c790000-7efd6c88e000 rw-p 00000000 00:00 0 
7efd6c88e000-7efd6cb76000 r--p 00000000 08:08 543246                     /usr/lib/locale/locale-archive
7efd6cb79000-7efd6cb7c000 ---p 00000000 00:00 0 
7efd6cb7c000-7efd6cc7a000 rw-p 00000000 00:00 0 
7efd6cc7a000-7efd6cc7d000 ---p 00000000 00:00 0 
7efd6cc7d000-7efd6cd7b000 rw-p 00000000 00:00 0 
7efd6cd7b000-7efd6cd7c000 ---p 00000000 00:00 0 
7efd6cd7c000-7efd6de7e000 rw-p 00000000 00:00 0 
7efd6de7e000-7efd6e050000 r--s 03ca8000 08:08 2099480                    /usr/lib/jvm/java-8-openjdk/jre/lib/rt.jar
7efd6e055000-7efd6e68e000 rw-p 00000000 00:00 0 
7efd6e68e000-7efd6e94e000 ---p 00000000 00:00 0 
7efd6e94e000-7efd6ed1a000 rw-p 00000000 00:00 0 
7efd6ed1a000-7efd6ed1b000 ---p 00000000 00:00 0 
7efd6ed1b000-7efd6ee1b000 rw-p 00000000 00:00 0 
7efd6ee1b000-7efd6ee1c000 ---p 00000000 00:00 0 
7efd6ee1c000-7efd6ef1c000 rw-p 00000000 00:00 0 
7efd6ef1c000-7efd6ef1d000 ---p 00000000 00:00 0 
7efd6ef1d000-7efd6f01d000 rw-p 00000000 00:00 0 
7efd6f01d000-7efd6f01e000 ---p 00000000 00:00 0 
7efd6f01e000-7efd6f146000 rw-p 00000000 00:00 0 
7efd6f146000-7efd6f38e000 ---p 00000000 00:00 0 
7efd6f38e000-7efd6f3b6000 rw-p 00000000 00:00 0 
7efd6f3b6000-7efd6f5fd000 ---p 00000000 00:00 0 
7efd6f5fd000-7efd6f620000 rw-p 00000000 00:00 0 
7efd6f620000-7efd6f735000 ---p 00000000 00:00 0 
7efd6f735000-7efd6f740000 rw-p 00000000 00:00 0 
7efd6f740000-7efd6faf6000 ---p 00000000 00:00 0 
7efd6faf6000-7efd6faf9000 r--p 00000000 08:08 2234345                    /usr/lib/jvm/java-8-openjdk/jre/lib/amd64/libzip.so
7efd6faf9000-7efd6fafd000 r-xp 00003000 08:08 2234345                    /usr/lib/jvm/java-8-openjdk/jre/lib/amd64/libzip.so
7efd6fafd000-7efd6faff000 r--p 00007000 08:08 2234345                    /usr/lib/jvm/java-8-openjdk/jre/lib/amd64/libzip.so
7efd6faff000-7efd6fb00000 r--p 00008000 08:08 2234345                    /usr/lib/jvm/java-8-openjdk/jre/lib/amd64/libzip.so
7efd6fb00000-7efd6fb01000 rw-p 00009000 08:08 2234345                    /usr/lib/jvm/java-8-openjdk/jre/lib/amd64/libzip.so
7efd6fb06000-7efd6fb13000 r--p 00000000 08:08 2234327                    /usr/lib/jvm/java-8-openjdk/jre/lib/amd64/libjava.so
7efd6fb13000-7efd6fb29000 r-xp 0000d000 08:08 2234327                    /usr/lib/jvm/java-8-openjdk/jre/lib/amd64/libjava.so
7efd6fb29000-7efd6fb30000 r--p 00023000 08:08 2234327                    /usr/lib/jvm/java-8-openjdk/jre/lib/amd64/libjava.so
7efd6fb30000-7efd6fb31000 r--p 00029000 08:08 2234327                    /usr/lib/jvm/java-8-openjdk/jre/lib/amd64/libjava.so
7efd6fb31000-7efd6fb32000 rw-p 0002a000 08:08 2234327                    /usr/lib/jvm/java-8-openjdk/jre/lib/amd64/libjava.so
7efd6fb32000-7efd6fb33000 rw-p 00000000 00:00 0 
7efd6fb36000-7efd6fb39000 r--p 00000000 08:08 541708                     /usr/lib/librt-2.32.so
7efd6fb39000-7efd6fb3d000 r-xp 00003000 08:08 541708                     /usr/lib/librt-2.32.so
7efd6fb3d000-7efd6fb3f000 r--p 00007000 08:08 541708                     /usr/lib/librt-2.32.so
7efd6fb3f000-7efd6fb40000 r--p 00008000 08:08 541708                     /usr/lib/librt-2.32.so
7efd6fb40000-7efd6fb41000 rw-p 00009000 08:08 541708                     /usr/lib/librt-2.32.so
7efd6fb45000-7efd6fb46000 ---p 00000000 00:00 0 
7efd6fb46000-7efd6fb49000 ---p 00000000 00:00 0 
7efd6fb49000-7efd6fc46000 rw-p 00000000 00:00 0 
7efd6fc46000-7efd6fc55000 r--p 00000000 08:08 533040                     /usr/lib/libm-2.32.so
7efd6fc55000-7efd6fcf1000 r-xp 0000f000 08:08 533040                     /usr/lib/libm-2.32.so
7efd6fcf1000-7efd6fd8a000 r--p 000ab000 08:08 533040                     /usr/lib/libm-2.32.so
7efd6fd8a000-7efd6fd8b000 r--p 00143000 08:08 533040                     /usr/lib/libm-2.32.so
7efd6fd8b000-7efd6fd8c000 rw-p 00144000 08:08 533040                     /usr/lib/libm-2.32.so
7efd6fd8e000-7efd6ff81000 r--p 00000000 08:08 2493292                    /usr/lib/jvm/java-8-openjdk/jre/lib/amd64/server/libjvm.so
7efd6ff81000-7efd70814000 r-xp 001f3000 08:08 2493292                    /usr/lib/jvm/java-8-openjdk/jre/lib/amd64/server/libjvm.so
7efd70814000-7efd709b9000 r--p 00a86000 08:08 2493292                    /usr/lib/jvm/java-8-openjdk/jre/lib/amd64/server/libjvm.so
7efd709b9000-7efd709ba000 ---p 00c2b000 08:08 2493292                    /usr/lib/jvm/java-8-openjdk/jre/lib/amd64/server/libjvm.so
7efd709ba000-7efd70a50000 r--p 00c2b000 08:08 2493292                    /usr/lib/jvm/java-8-openjdk/jre/lib/amd64/server/libjvm.so
7efd70a50000-7efd70a78000 rw-p 00cc1000 08:08 2493292                    /usr/lib/jvm/java-8-openjdk/jre/lib/amd64/server/libjvm.so
7efd70a78000-7efd70aa9000 rw-p 00000000 00:00 0 
7efd70aae000-7efd70ab5000 r--p 00000000 08:08 541211                     /usr/lib/libpthread-2.32.so
7efd70ab5000-7efd70ac5000 r-xp 00007000 08:08 541211                     /usr/lib/libpthread-2.32.so
7efd70ac5000-7efd70aca000 r--p 00017000 08:08 541211                     /usr/lib/libpthread-2.32.so
7efd70aca000-7efd70acb000 r--p 0001b000 08:08 541211                     /usr/lib/libpthread-2.32.so
7efd70acb000-7efd70acc000 rw-p 0001c000 08:08 541211                     /usr/lib/libpthread-2.32.so
7efd70acc000-7efd70ad0000 rw-p 00000000 00:00 0 
7efd70ad6000-7efd70ad7000 r--p 00000000 08:08 533029                     /usr/lib/libdl-2.32.so
7efd70ad7000-7efd70ad9000 r-xp 00001000 08:08 533029                     /usr/lib/libdl-2.32.so
7efd70ad9000-7efd70ada000 r--p 00003000 08:08 533029                     /usr/lib/libdl-2.32.so
7efd70ada000-7efd70adb000 r--p 00003000 08:08 533029                     /usr/lib/libdl-2.32.so
7efd70adb000-7efd70adc000 rw-p 00004000 08:08 533029                     /usr/lib/libdl-2.32.so
7efd70ade000-7efd70ae1000 r--p 00000000 08:08 534886                     /usr/lib/libz.so.1.2.11
7efd70ae1000-7efd70aef000 r-xp 00003000 08:08 534886                     /usr/lib/libz.so.1.2.11
7efd70aef000-7efd70af5000 r--p 00011000 08:08 534886                     /usr/lib/libz.so.1.2.11
7efd70af5000-7efd70af6000 ---p 00017000 08:08 534886                     /usr/lib/libz.so.1.2.11
7efd70af6000-7efd70af7000 r--p 00017000 08:08 534886                     /usr/lib/libz.so.1.2.11
7efd70af7000-7efd70af8000 rw-p 00018000 08:08 534886                     /usr/lib/libz.so.1.2.11
7efd70afe000-7efd70b24000 r--p 00000000 08:08 533004                     /usr/lib/libc-2.32.so
7efd70b24000-7efd70c71000 r-xp 00026000 08:08 533004                     /usr/lib/libc-2.32.so
7efd70c71000-7efd70cbd000 r--p 00173000 08:08 533004                     /usr/lib/libc-2.32.so
7efd70cbd000-7efd70cc0000 r--p 001be000 08:08 533004                     /usr/lib/libc-2.32.so
7efd70cc0000-7efd70cc3000 rw-p 001c1000 08:08 533004                     /usr/lib/libc-2.32.so
7efd70cc3000-7efd70cc7000 rw-p 00000000 00:00 0 
7efd70cd6000-7efd70cde000 rw-s 00000000 00:32 147314                     /tmp/hsperfdata_d4rkwzd/11203
7efd70cde000-7efd70ce1000 r--p 00000000 08:08 540988                     /usr/lib/libnss_files-2.32.so
7efd70ce1000-7efd70ce8000 r-xp 00003000 08:08 540988                     /usr/lib/libnss_files-2.32.so
7efd70ce8000-7efd70cea000 r--p 0000a000 08:08 540988                     /usr/lib/libnss_files-2.32.so
7efd70cea000-7efd70ceb000 r--p 0000b000 08:08 540988                     /usr/lib/libnss_files-2.32.so
7efd70ceb000-7efd70cec000 rw-p 0000c000 08:08 540988                     /usr/lib/libnss_files-2.32.so
7efd70cec000-7efd70cf2000 rw-p 00000000 00:00 0 
7efd70cf6000-7efd70cfb000 r--p 00000000 08:08 2234344                    /usr/lib/jvm/java-8-openjdk/jre/lib/amd64/libverify.so
7efd70cfb000-7efd70d02000 r-xp 00005000 08:08 2234344                    /usr/lib/jvm/java-8-openjdk/jre/lib/amd64/libverify.so
7efd70d02000-7efd70d04000 r--p 0000c000 08:08 2234344                    /usr/lib/jvm/java-8-openjdk/jre/lib/amd64/libverify.so
7efd70d04000-7efd70d05000 ---p 0000e000 08:08 2234344                    /usr/lib/jvm/java-8-openjdk/jre/lib/amd64/libverify.so
7efd70d05000-7efd70d07000 r--p 0000e000 08:08 2234344                    /usr/lib/jvm/java-8-openjdk/jre/lib/amd64/libverify.so
7efd70d07000-7efd70d08000 rw-p 00010000 08:08 2234344                    /usr/lib/jvm/java-8-openjdk/jre/lib/amd64/libverify.so
7efd70d0e000-7efd70d11000 r--p 00000000 08:08 2392784                    /usr/lib/jvm/java-8-openjdk/jre/lib/amd64/jli/libjli.so
7efd70d11000-7efd70d1a000 r-xp 00003000 08:08 2392784                    /usr/lib/jvm/java-8-openjdk/jre/lib/amd64/jli/libjli.so
7efd70d1a000-7efd70d1d000 r--p 0000c000 08:08 2392784                    /usr/lib/jvm/java-8-openjdk/jre/lib/amd64/jli/libjli.so
7efd70d1d000-7efd70d1e000 r--p 0000e000 08:08 2392784                    /usr/lib/jvm/java-8-openjdk/jre/lib/amd64/jli/libjli.so
7efd70d1e000-7efd70d1f000 rw-p 0000f000 08:08 2392784                    /usr/lib/jvm/java-8-openjdk/jre/lib/amd64/jli/libjli.so
7efd70d24000-7efd70d25000 rw-p 00000000 00:00 0 
7efd70d25000-7efd70d26000 r--p 00000000 00:00 0 
7efd70d26000-7efd70d28000 r--p 00000000 08:08 532987                     /usr/lib/ld-2.32.so
7efd70d28000-7efd70d49000 r-xp 00002000 08:08 532987                     /usr/lib/ld-2.32.so
7efd70d49000-7efd70d52000 r--p 00023000 08:08 532987                     /usr/lib/ld-2.32.so
7efd70d52000-7efd70d53000 r--p 0002b000 08:08 532987                     /usr/lib/ld-2.32.so
7efd70d53000-7efd70d55000 rw-p 0002c000 08:08 532987                     /usr/lib/ld-2.32.so
7efd70d55000-7efd70d59000 rw-p 00000000 00:00 0 
7ffd56d6e000-7ffd56d8f000 rw-p 00000000 00:00 0                          [stack]
7ffd56dde000-7ffd56de2000 r--p 00000000 00:00 0                          [vvar]
7ffd56de2000-7ffd56de4000 r-xp 00000000 00:00 0                          [vdso]
ffffffffff600000-ffffffffff601000 --xp 00000000 00:00 0                  [vsyscall]

VM Arguments:
jvm_args: -Dfile.encoding=UTF-8 -Djava.library.path=/opt/ibm/ILOG/CPLEX_Studio1261/cplex/bin/x86-64_linux 
java_command: v1.Model
java_class_path (initial): /home/d4rkwzd/Projects/Netbeans/CplexTSP/lib/cplex.jar:/home/d4rkwzd/Projects/Netbeans/CplexTSP/build/classes
Launcher Type: SUN_STANDARD

Environment Variables:
PATH=/home/d4rkwzd/.local/bin:/usr/local/sbin:/usr/local/bin:/usr/bin:/usr/lib/jvm/default/bin:/usr/bin/site_perl:/usr/bin/vendor_perl:/usr/bin/core_perl:/var/lib/snapd/snap/bin
LD_LIBRARY_PATH=/usr/lib/jvm/default/bin/../jre/lib/amd64:/usr/lib/jvm/default/bin/../jre/lib/i386:
SHELL=/bin/bash
DISPLAY=:0

Signal Handlers:
SIGSEGV: [libjvm.so+0xa50e40], sa_mask[0]=11111111011111111101111111111110, sa_flags=SA_RESTART|SA_SIGINFO
SIGBUS: [libjvm.so+0xa50e40], sa_mask[0]=11111111011111111101111111111110, sa_flags=SA_RESTART|SA_SIGINFO
SIGFPE: [libjvm.so+0x8adfc0], sa_mask[0]=11111111011111111101111111111110, sa_flags=SA_RESTART|SA_SIGINFO
SIGPIPE: [libjvm.so+0x8adfc0], sa_mask[0]=11111111011111111101111111111110, sa_flags=SA_RESTART|SA_SIGINFO
SIGXFSZ: [libjvm.so+0x8adfc0], sa_mask[0]=11111111011111111101111111111110, sa_flags=SA_RESTART|SA_SIGINFO
SIGILL: [libjvm.so+0x8adfc0], sa_mask[0]=11111111011111111101111111111110, sa_flags=SA_RESTART|SA_SIGINFO
SIGUSR1: SIG_DFL, sa_mask[0]=00000000000000000000000000000000, sa_flags=none
SIGUSR2: [libjvm.so+0x8adda0], sa_mask[0]=00100000000000000000000000000000, sa_flags=SA_RESTART|SA_SIGINFO
SIGHUP: [libjvm.so+0x8ae260], sa_mask[0]=11111111011111111101111111111110, sa_flags=SA_RESTART|SA_SIGINFO
SIGINT: SIG_IGN, sa_mask[0]=00000000000000000000000000000000, sa_flags=none
SIGTERM: [libjvm.so+0x8ae260], sa_mask[0]=11111111011111111101111111111110, sa_flags=SA_RESTART|SA_SIGINFO
SIGQUIT: [libjvm.so+0x8ae260], sa_mask[0]=11111111011111111101111111111110, sa_flags=SA_RESTART|SA_SIGINFO


---------------  S Y S T E M  ---------------

OS:DISTRIB_ID=ManjaroLinux
DISTRIB_RELEASE=20.1.2
DISTRIB_CODENAME=Mikah
DISTRIB_DESCRIPTION="Manjaro Linux"

uname:Linux 5.8.16-2-MANJARO #1 SMP PREEMPT Mon Oct 19 11:33:03 UTC 2020 x86_64
libc:glibc 2.32 NPTL 2.32 
rlimit: STACK 8192k, CORE infinity, NPROC 29591, NOFILE 524288, AS infinity
load average:0,79 1,27 1,20

/proc/meminfo:
MemTotal:        7658352 kB
MemFree:          812568 kB
MemAvailable:    4045784 kB
Buffers:          298160 kB
Cached:          2959500 kB
SwapCached:            0 kB
Active:          3641228 kB
Inactive:        2154852 kB
Active(anon):    2551724 kB
Inactive(anon):   252000 kB
Active(file):    1089504 kB
Inactive(file):  1902852 kB
Unevictable:           0 kB
Mlocked:               0 kB
SwapTotal:       8388604 kB
SwapFree:        8388604 kB
Dirty:               208 kB
Writeback:             0 kB
AnonPages:       2538436 kB
Mapped:          1166052 kB
Shmem:            265300 kB
KReclaimable:     544668 kB
Slab:             638988 kB
SReclaimable:     544668 kB
SUnreclaim:        94320 kB
KernelStack:       11984 kB
PageTables:        35012 kB
NFS_Unstable:          0 kB
Bounce:                0 kB
WritebackTmp:          0 kB
CommitLimit:    12217780 kB
Committed_AS:    8997032 kB
VmallocTotal:   34359738367 kB
VmallocUsed:       42928 kB
VmallocChunk:          0 kB
Percpu:             2576 kB
HardwareCorrupted:     0 kB
AnonHugePages:         0 kB
ShmemHugePages:        0 kB
ShmemPmdMapped:        0 kB
FileHugePages:         0 kB
FilePmdMapped:         0 kB
HugePages_Total:       0
HugePages_Free:        0
HugePages_Rsvd:        0
HugePages_Surp:        0
Hugepagesize:       2048 kB
Hugetlb:               0 kB
DirectMap4k:      628476 kB
DirectMap2M:     7192576 kB
DirectMap1G:     1048576 kB

container (cgroup) information:
container_type: cgroupv1
cpu_cpuset_cpus: 0-3
cpu_memory_nodes: 0
active_processor_count: 4
cpu_quota: -1
cpu_period: 100000
cpu_shares: -1
memory_limit_in_bytes: -1
memory_and_swap_limit_in_bytes: -1
memory_soft_limit_in_bytes: -1
memory_usage_in_bytes: 3773472768
memory_max_usage_in_bytes: 4143890432


CPU:total 4 (initial active 4) (4 cores per cpu, 1 threads per core) family 21 model 101 stepping 1, cmov, cx8, fxsr, mmx, sse, sse2, sse3, ssse3, sse4.1, sse4.2, popcnt, avx, avx2, aes, clmul, mmxext, 3dnowpref, lzcnt, sse4a, tsc, tscinvbit, tscinv, bmi1

/proc/cpuinfo:
processor	: 0
vendor_id	: AuthenticAMD
cpu family	: 21
model		: 101
model name	: AMD A12-9720P RADEON R7, 12 COMPUTE CORES 4C+8G
stepping	: 1
microcode	: 0x600611a
cpu MHz		: 2741.752
cache size	: 1024 KB
physical id	: 0
siblings	: 4
core id		: 0
cpu cores	: 2
apicid		: 16
initial apicid	: 0
fpu		: yes
fpu_exception	: yes
cpuid level	: 13
wp		: yes
flags		: fpu vme de pse tsc msr pae mce cx8 apic sep mtrr pge mca cmov pat pse36 clflush mmx fxsr sse sse2 ht syscall nx mmxext fxsr_opt pdpe1gb rdtscp lm constant_tsc rep_good acc_power nopl nonstop_tsc cpuid extd_apicid aperfmperf pni pclmulqdq monitor ssse3 fma cx16 sse4_1 sse4_2 movbe popcnt aes xsave avx f16c lahf_lm cmp_legacy svm extapic cr8_legacy abm sse4a misalignsse 3dnowprefetch osvw ibs xop skinit wdt lwp fma4 tce nodeid_msr tbm topoext perfctr_core perfctr_nb bpext ptsc mwaitx cpb hw_pstate ssbd ibpb vmmcall fsgsbase bmi1 avx2 smep bmi2 xsaveopt arat npt lbrv svm_lock nrip_save tsc_scale vmcb_clean flushbyasid decodeassists pausefilter pfthreshold avic vgif overflow_recov
bugs		: fxsave_leak sysret_ss_attrs null_seg spectre_v1 spectre_v2 spec_store_bypass
bogomips	: 5392.67
TLB size	: 1536 4K pages
clflush size	: 64
cache_alignment	: 64
address sizes	: 48 bits physical, 48 bits virtual
power management: ts ttp tm 100mhzsteps hwpstate cpb eff_freq_ro acc_power [13]

processor	: 1
vendor_id	: AuthenticAMD
cpu family	: 21
model		: 101
model name	: AMD A12-9720P RADEON R7, 12 COMPUTE CORES 4C+8G
stepping	: 1
microcode	: 0x600611a
cpu MHz		: 2441.063
cache size	: 1024 KB
physical id	: 0
siblings	: 4
core id		: 1
cpu cores	: 2
apicid		: 17
initial apicid	: 1
fpu		: yes
fpu_exception	: yes
cpuid level	: 13
wp		: yes
flags		: fpu vme de pse tsc msr pae mce cx8 apic sep mtrr pge mca cmov pat pse36 clflush mmx fxsr sse sse2 ht syscall nx mmxext fxsr_opt pdpe1gb rdtscp lm constant_tsc rep_good acc_power nopl nonstop_tsc cpuid extd_apicid aperfmperf pni pclmulqdq monitor ssse3 fma cx16 sse4_1 sse4_2 movbe popcnt aes xsave avx f16c lahf_lm cmp_legacy svm extapic cr8_legacy abm sse4a misalignsse 3dnowprefetch osvw ibs xop skinit wdt lwp fma4 tce nodeid_msr tbm topoext perfctr_core perfctr_nb bpext ptsc mwaitx cpb hw_pstate ssbd ibpb vmmcall fsgsbase bmi1 avx2 smep bmi2 xsaveopt arat npt lbrv svm_lock nrip_save tsc_scale vmcb_clean flushbyasid decodeassists pausefilter pfthreshold avic vgif overflow_recov
bugs		: fxsave_leak sysret_ss_attrs null_seg spectre_v1 spectre_v2 spec_store_bypass
bogomips	: 5392.67
TLB size	: 1536 4K pages
clflush size	: 64
cache_alignment	: 64
address sizes	: 48 bits physical, 48 bits virtual
power management: ts ttp tm 100mhzsteps hwpstate cpb eff_freq_ro acc_power [13]

processor	: 2
vendor_id	: AuthenticAMD
cpu family	: 21
model		: 101
model name	: AMD A12-9720P RADEON R7, 12 COMPUTE CORES 4C+8G
stepping	: 1
microcode	: 0x600611a
cpu MHz		: 2154.233
cache size	: 1024 KB
physical id	: 0
siblings	: 4
core id		: 2
cpu cores	: 2
apicid		: 18
initial apicid	: 2
fpu		: yes
fpu_exception	: yes
cpuid level	: 13
wp		: yes
flags		: fpu vme de pse tsc msr pae mce cx8 apic sep mtrr pge mca cmov pat pse36 clflush mmx fxsr sse sse2 ht syscall nx mmxext fxsr_opt pdpe1gb rdtscp lm constant_tsc rep_good acc_power nopl nonstop_tsc cpuid extd_apicid aperfmperf pni pclmulqdq monitor ssse3 fma cx16 sse4_1 sse4_2 movbe popcnt aes xsave avx f16c lahf_lm cmp_legacy svm extapic cr8_legacy abm sse4a misalignsse 3dnowprefetch osvw ibs xop skinit wdt lwp fma4 tce nodeid_msr tbm topoext perfctr_core perfctr_nb bpext ptsc mwaitx cpb hw_pstate ssbd ibpb vmmcall fsgsbase bmi1 avx2 smep bmi2 xsaveopt arat npt lbrv svm_lock nrip_save tsc_scale vmcb_clean flushbyasid decodeassists pausefilter pfthreshold avic vgif overflow_recov
bugs		: fxsave_leak sysret_ss_attrs null_seg spectre_v1 spectre_v2 spec_store_bypass
bogomips	: 5392.67
TLB size	: 1536 4K pages
clflush size	: 64
cache_alignment	: 64
address sizes	: 48 bits physical, 48 bits virtual
power management: ts ttp tm 100mhzsteps hwpstate cpb eff_freq_ro acc_power [13]

processor	: 3
vendor_id	: AuthenticAMD
cpu family	: 21
model		: 101
model name	: AMD A12-9720P RADEON R7, 12 COMPUTE CORES 4C+8G
stepping	: 1
microcode	: 0x600611a
cpu MHz		: 2419.588
cache size	: 1024 KB
physical id	: 0
siblings	: 4
core id		: 3
cpu cores	: 2
apicid		: 19
initial apicid	: 3
fpu		: yes
fpu_exception	: yes
cpuid level	: 13
wp		: yes
flags		: fpu vme de pse tsc msr pae mce cx8 apic sep mtrr pge mca cmov pat pse36 clflush mmx fxsr sse sse2 ht syscall nx mmxext fxsr_opt pdpe1gb rdtscp lm constant_tsc rep_good acc_power nopl nonstop_tsc cpuid extd_apicid aperfmperf pni pclmulqdq monitor ssse3 fma cx16 sse4_1 sse4_2 movbe popcnt aes xsave avx f16c lahf_lm cmp_legacy svm extapic cr8_legacy abm sse4a misalignsse 3dnowprefetch osvw ibs xop skinit wdt lwp fma4 tce nodeid_msr tbm topoext perfctr_core perfctr_nb bpext ptsc mwaitx cpb hw_pstate ssbd ibpb vmmcall fsgsbase bmi1 avx2 smep bmi2 xsaveopt arat npt lbrv svm_lock nrip_save tsc_scale vmcb_clean flushbyasid decodeassists pausefilter pfthreshold avic vgif overflow_recov
bugs		: fxsave_leak sysret_ss_attrs null_seg spectre_v1 spectre_v2 spec_store_bypass
bogomips	: 5392.67
TLB size	: 1536 4K pages
clflush size	: 64
cache_alignment	: 64
address sizes	: 48 bits physical, 48 bits virtual
power management: ts ttp tm 100mhzsteps hwpstate cpb eff_freq_ro acc_power [13]



Memory: 4k page, physical 7658352k(812568k free), swap 8388604k(8388604k free)

vm_info: OpenJDK 64-Bit Server VM (25.265-b01) for linux-amd64 JRE (1.8.0_265-b01), built on Aug 30 2020 10:35:15 by "builduser" with gcc 10.2.0

time: Fri Oct 30 20:14:54 2020
timezone: -03
elapsed time: 7 seconds (0d 0h 0m 7s)

