#
# A fatal error has been detected by the Java Runtime Environment:
#
#  SIGSEGV (0xb) at pc=0x00007f96e6a03250, pid=4680, tid=0x00007f9736d0f640
#
# JRE version: OpenJDK Runtime Environment (8.0_265-b01) (build 1.8.0_265-b01)
# Java VM: OpenJDK 64-Bit Server VM (25.265-b01 mixed mode linux-amd64 compressed oops)
# Problematic frame:
# C  [libcplex1261remotejni.so+0x5cb250]  _778d684fa8524f693106ac725e8540d0+0x0
#
# Core dump written. Default location: /home/d4rkwzd/Projects/Netbeans/CplexTSP/core or core.4680
#
# If you would like to submit a bug report, please visit:
#   http://bugreport.java.com/bugreport/crash.jsp
# The crash happened outside the Java Virtual Machine in native code.
# See problematic frame for where to report the bug.
#

---------------  T H R E A D  ---------------

Current thread (0x00007f973000a800):  JavaThread "main" [_thread_in_native, id=4682, stack(0x00007f9736c10000,0x00007f9736d10000)]

siginfo: si_signo: 11 (SIGSEGV), si_code: 1 (SEGV_MAPERR), si_addr: 0x0000000000000008

Registers:
RAX=0x0000000000000000, RBX=0x0000000000000000, RCX=0x7ffffffffcbc3000, RDX=0x00007f97301835b0
RSP=0x00007f9736d0c608, RBP=0x00007f97305ee800, RSI=0x00007f97301835b0, RDI=0x0000000000000000
R8 =0x00007f9736d0d620, R9 =0x00007f97305a1a90, R10=0x0000000000000002, R11=0x00007f9737d5f200
R12=0x00007f973045cf40, R13=0x00007f97302a5780, R14=0x00007f97305cd640, R15=0x00007f973062b680
RIP=0x00007f96e6a03250, EFLAGS=0x0000000000010293, CSGSFS=0x002b000000000033, ERR=0x0000000000000004
  TRAPNO=0x000000000000000e

Top of Stack: (sp=0x00007f9736d0c608)
0x00007f9736d0c608:   00007f96e698a4b6 00007f9700000002
0x00007f9736d0c618:   00007f9736d0d620 0000000000000000
0x00007f9736d0c628:   00007f9730078e10 0000000000000000
0x00007f9736d0c638:   00007f97300991c8 00007f97300991d0
0x00007f9736d0c648:   00007f9730078e18 00007f973000a9e0
0x00007f9736d0c658:   00007f96e6504f36 00007f97300991d0
0x00007f9736d0c668:   00007f9730078e10 0000000000000000
0x00007f9736d0c678:   00007f9736d0c730 0000007300012958
0x00007f9736d0c688:   00007f9736d0d620 00007f97302a5780
0x00007f9736d0c698:   0000000000000000 00007f973000a9e0
0x00007f9736d0c6a8:   00007f9736d0d620 00007f9736d0c7e8
0x00007f9736d0c6b8:   7ffffffffcbc3000 0000000011e38f2c
0x00007f9736d0c6c8:   00007f9700000000 00007f9700000000
0x00007f9736d0c6d8:   00007f9600000001 0000000000000000
0x00007f9736d0c6e8:   00007f97305ee800 00007f9700000000
0x00007f9736d0c6f8:   00007f97305a1a90 0000000000000000
0x00007f9736d0c708:   0000000000000000 00007f973062b680
0x00007f9736d0c718:   00007f97305ee800 0000000000000002
0x00007f9736d0c728:   00007f97302a5780 00007f97305cd640
0x00007f9736d0c738:   00007f973062b680 00000000000003ee
0x00007f9736d0c748:   00007f96e6a5b517 0000000000000002
0x00007f9736d0c758:   0000000000000000 0000000000000000
0x00007f9736d0c768:   0000000000000000 00007f9736d0cf78
0x00007f9736d0c778:   0000000000000000 0000000000000000
0x00007f9736d0c788:   0000000000000cea 0000000000000001
0x00007f9736d0c798:   00007f97305530c0 00000000027cb04f
0x00007f9736d0c7a8:   000000000000046b 0000000000000c14
0x00007f9736d0c7b8:   00007f9730c7eb00 00007f9730596288
0x00007f9736d0c7c8:   00007f97305ee800 0000000000000000
0x00007f9736d0c7d8:   0000000000000000 0000000000000000
0x00007f9736d0c7e8:   0000000000000000 0000000000000000
0x00007f9736d0c7f8:   0000000000000000 0000000000000000 

Instructions: (pc=0x00007f96e6a03250)
0x00007f96e6a03230:   08 f2 0f 58 2d ef 23 a3 00 f2 0f 10 40 40 f2 0f
0x00007f96e6a03240:   5d c5 c3 90 48 8d 74 26 00 48 8d bf 00 00 00 00
0x00007f96e6a03250:   48 8b 47 08 83 7f 1c 00 74 06 f2 0f 10 40 38 c3
0x00007f96e6a03260:   f2 0f 10 40 40 c3 48 89 f6 48 8d bf 00 00 00 00 

Register to memory mapping:

RAX=0x0000000000000000 is an unknown value
RBX=0x0000000000000000 is an unknown value
RCX=0x7ffffffffcbc3000 is an unknown value
RDX=0x00007f97301835b0 is an unknown value
RSP=0x00007f9736d0c608 is pointing into the stack for thread: 0x00007f973000a800
RBP=0x00007f97305ee800 is an unknown value
RSI=0x00007f97301835b0 is an unknown value
RDI=0x0000000000000000 is an unknown value
R8 =0x00007f9736d0d620 is pointing into the stack for thread: 0x00007f973000a800
R9 =0x00007f97305a1a90 is an unknown value
R10=0x0000000000000002 is an unknown value
R11=0x00007f9737d5f200: <offset 0x197200> in /usr/lib/libc.so.6 at 0x00007f9737bc8000
R12=0x00007f973045cf40 is an unknown value
R13=0x00007f97302a5780 is an unknown value
R14=0x00007f97305cd640 is an unknown value
R15=0x00007f973062b680 is an unknown value


Stack: [0x00007f9736c10000,0x00007f9736d10000],  sp=0x00007f9736d0c608,  free space=1009k
Native frames: (J=compiled Java code, j=interpreted, Vv=VM code, C=native code)
C  [libcplex1261remotejni.so+0x5cb250]  _778d684fa8524f693106ac725e8540d0+0x0

Java frames: (J=compiled Java code, j=interpreted, Vv=VM code)
j  ilog.cplex.Cplex.CPXmipopt(JJ)I+0
j  ilog.cplex.CplexI$SolveHandle.start()V+278
j  ilog.cplex.CplexI.solve()V+12
j  ilog.cplex.IloCplex.solve()Z+4
j  v1.Model.main([Ljava/lang/String;)V+524
v  ~StubRoutines::call_stub

---------------  P R O C E S S  ---------------

Java Threads: ( => current thread )
  0x00007f96d800a000 JavaThread "AWT-EventQueue-0" [_thread_blocked, id=4701, stack(0x00007f96e5617000,0x00007f96e5718000)]
  0x00007f973057d000 JavaThread "AWT-Shutdown" [_thread_blocked, id=4700, stack(0x00007f96e5b07000,0x00007f96e5c08000)]
  0x00007f97304f3000 JavaThread "AWT-XAWT" daemon [_thread_in_native, id=4699, stack(0x00007f96e608e000,0x00007f96e618f000)]
  0x00007f97304c7800 JavaThread "Java2D Disposer" daemon [_thread_blocked, id=4698, stack(0x00007f96e618f000,0x00007f96e6290000)]
  0x00007f97300c0800 JavaThread "Service Thread" daemon [_thread_blocked, id=4696, stack(0x00007f971c99b000,0x00007f971ca9c000)]
  0x00007f97300bd800 JavaThread "C1 CompilerThread2" daemon [_thread_blocked, id=4695, stack(0x00007f971ca9d000,0x00007f971cb9d000)]
  0x00007f97300bc000 JavaThread "C2 CompilerThread1" daemon [_thread_blocked, id=4694, stack(0x00007f971cb9e000,0x00007f971cc9e000)]
  0x00007f97300b9000 JavaThread "C2 CompilerThread0" daemon [_thread_blocked, id=4693, stack(0x00007f971cc9f000,0x00007f971cd9f000)]
  0x00007f97300b7000 JavaThread "Signal Dispatcher" daemon [_thread_blocked, id=4692, stack(0x00007f971cd9f000,0x00007f971cea0000)]
  0x00007f9730085800 JavaThread "Finalizer" daemon [_thread_blocked, id=4691, stack(0x00007f971d18c000,0x00007f971d28d000)]
  0x00007f9730081000 JavaThread "Reference Handler" daemon [_thread_blocked, id=4690, stack(0x00007f971d28d000,0x00007f971d38e000)]
=>0x00007f973000a800 JavaThread "main" [_thread_in_native, id=4682, stack(0x00007f9736c10000,0x00007f9736d10000)]

Other Threads:
  0x00007f9730077800 VMThread [stack: 0x00007f971d38f000,0x00007f971d48f000] [id=4689]
  0x00007f97300c3000 WatcherThread [stack: 0x00007f971c89b000,0x00007f971c99b000] [id=4697]

VM state:not at safepoint (normal execution)

VM Mutex/Monitor currently owned by a thread: None

heap address: 0x000000008b200000, size: 1870 MB, Compressed Oops mode: 32-bit
Narrow klass base: 0x0000000000000000, Narrow klass shift: 3
Compressed class space size: 1073741824 Address: 0x0000000100000000

Heap:
 PSYoungGen      total 66048K, used 8352K [0x00000000d9100000, 0x00000000dd600000, 0x0000000100000000)
  eden space 61440K, 6% used [0x00000000d9100000,0x00000000d94b0328,0x00000000dcd00000)
  from space 4608K, 99% used [0x00000000dd180000,0x00000000dd5f8010,0x00000000dd600000)
  to   space 4608K, 0% used [0x00000000dcd00000,0x00000000dcd00000,0x00000000dd180000)
 ParOldGen       total 80896K, used 15213K [0x000000008b200000, 0x0000000090100000, 0x00000000d9100000)
  object space 80896K, 18% used [0x000000008b200000,0x000000008c0db490,0x0000000090100000)
 Metaspace       used 12239K, capacity 12444K, committed 12800K, reserved 1060864K
  class space    used 1338K, capacity 1421K, committed 1536K, reserved 1048576K

Card table byte_map: [0x00007f9736458000,0x00007f9736800000] byte_map_base: 0x00007f9735fff000

Marking Bits: (ParMarkBitMap*) 0x00007f9737b55de0
 Begin Bits: [0x00007f971d590000, 0x00007f971f2c8000)
 End Bits:   [0x00007f971f2c8000, 0x00007f9721000000)

Polling page: 0x00007f9737e20000

CodeCache: size=245760Kb used=4109Kb max_used=4110Kb free=241650Kb
 bounds [0x00007f9721000000, 0x00007f9721410000, 0x00007f9730000000]
 total_blobs=1822 nmethods=1175 adapters=563
 compilation: enabled

Compilation events (10 events):
Event: 3,105 Thread 0x00007f97300b9000 1169       4       sun.util.logging.PlatformLogger$DefaultLoggerProxy::isLoggable (29 bytes)
Event: 3,106 Thread 0x00007f97300b9000 nmethod 1169 0x00007f97213ef310 code [0x00007f97213ef460, 0x00007f97213ef558]
Event: 3,113 Thread 0x00007f97300bd800 1170       3       sun.awt.X11.XEvent::get_xany (22 bytes)
Event: 3,114 Thread 0x00007f97300bd800 nmethod 1170 0x00007f97213f0150 code [0x00007f97213f0300, 0x00007f97213f08d8]
Event: 3,114 Thread 0x00007f97300bd800 1171       3       sun.awt.X11.XAnyEvent::<init> (30 bytes)
Event: 3,115 Thread 0x00007f97300bd800 nmethod 1171 0x00007f97213efa50 code [0x00007f97213efbe0, 0x00007f97213eff88]
Event: 3,115 Thread 0x00007f97300bd800 1172  s    3       java.awt.Toolkit::getDefaultToolkit (24 bytes)
Event: 3,116 Thread 0x00007f97300bd800 nmethod 1172 0x00007f9721405bd0 code [0x00007f9721405d60, 0x00007f97214061b8]
Event: 3,137 Thread 0x00007f97300bd800 1173       3       java.security.AccessController::getContext (23 bytes)
Event: 3,138 Thread 0x00007f97300bd800 nmethod 1173 0x00007f9721405550 code [0x00007f97214056e0, 0x00007f9721405a58]

GC Heap History (4 events):
Event: 0,730 GC heap before
{Heap before GC invocations=1 (full 0):
 PSYoungGen      total 35328K, used 30720K [0x00000000d9100000, 0x00000000db800000, 0x0000000100000000)
  eden space 30720K, 100% used [0x00000000d9100000,0x00000000daf00000,0x00000000daf00000)
  from space 4608K, 0% used [0x00000000db380000,0x00000000db380000,0x00000000db800000)
  to   space 4608K, 0% used [0x00000000daf00000,0x00000000daf00000,0x00000000db380000)
 ParOldGen       total 80896K, used 0K [0x000000008b200000, 0x0000000090100000, 0x00000000d9100000)
  object space 80896K, 0% used [0x000000008b200000,0x000000008b200000,0x0000000090100000)
 Metaspace       used 5228K, capacity 5824K, committed 6016K, reserved 1056768K
  class space    used 571K, capacity 624K, committed 640K, reserved 1048576K
Event: 0,765 GC heap after
Heap after GC invocations=1 (full 0):
 PSYoungGen      total 35328K, used 4576K [0x00000000d9100000, 0x00000000dd600000, 0x0000000100000000)
  eden space 30720K, 0% used [0x00000000d9100000,0x00000000d9100000,0x00000000daf00000)
  from space 4608K, 99% used [0x00000000daf00000,0x00000000db378050,0x00000000db380000)
  to   space 4608K, 0% used [0x00000000dd180000,0x00000000dd180000,0x00000000dd600000)
 ParOldGen       total 80896K, used 9439K [0x000000008b200000, 0x0000000090100000, 0x00000000d9100000)
  object space 80896K, 11% used [0x000000008b200000,0x000000008bb37cb8,0x0000000090100000)
 Metaspace       used 5228K, capacity 5824K, committed 6016K, reserved 1056768K
  class space    used 571K, capacity 624K, committed 640K, reserved 1048576K
}
Event: 1,703 GC heap before
{Heap before GC invocations=2 (full 0):
 PSYoungGen      total 35328K, used 35296K [0x00000000d9100000, 0x00000000dd600000, 0x0000000100000000)
  eden space 30720K, 100% used [0x00000000d9100000,0x00000000daf00000,0x00000000daf00000)
  from space 4608K, 99% used [0x00000000daf00000,0x00000000db378050,0x00000000db380000)
  to   space 4608K, 0% used [0x00000000dd180000,0x00000000dd180000,0x00000000dd600000)
 ParOldGen       total 80896K, used 9439K [0x000000008b200000, 0x0000000090100000, 0x00000000d9100000)
  object space 80896K, 11% used [0x000000008b200000,0x000000008bb37cb8,0x0000000090100000)
 Metaspace       used 11307K, capacity 11484K, committed 11648K, reserved 1058816K
  class space    used 1215K, capacity 1293K, committed 1408K, reserved 1048576K
Event: 1,726 GC heap after
Heap after GC invocations=2 (full 0):
 PSYoungGen      total 66048K, used 4576K [0x00000000d9100000, 0x00000000dd600000, 0x0000000100000000)
  eden space 61440K, 0% used [0x00000000d9100000,0x00000000d9100000,0x00000000dcd00000)
  from space 4608K, 99% used [0x00000000dd180000,0x00000000dd5f8010,0x00000000dd600000)
  to   space 4608K, 0% used [0x00000000dcd00000,0x00000000dcd00000,0x00000000dd180000)
 ParOldGen       total 80896K, used 15213K [0x000000008b200000, 0x0000000090100000, 0x00000000d9100000)
  object space 80896K, 18% used [0x000000008b200000,0x000000008c0db490,0x0000000090100000)
 Metaspace       used 11307K, capacity 11484K, committed 11648K, reserved 1058816K
  class space    used 1215K, capacity 1293K, committed 1408K, reserved 1048576K
}

Deoptimization events (8 events):
Event: 0,781 Thread 0x00007f973000a800 Uncommon trap: reason=unstable_if action=reinterpret pc=0x00007f97211f4480 method=ilog.cplex.CpxRange.<init>(Lilog/cplex/CplexI;DLilog/cplex/CpxNumExpr;DLjava/lang/String;)V @ 92
Event: 1,033 Thread 0x00007f973000a800 Uncommon trap: reason=unstable_if action=reinterpret pc=0x00007f972123da74 method=java.lang.String.indexOf([CII[CIII)I @ 134
Event: 1,192 Thread 0x00007f973000a800 Uncommon trap: reason=unstable_if action=reinterpret pc=0x00007f97211a260c method=java.lang.String.startsWith(Ljava/lang/String;I)Z @ 25
Event: 1,425 Thread 0x00007f973000a800 Uncommon trap: reason=unstable_if action=reinterpret pc=0x00007f97212e46e4 method=java.io.BufferedReader.read()I @ 19
Event: 1,506 Thread 0x00007f973000a800 Uncommon trap: reason=unstable_if action=reinterpret pc=0x00007f97213016b0 method=java.io.StreamTokenizer.nextToken()I @ 248
Event: 1,659 Thread 0x00007f973000a800 Uncommon trap: reason=unstable_if action=reinterpret pc=0x00007f97212ef630 method=java.lang.CharacterData.of(I)Ljava/lang/CharacterData; @ 4
Event: 1,760 Thread 0x00007f97304f3000 Uncommon trap: reason=unstable_if action=reinterpret pc=0x00007f9721352f40 method=java.lang.ThreadLocal.get()Ljava/lang/Object; @ 11
Event: 10,536 Thread 0x00007f973000a800 Uncommon trap: reason=unstable_if action=reinterpret pc=0x00007f97211edf98 method=ilog.cplex.CpxLinearExpr.<init>([D[Lilog/cplex/CpxNumVar;IID)V @ 56

Classes redefined (0 events):
No events

Internal exceptions (10 events):
Event: 0,181 Thread 0x00007f973000a800 Exception <a 'java/security/PrivilegedActionException'> (0x00000000d9259358) thrown at [/build/java8-openjdk/src/jdk8u-jdk8u265-b01/hotspot/src/share/vm/prims/jvm.cpp, line 1510]
Event: 0,181 Thread 0x00007f973000a800 Exception <a 'java/security/PrivilegedActionException'> (0x00000000d9259750) thrown at [/build/java8-openjdk/src/jdk8u-jdk8u265-b01/hotspot/src/share/vm/prims/jvm.cpp, line 1510]
Event: 0,935 Thread 0x00007f973000a800 Exception <a 'java/lang/NoSuchFieldError': method resolution failed> (0x00000000d96506e8) thrown at [/build/java8-openjdk/src/jdk8u-jdk8u265-b01/hotspot/src/share/vm/prims/methodHandles.cpp, line 1169]
Event: 0,949 Thread 0x00007f973000a800 Exception <a 'java/lang/NoSuchFieldError': method resolution failed> (0x00000000d965de88) thrown at [/build/java8-openjdk/src/jdk8u-jdk8u265-b01/hotspot/src/share/vm/prims/methodHandles.cpp, line 1169]
Event: 0,998 Thread 0x00007f973000a800 Exception <a 'java/io/FileNotFoundException'> (0x00000000d9729348) thrown at [/build/java8-openjdk/src/jdk8u-jdk8u265-b01/hotspot/src/share/vm/prims/jni.cpp, line 711]
Event: 0,998 Thread 0x00007f973000a800 Exception <a 'java/io/FileNotFoundException'> (0x00000000d9729d00) thrown at [/build/java8-openjdk/src/jdk8u-jdk8u265-b01/hotspot/src/share/vm/prims/jni.cpp, line 711]
Event: 1,032 Thread 0x00007f973000a800 Exception <a 'java/lang/ClassNotFoundException': sun/dc/DuctusRenderingEngine> (0x00000000d9742718) thrown at [/build/java8-openjdk/src/jdk8u-jdk8u265-b01/hotspot/src/share/vm/classfile/systemDictionary.cpp, line 215]
Event: 1,601 Thread 0x00007f973000a800 Exception <a 'java/io/FileNotFoundException'> (0x00000000da6b7e70) thrown at [/build/java8-openjdk/src/jdk8u-jdk8u265-b01/hotspot/src/share/vm/prims/jni.cpp, line 711]
Event: 1,760 Thread 0x00007f97304f3000 Implicit null exception at 0x00007f9721352e9a to 0x00007f9721352f2d
Event: 2,119 Thread 0x00007f96d800a000 Exception <a 'java/lang/UnsupportedOperationException': > (0x00000000d936a090) thrown at [/build/java8-openjdk/src/jdk8u-jdk8u265-b01/hotspot/src/share/vm/prims/jni.cpp, line 738]

Events (10 events):
Event: 3,009 loading class sun/awt/X11/XMotionEvent done
Event: 4,103 Executing VM operation: EnableBiasedLocking
Event: 4,104 Executing VM operation: EnableBiasedLocking done
Event: 10,535 loading class java/util/ArrayList$SubList
Event: 10,536 loading class java/util/ArrayList$SubList done
Event: 10,536 loading class java/util/ArrayList$SubList$1
Event: 10,536 loading class java/util/ArrayList$SubList$1 done
Event: 10,536 Thread 0x00007f973000a800 Uncommon trap: trap_request=0xffffff65 fr.pc=0x00007f97211edf98
Event: 10,536 Thread 0x00007f973000a800 DEOPT PACKING pc=0x00007f97211edf98 sp=0x00007f9736d0bbc0
Event: 10,536 Thread 0x00007f973000a800 DEOPT UNPACKING pc=0x00007f972104547a sp=0x00007f9736d0bb58 mode 2


Dynamic libraries:
8b200000-90100000 rw-p 00000000 00:00 0 
90100000-d9100000 ---p 00000000 00:00 0 
d9100000-dd600000 rw-p 00000000 00:00 0 
dd600000-100000000 ---p 00000000 00:00 0 
100000000-100180000 rw-p 00000000 00:00 0 
100180000-140000000 ---p 00000000 00:00 0 
55b5699da000-55b5699db000 r--p 00000000 08:08 1968221                    /usr/lib/jvm/java-8-openjdk/jre/bin/java
55b5699db000-55b5699dc000 r-xp 00001000 08:08 1968221                    /usr/lib/jvm/java-8-openjdk/jre/bin/java
55b5699dc000-55b5699dd000 r--p 00002000 08:08 1968221                    /usr/lib/jvm/java-8-openjdk/jre/bin/java
55b5699dd000-55b5699de000 r--p 00002000 08:08 1968221                    /usr/lib/jvm/java-8-openjdk/jre/bin/java
55b5699de000-55b5699df000 rw-p 00003000 08:08 1968221                    /usr/lib/jvm/java-8-openjdk/jre/bin/java
55b56ac58000-55b56ac79000 rw-p 00000000 00:00 0                          [heap]
7f96cc000000-7f96cc432000 rw-p 00000000 00:00 0 
7f96cc432000-7f96d0000000 ---p 00000000 00:00 0 
7f96d0000000-7f96d0198000 rw-p 00000000 00:00 0 
7f96d0198000-7f96d4000000 ---p 00000000 00:00 0 
7f96d77ff000-7f96d7800000 ---p 00000000 00:00 0 
7f96d7800000-7f96d8000000 rw-p 00000000 00:00 0 
7f96d8000000-7f96d8027000 rw-p 00000000 00:00 0 
7f96d8027000-7f96dc000000 ---p 00000000 00:00 0 
7f96dc000000-7f96dc021000 rw-p 00000000 00:00 0 
7f96dc021000-7f96e0000000 ---p 00000000 00:00 0 
7f96e0000000-7f96e0021000 rw-p 00000000 00:00 0 
7f96e0021000-7f96e4000000 ---p 00000000 00:00 0 
7f96e4615000-7f96e4616000 ---p 00000000 00:00 0 
7f96e4616000-7f96e4e16000 rw-p 00000000 00:00 0 
7f96e4e16000-7f96e4e17000 ---p 00000000 00:00 0 
7f96e4e17000-7f96e4e1a000 ---p 00000000 00:00 0 
7f96e4e1a000-7f96e5617000 rw-p 00000000 00:00 0 
7f96e5617000-7f96e561a000 ---p 00000000 00:00 0 
7f96e561a000-7f96e5818000 rw-p 00000000 00:00 0 
7f96e5818000-7f96e5918000 ---p 00000000 00:00 0 
7f96e5918000-7f96e59e5000 r--s 00000000 08:08 6819592                    /home/d4rkwzd/.cache/fontconfig/923e285e415b1073c8df160bee08820f-le64.cache-7
7f96e5ac0000-7f96e5b03000 r--s 00000000 08:08 6837194                    /home/d4rkwzd/.cache/fontconfig/f6b893a7224233d96cb72fd88691c0b4-le64.cache-7
7f96e5b07000-7f96e5b0a000 ---p 00000000 00:00 0 
7f96e5b0a000-7f96e5c08000 rw-p 00000000 00:00 0 
7f96e5c08000-7f96e5cd5000 r--s 00000000 08:08 6819592                    /home/d4rkwzd/.cache/fontconfig/923e285e415b1073c8df160bee08820f-le64.cache-7
7f96e5ce0000-7f96e5d03000 r--s 00000000 08:08 6427600                    /home/d4rkwzd/.cache/fontconfig/f2e43df3287529323e79e7929dc44cc9-le64.cache-7
7f96e5d88000-7f96e5dab000 r--s 00000000 08:08 6427600                    /home/d4rkwzd/.cache/fontconfig/f2e43df3287529323e79e7929dc44cc9-le64.cache-7
7f96e5db0000-7f96e5df3000 r--s 00000000 08:08 6837194                    /home/d4rkwzd/.cache/fontconfig/f6b893a7224233d96cb72fd88691c0b4-le64.cache-7
7f96e5e10000-7f96e5e1c000 r--s 00000000 08:08 8394494                    /home/d4rkwzd/.cache/fontconfig/e34e38f5-54d7-4e44-8c93-fc66dea1fd05-le64.cache-7
7f96e5e20000-7f96e5e2c000 r--s 00000000 08:08 8394494                    /home/d4rkwzd/.cache/fontconfig/e34e38f5-54d7-4e44-8c93-fc66dea1fd05-le64.cache-7
7f96e5e30000-7f96e5e3e000 r--s 00000000 08:08 6427565                    /home/d4rkwzd/.cache/fontconfig/491f45a0a771fef1c10b9b647a97fb82-le64.cache-7
7f96e5e50000-7f96e5e5e000 r--s 00000000 08:08 6427565                    /home/d4rkwzd/.cache/fontconfig/491f45a0a771fef1c10b9b647a97fb82-le64.cache-7
7f96e5e68000-7f96e5e6e000 r--s 00000000 08:08 8394475                    /home/d4rkwzd/.cache/fontconfig/9495f0af-d109-49f0-abdf-d280bf3e4658-le64.cache-7
7f96e5e70000-7f96e5e7e000 r--s 00000000 08:08 9059422                    /home/d4rkwzd/.cache/fontconfig/1dce2cb908b447e938fc03acd9b47fcf-le64.cache-7
7f96e5e88000-7f96e5e8e000 r--s 00000000 08:08 6837195                    /home/d4rkwzd/.cache/fontconfig/b67b32625a2bb51b023d3814a918f351-le64.cache-7
7f96e5e8e000-7f96e608e000 rw-p 00000000 00:00 0 
7f96e608e000-7f96e6091000 ---p 00000000 00:00 0 
7f96e6091000-7f96e618f000 rw-p 00000000 00:00 0 
7f96e618f000-7f96e6192000 ---p 00000000 00:00 0 
7f96e6192000-7f96e6290000 rw-p 00000000 00:00 0 
7f96e6290000-7f96e6292000 r--p 00000000 08:08 528794                     /usr/lib/libpcre.so.1.2.12
7f96e6292000-7f96e62e2000 r-xp 00002000 08:08 528794                     /usr/lib/libpcre.so.1.2.12
7f96e62e2000-7f96e6300000 r--p 00052000 08:08 528794                     /usr/lib/libpcre.so.1.2.12
7f96e6300000-7f96e6301000 r--p 0006f000 08:08 528794                     /usr/lib/libpcre.so.1.2.12
7f96e6301000-7f96e6302000 rw-p 00070000 08:08 528794                     /usr/lib/libpcre.so.1.2.12
7f96e6308000-7f96e6324000 r--p 00000000 08:08 539218                     /usr/lib/libglib-2.0.so.0.6600.0
7f96e6324000-7f96e63ad000 r-xp 0001c000 08:08 539218                     /usr/lib/libglib-2.0.so.0.6600.0
7f96e63ad000-7f96e6434000 r--p 000a5000 08:08 539218                     /usr/lib/libglib-2.0.so.0.6600.0
7f96e6434000-7f96e6435000 ---p 0012c000 08:08 539218                     /usr/lib/libglib-2.0.so.0.6600.0
7f96e6435000-7f96e6436000 r--p 0012c000 08:08 539218                     /usr/lib/libglib-2.0.so.0.6600.0
7f96e6436000-7f96e6437000 rw-p 0012d000 08:08 539218                     /usr/lib/libglib-2.0.so.0.6600.0
7f96e6437000-7f96e6438000 rw-p 00000000 00:00 0 
7f96e6438000-7f96e7c04000 r-xp 00000000 08:08 4995239                    /opt/ibm/ILOG/CPLEX_Studio1261/cplex/bin/x86-64_linux/libcplex1261remotejni.so
7f96e7c04000-7f96e7e04000 ---p 017cc000 08:08 4995239                    /opt/ibm/ILOG/CPLEX_Studio1261/cplex/bin/x86-64_linux/libcplex1261remotejni.so
7f96e7e04000-7f96e7e05000 r--p 017cc000 08:08 4995239                    /opt/ibm/ILOG/CPLEX_Studio1261/cplex/bin/x86-64_linux/libcplex1261remotejni.so
7f96e7e05000-7f96e7ff2000 rw-p 017cd000 08:08 4995239                    /opt/ibm/ILOG/CPLEX_Studio1261/cplex/bin/x86-64_linux/libcplex1261remotejni.so
7f96e7ff2000-7f96e7ffc000 rw-p 00000000 00:00 0 
7f96e8000000-7f96e8021000 rw-p 00000000 00:00 0 
7f96e8021000-7f96ec000000 ---p 00000000 00:00 0 
7f96ec000000-7f96ec021000 rw-p 00000000 00:00 0 
7f96ec021000-7f96f0000000 ---p 00000000 00:00 0 
7f96f0000000-7f96f06d0000 rw-p 00000000 00:00 0 
7f96f06d0000-7f96f4000000 ---p 00000000 00:00 0 
7f96f4000000-7f96f4560000 rw-p 00000000 00:00 0 
7f96f4560000-7f96f8000000 ---p 00000000 00:00 0 
7f96f8000000-7f96f8021000 rw-p 00000000 00:00 0 
7f96f8021000-7f96fc000000 ---p 00000000 00:00 0 
7f96fc000000-7f96fc54b000 rw-p 00000000 00:00 0 
7f96fc54b000-7f9700000000 ---p 00000000 00:00 0 
7f9700000000-7f9700021000 rw-p 00000000 00:00 0 
7f9700021000-7f9704000000 ---p 00000000 00:00 0 
7f9704000000-7f9704021000 rw-p 00000000 00:00 0 
7f9704021000-7f9708000000 ---p 00000000 00:00 0 
7f9708000000-7f9708021000 rw-p 00000000 00:00 0 
7f9708021000-7f970c000000 ---p 00000000 00:00 0 
7f970c000000-7f970c021000 rw-p 00000000 00:00 0 
7f970c021000-7f9710000000 ---p 00000000 00:00 0 
7f9710000000-7f9710021000 rw-p 00000000 00:00 0 
7f9710021000-7f9714000000 ---p 00000000 00:00 0 
7f9714000000-7f9714021000 rw-p 00000000 00:00 0 
7f9714021000-7f9718000000 ---p 00000000 00:00 0 
7f9718000000-7f9718021000 rw-p 00000000 00:00 0 
7f9718021000-7f971c000000 ---p 00000000 00:00 0 
7f971c000000-7f971c001000 r--s 00000000 08:08 6723690                    /home/d4rkwzd/.cache/fontconfig/40a9d18f2870572023edd72623462882-le64.cache-7
7f971c008000-7f971c009000 r--s 00000000 08:08 6723690                    /home/d4rkwzd/.cache/fontconfig/40a9d18f2870572023edd72623462882-le64.cache-7
7f971c010000-7f971c01e000 r--s 00000000 08:08 9059422                    /home/d4rkwzd/.cache/fontconfig/1dce2cb908b447e938fc03acd9b47fcf-le64.cache-7
7f971c028000-7f971c030000 r--s 00000000 08:08 8394507                    /home/d4rkwzd/.cache/fontconfig/4603b67a-335d-4cd8-804e-97e5483fbd43-le64.cache-7
7f971c030000-7f971c03d000 r--s 00000000 08:08 6723547                    /home/d4rkwzd/.cache/fontconfig/210c0516121708a580e22e6b1f9a103a-le64.cache-7
7f971c040000-7f971c043000 r--s 00000000 08:08 8262798                    /home/d4rkwzd/.cache/fontconfig/f7f036bb-6cca-4723-a1e5-41b5ef9aba97-le64.cache-7
7f971c048000-7f971c04d000 r--s 00000000 08:08 6686299                    /home/d4rkwzd/.cache/fontconfig/6ba42ae0000f58711b5caaf10d690066-le64.cache-7
7f971c050000-7f971c052000 r--p 00000000 08:08 530314                     /usr/lib/libXfixes.so.3.1.0
7f971c052000-7f971c055000 r-xp 00002000 08:08 530314                     /usr/lib/libXfixes.so.3.1.0
7f971c055000-7f971c056000 r--p 00005000 08:08 530314                     /usr/lib/libXfixes.so.3.1.0
7f971c056000-7f971c057000 ---p 00006000 08:08 530314                     /usr/lib/libXfixes.so.3.1.0
7f971c057000-7f971c058000 r--p 00006000 08:08 530314                     /usr/lib/libXfixes.so.3.1.0
7f971c058000-7f971c059000 rw-p 00007000 08:08 530314                     /usr/lib/libXfixes.so.3.1.0
7f971c060000-7f971c063000 r--p 00000000 08:08 539420                     /usr/lib/libgraphite2.so.3.2.1
7f971c063000-7f971c07d000 r-xp 00003000 08:08 539420                     /usr/lib/libgraphite2.so.3.2.1
7f971c07d000-7f971c082000 r--p 0001d000 08:08 539420                     /usr/lib/libgraphite2.so.3.2.1
7f971c082000-7f971c084000 r--p 00021000 08:08 539420                     /usr/lib/libgraphite2.so.3.2.1
7f971c084000-7f971c085000 rw-p 00023000 08:08 539420                     /usr/lib/libgraphite2.so.3.2.1
7f971c088000-7f971c092000 r--p 00000000 08:08 534806                     /usr/lib/libharfbuzz.so.0.20702.0
7f971c092000-7f971c123000 r-xp 0000a000 08:08 534806                     /usr/lib/libharfbuzz.so.0.20702.0
7f971c123000-7f971c154000 r--p 0009b000 08:08 534806                     /usr/lib/libharfbuzz.so.0.20702.0
7f971c154000-7f971c155000 ---p 000cc000 08:08 534806                     /usr/lib/libharfbuzz.so.0.20702.0
7f971c155000-7f971c156000 r--p 000cc000 08:08 534806                     /usr/lib/libharfbuzz.so.0.20702.0
7f971c156000-7f971c157000 rw-p 000cd000 08:08 534806                     /usr/lib/libharfbuzz.so.0.20702.0
7f971c158000-7f971c15e000 r--p 00000000 08:08 540654                     /usr/lib/libpng16.so.16.37.0
7f971c15e000-7f971c182000 r-xp 00006000 08:08 540654                     /usr/lib/libpng16.so.16.37.0
7f971c182000-7f971c18d000 r--p 0002a000 08:08 540654                     /usr/lib/libpng16.so.16.37.0
7f971c18d000-7f971c18e000 r--p 00034000 08:08 540654                     /usr/lib/libpng16.so.16.37.0
7f971c18e000-7f971c18f000 rw-p 00035000 08:08 540654                     /usr/lib/libpng16.so.16.37.0
7f971c190000-7f971c19d000 r--p 00000000 08:08 534798                     /usr/lib/libfreetype.so.6.17.4
7f971c19d000-7f971c223000 r-xp 0000d000 08:08 534798                     /usr/lib/libfreetype.so.6.17.4
7f971c223000-7f971c25b000 r--p 00093000 08:08 534798                     /usr/lib/libfreetype.so.6.17.4
7f971c25b000-7f971c25c000 ---p 000cb000 08:08 534798                     /usr/lib/libfreetype.so.6.17.4
7f971c25c000-7f971c263000 r--p 000cb000 08:08 534798                     /usr/lib/libfreetype.so.6.17.4
7f971c263000-7f971c264000 rw-p 000d2000 08:08 534798                     /usr/lib/libfreetype.so.6.17.4
7f971c268000-7f971c269000 r--s 00000000 08:08 8262780                    /home/d4rkwzd/.cache/fontconfig/39d28626-d72d-4c49-bb07-79792e77bfbb-le64.cache-7
7f971c270000-7f971c276000 r--s 00000000 08:08 8394475                    /home/d4rkwzd/.cache/fontconfig/9495f0af-d109-49f0-abdf-d280bf3e4658-le64.cache-7
7f971c278000-7f971c27e000 r--s 00000000 08:08 6837195                    /home/d4rkwzd/.cache/fontconfig/b67b32625a2bb51b023d3814a918f351-le64.cache-7
7f971c280000-7f971c285000 r--s 00000000 08:08 6686299                    /home/d4rkwzd/.cache/fontconfig/6ba42ae0000f58711b5caaf10d690066-le64.cache-7
7f971c288000-7f971c295000 r--s 00000000 08:08 6723547                    /home/d4rkwzd/.cache/fontconfig/210c0516121708a580e22e6b1f9a103a-le64.cache-7
7f971c298000-7f971c29b000 r--s 00000000 08:08 8262798                    /home/d4rkwzd/.cache/fontconfig/f7f036bb-6cca-4723-a1e5-41b5ef9aba97-le64.cache-7
7f971c2a0000-7f971c2a8000 r--s 00000000 08:08 8394507                    /home/d4rkwzd/.cache/fontconfig/4603b67a-335d-4cd8-804e-97e5483fbd43-le64.cache-7
7f971c2a8000-7f971c2b1000 r--p 00000000 08:08 2234320                    /usr/lib/jvm/java-8-openjdk/jre/lib/amd64/libfontmanager.so
7f971c2b1000-7f971c2ec000 r-xp 00009000 08:08 2234320                    /usr/lib/jvm/java-8-openjdk/jre/lib/amd64/libfontmanager.so
7f971c2ec000-7f971c30c000 r--p 00044000 08:08 2234320                    /usr/lib/jvm/java-8-openjdk/jre/lib/amd64/libfontmanager.so
7f971c30c000-7f971c310000 r--p 00063000 08:08 2234320                    /usr/lib/jvm/java-8-openjdk/jre/lib/amd64/libfontmanager.so
7f971c310000-7f971c311000 rw-p 00067000 08:08 2234320                    /usr/lib/jvm/java-8-openjdk/jre/lib/amd64/libfontmanager.so
7f971c318000-7f971c31a000 r--p 00000000 08:08 526323                     /usr/lib/libXdmcp.so.6.0.0
7f971c31a000-7f971c31c000 r-xp 00002000 08:08 526323                     /usr/lib/libXdmcp.so.6.0.0
7f971c31c000-7f971c31e000 r--p 00004000 08:08 526323                     /usr/lib/libXdmcp.so.6.0.0
7f971c31e000-7f971c31f000 r--p 00005000 08:08 526323                     /usr/lib/libXdmcp.so.6.0.0
7f971c31f000-7f971c320000 rw-p 00006000 08:08 526323                     /usr/lib/libXdmcp.so.6.0.0
7f971c320000-7f971c321000 r--p 00000000 08:08 526319                     /usr/lib/libXau.so.6.0.0
7f971c321000-7f971c322000 r-xp 00001000 08:08 526319                     /usr/lib/libXau.so.6.0.0
7f971c322000-7f971c323000 r--p 00002000 08:08 526319                     /usr/lib/libXau.so.6.0.0
7f971c323000-7f971c324000 r--p 00002000 08:08 526319                     /usr/lib/libXau.so.6.0.0
7f971c324000-7f971c325000 rw-p 00003000 08:08 526319                     /usr/lib/libXau.so.6.0.0
7f971c328000-7f971c334000 r--p 00000000 08:08 534635                     /usr/lib/libxcb.so.1.1.0
7f971c334000-7f971c347000 r-xp 0000c000 08:08 534635                     /usr/lib/libxcb.so.1.1.0
7f971c347000-7f971c350000 r--p 0001f000 08:08 534635                     /usr/lib/libxcb.so.1.1.0
7f971c350000-7f971c351000 r--p 00027000 08:08 534635                     /usr/lib/libxcb.so.1.1.0
7f971c351000-7f971c352000 rw-p 00028000 08:08 534635                     /usr/lib/libxcb.so.1.1.0
7f971c358000-7f971c35b000 r--p 00000000 08:08 534706                     /usr/lib/libXi.so.6.1.0
7f971c35b000-7f971c366000 r-xp 00003000 08:08 534706                     /usr/lib/libXi.so.6.1.0
7f971c366000-7f971c369000 r--p 0000e000 08:08 534706                     /usr/lib/libXi.so.6.1.0
7f971c369000-7f971c36a000 r--p 00010000 08:08 534706                     /usr/lib/libXi.so.6.1.0
7f971c36a000-7f971c36b000 rw-p 00011000 08:08 534706                     /usr/lib/libXi.so.6.1.0
7f971c370000-7f971c372000 r--p 00000000 08:08 534692                     /usr/lib/libXrender.so.1.3.0
7f971c372000-7f971c379000 r-xp 00002000 08:08 534692                     /usr/lib/libXrender.so.1.3.0
7f971c379000-7f971c37b000 r--p 00009000 08:08 534692                     /usr/lib/libXrender.so.1.3.0
7f971c37b000-7f971c37c000 r--p 0000a000 08:08 534692                     /usr/lib/libXrender.so.1.3.0
7f971c37c000-7f971c37d000 rw-p 0000b000 08:08 534692                     /usr/lib/libXrender.so.1.3.0
7f971c380000-7f971c39c000 r--p 00000000 08:08 540044                     /usr/lib/libX11.so.6.3.0
7f971c39c000-7f971c426000 r-xp 0001c000 08:08 540044                     /usr/lib/libX11.so.6.3.0
7f971c426000-7f971c4b9000 r--p 000a6000 08:08 540044                     /usr/lib/libX11.so.6.3.0
7f971c4b9000-7f971c4ba000 ---p 00139000 08:08 540044                     /usr/lib/libX11.so.6.3.0
7f971c4ba000-7f971c4bd000 r--p 00139000 08:08 540044                     /usr/lib/libX11.so.6.3.0
7f971c4bd000-7f971c4c1000 rw-p 0013c000 08:08 540044                     /usr/lib/libX11.so.6.3.0
7f971c4c8000-7f971c4d8000 r--p 00000000 08:08 2234318                    /usr/lib/jvm/java-8-openjdk/jre/lib/amd64/libawt_xawt.so
7f971c4d8000-7f971c514000 r-xp 00010000 08:08 2234318                    /usr/lib/jvm/java-8-openjdk/jre/lib/amd64/libawt_xawt.so
7f971c514000-7f971c525000 r--p 0004c000 08:08 2234318                    /usr/lib/jvm/java-8-openjdk/jre/lib/amd64/libawt_xawt.so
7f971c525000-7f971c526000 ---p 0005d000 08:08 2234318                    /usr/lib/jvm/java-8-openjdk/jre/lib/amd64/libawt_xawt.so
7f971c526000-7f971c527000 r--p 0005d000 08:08 2234318                    /usr/lib/jvm/java-8-openjdk/jre/lib/amd64/libawt_xawt.so
7f971c527000-7f971c529000 rw-p 0005e000 08:08 2234318                    /usr/lib/jvm/java-8-openjdk/jre/lib/amd64/libawt_xawt.so
7f971c529000-7f971c52b000 rw-p 00000000 00:00 0 
7f971c530000-7f971c55d000 r--p 00000000 08:08 2234316                    /usr/lib/jvm/java-8-openjdk/jre/lib/amd64/libawt.so
7f971c55d000-7f971c5c5000 r-xp 0002d000 08:08 2234316                    /usr/lib/jvm/java-8-openjdk/jre/lib/amd64/libawt.so
7f971c5c5000-7f971c5d1000 r--p 00095000 08:08 2234316                    /usr/lib/jvm/java-8-openjdk/jre/lib/amd64/libawt.so
7f971c5d1000-7f971c5d2000 ---p 000a1000 08:08 2234316                    /usr/lib/jvm/java-8-openjdk/jre/lib/amd64/libawt.so
7f971c5d2000-7f971c5d3000 r--p 000a1000 08:08 2234316                    /usr/lib/jvm/java-8-openjdk/jre/lib/amd64/libawt.so
7f971c5d3000-7f971c5de000 rw-p 000a2000 08:08 2234316                    /usr/lib/jvm/java-8-openjdk/jre/lib/amd64/libawt.so
7f971c5de000-7f971c603000 rw-p 00000000 00:00 0 
7f971c608000-7f971c60b000 r--p 00000000 08:08 528698                     /usr/lib/libgcc_s.so.1
7f971c60b000-7f971c61c000 r-xp 00003000 08:08 528698                     /usr/lib/libgcc_s.so.1
7f971c61c000-7f971c620000 r--p 00014000 08:08 528698                     /usr/lib/libgcc_s.so.1
7f971c620000-7f971c621000 r--p 00017000 08:08 528698                     /usr/lib/libgcc_s.so.1
7f971c621000-7f971c622000 rw-p 00018000 08:08 528698                     /usr/lib/libgcc_s.so.1
7f971c628000-7f971c6be000 r--p 00000000 08:08 542368                     /usr/lib/libstdc++.so.6.0.28
7f971c6be000-7f971c7aa000 r-xp 00096000 08:08 542368                     /usr/lib/libstdc++.so.6.0.28
7f971c7aa000-7f971c7f3000 r--p 00182000 08:08 542368                     /usr/lib/libstdc++.so.6.0.28
7f971c7f3000-7f971c7f4000 ---p 001cb000 08:08 542368                     /usr/lib/libstdc++.so.6.0.28
7f971c7f4000-7f971c801000 r--p 001cb000 08:08 542368                     /usr/lib/libstdc++.so.6.0.28
7f971c801000-7f971c802000 rw-p 001d8000 08:08 542368                     /usr/lib/libstdc++.so.6.0.28
7f971c802000-7f971c805000 rw-p 00000000 00:00 0 
7f971c808000-7f971c80b000 r--p 00000000 08:08 540847                     /usr/lib/libXcursor.so.1.0.2
7f971c80b000-7f971c810000 r-xp 00003000 08:08 540847                     /usr/lib/libXcursor.so.1.0.2
7f971c810000-7f971c812000 r--p 00008000 08:08 540847                     /usr/lib/libXcursor.so.1.0.2
7f971c812000-7f971c813000 r--p 00009000 08:08 540847                     /usr/lib/libXcursor.so.1.0.2
7f971c813000-7f971c814000 rw-p 0000a000 08:08 540847                     /usr/lib/libXcursor.so.1.0.2
7f971c818000-7f971c81a000 r--p 00000000 08:08 542154                     /usr/lib/libbz2.so.1.0.8
7f971c81a000-7f971c827000 r-xp 00002000 08:08 542154                     /usr/lib/libbz2.so.1.0.8
7f971c827000-7f971c829000 r--p 0000f000 08:08 542154                     /usr/lib/libbz2.so.1.0.8
7f971c829000-7f971c82a000 r--p 00010000 08:08 542154                     /usr/lib/libbz2.so.1.0.8
7f971c82a000-7f971c82b000 rw-p 00011000 08:08 542154                     /usr/lib/libbz2.so.1.0.8
7f971c82e000-7f971c841000 r--s 00346000 08:08 2099479                    /usr/lib/jvm/java-8-openjdk/jre/lib/resources.jar
7f971c847000-7f971c878000 rw-p 00000000 00:00 0 
7f971c878000-7f971c87d000 r--p 00000000 08:08 2234337                    /usr/lib/jvm/java-8-openjdk/jre/lib/amd64/libnet.so
7f971c87d000-7f971c88d000 r-xp 00005000 08:08 2234337                    /usr/lib/jvm/java-8-openjdk/jre/lib/amd64/libnet.so
7f971c88d000-7f971c891000 r--p 00015000 08:08 2234337                    /usr/lib/jvm/java-8-openjdk/jre/lib/amd64/libnet.so
7f971c891000-7f971c892000 r--p 00018000 08:08 2234337                    /usr/lib/jvm/java-8-openjdk/jre/lib/amd64/libnet.so
7f971c892000-7f971c893000 rw-p 00019000 08:08 2234337                    /usr/lib/jvm/java-8-openjdk/jre/lib/amd64/libnet.so
7f971c89a000-7f971c89b000 ---p 00000000 00:00 0 
7f971c89b000-7f971c99b000 rw-p 00000000 00:00 0 
7f971c99b000-7f971c99e000 ---p 00000000 00:00 0 
7f971c99e000-7f971ca9c000 rw-p 00000000 00:00 0 
7f971ca9c000-7f971ca9d000 ---p 00000000 00:00 0 
7f971ca9d000-7f971caa0000 ---p 00000000 00:00 0 
7f971caa0000-7f971cb9d000 rw-p 00000000 00:00 0 
7f971cb9d000-7f971cb9e000 ---p 00000000 00:00 0 
7f971cb9e000-7f971cba1000 ---p 00000000 00:00 0 
7f971cba1000-7f971cc9e000 rw-p 00000000 00:00 0 
7f971cc9e000-7f971cc9f000 ---p 00000000 00:00 0 
7f971cc9f000-7f971cca2000 ---p 00000000 00:00 0 
7f971cca2000-7f971cd9f000 rw-p 00000000 00:00 0 
7f971cd9f000-7f971cda2000 ---p 00000000 00:00 0 
7f971cda2000-7f971cea0000 rw-p 00000000 00:00 0 
7f971cea0000-7f971d188000 r--p 00000000 08:08 543246                     /usr/lib/locale/locale-archive
7f971d18c000-7f971d18f000 ---p 00000000 00:00 0 
7f971d18f000-7f971d28d000 rw-p 00000000 00:00 0 
7f971d28d000-7f971d290000 ---p 00000000 00:00 0 
7f971d290000-7f971d38e000 rw-p 00000000 00:00 0 
7f971d38e000-7f971d38f000 ---p 00000000 00:00 0 
7f971d38f000-7f9721000000 rw-p 00000000 00:00 0 
7f9721000000-7f9721410000 rwxp 00000000 00:00 0 
7f9721410000-7f9730000000 ---p 00000000 00:00 0 
7f9730000000-7f9730df4000 rw-p 00000000 00:00 0 
7f9730df4000-7f9734000000 ---p 00000000 00:00 0 
7f9734000000-7f9734001000 r--s 00000000 08:08 8262780                    /home/d4rkwzd/.cache/fontconfig/39d28626-d72d-4c49-bb07-79792e77bfbb-le64.cache-7
7f9734008000-7f973400c000 r--p 00000000 08:08 528425                     /usr/lib/libXext.so.6.4.0
7f973400c000-7f9734017000 r-xp 00004000 08:08 528425                     /usr/lib/libXext.so.6.4.0
7f9734017000-7f973401b000 r--p 0000f000 08:08 528425                     /usr/lib/libXext.so.6.4.0
7f973401b000-7f973401c000 r--p 00012000 08:08 528425                     /usr/lib/libXext.so.6.4.0
7f973401c000-7f973401d000 rw-p 00013000 08:08 528425                     /usr/lib/libXext.so.6.4.0
7f9734020000-7f9734027000 r--p 00000000 08:08 2234338                    /usr/lib/jvm/java-8-openjdk/jre/lib/amd64/libnio.so
7f9734027000-7f973402f000 r-xp 00007000 08:08 2234338                    /usr/lib/jvm/java-8-openjdk/jre/lib/amd64/libnio.so
7f973402f000-7f9734032000 r--p 0000f000 08:08 2234338                    /usr/lib/jvm/java-8-openjdk/jre/lib/amd64/libnio.so
7f9734032000-7f9734033000 ---p 00012000 08:08 2234338                    /usr/lib/jvm/java-8-openjdk/jre/lib/amd64/libnio.so
7f9734033000-7f9734034000 r--p 00012000 08:08 2234338                    /usr/lib/jvm/java-8-openjdk/jre/lib/amd64/libnio.so
7f9734034000-7f9734035000 rw-p 00013000 08:08 2234338                    /usr/lib/jvm/java-8-openjdk/jre/lib/amd64/libnio.so
7f9734039000-7f9734044000 r--s 00071000 08:08 6822920                    /home/d4rkwzd/Projects/Netbeans/CplexTSP/lib/cplex.jar
7f9734047000-7f9734f48000 rw-p 00000000 00:00 0 
7f9734f48000-7f973511a000 r--s 03ca8000 08:08 2099480                    /usr/lib/jvm/java-8-openjdk/jre/lib/rt.jar
7f973511f000-7f9735de4000 rw-p 00000000 00:00 0 
7f9735de4000-7f9735de5000 ---p 00000000 00:00 0 
7f9735de5000-7f9735ee5000 rw-p 00000000 00:00 0 
7f9735ee5000-7f9735ee6000 ---p 00000000 00:00 0 
7f9735ee6000-7f9735fe6000 rw-p 00000000 00:00 0 
7f9735fe6000-7f9735fe7000 ---p 00000000 00:00 0 
7f9735fe7000-7f97360e7000 rw-p 00000000 00:00 0 
7f97360e7000-7f97360e8000 ---p 00000000 00:00 0 
7f97360e8000-7f9736210000 rw-p 00000000 00:00 0 
7f9736210000-7f9736458000 ---p 00000000 00:00 0 
7f9736458000-7f9736480000 rw-p 00000000 00:00 0 
7f9736480000-7f97366c7000 ---p 00000000 00:00 0 
7f97366c7000-7f97366ea000 rw-p 00000000 00:00 0 
7f97366ea000-7f97367ff000 ---p 00000000 00:00 0 
7f97367ff000-7f9736811000 rw-p 00000000 00:00 0 
7f9736811000-7f9736bc0000 ---p 00000000 00:00 0 
7f9736bc0000-7f9736bc3000 r--p 00000000 08:08 2234345                    /usr/lib/jvm/java-8-openjdk/jre/lib/amd64/libzip.so
7f9736bc3000-7f9736bc7000 r-xp 00003000 08:08 2234345                    /usr/lib/jvm/java-8-openjdk/jre/lib/amd64/libzip.so
7f9736bc7000-7f9736bc9000 r--p 00007000 08:08 2234345                    /usr/lib/jvm/java-8-openjdk/jre/lib/amd64/libzip.so
7f9736bc9000-7f9736bca000 r--p 00008000 08:08 2234345                    /usr/lib/jvm/java-8-openjdk/jre/lib/amd64/libzip.so
7f9736bca000-7f9736bcb000 rw-p 00009000 08:08 2234345                    /usr/lib/jvm/java-8-openjdk/jre/lib/amd64/libzip.so
7f9736bd0000-7f9736bdd000 r--p 00000000 08:08 2234327                    /usr/lib/jvm/java-8-openjdk/jre/lib/amd64/libjava.so
7f9736bdd000-7f9736bf3000 r-xp 0000d000 08:08 2234327                    /usr/lib/jvm/java-8-openjdk/jre/lib/amd64/libjava.so
7f9736bf3000-7f9736bfa000 r--p 00023000 08:08 2234327                    /usr/lib/jvm/java-8-openjdk/jre/lib/amd64/libjava.so
7f9736bfa000-7f9736bfb000 r--p 00029000 08:08 2234327                    /usr/lib/jvm/java-8-openjdk/jre/lib/amd64/libjava.so
7f9736bfb000-7f9736bfc000 rw-p 0002a000 08:08 2234327                    /usr/lib/jvm/java-8-openjdk/jre/lib/amd64/libjava.so
7f9736bfc000-7f9736bfd000 rw-p 00000000 00:00 0 
7f9736c00000-7f9736c03000 r--p 00000000 08:08 541708                     /usr/lib/librt-2.32.so
7f9736c03000-7f9736c07000 r-xp 00003000 08:08 541708                     /usr/lib/librt-2.32.so
7f9736c07000-7f9736c09000 r--p 00007000 08:08 541708                     /usr/lib/librt-2.32.so
7f9736c09000-7f9736c0a000 r--p 00008000 08:08 541708                     /usr/lib/librt-2.32.so
7f9736c0a000-7f9736c0b000 rw-p 00009000 08:08 541708                     /usr/lib/librt-2.32.so
7f9736c0f000-7f9736c10000 ---p 00000000 00:00 0 
7f9736c10000-7f9736c13000 ---p 00000000 00:00 0 
7f9736c13000-7f9736d10000 rw-p 00000000 00:00 0 
7f9736d10000-7f9736d1f000 r--p 00000000 08:08 533040                     /usr/lib/libm-2.32.so
7f9736d1f000-7f9736dbb000 r-xp 0000f000 08:08 533040                     /usr/lib/libm-2.32.so
7f9736dbb000-7f9736e54000 r--p 000ab000 08:08 533040                     /usr/lib/libm-2.32.so
7f9736e54000-7f9736e55000 r--p 00143000 08:08 533040                     /usr/lib/libm-2.32.so
7f9736e55000-7f9736e56000 rw-p 00144000 08:08 533040                     /usr/lib/libm-2.32.so
7f9736e58000-7f973704b000 r--p 00000000 08:08 2493292                    /usr/lib/jvm/java-8-openjdk/jre/lib/amd64/server/libjvm.so
7f973704b000-7f97378de000 r-xp 001f3000 08:08 2493292                    /usr/lib/jvm/java-8-openjdk/jre/lib/amd64/server/libjvm.so
7f97378de000-7f9737a83000 r--p 00a86000 08:08 2493292                    /usr/lib/jvm/java-8-openjdk/jre/lib/amd64/server/libjvm.so
7f9737a83000-7f9737a84000 ---p 00c2b000 08:08 2493292                    /usr/lib/jvm/java-8-openjdk/jre/lib/amd64/server/libjvm.so
7f9737a84000-7f9737b1a000 r--p 00c2b000 08:08 2493292                    /usr/lib/jvm/java-8-openjdk/jre/lib/amd64/server/libjvm.so
7f9737b1a000-7f9737b42000 rw-p 00cc1000 08:08 2493292                    /usr/lib/jvm/java-8-openjdk/jre/lib/amd64/server/libjvm.so
7f9737b42000-7f9737b73000 rw-p 00000000 00:00 0 
7f9737b78000-7f9737b7f000 r--p 00000000 08:08 541211                     /usr/lib/libpthread-2.32.so
7f9737b7f000-7f9737b8f000 r-xp 00007000 08:08 541211                     /usr/lib/libpthread-2.32.so
7f9737b8f000-7f9737b94000 r--p 00017000 08:08 541211                     /usr/lib/libpthread-2.32.so
7f9737b94000-7f9737b95000 r--p 0001b000 08:08 541211                     /usr/lib/libpthread-2.32.so
7f9737b95000-7f9737b96000 rw-p 0001c000 08:08 541211                     /usr/lib/libpthread-2.32.so
7f9737b96000-7f9737b9a000 rw-p 00000000 00:00 0 
7f9737ba0000-7f9737ba1000 r--p 00000000 08:08 533029                     /usr/lib/libdl-2.32.so
7f9737ba1000-7f9737ba3000 r-xp 00001000 08:08 533029                     /usr/lib/libdl-2.32.so
7f9737ba3000-7f9737ba4000 r--p 00003000 08:08 533029                     /usr/lib/libdl-2.32.so
7f9737ba4000-7f9737ba5000 r--p 00003000 08:08 533029                     /usr/lib/libdl-2.32.so
7f9737ba5000-7f9737ba6000 rw-p 00004000 08:08 533029                     /usr/lib/libdl-2.32.so
7f9737ba8000-7f9737bab000 r--p 00000000 08:08 534886                     /usr/lib/libz.so.1.2.11
7f9737bab000-7f9737bb9000 r-xp 00003000 08:08 534886                     /usr/lib/libz.so.1.2.11
7f9737bb9000-7f9737bbf000 r--p 00011000 08:08 534886                     /usr/lib/libz.so.1.2.11
7f9737bbf000-7f9737bc0000 ---p 00017000 08:08 534886                     /usr/lib/libz.so.1.2.11
7f9737bc0000-7f9737bc1000 r--p 00017000 08:08 534886                     /usr/lib/libz.so.1.2.11
7f9737bc1000-7f9737bc2000 rw-p 00018000 08:08 534886                     /usr/lib/libz.so.1.2.11
7f9737bc8000-7f9737bee000 r--p 00000000 08:08 533004                     /usr/lib/libc-2.32.so
7f9737bee000-7f9737d3b000 r-xp 00026000 08:08 533004                     /usr/lib/libc-2.32.so
7f9737d3b000-7f9737d87000 r--p 00173000 08:08 533004                     /usr/lib/libc-2.32.so
7f9737d87000-7f9737d8a000 r--p 001be000 08:08 533004                     /usr/lib/libc-2.32.so
7f9737d8a000-7f9737d8d000 rw-p 001c1000 08:08 533004                     /usr/lib/libc-2.32.so
7f9737d8d000-7f9737d91000 rw-p 00000000 00:00 0 
7f9737d98000-7f9737d9a000 r--p 00000000 08:08 539191                     /usr/lib/libXtst.so.6.1.0
7f9737d9a000-7f9737d9d000 r-xp 00002000 08:08 539191                     /usr/lib/libXtst.so.6.1.0
7f9737d9d000-7f9737d9e000 r--p 00005000 08:08 539191                     /usr/lib/libXtst.so.6.1.0
7f9737d9e000-7f9737d9f000 r--p 00005000 08:08 539191                     /usr/lib/libXtst.so.6.1.0
7f9737d9f000-7f9737da0000 rw-p 00006000 08:08 539191                     /usr/lib/libXtst.so.6.1.0
7f9737da0000-7f9737da8000 rw-s 00000000 00:32 59045                      /tmp/hsperfdata_d4rkwzd/4680
7f9737da8000-7f9737dab000 r--p 00000000 08:08 540988                     /usr/lib/libnss_files-2.32.so
7f9737dab000-7f9737db2000 r-xp 00003000 08:08 540988                     /usr/lib/libnss_files-2.32.so
7f9737db2000-7f9737db4000 r--p 0000a000 08:08 540988                     /usr/lib/libnss_files-2.32.so
7f9737db4000-7f9737db5000 r--p 0000b000 08:08 540988                     /usr/lib/libnss_files-2.32.so
7f9737db5000-7f9737db6000 rw-p 0000c000 08:08 540988                     /usr/lib/libnss_files-2.32.so
7f9737db6000-7f9737dbc000 rw-p 00000000 00:00 0 
7f9737dc0000-7f9737dc5000 r--p 00000000 08:08 2234344                    /usr/lib/jvm/java-8-openjdk/jre/lib/amd64/libverify.so
7f9737dc5000-7f9737dcc000 r-xp 00005000 08:08 2234344                    /usr/lib/jvm/java-8-openjdk/jre/lib/amd64/libverify.so
7f9737dcc000-7f9737dce000 r--p 0000c000 08:08 2234344                    /usr/lib/jvm/java-8-openjdk/jre/lib/amd64/libverify.so
7f9737dce000-7f9737dcf000 ---p 0000e000 08:08 2234344                    /usr/lib/jvm/java-8-openjdk/jre/lib/amd64/libverify.so
7f9737dcf000-7f9737dd1000 r--p 0000e000 08:08 2234344                    /usr/lib/jvm/java-8-openjdk/jre/lib/amd64/libverify.so
7f9737dd1000-7f9737dd2000 rw-p 00010000 08:08 2234344                    /usr/lib/jvm/java-8-openjdk/jre/lib/amd64/libverify.so
7f9737dd8000-7f9737ddb000 r--p 00000000 08:08 2392784                    /usr/lib/jvm/java-8-openjdk/jre/lib/amd64/jli/libjli.so
7f9737ddb000-7f9737de4000 r-xp 00003000 08:08 2392784                    /usr/lib/jvm/java-8-openjdk/jre/lib/amd64/jli/libjli.so
7f9737de4000-7f9737de7000 r--p 0000c000 08:08 2392784                    /usr/lib/jvm/java-8-openjdk/jre/lib/amd64/jli/libjli.so
7f9737de7000-7f9737de8000 r--p 0000e000 08:08 2392784                    /usr/lib/jvm/java-8-openjdk/jre/lib/amd64/jli/libjli.so
7f9737de8000-7f9737de9000 rw-p 0000f000 08:08 2392784                    /usr/lib/jvm/java-8-openjdk/jre/lib/amd64/jli/libjli.so
7f9737df0000-7f9737df2000 r--p 00000000 08:08 532987                     /usr/lib/ld-2.32.so
7f9737df2000-7f9737e13000 r-xp 00002000 08:08 532987                     /usr/lib/ld-2.32.so
7f9737e13000-7f9737e1c000 r--p 00023000 08:08 532987                     /usr/lib/ld-2.32.so
7f9737e1c000-7f9737e1d000 r--p 0002b000 08:08 532987                     /usr/lib/ld-2.32.so
7f9737e1d000-7f9737e1f000 rw-p 0002c000 08:08 532987                     /usr/lib/ld-2.32.so
7f9737e1f000-7f9737e20000 rw-p 00000000 00:00 0 
7f9737e20000-7f9737e21000 r--p 00000000 00:00 0 
7f9737e21000-7f9737e25000 rw-p 00000000 00:00 0 
7ffe0a4d7000-7ffe0a4f8000 rw-p 00000000 00:00 0                          [stack]
7ffe0a5a0000-7ffe0a5a4000 r--p 00000000 00:00 0                          [vvar]
7ffe0a5a4000-7ffe0a5a6000 r-xp 00000000 00:00 0                          [vdso]
ffffffffff600000-ffffffffff601000 --xp 00000000 00:00 0                  [vsyscall]

VM Arguments:
jvm_args: -Dfile.encoding=UTF-8 -Djava.library.path=/opt/ibm/ILOG/CPLEX_Studio1261/cplex/bin/x86-64_linux 
java_command: v1.Model
java_class_path (initial): /home/d4rkwzd/Projects/Netbeans/CplexTSP/lib/cplex.jar:/home/d4rkwzd/Projects/Netbeans/CplexTSP/build/classes
Launcher Type: SUN_STANDARD

Environment Variables:
PATH=/home/d4rkwzd/.local/bin:/usr/local/sbin:/usr/local/bin:/usr/bin:/usr/lib/jvm/default/bin:/usr/bin/site_perl:/usr/bin/vendor_perl:/usr/bin/core_perl:/var/lib/snapd/snap/bin
SHELL=/bin/bash
DISPLAY=:0

Signal Handlers:
SIGSEGV: [libjvm.so+0xa50e40], sa_mask[0]=11111111011111111101111111111110, sa_flags=SA_RESTART|SA_SIGINFO
SIGBUS: [libjvm.so+0xa50e40], sa_mask[0]=11111111011111111101111111111110, sa_flags=SA_RESTART|SA_SIGINFO
SIGFPE: [libjvm.so+0x8adfc0], sa_mask[0]=11111111011111111101111111111110, sa_flags=SA_RESTART|SA_SIGINFO
SIGPIPE: [libjvm.so+0x8adfc0], sa_mask[0]=11111111011111111101111111111110, sa_flags=SA_RESTART|SA_SIGINFO
SIGXFSZ: [libjvm.so+0x8adfc0], sa_mask[0]=11111111011111111101111111111110, sa_flags=SA_RESTART|SA_SIGINFO
SIGILL: [libjvm.so+0x8adfc0], sa_mask[0]=11111111011111111101111111111110, sa_flags=SA_RESTART|SA_SIGINFO
SIGUSR1: SIG_DFL, sa_mask[0]=00000000000000000000000000000000, sa_flags=none
SIGUSR2: [libjvm.so+0x8adda0], sa_mask[0]=00100000000000000000000000000000, sa_flags=SA_RESTART|SA_SIGINFO
SIGHUP: [libjvm.so+0x8ae260], sa_mask[0]=11111111011111111101111111111110, sa_flags=SA_RESTART|SA_SIGINFO
SIGINT: SIG_IGN, sa_mask[0]=00000000000000000000000000000000, sa_flags=none
SIGTERM: [libjvm.so+0x8ae260], sa_mask[0]=11111111011111111101111111111110, sa_flags=SA_RESTART|SA_SIGINFO
SIGQUIT: [libjvm.so+0x8ae260], sa_mask[0]=11111111011111111101111111111110, sa_flags=SA_RESTART|SA_SIGINFO


---------------  S Y S T E M  ---------------

OS:DISTRIB_ID=ManjaroLinux
DISTRIB_RELEASE=20.1.2
DISTRIB_CODENAME=Mikah
DISTRIB_DESCRIPTION="Manjaro Linux"

uname:Linux 5.8.16-2-MANJARO #1 SMP PREEMPT Mon Oct 19 11:33:03 UTC 2020 x86_64
libc:glibc 2.32 NPTL 2.32 
rlimit: STACK 8192k, CORE infinity, NPROC 29592, NOFILE 524288, AS infinity
load average:2,76 1,85 1,68

/proc/meminfo:
MemTotal:        7658360 kB
MemFree:          891308 kB
MemAvailable:    4086696 kB
Buffers:          244744 kB
Cached:          2927860 kB
SwapCached:            0 kB
Active:          3889052 kB
Inactive:        2006040 kB
Active(anon):    2735676 kB
Inactive(anon):   168032 kB
Active(file):    1153376 kB
Inactive(file):  1838008 kB
Unevictable:           0 kB
Mlocked:               0 kB
SwapTotal:       8388604 kB
SwapFree:        8388604 kB
Dirty:               880 kB
Writeback:             0 kB
AnonPages:       2722580 kB
Mapped:           712896 kB
Shmem:            181208 kB
KReclaimable:     507684 kB
Slab:             598380 kB
SReclaimable:     507684 kB
SUnreclaim:        90696 kB
KernelStack:       12368 kB
PageTables:        32084 kB
NFS_Unstable:          0 kB
Bounce:                0 kB
WritebackTmp:          0 kB
CommitLimit:    12217784 kB
Committed_AS:    8994152 kB
VmallocTotal:   34359738367 kB
VmallocUsed:       43304 kB
VmallocChunk:          0 kB
Percpu:             2576 kB
HardwareCorrupted:     0 kB
AnonHugePages:         0 kB
ShmemHugePages:        0 kB
ShmemPmdMapped:        0 kB
FileHugePages:         0 kB
FilePmdMapped:         0 kB
HugePages_Total:       0
HugePages_Free:        0
HugePages_Rsvd:        0
HugePages_Surp:        0
Hugepagesize:       2048 kB
Hugetlb:               0 kB
DirectMap4k:      415484 kB
DirectMap2M:     6356992 kB
DirectMap1G:     2097152 kB

container (cgroup) information:
container_type: cgroupv1
cpu_cpuset_cpus: 0-3
cpu_memory_nodes: 0
active_processor_count: 4
cpu_quota: -1
cpu_period: 100000
cpu_shares: -1
memory_limit_in_bytes: -1
memory_and_swap_limit_in_bytes: -1
memory_soft_limit_in_bytes: -1
memory_usage_in_bytes: 4450308096
memory_max_usage_in_bytes: 4450308096


CPU:total 4 (initial active 4) (4 cores per cpu, 1 threads per core) family 21 model 101 stepping 1, cmov, cx8, fxsr, mmx, sse, sse2, sse3, ssse3, sse4.1, sse4.2, popcnt, avx, avx2, aes, clmul, mmxext, 3dnowpref, lzcnt, sse4a, tsc, tscinvbit, tscinv, bmi1

/proc/cpuinfo:
processor	: 0
vendor_id	: AuthenticAMD
cpu family	: 21
model		: 101
model name	: AMD A12-9720P RADEON R7, 12 COMPUTE CORES 4C+8G
stepping	: 1
microcode	: 0x600611a
cpu MHz		: 3183.699
cache size	: 1024 KB
physical id	: 0
siblings	: 4
core id		: 0
cpu cores	: 2
apicid		: 16
initial apicid	: 0
fpu		: yes
fpu_exception	: yes
cpuid level	: 13
wp		: yes
flags		: fpu vme de pse tsc msr pae mce cx8 apic sep mtrr pge mca cmov pat pse36 clflush mmx fxsr sse sse2 ht syscall nx mmxext fxsr_opt pdpe1gb rdtscp lm constant_tsc rep_good acc_power nopl nonstop_tsc cpuid extd_apicid aperfmperf pni pclmulqdq monitor ssse3 fma cx16 sse4_1 sse4_2 movbe popcnt aes xsave avx f16c lahf_lm cmp_legacy svm extapic cr8_legacy abm sse4a misalignsse 3dnowprefetch osvw ibs xop skinit wdt lwp fma4 tce nodeid_msr tbm topoext perfctr_core perfctr_nb bpext ptsc mwaitx cpb hw_pstate ssbd ibpb vmmcall fsgsbase bmi1 avx2 smep bmi2 xsaveopt arat npt lbrv svm_lock nrip_save tsc_scale vmcb_clean flushbyasid decodeassists pausefilter pfthreshold avic vgif overflow_recov
bugs		: fxsave_leak sysret_ss_attrs null_seg spectre_v1 spectre_v2 spec_store_bypass
bogomips	: 5391.96
TLB size	: 1536 4K pages
clflush size	: 64
cache_alignment	: 64
address sizes	: 48 bits physical, 48 bits virtual
power management: ts ttp tm 100mhzsteps hwpstate cpb eff_freq_ro acc_power [13]

processor	: 1
vendor_id	: AuthenticAMD
cpu family	: 21
model		: 101
model name	: AMD A12-9720P RADEON R7, 12 COMPUTE CORES 4C+8G
stepping	: 1
microcode	: 0x600611a
cpu MHz		: 3348.576
cache size	: 1024 KB
physical id	: 0
siblings	: 4
core id		: 1
cpu cores	: 2
apicid		: 17
initial apicid	: 1
fpu		: yes
fpu_exception	: yes
cpuid level	: 13
wp		: yes
flags		: fpu vme de pse tsc msr pae mce cx8 apic sep mtrr pge mca cmov pat pse36 clflush mmx fxsr sse sse2 ht syscall nx mmxext fxsr_opt pdpe1gb rdtscp lm constant_tsc rep_good acc_power nopl nonstop_tsc cpuid extd_apicid aperfmperf pni pclmulqdq monitor ssse3 fma cx16 sse4_1 sse4_2 movbe popcnt aes xsave avx f16c lahf_lm cmp_legacy svm extapic cr8_legacy abm sse4a misalignsse 3dnowprefetch osvw ibs xop skinit wdt lwp fma4 tce nodeid_msr tbm topoext perfctr_core perfctr_nb bpext ptsc mwaitx cpb hw_pstate ssbd ibpb vmmcall fsgsbase bmi1 avx2 smep bmi2 xsaveopt arat npt lbrv svm_lock nrip_save tsc_scale vmcb_clean flushbyasid decodeassists pausefilter pfthreshold avic vgif overflow_recov
bugs		: fxsave_leak sysret_ss_attrs null_seg spectre_v1 spectre_v2 spec_store_bypass
bogomips	: 5391.96
TLB size	: 1536 4K pages
clflush size	: 64
cache_alignment	: 64
address sizes	: 48 bits physical, 48 bits virtual
power management: ts ttp tm 100mhzsteps hwpstate cpb eff_freq_ro acc_power [13]

processor	: 2
vendor_id	: AuthenticAMD
cpu family	: 21
model		: 101
model name	: AMD A12-9720P RADEON R7, 12 COMPUTE CORES 4C+8G
stepping	: 1
microcode	: 0x600611a
cpu MHz		: 2888.308
cache size	: 1024 KB
physical id	: 0
siblings	: 4
core id		: 2
cpu cores	: 2
apicid		: 18
initial apicid	: 2
fpu		: yes
fpu_exception	: yes
cpuid level	: 13
wp		: yes
flags		: fpu vme de pse tsc msr pae mce cx8 apic sep mtrr pge mca cmov pat pse36 clflush mmx fxsr sse sse2 ht syscall nx mmxext fxsr_opt pdpe1gb rdtscp lm constant_tsc rep_good acc_power nopl nonstop_tsc cpuid extd_apicid aperfmperf pni pclmulqdq monitor ssse3 fma cx16 sse4_1 sse4_2 movbe popcnt aes xsave avx f16c lahf_lm cmp_legacy svm extapic cr8_legacy abm sse4a misalignsse 3dnowprefetch osvw ibs xop skinit wdt lwp fma4 tce nodeid_msr tbm topoext perfctr_core perfctr_nb bpext ptsc mwaitx cpb hw_pstate ssbd ibpb vmmcall fsgsbase bmi1 avx2 smep bmi2 xsaveopt arat npt lbrv svm_lock nrip_save tsc_scale vmcb_clean flushbyasid decodeassists pausefilter pfthreshold avic vgif overflow_recov
bugs		: fxsave_leak sysret_ss_attrs null_seg spectre_v1 spectre_v2 spec_store_bypass
bogomips	: 5391.96
TLB size	: 1536 4K pages
clflush size	: 64
cache_alignment	: 64
address sizes	: 48 bits physical, 48 bits virtual
power management: ts ttp tm 100mhzsteps hwpstate cpb eff_freq_ro acc_power [13]

processor	: 3
vendor_id	: AuthenticAMD
cpu family	: 21
model		: 101
model name	: AMD A12-9720P RADEON R7, 12 COMPUTE CORES 4C+8G
stepping	: 1
microcode	: 0x600611a
cpu MHz		: 2892.788
cache size	: 1024 KB
physical id	: 0
siblings	: 4
core id		: 3
cpu cores	: 2
apicid		: 19
initial apicid	: 3
fpu		: yes
fpu_exception	: yes
cpuid level	: 13
wp		: yes
flags		: fpu vme de pse tsc msr pae mce cx8 apic sep mtrr pge mca cmov pat pse36 clflush mmx fxsr sse sse2 ht syscall nx mmxext fxsr_opt pdpe1gb rdtscp lm constant_tsc rep_good acc_power nopl nonstop_tsc cpuid extd_apicid aperfmperf pni pclmulqdq monitor ssse3 fma cx16 sse4_1 sse4_2 movbe popcnt aes xsave avx f16c lahf_lm cmp_legacy svm extapic cr8_legacy abm sse4a misalignsse 3dnowprefetch osvw ibs xop skinit wdt lwp fma4 tce nodeid_msr tbm topoext perfctr_core perfctr_nb bpext ptsc mwaitx cpb hw_pstate ssbd ibpb vmmcall fsgsbase bmi1 avx2 smep bmi2 xsaveopt arat npt lbrv svm_lock nrip_save tsc_scale vmcb_clean flushbyasid decodeassists pausefilter pfthreshold avic vgif overflow_recov
bugs		: fxsave_leak sysret_ss_attrs null_seg spectre_v1 spectre_v2 spec_store_bypass
bogomips	: 5391.96
TLB size	: 1536 4K pages
clflush size	: 64
cache_alignment	: 64
address sizes	: 48 bits physical, 48 bits virtual
power management: ts ttp tm 100mhzsteps hwpstate cpb eff_freq_ro acc_power [13]



Memory: 4k page, physical 7658360k(891308k free), swap 8388604k(8388604k free)

vm_info: OpenJDK 64-Bit Server VM (25.265-b01) for linux-amd64 JRE (1.8.0_265-b01), built on Aug 30 2020 10:35:15 by "builduser" with gcc 10.2.0

time: Fri Oct 30 22:37:38 2020
timezone: -03
elapsed time: 12 seconds (0d 0h 0m 12s)

