#
# A fatal error has been detected by the Java Runtime Environment:
#
#  SIGSEGV (0xb) at pc=0x00007f2181b19250, pid=11051, tid=0x00007f21a9685640
#
# JRE version: OpenJDK Runtime Environment (8.0_265-b01) (build 1.8.0_265-b01)
# Java VM: OpenJDK 64-Bit Server VM (25.265-b01 mixed mode linux-amd64 compressed oops)
# Problematic frame:
# C  [libcplex1261remotejni.so+0x5cb250]  _778d684fa8524f693106ac725e8540d0+0x0
#
# Core dump written. Default location: /home/d4rkwzd/Projects/Netbeans/CplexTSP/core or core.11051
#
# If you would like to submit a bug report, please visit:
#   http://bugreport.java.com/bugreport/crash.jsp
# The crash happened outside the Java Virtual Machine in native code.
# See problematic frame for where to report the bug.
#

---------------  T H R E A D  ---------------

Current thread (0x00007f21a400a800):  JavaThread "main" [_thread_in_native, id=11054, stack(0x00007f21a9586000,0x00007f21a9686000)]

siginfo: si_signo: 11 (SIGSEGV), si_code: 1 (SEGV_MAPERR), si_addr: 0x0000000000000008

Registers:
RAX=0x0000000000000000, RBX=0x0000000000000000, RCX=0x7ffffffffcbc3000, RDX=0x00007f21a42ede30
RSP=0x00007f21a9682608, RBP=0x00007f21a42e8e80, RSI=0x00007f21a42ede30, RDI=0x0000000000000000
R8 =0x00007f21a9683620, R9 =0x00007f21a4673780, R10=0x0000000000000002, R11=0x00007f21aa6d5440
R12=0x00007f21a4525010, R13=0x00007f21a42cc5f0, R14=0x00007f21a41d4fd0, R15=0x00007f21a42905e0
RIP=0x00007f2181b19250, EFLAGS=0x0000000000010293, CSGSFS=0x002b000000000033, ERR=0x0000000000000004
  TRAPNO=0x000000000000000e

Top of Stack: (sp=0x00007f21a9682608)
0x00007f21a9682608:   00007f2181aa04b6 00007f2100000002
0x00007f21a9682618:   00007f21a9683620 0000000000000000
0x00007f21a9682628:   00007f21a4078e10 0000000000000000
0x00007f21a9682638:   00007f21a407b828 00007f21a407b820
0x00007f21a9682648:   00007f21a4078e18 00007f21a400a9e0
0x00007f21a9682658:   00007f218161af36 00007f21a407b820
0x00007f21a9682668:   00007f21a4078e10 0000000000000000
0x00007f21a9682678:   00007f21a9682730 0000007300012958
0x00007f21a9682688:   00007f21a9683620 00007f21a42cc5f0
0x00007f21a9682698:   0000000000000000 00007f21a400a9e0
0x00007f21a96826a8:   00007f21a9683620 00007f21a96827e8
0x00007f21a96826b8:   7ffffffffcbc3000 0000000011e38f2c
0x00007f21a96826c8:   00007f2100000000 00007f2100000000
0x00007f21a96826d8:   00007f2100000001 0000000000000000
0x00007f21a96826e8:   00007f21a42e8e80 00007f2100000000
0x00007f21a96826f8:   00007f21a4673780 0000000000000000
0x00007f21a9682708:   0000000000000000 00007f21a42905e0
0x00007f21a9682718:   00007f21a42e8e80 0000000000000002
0x00007f21a9682728:   00007f21a42cc5f0 00007f21a41d4fd0
0x00007f21a9682738:   00007f21a42905e0 00000000000003ee
0x00007f21a9682748:   00007f2181b71517 0000000000000002
0x00007f21a9682758:   0000000000000000 0000000000000000
0x00007f21a9682768:   0000000000000000 00007f21a9682f78
0x00007f21a9682778:   0000000000000000 0000000000000000
0x00007f21a9682788:   0000000000000cea 0000000000000001
0x00007f21a9682798:   00007f21a4979c60 00000000027cb04f
0x00007f21a96827a8:   000000000000046b 0000000000000c14
0x00007f21a96827b8:   00007f21a4ab4ef0 00007f21a43ea598
0x00007f21a96827c8:   00007f21a42e8e80 0000000000000000
0x00007f21a96827d8:   0000000000000000 0000000000000000
0x00007f21a96827e8:   0000000000000000 0000000000000000
0x00007f21a96827f8:   0000000000000000 0000000000000000 

Instructions: (pc=0x00007f2181b19250)
0x00007f2181b19230:   08 f2 0f 58 2d ef 23 a3 00 f2 0f 10 40 40 f2 0f
0x00007f2181b19240:   5d c5 c3 90 48 8d 74 26 00 48 8d bf 00 00 00 00
0x00007f2181b19250:   48 8b 47 08 83 7f 1c 00 74 06 f2 0f 10 40 38 c3
0x00007f2181b19260:   f2 0f 10 40 40 c3 48 89 f6 48 8d bf 00 00 00 00 

Register to memory mapping:

RAX=0x0000000000000000 is an unknown value
RBX=0x0000000000000000 is an unknown value
RCX=0x7ffffffffcbc3000 is an unknown value
RDX=0x00007f21a42ede30 is an unknown value
RSP=0x00007f21a9682608 is pointing into the stack for thread: 0x00007f21a400a800
RBP=0x00007f21a42e8e80 is an unknown value
RSI=0x00007f21a42ede30 is an unknown value
RDI=0x0000000000000000 is an unknown value
R8 =0x00007f21a9683620 is pointing into the stack for thread: 0x00007f21a400a800
R9 =0x00007f21a4673780 is an unknown value
R10=0x0000000000000002 is an unknown value
R11=0x00007f21aa6d5440: <offset 0x197440> in /usr/lib/libc.so.6 at 0x00007f21aa53e000
R12=0x00007f21a4525010 is an unknown value
R13=0x00007f21a42cc5f0 is an unknown value
R14=0x00007f21a41d4fd0 is an unknown value
R15=0x00007f21a42905e0 is an unknown value


Stack: [0x00007f21a9586000,0x00007f21a9686000],  sp=0x00007f21a9682608,  free space=1009k
Native frames: (J=compiled Java code, j=interpreted, Vv=VM code, C=native code)
C  [libcplex1261remotejni.so+0x5cb250]  _778d684fa8524f693106ac725e8540d0+0x0

Java frames: (J=compiled Java code, j=interpreted, Vv=VM code)
j  ilog.cplex.Cplex.CPXmipopt(JJ)I+0
j  ilog.cplex.CplexI$SolveHandle.start()V+278
j  ilog.cplex.CplexI.solve()V+12
j  ilog.cplex.IloCplex.solve()Z+4
j  v1.Model.main([Ljava/lang/String;)V+509
v  ~StubRoutines::call_stub

---------------  P R O C E S S  ---------------

Java Threads: ( => current thread )
  0x00007f21a40f2800 JavaThread "Service Thread" daemon [_thread_blocked, id=11067, stack(0x00007f2183213000,0x00007f2183314000)]
  0x00007f21a40bd800 JavaThread "C1 CompilerThread2" daemon [_thread_blocked, id=11066, stack(0x00007f2183315000,0x00007f2183415000)]
  0x00007f21a40bc000 JavaThread "C2 CompilerThread1" daemon [_thread_blocked, id=11065, stack(0x00007f2183416000,0x00007f2183516000)]
  0x00007f21a40b9000 JavaThread "C2 CompilerThread0" daemon [_thread_blocked, id=11064, stack(0x00007f218c08c000,0x00007f218c18c000)]
  0x00007f21a40b7000 JavaThread "Signal Dispatcher" daemon [_thread_blocked, id=11063, stack(0x00007f218c18c000,0x00007f218c28d000)]
  0x00007f21a4085800 JavaThread "Finalizer" daemon [_thread_blocked, id=11062, stack(0x00007f218c28d000,0x00007f218c38e000)]
  0x00007f21a4081000 JavaThread "Reference Handler" daemon [_thread_blocked, id=11061, stack(0x00007f218c38e000,0x00007f218c48f000)]
=>0x00007f21a400a800 JavaThread "main" [_thread_in_native, id=11054, stack(0x00007f21a9586000,0x00007f21a9686000)]

Other Threads:
  0x00007f21a4077800 VMThread [stack: 0x00007f218c490000,0x00007f218c590000] [id=11060]
  0x00007f21a40f5800 WatcherThread [stack: 0x00007f2183113000,0x00007f2183213000] [id=11068]

VM state:not at safepoint (normal execution)

VM Mutex/Monitor currently owned by a thread: None

heap address: 0x000000008b200000, size: 1870 MB, Compressed Oops mode: 32-bit
Narrow klass base: 0x0000000000000000, Narrow klass shift: 3
Compressed class space size: 1073741824 Address: 0x0000000100000000

Heap:
 PSYoungGen      total 35328K, used 10739K [0x00000000d9100000, 0x00000000dd600000, 0x0000000100000000)
  eden space 30720K, 20% used [0x00000000d9100000,0x00000000d9700d78,0x00000000daf00000)
  from space 4608K, 99% used [0x00000000daf00000,0x00000000db37c090,0x00000000db380000)
  to   space 4608K, 0% used [0x00000000dd180000,0x00000000dd180000,0x00000000dd600000)
 ParOldGen       total 80896K, used 9398K [0x000000008b200000, 0x0000000090100000, 0x00000000d9100000)
  object space 80896K, 11% used [0x000000008b200000,0x000000008bb2d9c0,0x0000000090100000)
 Metaspace       used 5329K, capacity 5888K, committed 6016K, reserved 1056768K
  class space    used 581K, capacity 624K, committed 640K, reserved 1048576K

Card table byte_map: [0x00007f21a8dce000,0x00007f21a9176000] byte_map_base: 0x00007f21a8975000

Marking Bits: (ParMarkBitMap*) 0x00007f21aa4cbde0
 Begin Bits: [0x00007f218c590000, 0x00007f218e2c8000)
 End Bits:   [0x00007f218e2c8000, 0x00007f2190000000)

Polling page: 0x00007f21aa765000

CodeCache: size=245760Kb used=2103Kb max_used=2103Kb free=243656Kb
 bounds [0x00007f2195000000, 0x00007f2195270000, 0x00007f21a4000000]
 total_blobs=839 nmethods=404 adapters=351
 compilation: enabled

Compilation events (10 events):
Event: 0,556 Thread 0x00007f21a40b9000 nmethod 390 0x00007f219520a210 code [0x00007f219520a480, 0x00007f219520b0c8]
Event: 0,574 Thread 0x00007f21a40bc000 nmethod 389 0x00007f219520bd90 code [0x00007f219520c040, 0x00007f219520ce48]
Event: 0,629 Thread 0x00007f21a40bd800  400       1       ilog.cplex.CpxCallback::getWherefrom (5 bytes)
Event: 0,630 Thread 0x00007f21a40bd800 nmethod 400 0x00007f21952016d0 code [0x00007f2195201820, 0x00007f2195201930]
Event: 0,637 Thread 0x00007f21a40bd800  401       3       ilog.cplex.IloCplex$ControlCallback::getValue (16 bytes)
Event: 0,639 Thread 0x00007f21a40bd800 nmethod 401 0x00007f219520e4d0 code [0x00007f219520e720, 0x00007f219520f9c8]
Event: 0,639 Thread 0x00007f21a40bd800  402       3       ilog.cplex.IloCplex$MIPInfoCallback::getIndex (8 bytes)
Event: 0,639 Thread 0x00007f21a40bd800 nmethod 402 0x00007f2195200f90 code [0x00007f2195201120, 0x00007f2195201548]
Event: 10,855 Thread 0x00007f21a40bd800  404       3       java.nio.Buffer::position (43 bytes)
Event: 10,855 Thread 0x00007f21a40bd800 nmethod 404 0x00007f21952006d0 code [0x00007f2195200840, 0x00007f2195200b08]

GC Heap History (2 events):
Event: 0,494 GC heap before
{Heap before GC invocations=1 (full 0):
 PSYoungGen      total 35328K, used 30720K [0x00000000d9100000, 0x00000000db800000, 0x0000000100000000)
  eden space 30720K, 100% used [0x00000000d9100000,0x00000000daf00000,0x00000000daf00000)
  from space 4608K, 0% used [0x00000000db380000,0x00000000db380000,0x00000000db800000)
  to   space 4608K, 0% used [0x00000000daf00000,0x00000000daf00000,0x00000000db380000)
 ParOldGen       total 80896K, used 0K [0x000000008b200000, 0x0000000090100000, 0x00000000d9100000)
  object space 80896K, 0% used [0x000000008b200000,0x000000008b200000,0x0000000090100000)
 Metaspace       used 5242K, capacity 5824K, committed 6016K, reserved 1056768K
  class space    used 571K, capacity 624K, committed 640K, reserved 1048576K
Event: 0,510 GC heap after
Heap after GC invocations=1 (full 0):
 PSYoungGen      total 35328K, used 4592K [0x00000000d9100000, 0x00000000dd600000, 0x0000000100000000)
  eden space 30720K, 0% used [0x00000000d9100000,0x00000000d9100000,0x00000000daf00000)
  from space 4608K, 99% used [0x00000000daf00000,0x00000000db37c090,0x00000000db380000)
  to   space 4608K, 0% used [0x00000000dd180000,0x00000000dd180000,0x00000000dd600000)
 ParOldGen       total 80896K, used 9398K [0x000000008b200000, 0x0000000090100000, 0x00000000d9100000)
  object space 80896K, 11% used [0x000000008b200000,0x000000008bb2d9c0,0x0000000090100000)
 Metaspace       used 5242K, capacity 5824K, committed 6016K, reserved 1056768K
  class space    used 571K, capacity 624K, committed 640K, reserved 1048576K
}

Deoptimization events (1 events):
Event: 10,287 Thread 0x00007f21a400a800 Uncommon trap: reason=unstable_if action=reinterpret pc=0x00007f21951f6b18 method=ilog.cplex.CpxLinearExpr.<init>([D[Lilog/cplex/CpxNumVar;IID)V @ 56

Classes redefined (0 events):
No events

Internal exceptions (8 events):
Event: 0,078 Thread 0x00007f21a400a800 Exception <a 'java/lang/NoSuchMethodError': Method sun.misc.Unsafe.defineClass(Ljava/lang/String;[BII)Ljava/lang/Class; name or signature does not match> (0x00000000d9107cc0) thrown at [/build/java8-openjdk/src/jdk8u-jdk8u265-b01/hotspot/src/share/vm/prim
Event: 0,078 Thread 0x00007f21a400a800 Exception <a 'java/lang/NoSuchMethodError': Method sun.misc.Unsafe.prefetchRead(Ljava/lang/Object;J)V name or signature does not match> (0x00000000d9107fa8) thrown at [/build/java8-openjdk/src/jdk8u-jdk8u265-b01/hotspot/src/share/vm/prims/jni.cpp, line 40
Event: 0,175 Thread 0x00007f21a400a800 Exception <a 'java/security/PrivilegedActionException'> (0x00000000d9255e20) thrown at [/build/java8-openjdk/src/jdk8u-jdk8u265-b01/hotspot/src/share/vm/prims/jvm.cpp, line 1510]
Event: 0,175 Thread 0x00007f21a400a800 Exception <a 'java/security/PrivilegedActionException'> (0x00000000d9256218) thrown at [/build/java8-openjdk/src/jdk8u-jdk8u265-b01/hotspot/src/share/vm/prims/jvm.cpp, line 1510]
Event: 0,176 Thread 0x00007f21a400a800 Exception <a 'java/security/PrivilegedActionException'> (0x00000000d92582a0) thrown at [/build/java8-openjdk/src/jdk8u-jdk8u265-b01/hotspot/src/share/vm/prims/jvm.cpp, line 1510]
Event: 0,176 Thread 0x00007f21a400a800 Exception <a 'java/security/PrivilegedActionException'> (0x00000000d9258698) thrown at [/build/java8-openjdk/src/jdk8u-jdk8u265-b01/hotspot/src/share/vm/prims/jvm.cpp, line 1510]
Event: 0,176 Thread 0x00007f21a400a800 Exception <a 'java/security/PrivilegedActionException'> (0x00000000d92592e0) thrown at [/build/java8-openjdk/src/jdk8u-jdk8u265-b01/hotspot/src/share/vm/prims/jvm.cpp, line 1510]
Event: 0,176 Thread 0x00007f21a400a800 Exception <a 'java/security/PrivilegedActionException'> (0x00000000d92596d8) thrown at [/build/java8-openjdk/src/jdk8u-jdk8u265-b01/hotspot/src/share/vm/prims/jvm.cpp, line 1510]

Events (10 events):
Event: 4,133 Executing VM operation: EnableBiasedLocking done
Event: 10,285 loading class java/util/ArrayList$SubList
Event: 10,286 loading class java/util/ArrayList$SubList done
Event: 10,286 loading class java/util/ArrayList$SubList$1
Event: 10,286 loading class java/util/ListIterator
Event: 10,286 loading class java/util/ListIterator done
Event: 10,286 loading class java/util/ArrayList$SubList$1 done
Event: 10,287 Thread 0x00007f21a400a800 Uncommon trap: trap_request=0xffffff65 fr.pc=0x00007f21951f6b18
Event: 10,287 Thread 0x00007f21a400a800 DEOPT PACKING pc=0x00007f21951f6b18 sp=0x00007f21a9681bc0
Event: 10,287 Thread 0x00007f21a400a800 DEOPT UNPACKING pc=0x00007f219504547a sp=0x00007f21a9681b58 mode 2


Dynamic libraries:
8b200000-90100000 rw-p 00000000 00:00 0 
90100000-d9100000 ---p 00000000 00:00 0 
d9100000-dd600000 rw-p 00000000 00:00 0 
dd600000-100000000 ---p 00000000 00:00 0 
100000000-1000a0000 rw-p 00000000 00:00 0 
1000a0000-140000000 ---p 00000000 00:00 0 
5644dba9e000-5644dba9f000 r--p 00000000 08:08 1968221                    /usr/lib/jvm/java-8-openjdk/jre/bin/java
5644dba9f000-5644dbaa0000 r-xp 00001000 08:08 1968221                    /usr/lib/jvm/java-8-openjdk/jre/bin/java
5644dbaa0000-5644dbaa1000 r--p 00002000 08:08 1968221                    /usr/lib/jvm/java-8-openjdk/jre/bin/java
5644dbaa1000-5644dbaa2000 r--p 00002000 08:08 1968221                    /usr/lib/jvm/java-8-openjdk/jre/bin/java
5644dbaa2000-5644dbaa3000 rw-p 00003000 08:08 1968221                    /usr/lib/jvm/java-8-openjdk/jre/bin/java
5644dd948000-5644dd969000 rw-p 00000000 00:00 0                          [heap]
7f2150000000-7f2150432000 rw-p 00000000 00:00 0 
7f2150432000-7f2154000000 ---p 00000000 00:00 0 
7f2154000000-7f2154021000 rw-p 00000000 00:00 0 
7f2154021000-7f2158000000 ---p 00000000 00:00 0 
7f215b7ff000-7f215b800000 ---p 00000000 00:00 0 
7f215b800000-7f215c000000 rw-p 00000000 00:00 0 
7f215c000000-7f215c184000 rw-p 00000000 00:00 0 
7f215c184000-7f2160000000 ---p 00000000 00:00 0 
7f2160000000-7f2160021000 rw-p 00000000 00:00 0 
7f2160021000-7f2164000000 ---p 00000000 00:00 0 
7f2164000000-7f21642e3000 rw-p 00000000 00:00 0 
7f21642e3000-7f2168000000 ---p 00000000 00:00 0 
7f2168000000-7f21682be000 rw-p 00000000 00:00 0 
7f21682be000-7f216c000000 ---p 00000000 00:00 0 
7f216c000000-7f216c021000 rw-p 00000000 00:00 0 
7f216c021000-7f2170000000 ---p 00000000 00:00 0 
7f2170000000-7f2170021000 rw-p 00000000 00:00 0 
7f2170021000-7f2174000000 ---p 00000000 00:00 0 
7f2174000000-7f2174021000 rw-p 00000000 00:00 0 
7f2174021000-7f2178000000 ---p 00000000 00:00 0 
7f2178000000-7f2178021000 rw-p 00000000 00:00 0 
7f2178021000-7f217c000000 ---p 00000000 00:00 0 
7f217c000000-7f217c021000 rw-p 00000000 00:00 0 
7f217c021000-7f2180000000 ---p 00000000 00:00 0 
7f218036c000-7f218036d000 ---p 00000000 00:00 0 
7f218036d000-7f2180b6d000 rw-p 00000000 00:00 0 
7f2180b6d000-7f2180b6e000 ---p 00000000 00:00 0 
7f2180b6e000-7f2180b71000 ---p 00000000 00:00 0 
7f2180b71000-7f218136e000 rw-p 00000000 00:00 0 
7f218136e000-7f2181404000 r--p 00000000 08:08 542368                     /usr/lib/libstdc++.so.6.0.28
7f2181404000-7f21814f0000 r-xp 00096000 08:08 542368                     /usr/lib/libstdc++.so.6.0.28
7f21814f0000-7f2181539000 r--p 00182000 08:08 542368                     /usr/lib/libstdc++.so.6.0.28
7f2181539000-7f218153a000 ---p 001cb000 08:08 542368                     /usr/lib/libstdc++.so.6.0.28
7f218153a000-7f2181547000 r--p 001cb000 08:08 542368                     /usr/lib/libstdc++.so.6.0.28
7f2181547000-7f2181548000 rw-p 001d8000 08:08 542368                     /usr/lib/libstdc++.so.6.0.28
7f2181548000-7f218154b000 rw-p 00000000 00:00 0 
7f218154e000-7f2182d1a000 r-xp 00000000 08:08 4995239                    /opt/ibm/ILOG/CPLEX_Studio1261/cplex/bin/x86-64_linux/libcplex1261remotejni.so
7f2182d1a000-7f2182f1a000 ---p 017cc000 08:08 4995239                    /opt/ibm/ILOG/CPLEX_Studio1261/cplex/bin/x86-64_linux/libcplex1261remotejni.so
7f2182f1a000-7f2182f1b000 r--p 017cc000 08:08 4995239                    /opt/ibm/ILOG/CPLEX_Studio1261/cplex/bin/x86-64_linux/libcplex1261remotejni.so
7f2182f1b000-7f2183108000 rw-p 017cd000 08:08 4995239                    /opt/ibm/ILOG/CPLEX_Studio1261/cplex/bin/x86-64_linux/libcplex1261remotejni.so
7f2183108000-7f2183112000 rw-p 00000000 00:00 0 
7f2183112000-7f2183113000 ---p 00000000 00:00 0 
7f2183113000-7f2183213000 rw-p 00000000 00:00 0 
7f2183213000-7f2183216000 ---p 00000000 00:00 0 
7f2183216000-7f2183314000 rw-p 00000000 00:00 0 
7f2183314000-7f2183315000 ---p 00000000 00:00 0 
7f2183315000-7f2183318000 ---p 00000000 00:00 0 
7f2183318000-7f2183415000 rw-p 00000000 00:00 0 
7f2183415000-7f2183416000 ---p 00000000 00:00 0 
7f2183416000-7f2183419000 ---p 00000000 00:00 0 
7f2183419000-7f2183516000 rw-p 00000000 00:00 0 
7f2183516000-7f21837fe000 r--p 00000000 08:08 543246                     /usr/lib/locale/locale-archive
7f2183800000-7f2183d40000 rw-p 00000000 00:00 0 
7f2183d40000-7f2184000000 ---p 00000000 00:00 0 
7f2184000000-7f2184021000 rw-p 00000000 00:00 0 
7f2184021000-7f2188000000 ---p 00000000 00:00 0 
7f2188000000-7f2188021000 rw-p 00000000 00:00 0 
7f2188021000-7f218c000000 ---p 00000000 00:00 0 
7f218c08b000-7f218c08c000 ---p 00000000 00:00 0 
7f218c08c000-7f218c08f000 ---p 00000000 00:00 0 
7f218c08f000-7f218c18c000 rw-p 00000000 00:00 0 
7f218c18c000-7f218c18f000 ---p 00000000 00:00 0 
7f218c18f000-7f218c28d000 rw-p 00000000 00:00 0 
7f218c28d000-7f218c290000 ---p 00000000 00:00 0 
7f218c290000-7f218c38e000 rw-p 00000000 00:00 0 
7f218c38e000-7f218c391000 ---p 00000000 00:00 0 
7f218c391000-7f218c48f000 rw-p 00000000 00:00 0 
7f218c48f000-7f218c490000 ---p 00000000 00:00 0 
7f218c490000-7f2190000000 rw-p 00000000 00:00 0 
7f2190000000-7f2190021000 rw-p 00000000 00:00 0 
7f2190021000-7f2194000000 ---p 00000000 00:00 0 
7f2194016000-7f2194019000 r--p 00000000 08:08 528698                     /usr/lib/libgcc_s.so.1
7f2194019000-7f219402a000 r-xp 00003000 08:08 528698                     /usr/lib/libgcc_s.so.1
7f219402a000-7f219402e000 r--p 00014000 08:08 528698                     /usr/lib/libgcc_s.so.1
7f219402e000-7f219402f000 r--p 00017000 08:08 528698                     /usr/lib/libgcc_s.so.1
7f219402f000-7f2194030000 rw-p 00018000 08:08 528698                     /usr/lib/libgcc_s.so.1
7f2194035000-7f2194066000 rw-p 00000000 00:00 0 
7f2194066000-7f219406b000 r--p 00000000 08:08 2234337                    /usr/lib/jvm/java-8-openjdk/jre/lib/amd64/libnet.so
7f219406b000-7f219407b000 r-xp 00005000 08:08 2234337                    /usr/lib/jvm/java-8-openjdk/jre/lib/amd64/libnet.so
7f219407b000-7f219407f000 r--p 00015000 08:08 2234337                    /usr/lib/jvm/java-8-openjdk/jre/lib/amd64/libnet.so
7f219407f000-7f2194080000 r--p 00018000 08:08 2234337                    /usr/lib/jvm/java-8-openjdk/jre/lib/amd64/libnet.so
7f2194080000-7f2194081000 rw-p 00019000 08:08 2234337                    /usr/lib/jvm/java-8-openjdk/jre/lib/amd64/libnet.so
7f2194086000-7f219408d000 r--p 00000000 08:08 2234338                    /usr/lib/jvm/java-8-openjdk/jre/lib/amd64/libnio.so
7f219408d000-7f2194095000 r-xp 00007000 08:08 2234338                    /usr/lib/jvm/java-8-openjdk/jre/lib/amd64/libnio.so
7f2194095000-7f2194098000 r--p 0000f000 08:08 2234338                    /usr/lib/jvm/java-8-openjdk/jre/lib/amd64/libnio.so
7f2194098000-7f2194099000 ---p 00012000 08:08 2234338                    /usr/lib/jvm/java-8-openjdk/jre/lib/amd64/libnio.so
7f2194099000-7f219409a000 r--p 00012000 08:08 2234338                    /usr/lib/jvm/java-8-openjdk/jre/lib/amd64/libnio.so
7f219409a000-7f219409b000 rw-p 00013000 08:08 2234338                    /usr/lib/jvm/java-8-openjdk/jre/lib/amd64/libnio.so
7f219409f000-7f21940aa000 r--s 00071000 08:08 6822920                    /home/d4rkwzd/Projects/Netbeans/CplexTSP/lib/cplex.jar
7f21940af000-7f2195000000 rw-p 00000000 00:00 0 
7f2195000000-7f2195270000 rwxp 00000000 00:00 0 
7f2195270000-7f21a4000000 ---p 00000000 00:00 0 
7f21a4000000-7f21a4c2f000 rw-p 00000000 00:00 0 
7f21a4c2f000-7f21a8000000 ---p 00000000 00:00 0 
7f21a800d000-7f21a80be000 rw-p 00000000 00:00 0 
7f21a80be000-7f21a8290000 r--s 03ca8000 08:08 2099480                    /usr/lib/jvm/java-8-openjdk/jre/lib/rt.jar
7f21a8295000-7f21a875a000 rw-p 00000000 00:00 0 
7f21a875a000-7f21a875b000 ---p 00000000 00:00 0 
7f21a875b000-7f21a885b000 rw-p 00000000 00:00 0 
7f21a885b000-7f21a885c000 ---p 00000000 00:00 0 
7f21a885c000-7f21a895c000 rw-p 00000000 00:00 0 
7f21a895c000-7f21a895d000 ---p 00000000 00:00 0 
7f21a895d000-7f21a8a5d000 rw-p 00000000 00:00 0 
7f21a8a5d000-7f21a8a5e000 ---p 00000000 00:00 0 
7f21a8a5e000-7f21a8b86000 rw-p 00000000 00:00 0 
7f21a8b86000-7f21a8dce000 ---p 00000000 00:00 0 
7f21a8dce000-7f21a8df6000 rw-p 00000000 00:00 0 
7f21a8df6000-7f21a903d000 ---p 00000000 00:00 0 
7f21a903d000-7f21a9060000 rw-p 00000000 00:00 0 
7f21a9060000-7f21a9175000 ---p 00000000 00:00 0 
7f21a9175000-7f21a9180000 rw-p 00000000 00:00 0 
7f21a9180000-7f21a9536000 ---p 00000000 00:00 0 
7f21a9536000-7f21a9539000 r--p 00000000 08:08 2234345                    /usr/lib/jvm/java-8-openjdk/jre/lib/amd64/libzip.so
7f21a9539000-7f21a953d000 r-xp 00003000 08:08 2234345                    /usr/lib/jvm/java-8-openjdk/jre/lib/amd64/libzip.so
7f21a953d000-7f21a953f000 r--p 00007000 08:08 2234345                    /usr/lib/jvm/java-8-openjdk/jre/lib/amd64/libzip.so
7f21a953f000-7f21a9540000 r--p 00008000 08:08 2234345                    /usr/lib/jvm/java-8-openjdk/jre/lib/amd64/libzip.so
7f21a9540000-7f21a9541000 rw-p 00009000 08:08 2234345                    /usr/lib/jvm/java-8-openjdk/jre/lib/amd64/libzip.so
7f21a9546000-7f21a9553000 r--p 00000000 08:08 2234327                    /usr/lib/jvm/java-8-openjdk/jre/lib/amd64/libjava.so
7f21a9553000-7f21a9569000 r-xp 0000d000 08:08 2234327                    /usr/lib/jvm/java-8-openjdk/jre/lib/amd64/libjava.so
7f21a9569000-7f21a9570000 r--p 00023000 08:08 2234327                    /usr/lib/jvm/java-8-openjdk/jre/lib/amd64/libjava.so
7f21a9570000-7f21a9571000 r--p 00029000 08:08 2234327                    /usr/lib/jvm/java-8-openjdk/jre/lib/amd64/libjava.so
7f21a9571000-7f21a9572000 rw-p 0002a000 08:08 2234327                    /usr/lib/jvm/java-8-openjdk/jre/lib/amd64/libjava.so
7f21a9572000-7f21a9573000 rw-p 00000000 00:00 0 
7f21a9576000-7f21a9579000 r--p 00000000 08:08 541708                     /usr/lib/librt-2.32.so
7f21a9579000-7f21a957d000 r-xp 00003000 08:08 541708                     /usr/lib/librt-2.32.so
7f21a957d000-7f21a957f000 r--p 00007000 08:08 541708                     /usr/lib/librt-2.32.so
7f21a957f000-7f21a9580000 r--p 00008000 08:08 541708                     /usr/lib/librt-2.32.so
7f21a9580000-7f21a9581000 rw-p 00009000 08:08 541708                     /usr/lib/librt-2.32.so
7f21a9585000-7f21a9586000 ---p 00000000 00:00 0 
7f21a9586000-7f21a9589000 ---p 00000000 00:00 0 
7f21a9589000-7f21a9686000 rw-p 00000000 00:00 0 
7f21a9686000-7f21a9695000 r--p 00000000 08:08 533040                     /usr/lib/libm-2.32.so
7f21a9695000-7f21a9731000 r-xp 0000f000 08:08 533040                     /usr/lib/libm-2.32.so
7f21a9731000-7f21a97ca000 r--p 000ab000 08:08 533040                     /usr/lib/libm-2.32.so
7f21a97ca000-7f21a97cb000 r--p 00143000 08:08 533040                     /usr/lib/libm-2.32.so
7f21a97cb000-7f21a97cc000 rw-p 00144000 08:08 533040                     /usr/lib/libm-2.32.so
7f21a97ce000-7f21a99c1000 r--p 00000000 08:08 2493292                    /usr/lib/jvm/java-8-openjdk/jre/lib/amd64/server/libjvm.so
7f21a99c1000-7f21aa254000 r-xp 001f3000 08:08 2493292                    /usr/lib/jvm/java-8-openjdk/jre/lib/amd64/server/libjvm.so
7f21aa254000-7f21aa3f9000 r--p 00a86000 08:08 2493292                    /usr/lib/jvm/java-8-openjdk/jre/lib/amd64/server/libjvm.so
7f21aa3f9000-7f21aa3fa000 ---p 00c2b000 08:08 2493292                    /usr/lib/jvm/java-8-openjdk/jre/lib/amd64/server/libjvm.so
7f21aa3fa000-7f21aa490000 r--p 00c2b000 08:08 2493292                    /usr/lib/jvm/java-8-openjdk/jre/lib/amd64/server/libjvm.so
7f21aa490000-7f21aa4b8000 rw-p 00cc1000 08:08 2493292                    /usr/lib/jvm/java-8-openjdk/jre/lib/amd64/server/libjvm.so
7f21aa4b8000-7f21aa4e9000 rw-p 00000000 00:00 0 
7f21aa4ee000-7f21aa4f5000 r--p 00000000 08:08 541211                     /usr/lib/libpthread-2.32.so
7f21aa4f5000-7f21aa505000 r-xp 00007000 08:08 541211                     /usr/lib/libpthread-2.32.so
7f21aa505000-7f21aa50a000 r--p 00017000 08:08 541211                     /usr/lib/libpthread-2.32.so
7f21aa50a000-7f21aa50b000 r--p 0001b000 08:08 541211                     /usr/lib/libpthread-2.32.so
7f21aa50b000-7f21aa50c000 rw-p 0001c000 08:08 541211                     /usr/lib/libpthread-2.32.so
7f21aa50c000-7f21aa510000 rw-p 00000000 00:00 0 
7f21aa516000-7f21aa517000 r--p 00000000 08:08 533029                     /usr/lib/libdl-2.32.so
7f21aa517000-7f21aa519000 r-xp 00001000 08:08 533029                     /usr/lib/libdl-2.32.so
7f21aa519000-7f21aa51a000 r--p 00003000 08:08 533029                     /usr/lib/libdl-2.32.so
7f21aa51a000-7f21aa51b000 r--p 00003000 08:08 533029                     /usr/lib/libdl-2.32.so
7f21aa51b000-7f21aa51c000 rw-p 00004000 08:08 533029                     /usr/lib/libdl-2.32.so
7f21aa51e000-7f21aa521000 r--p 00000000 08:08 534886                     /usr/lib/libz.so.1.2.11
7f21aa521000-7f21aa52f000 r-xp 00003000 08:08 534886                     /usr/lib/libz.so.1.2.11
7f21aa52f000-7f21aa535000 r--p 00011000 08:08 534886                     /usr/lib/libz.so.1.2.11
7f21aa535000-7f21aa536000 ---p 00017000 08:08 534886                     /usr/lib/libz.so.1.2.11
7f21aa536000-7f21aa537000 r--p 00017000 08:08 534886                     /usr/lib/libz.so.1.2.11
7f21aa537000-7f21aa538000 rw-p 00018000 08:08 534886                     /usr/lib/libz.so.1.2.11
7f21aa53e000-7f21aa564000 r--p 00000000 08:08 533004                     /usr/lib/libc-2.32.so
7f21aa564000-7f21aa6b1000 r-xp 00026000 08:08 533004                     /usr/lib/libc-2.32.so
7f21aa6b1000-7f21aa6fd000 r--p 00173000 08:08 533004                     /usr/lib/libc-2.32.so
7f21aa6fd000-7f21aa700000 r--p 001be000 08:08 533004                     /usr/lib/libc-2.32.so
7f21aa700000-7f21aa703000 rw-p 001c1000 08:08 533004                     /usr/lib/libc-2.32.so
7f21aa703000-7f21aa707000 rw-p 00000000 00:00 0 
7f21aa716000-7f21aa71e000 rw-s 00000000 00:32 147054                     /tmp/hsperfdata_d4rkwzd/11051
7f21aa71e000-7f21aa721000 r--p 00000000 08:08 540988                     /usr/lib/libnss_files-2.32.so
7f21aa721000-7f21aa728000 r-xp 00003000 08:08 540988                     /usr/lib/libnss_files-2.32.so
7f21aa728000-7f21aa72a000 r--p 0000a000 08:08 540988                     /usr/lib/libnss_files-2.32.so
7f21aa72a000-7f21aa72b000 r--p 0000b000 08:08 540988                     /usr/lib/libnss_files-2.32.so
7f21aa72b000-7f21aa72c000 rw-p 0000c000 08:08 540988                     /usr/lib/libnss_files-2.32.so
7f21aa72c000-7f21aa732000 rw-p 00000000 00:00 0 
7f21aa736000-7f21aa73b000 r--p 00000000 08:08 2234344                    /usr/lib/jvm/java-8-openjdk/jre/lib/amd64/libverify.so
7f21aa73b000-7f21aa742000 r-xp 00005000 08:08 2234344                    /usr/lib/jvm/java-8-openjdk/jre/lib/amd64/libverify.so
7f21aa742000-7f21aa744000 r--p 0000c000 08:08 2234344                    /usr/lib/jvm/java-8-openjdk/jre/lib/amd64/libverify.so
7f21aa744000-7f21aa745000 ---p 0000e000 08:08 2234344                    /usr/lib/jvm/java-8-openjdk/jre/lib/amd64/libverify.so
7f21aa745000-7f21aa747000 r--p 0000e000 08:08 2234344                    /usr/lib/jvm/java-8-openjdk/jre/lib/amd64/libverify.so
7f21aa747000-7f21aa748000 rw-p 00010000 08:08 2234344                    /usr/lib/jvm/java-8-openjdk/jre/lib/amd64/libverify.so
7f21aa74e000-7f21aa751000 r--p 00000000 08:08 2392784                    /usr/lib/jvm/java-8-openjdk/jre/lib/amd64/jli/libjli.so
7f21aa751000-7f21aa75a000 r-xp 00003000 08:08 2392784                    /usr/lib/jvm/java-8-openjdk/jre/lib/amd64/jli/libjli.so
7f21aa75a000-7f21aa75d000 r--p 0000c000 08:08 2392784                    /usr/lib/jvm/java-8-openjdk/jre/lib/amd64/jli/libjli.so
7f21aa75d000-7f21aa75e000 r--p 0000e000 08:08 2392784                    /usr/lib/jvm/java-8-openjdk/jre/lib/amd64/jli/libjli.so
7f21aa75e000-7f21aa75f000 rw-p 0000f000 08:08 2392784                    /usr/lib/jvm/java-8-openjdk/jre/lib/amd64/jli/libjli.so
7f21aa764000-7f21aa765000 rw-p 00000000 00:00 0 
7f21aa765000-7f21aa766000 r--p 00000000 00:00 0 
7f21aa766000-7f21aa768000 r--p 00000000 08:08 532987                     /usr/lib/ld-2.32.so
7f21aa768000-7f21aa789000 r-xp 00002000 08:08 532987                     /usr/lib/ld-2.32.so
7f21aa789000-7f21aa792000 r--p 00023000 08:08 532987                     /usr/lib/ld-2.32.so
7f21aa792000-7f21aa793000 r--p 0002b000 08:08 532987                     /usr/lib/ld-2.32.so
7f21aa793000-7f21aa795000 rw-p 0002c000 08:08 532987                     /usr/lib/ld-2.32.so
7f21aa795000-7f21aa799000 rw-p 00000000 00:00 0 
7ffd38a26000-7ffd38a47000 rw-p 00000000 00:00 0                          [stack]
7ffd38b06000-7ffd38b0a000 r--p 00000000 00:00 0                          [vvar]
7ffd38b0a000-7ffd38b0c000 r-xp 00000000 00:00 0                          [vdso]
ffffffffff600000-ffffffffff601000 --xp 00000000 00:00 0                  [vsyscall]

VM Arguments:
jvm_args: -Dfile.encoding=UTF-8 -Djava.library.path=/opt/ibm/ILOG/CPLEX_Studio1261/cplex/bin/x86-64_linux 
java_command: v1.Model
java_class_path (initial): /home/d4rkwzd/Projects/Netbeans/CplexTSP/lib/cplex.jar:/home/d4rkwzd/Projects/Netbeans/CplexTSP/build/classes
Launcher Type: SUN_STANDARD

Environment Variables:
PATH=/home/d4rkwzd/.local/bin:/usr/local/sbin:/usr/local/bin:/usr/bin:/usr/lib/jvm/default/bin:/usr/bin/site_perl:/usr/bin/vendor_perl:/usr/bin/core_perl:/var/lib/snapd/snap/bin
LD_LIBRARY_PATH=/usr/lib/jvm/default/bin/../jre/lib/amd64:/usr/lib/jvm/default/bin/../jre/lib/i386:
SHELL=/bin/bash
DISPLAY=:0

Signal Handlers:
SIGSEGV: [libjvm.so+0xa50e40], sa_mask[0]=11111111011111111101111111111110, sa_flags=SA_RESTART|SA_SIGINFO
SIGBUS: [libjvm.so+0xa50e40], sa_mask[0]=11111111011111111101111111111110, sa_flags=SA_RESTART|SA_SIGINFO
SIGFPE: [libjvm.so+0x8adfc0], sa_mask[0]=11111111011111111101111111111110, sa_flags=SA_RESTART|SA_SIGINFO
SIGPIPE: [libjvm.so+0x8adfc0], sa_mask[0]=11111111011111111101111111111110, sa_flags=SA_RESTART|SA_SIGINFO
SIGXFSZ: [libjvm.so+0x8adfc0], sa_mask[0]=11111111011111111101111111111110, sa_flags=SA_RESTART|SA_SIGINFO
SIGILL: [libjvm.so+0x8adfc0], sa_mask[0]=11111111011111111101111111111110, sa_flags=SA_RESTART|SA_SIGINFO
SIGUSR1: SIG_DFL, sa_mask[0]=00000000000000000000000000000000, sa_flags=none
SIGUSR2: [libjvm.so+0x8adda0], sa_mask[0]=00100000000000000000000000000000, sa_flags=SA_RESTART|SA_SIGINFO
SIGHUP: [libjvm.so+0x8ae260], sa_mask[0]=11111111011111111101111111111110, sa_flags=SA_RESTART|SA_SIGINFO
SIGINT: SIG_IGN, sa_mask[0]=00000000000000000000000000000000, sa_flags=none
SIGTERM: [libjvm.so+0x8ae260], sa_mask[0]=11111111011111111101111111111110, sa_flags=SA_RESTART|SA_SIGINFO
SIGQUIT: [libjvm.so+0x8ae260], sa_mask[0]=11111111011111111101111111111110, sa_flags=SA_RESTART|SA_SIGINFO


---------------  S Y S T E M  ---------------

OS:DISTRIB_ID=ManjaroLinux
DISTRIB_RELEASE=20.1.2
DISTRIB_CODENAME=Mikah
DISTRIB_DESCRIPTION="Manjaro Linux"

uname:Linux 5.8.16-2-MANJARO #1 SMP PREEMPT Mon Oct 19 11:33:03 UTC 2020 x86_64
libc:glibc 2.32 NPTL 2.32 
rlimit: STACK 8192k, CORE infinity, NPROC 29591, NOFILE 524288, AS infinity
load average:0,89 1,36 1,20

/proc/meminfo:
MemTotal:        7658352 kB
MemFree:          719936 kB
MemAvailable:    3941924 kB
Buffers:          297444 kB
Cached:          2948924 kB
SwapCached:            0 kB
Active:          3715916 kB
Inactive:        2167760 kB
Active(anon):    2650632 kB
Inactive(anon):   251676 kB
Active(file):    1065284 kB
Inactive(file):  1916084 kB
Unevictable:           0 kB
Mlocked:               0 kB
SwapTotal:       8388604 kB
SwapFree:        8388604 kB
Dirty:              1128 kB
Writeback:             0 kB
AnonPages:       2637336 kB
Mapped:          1165544 kB
Shmem:            264996 kB
KReclaimable:     544428 kB
Slab:             638852 kB
SReclaimable:     544428 kB
SUnreclaim:        94424 kB
KernelStack:       12368 kB
PageTables:        35484 kB
NFS_Unstable:          0 kB
Bounce:                0 kB
WritebackTmp:          0 kB
CommitLimit:    12217780 kB
Committed_AS:    9268904 kB
VmallocTotal:   34359738367 kB
VmallocUsed:       43312 kB
VmallocChunk:          0 kB
Percpu:             2576 kB
HardwareCorrupted:     0 kB
AnonHugePages:         0 kB
ShmemHugePages:        0 kB
ShmemPmdMapped:        0 kB
FileHugePages:         0 kB
FilePmdMapped:         0 kB
HugePages_Total:       0
HugePages_Free:        0
HugePages_Rsvd:        0
HugePages_Surp:        0
Hugepagesize:       2048 kB
Hugetlb:               0 kB
DirectMap4k:      626428 kB
DirectMap2M:     7194624 kB
DirectMap1G:     1048576 kB

container (cgroup) information:
container_type: cgroupv1
cpu_cpuset_cpus: 0-3
cpu_memory_nodes: 0
active_processor_count: 4
cpu_quota: -1
cpu_period: 100000
cpu_shares: -1
memory_limit_in_bytes: -1
memory_and_swap_limit_in_bytes: -1
memory_soft_limit_in_bytes: -1
memory_usage_in_bytes: 3877355520
memory_max_usage_in_bytes: 4143890432


CPU:total 4 (initial active 4) (4 cores per cpu, 1 threads per core) family 21 model 101 stepping 1, cmov, cx8, fxsr, mmx, sse, sse2, sse3, ssse3, sse4.1, sse4.2, popcnt, avx, avx2, aes, clmul, mmxext, 3dnowpref, lzcnt, sse4a, tsc, tscinvbit, tscinv, bmi1

/proc/cpuinfo:
processor	: 0
vendor_id	: AuthenticAMD
cpu family	: 21
model		: 101
model name	: AMD A12-9720P RADEON R7, 12 COMPUTE CORES 4C+8G
stepping	: 1
microcode	: 0x600611a
cpu MHz		: 2838.702
cache size	: 1024 KB
physical id	: 0
siblings	: 4
core id		: 0
cpu cores	: 2
apicid		: 16
initial apicid	: 0
fpu		: yes
fpu_exception	: yes
cpuid level	: 13
wp		: yes
flags		: fpu vme de pse tsc msr pae mce cx8 apic sep mtrr pge mca cmov pat pse36 clflush mmx fxsr sse sse2 ht syscall nx mmxext fxsr_opt pdpe1gb rdtscp lm constant_tsc rep_good acc_power nopl nonstop_tsc cpuid extd_apicid aperfmperf pni pclmulqdq monitor ssse3 fma cx16 sse4_1 sse4_2 movbe popcnt aes xsave avx f16c lahf_lm cmp_legacy svm extapic cr8_legacy abm sse4a misalignsse 3dnowprefetch osvw ibs xop skinit wdt lwp fma4 tce nodeid_msr tbm topoext perfctr_core perfctr_nb bpext ptsc mwaitx cpb hw_pstate ssbd ibpb vmmcall fsgsbase bmi1 avx2 smep bmi2 xsaveopt arat npt lbrv svm_lock nrip_save tsc_scale vmcb_clean flushbyasid decodeassists pausefilter pfthreshold avic vgif overflow_recov
bugs		: fxsave_leak sysret_ss_attrs null_seg spectre_v1 spectre_v2 spec_store_bypass
bogomips	: 5392.67
TLB size	: 1536 4K pages
clflush size	: 64
cache_alignment	: 64
address sizes	: 48 bits physical, 48 bits virtual
power management: ts ttp tm 100mhzsteps hwpstate cpb eff_freq_ro acc_power [13]

processor	: 1
vendor_id	: AuthenticAMD
cpu family	: 21
model		: 101
model name	: AMD A12-9720P RADEON R7, 12 COMPUTE CORES 4C+8G
stepping	: 1
microcode	: 0x600611a
cpu MHz		: 2139.464
cache size	: 1024 KB
physical id	: 0
siblings	: 4
core id		: 1
cpu cores	: 2
apicid		: 17
initial apicid	: 1
fpu		: yes
fpu_exception	: yes
cpuid level	: 13
wp		: yes
flags		: fpu vme de pse tsc msr pae mce cx8 apic sep mtrr pge mca cmov pat pse36 clflush mmx fxsr sse sse2 ht syscall nx mmxext fxsr_opt pdpe1gb rdtscp lm constant_tsc rep_good acc_power nopl nonstop_tsc cpuid extd_apicid aperfmperf pni pclmulqdq monitor ssse3 fma cx16 sse4_1 sse4_2 movbe popcnt aes xsave avx f16c lahf_lm cmp_legacy svm extapic cr8_legacy abm sse4a misalignsse 3dnowprefetch osvw ibs xop skinit wdt lwp fma4 tce nodeid_msr tbm topoext perfctr_core perfctr_nb bpext ptsc mwaitx cpb hw_pstate ssbd ibpb vmmcall fsgsbase bmi1 avx2 smep bmi2 xsaveopt arat npt lbrv svm_lock nrip_save tsc_scale vmcb_clean flushbyasid decodeassists pausefilter pfthreshold avic vgif overflow_recov
bugs		: fxsave_leak sysret_ss_attrs null_seg spectre_v1 spectre_v2 spec_store_bypass
bogomips	: 5392.67
TLB size	: 1536 4K pages
clflush size	: 64
cache_alignment	: 64
address sizes	: 48 bits physical, 48 bits virtual
power management: ts ttp tm 100mhzsteps hwpstate cpb eff_freq_ro acc_power [13]

processor	: 2
vendor_id	: AuthenticAMD
cpu family	: 21
model		: 101
model name	: AMD A12-9720P RADEON R7, 12 COMPUTE CORES 4C+8G
stepping	: 1
microcode	: 0x600611a
cpu MHz		: 1972.112
cache size	: 1024 KB
physical id	: 0
siblings	: 4
core id		: 2
cpu cores	: 2
apicid		: 18
initial apicid	: 2
fpu		: yes
fpu_exception	: yes
cpuid level	: 13
wp		: yes
flags		: fpu vme de pse tsc msr pae mce cx8 apic sep mtrr pge mca cmov pat pse36 clflush mmx fxsr sse sse2 ht syscall nx mmxext fxsr_opt pdpe1gb rdtscp lm constant_tsc rep_good acc_power nopl nonstop_tsc cpuid extd_apicid aperfmperf pni pclmulqdq monitor ssse3 fma cx16 sse4_1 sse4_2 movbe popcnt aes xsave avx f16c lahf_lm cmp_legacy svm extapic cr8_legacy abm sse4a misalignsse 3dnowprefetch osvw ibs xop skinit wdt lwp fma4 tce nodeid_msr tbm topoext perfctr_core perfctr_nb bpext ptsc mwaitx cpb hw_pstate ssbd ibpb vmmcall fsgsbase bmi1 avx2 smep bmi2 xsaveopt arat npt lbrv svm_lock nrip_save tsc_scale vmcb_clean flushbyasid decodeassists pausefilter pfthreshold avic vgif overflow_recov
bugs		: fxsave_leak sysret_ss_attrs null_seg spectre_v1 spectre_v2 spec_store_bypass
bogomips	: 5392.67
TLB size	: 1536 4K pages
clflush size	: 64
cache_alignment	: 64
address sizes	: 48 bits physical, 48 bits virtual
power management: ts ttp tm 100mhzsteps hwpstate cpb eff_freq_ro acc_power [13]

processor	: 3
vendor_id	: AuthenticAMD
cpu family	: 21
model		: 101
model name	: AMD A12-9720P RADEON R7, 12 COMPUTE CORES 4C+8G
stepping	: 1
microcode	: 0x600611a
cpu MHz		: 1951.992
cache size	: 1024 KB
physical id	: 0
siblings	: 4
core id		: 3
cpu cores	: 2
apicid		: 19
initial apicid	: 3
fpu		: yes
fpu_exception	: yes
cpuid level	: 13
wp		: yes
flags		: fpu vme de pse tsc msr pae mce cx8 apic sep mtrr pge mca cmov pat pse36 clflush mmx fxsr sse sse2 ht syscall nx mmxext fxsr_opt pdpe1gb rdtscp lm constant_tsc rep_good acc_power nopl nonstop_tsc cpuid extd_apicid aperfmperf pni pclmulqdq monitor ssse3 fma cx16 sse4_1 sse4_2 movbe popcnt aes xsave avx f16c lahf_lm cmp_legacy svm extapic cr8_legacy abm sse4a misalignsse 3dnowprefetch osvw ibs xop skinit wdt lwp fma4 tce nodeid_msr tbm topoext perfctr_core perfctr_nb bpext ptsc mwaitx cpb hw_pstate ssbd ibpb vmmcall fsgsbase bmi1 avx2 smep bmi2 xsaveopt arat npt lbrv svm_lock nrip_save tsc_scale vmcb_clean flushbyasid decodeassists pausefilter pfthreshold avic vgif overflow_recov
bugs		: fxsave_leak sysret_ss_attrs null_seg spectre_v1 spectre_v2 spec_store_bypass
bogomips	: 5392.67
TLB size	: 1536 4K pages
clflush size	: 64
cache_alignment	: 64
address sizes	: 48 bits physical, 48 bits virtual
power management: ts ttp tm 100mhzsteps hwpstate cpb eff_freq_ro acc_power [13]



Memory: 4k page, physical 7658352k(719856k free), swap 8388604k(8388604k free)

vm_info: OpenJDK 64-Bit Server VM (25.265-b01) for linux-amd64 JRE (1.8.0_265-b01), built on Aug 30 2020 10:35:15 by "builduser" with gcc 10.2.0

time: Fri Oct 30 20:12:41 2020
timezone: -03
elapsed time: 10 seconds (0d 0h 0m 10s)

