#
# A fatal error has been detected by the Java Runtime Environment:
#
#  SIGSEGV (0xb) at pc=0x00007f06d20e1250, pid=12326, tid=0x00007f0709bb5640
#
# JRE version: OpenJDK Runtime Environment (8.0_265-b01) (build 1.8.0_265-b01)
# Java VM: OpenJDK 64-Bit Server VM (25.265-b01 mixed mode linux-amd64 compressed oops)
# Problematic frame:
# C  [libcplex1261remotejni.so+0x5cb250]  _778d684fa8524f693106ac725e8540d0+0x0
#
# Core dump written. Default location: /home/d4rkwzd/Projects/Netbeans/CplexTSP/core or core.12326
#
# If you would like to submit a bug report, please visit:
#   http://bugreport.java.com/bugreport/crash.jsp
# The crash happened outside the Java Virtual Machine in native code.
# See problematic frame for where to report the bug.
#

---------------  T H R E A D  ---------------

Current thread (0x00007f070400a800):  JavaThread "main" [_thread_in_native, id=12330, stack(0x00007f0709ab6000,0x00007f0709bb6000)]

siginfo: si_signo: 11 (SIGSEGV), si_code: 1 (SEGV_MAPERR), si_addr: 0x0000000000000008

Registers:
RAX=0x0000000000000000, RBX=0x0000000000000000, RCX=0x7ffffffffcbc3000, RDX=0x00007f07041b3bf0
RSP=0x00007f0709bb2608, RBP=0x00007f07045d4900, RSI=0x00007f07041b3bf0, RDI=0x0000000000000000
R8 =0x00007f0709bb3620, R9 =0x00007f070465ff40, R10=0x0000000000000002, R11=0x00007f070ac05440
R12=0x00007f070471a500, R13=0x00007f07042a64a0, R14=0x00007f07045f7c60, R15=0x00007f07046347e0
RIP=0x00007f06d20e1250, EFLAGS=0x0000000000010293, CSGSFS=0x002b000000000033, ERR=0x0000000000000004
  TRAPNO=0x000000000000000e

Top of Stack: (sp=0x00007f0709bb2608)
0x00007f0709bb2608:   00007f06d20684b6 00007f0700000002
0x00007f0709bb2618:   00007f0709bb3620 0000000000000000
0x00007f0709bb2628:   00007f0704078e10 0000000000000000
0x00007f0709bb2638:   00007f07040854d8 00007f07040854d0
0x00007f0709bb2648:   00007f0704078e18 00007f070400a9e0
0x00007f0709bb2658:   00007f06d1be2f36 00007f07040854d0
0x00007f0709bb2668:   00007f0704078e10 0000000000000000
0x00007f0709bb2678:   00007f0709bb2730 0000007300012958
0x00007f0709bb2688:   00007f0709bb3620 00007f07042a64a0
0x00007f0709bb2698:   0000000000000000 00007f070400a9e0
0x00007f0709bb26a8:   00007f0709bb3620 00007f0709bb27e8
0x00007f0709bb26b8:   7ffffffffcbc3000 0000000011e38f83
0x00007f0709bb26c8:   00007f0700000000 00007f0700000000
0x00007f0709bb26d8:   00007f0600000001 0000000000000000
0x00007f0709bb26e8:   00007f07045d4900 00007f0700000000
0x00007f0709bb26f8:   00007f070465ff40 0000000000000000
0x00007f0709bb2708:   0000000000000000 00007f07046347e0
0x00007f0709bb2718:   00007f07045d4900 0000000000000002
0x00007f0709bb2728:   00007f07042a64a0 00007f07045f7c60
0x00007f0709bb2738:   00007f07046347e0 00000000000003ee
0x00007f0709bb2748:   00007f06d2139517 0000000000000002
0x00007f0709bb2758:   0000000000000000 0000000000000000
0x00007f0709bb2768:   0000000000000000 00007f0709bb2f78
0x00007f0709bb2778:   0000000000000000 0000000000000000
0x00007f0709bb2788:   0000000000000cea 0000000000000001
0x00007f0709bb2798:   00007f07041bcc30 00000000027cb04f
0x00007f0709bb27a8:   000000000000046b 0000000000000c14
0x00007f0709bb27b8:   00007f0704cc3670 00007f070461e338
0x00007f0709bb27c8:   00007f07045d4900 0000000000000000
0x00007f0709bb27d8:   0000000000000000 0000000000000000
0x00007f0709bb27e8:   0000000000000000 0000000000000000
0x00007f0709bb27f8:   0000000000000000 0000000000000000 

Instructions: (pc=0x00007f06d20e1250)
0x00007f06d20e1230:   08 f2 0f 58 2d ef 23 a3 00 f2 0f 10 40 40 f2 0f
0x00007f06d20e1240:   5d c5 c3 90 48 8d 74 26 00 48 8d bf 00 00 00 00
0x00007f06d20e1250:   48 8b 47 08 83 7f 1c 00 74 06 f2 0f 10 40 38 c3
0x00007f06d20e1260:   f2 0f 10 40 40 c3 48 89 f6 48 8d bf 00 00 00 00 

Register to memory mapping:

RAX=0x0000000000000000 is an unknown value
RBX=0x0000000000000000 is an unknown value
RCX=0x7ffffffffcbc3000 is an unknown value
RDX=0x00007f07041b3bf0 is an unknown value
RSP=0x00007f0709bb2608 is pointing into the stack for thread: 0x00007f070400a800
RBP=0x00007f07045d4900 is an unknown value
RSI=0x00007f07041b3bf0 is an unknown value
RDI=0x0000000000000000 is an unknown value
R8 =0x00007f0709bb3620 is pointing into the stack for thread: 0x00007f070400a800
R9 =0x00007f070465ff40 is an unknown value
R10=0x0000000000000002 is an unknown value
R11=0x00007f070ac05440: <offset 0x197440> in /usr/lib/libc.so.6 at 0x00007f070aa6e000
R12=0x00007f070471a500 is an unknown value
R13=0x00007f07042a64a0 is an unknown value
R14=0x00007f07045f7c60 is an unknown value
R15=0x00007f07046347e0 is an unknown value


Stack: [0x00007f0709ab6000,0x00007f0709bb6000],  sp=0x00007f0709bb2608,  free space=1009k
Native frames: (J=compiled Java code, j=interpreted, Vv=VM code, C=native code)
C  [libcplex1261remotejni.so+0x5cb250]  _778d684fa8524f693106ac725e8540d0+0x0

Java frames: (J=compiled Java code, j=interpreted, Vv=VM code)
j  ilog.cplex.Cplex.CPXmipopt(JJ)I+0
j  ilog.cplex.CplexI$SolveHandle.start()V+278
j  ilog.cplex.CplexI.solve()V+12
j  ilog.cplex.IloCplex.solve()Z+4
j  v1.Model.main([Ljava/lang/String;)V+524
v  ~StubRoutines::call_stub

---------------  P R O C E S S  ---------------

Java Threads: ( => current thread )
  0x00007f0704619800 JavaThread "AWT-EventQueue-0" [_thread_blocked, id=12349, stack(0x00007f06d04dd000,0x00007f06d05de000)]
  0x00007f07045b6000 JavaThread "AWT-Shutdown" [_thread_blocked, id=12348, stack(0x00007f06d09cd000,0x00007f06d0ace000)]
  0x00007f0704523800 JavaThread "AWT-XAWT" daemon [_thread_in_native, id=12347, stack(0x00007f06d0f85000,0x00007f06d1086000)]
  0x00007f07044fa800 JavaThread "Java2D Disposer" daemon [_thread_blocked, id=12346, stack(0x00007f06d1095000,0x00007f06d1196000)]
  0x00007f07040c8800 JavaThread "Service Thread" daemon [_thread_blocked, id=12342, stack(0x00007f06d3811000,0x00007f06d3912000)]
  0x00007f07040bd800 JavaThread "C1 CompilerThread2" daemon [_thread_blocked, id=12341, stack(0x00007f06d3913000,0x00007f06d3a13000)]
  0x00007f07040bc000 JavaThread "C2 CompilerThread1" daemon [_thread_blocked, id=12340, stack(0x00007f06d3a14000,0x00007f06d3b14000)]
  0x00007f07040b9000 JavaThread "C2 CompilerThread0" daemon [_thread_blocked, id=12339, stack(0x00007f06d3b15000,0x00007f06d3c15000)]
  0x00007f07040b7000 JavaThread "Signal Dispatcher" daemon [_thread_blocked, id=12338, stack(0x00007f06d3c15000,0x00007f06d3d16000)]
  0x00007f0704085800 JavaThread "Finalizer" daemon [_thread_blocked, id=12337, stack(0x00007f06f0062000,0x00007f06f0163000)]
  0x00007f0704081000 JavaThread "Reference Handler" daemon [_thread_blocked, id=12336, stack(0x00007f06f0163000,0x00007f06f0264000)]
=>0x00007f070400a800 JavaThread "main" [_thread_in_native, id=12330, stack(0x00007f0709ab6000,0x00007f0709bb6000)]

Other Threads:
  0x00007f0704077800 VMThread [stack: 0x00007f06f0265000,0x00007f06f0365000] [id=12335]
  0x00007f07040cb000 WatcherThread [stack: 0x00007f06d3711000,0x00007f06d3811000] [id=12343]

VM state:not at safepoint (normal execution)

VM Mutex/Monitor currently owned by a thread: None

heap address: 0x000000008b200000, size: 1870 MB, Compressed Oops mode: 32-bit
Narrow klass base: 0x0000000000000000, Narrow klass shift: 3
Compressed class space size: 1073741824 Address: 0x0000000100000000

Heap:
 PSYoungGen      total 66048K, used 8366K [0x00000000d9100000, 0x00000000dd600000, 0x0000000100000000)
  eden space 61440K, 6% used [0x00000000d9100000,0x00000000d94af368,0x00000000dcd00000)
  from space 4608K, 99% used [0x00000000dd180000,0x00000000dd5fc860,0x00000000dd600000)
  to   space 4608K, 0% used [0x00000000dcd00000,0x00000000dcd00000,0x00000000dd180000)
 ParOldGen       total 80896K, used 15224K [0x000000008b200000, 0x0000000090100000, 0x00000000d9100000)
  object space 80896K, 18% used [0x000000008b200000,0x000000008c0de2c0,0x0000000090100000)
 Metaspace       used 12328K, capacity 12516K, committed 12800K, reserved 1060864K
  class space    used 1338K, capacity 1421K, committed 1536K, reserved 1048576K

Card table byte_map: [0x00007f07092fe000,0x00007f07096a6000] byte_map_base: 0x00007f0708ea5000

Marking Bits: (ParMarkBitMap*) 0x00007f070a9fbde0
 Begin Bits: [0x00007f06f1590000, 0x00007f06f32c8000)
 End Bits:   [0x00007f06f32c8000, 0x00007f06f5000000)

Polling page: 0x00007f070acc7000

CodeCache: size=245760Kb used=4461Kb max_used=4464Kb free=241298Kb
 bounds [0x00007f06f5000000, 0x00007f06f5460000, 0x00007f0704000000]
 total_blobs=1919 nmethods=1271 adapters=563
 compilation: enabled

Compilation events (10 events):
Event: 19,989 Thread 0x00007f07040bd800 nmethod 1265 0x00007f06f545b350 code [0x00007f06f545b4a0, 0x00007f06f545b590]
Event: 19,997 Thread 0x00007f07040bc000 1266       4       javax.swing.JComponent::contains (27 bytes)
Event: 19,999 Thread 0x00007f07040bc000 nmethod 1266 0x00007f06f545e2d0 code [0x00007f06f545e420, 0x00007f06f545e4c8]
Event: 20,012 Thread 0x00007f07040bd800 1267       1       sun.awt.X11.XBaseWindow::getStateLock (5 bytes)
Event: 20,012 Thread 0x00007f07040bd800 nmethod 1267 0x00007f06f545e010 code [0x00007f06f545e160, 0x00007f06f545e270]
Event: 21,189 Thread 0x00007f07040bd800 1269       3       java.security.ProtectionDomain$JavaSecurityAccessImpl::doIntersectionPrivilege (22 bytes)
Event: 21,191 Thread 0x00007f07040bd800 nmethod 1269 0x00007f06f545d0d0 code [0x00007f06f545d2a0, 0x00007f06f545d958]
Event: 21,191 Thread 0x00007f07040bd800 1270       3       java.security.ProtectionDomain$JavaSecurityAccessImpl::getCombinedACC (30 bytes)
Event: 21,192 Thread 0x00007f07040bd800 nmethod 1270 0x00007f06f545c890 code [0x00007f06f545ca20, 0x00007f06f545cf18]
Event: 27,361 Thread 0x00007f07040bd800 1271       3       java.nio.ByteBuffer::array (35 bytes)

GC Heap History (4 events):
Event: 0,467 GC heap before
{Heap before GC invocations=1 (full 0):
 PSYoungGen      total 35328K, used 30720K [0x00000000d9100000, 0x00000000db800000, 0x0000000100000000)
  eden space 30720K, 100% used [0x00000000d9100000,0x00000000daf00000,0x00000000daf00000)
  from space 4608K, 0% used [0x00000000db380000,0x00000000db380000,0x00000000db800000)
  to   space 4608K, 0% used [0x00000000daf00000,0x00000000daf00000,0x00000000db380000)
 ParOldGen       total 80896K, used 0K [0x000000008b200000, 0x0000000090100000, 0x00000000d9100000)
  object space 80896K, 0% used [0x000000008b200000,0x000000008b200000,0x0000000090100000)
 Metaspace       used 5237K, capacity 5824K, committed 6016K, reserved 1056768K
  class space    used 571K, capacity 624K, committed 640K, reserved 1048576K
Event: 0,484 GC heap after
Heap after GC invocations=1 (full 0):
 PSYoungGen      total 35328K, used 4592K [0x00000000d9100000, 0x00000000dd600000, 0x0000000100000000)
  eden space 30720K, 0% used [0x00000000d9100000,0x00000000d9100000,0x00000000daf00000)
  from space 4608K, 99% used [0x00000000daf00000,0x00000000db37c050,0x00000000db380000)
  to   space 4608K, 0% used [0x00000000dd180000,0x00000000dd180000,0x00000000dd600000)
 ParOldGen       total 80896K, used 9416K [0x000000008b200000, 0x0000000090100000, 0x00000000d9100000)
  object space 80896K, 11% used [0x000000008b200000,0x000000008bb32120,0x0000000090100000)
 Metaspace       used 5237K, capacity 5824K, committed 6016K, reserved 1056768K
  class space    used 571K, capacity 624K, committed 640K, reserved 1048576K
}
Event: 1,152 GC heap before
{Heap before GC invocations=2 (full 0):
 PSYoungGen      total 35328K, used 35312K [0x00000000d9100000, 0x00000000dd600000, 0x0000000100000000)
  eden space 30720K, 100% used [0x00000000d9100000,0x00000000daf00000,0x00000000daf00000)
  from space 4608K, 99% used [0x00000000daf00000,0x00000000db37c050,0x00000000db380000)
  to   space 4608K, 0% used [0x00000000dd180000,0x00000000dd180000,0x00000000dd600000)
 ParOldGen       total 80896K, used 9416K [0x000000008b200000, 0x0000000090100000, 0x00000000d9100000)
  object space 80896K, 11% used [0x000000008b200000,0x000000008bb32120,0x0000000090100000)
 Metaspace       used 11345K, capacity 11492K, committed 11648K, reserved 1058816K
  class space    used 1215K, capacity 1293K, committed 1408K, reserved 1048576K
Event: 1,173 GC heap after
Heap after GC invocations=2 (full 0):
 PSYoungGen      total 66048K, used 4594K [0x00000000d9100000, 0x00000000dd600000, 0x0000000100000000)
  eden space 61440K, 0% used [0x00000000d9100000,0x00000000d9100000,0x00000000dcd00000)
  from space 4608K, 99% used [0x00000000dd180000,0x00000000dd5fc860,0x00000000dd600000)
  to   space 4608K, 0% used [0x00000000dcd00000,0x00000000dcd00000,0x00000000dd180000)
 ParOldGen       total 80896K, used 15224K [0x000000008b200000, 0x0000000090100000, 0x00000000d9100000)
  object space 80896K, 18% used [0x000000008b200000,0x000000008c0de2c0,0x0000000090100000)
 Metaspace       used 11345K, capacity 11492K, committed 11648K, reserved 1058816K
  class space    used 1215K, capacity 1293K, committed 1408K, reserved 1048576K
}

Deoptimization events (8 events):
Event: 0,621 Thread 0x00007f070400a800 Uncommon trap: reason=unstable_if action=reinterpret pc=0x00007f06f5258cb4 method=java.lang.String.indexOf([CII[CIII)I @ 134
Event: 0,720 Thread 0x00007f070400a800 Uncommon trap: reason=unstable_if action=reinterpret pc=0x00007f06f51ab4cc method=java.lang.String.startsWith(Ljava/lang/String;I)Z @ 25
Event: 0,926 Thread 0x00007f070400a800 Uncommon trap: reason=unstable_if action=reinterpret pc=0x00007f06f5302924 method=java.io.BufferedReader.read()I @ 19
Event: 0,988 Thread 0x00007f070400a800 Uncommon trap: reason=unstable_if action=reinterpret pc=0x00007f06f533d370 method=java.io.StreamTokenizer.nextToken()I @ 248
Event: 1,117 Thread 0x00007f070400a800 Uncommon trap: reason=unstable_if action=reinterpret pc=0x00007f06f531bcb0 method=java.lang.CharacterData.of(I)Ljava/lang/CharacterData; @ 4
Event: 1,207 Thread 0x00007f0704523800 Uncommon trap: reason=unstable_if action=reinterpret pc=0x00007f06f5367000 method=java.lang.ThreadLocal.get()Ljava/lang/Object; @ 11
Event: 1,292 Thread 0x00007f0704523800 Uncommon trap: reason=unstable_if action=reinterpret pc=0x00007f06f53cdc1c method=java.io.UnixFileSystem.canonicalize(Ljava/lang/String;)Ljava/lang/String; @ 57
Event: 17,400 Thread 0x00007f070400a800 Uncommon trap: reason=unstable_if action=reinterpret pc=0x00007f06f51f3858 method=ilog.cplex.CpxLinearExpr.<init>([D[Lilog/cplex/CpxNumVar;IID)V @ 56

Classes redefined (0 events):
No events

Internal exceptions (10 events):
Event: 0,567 Thread 0x00007f070400a800 Exception <a 'java/lang/NoSuchFieldError': method resolution failed> (0x00000000d9659198) thrown at [/build/java8-openjdk/src/jdk8u-jdk8u265-b01/hotspot/src/share/vm/prims/methodHandles.cpp, line 1169]
Event: 0,570 Thread 0x00007f070400a800 Exception <a 'java/lang/NoSuchFieldError': method resolution failed> (0x00000000d96b3700) thrown at [/build/java8-openjdk/src/jdk8u-jdk8u265-b01/hotspot/src/share/vm/prims/methodHandles.cpp, line 1169]
Event: 0,604 Thread 0x00007f070400a800 Exception <a 'java/io/FileNotFoundException'> (0x00000000d9731de8) thrown at [/build/java8-openjdk/src/jdk8u-jdk8u265-b01/hotspot/src/share/vm/prims/jni.cpp, line 711]
Event: 0,604 Thread 0x00007f070400a800 Exception <a 'java/io/FileNotFoundException'> (0x00000000d97327a0) thrown at [/build/java8-openjdk/src/jdk8u-jdk8u265-b01/hotspot/src/share/vm/prims/jni.cpp, line 711]
Event: 0,620 Thread 0x00007f070400a800 Exception <a 'java/lang/ClassNotFoundException': sun/dc/DuctusRenderingEngine> (0x00000000d974b1e8) thrown at [/build/java8-openjdk/src/jdk8u-jdk8u265-b01/hotspot/src/share/vm/classfile/systemDictionary.cpp, line 215]
Event: 1,071 Thread 0x00007f070400a800 Exception <a 'java/io/FileNotFoundException'> (0x00000000da6ab0f8) thrown at [/build/java8-openjdk/src/jdk8u-jdk8u265-b01/hotspot/src/share/vm/prims/jni.cpp, line 711]
Event: 1,071 Thread 0x00007f070400a800 Implicit null exception at 0x00007f06f536cd46 to 0x00007f06f536e10c
Event: 1,072 Thread 0x00007f070400a800 Exception <a 'java/lang/NullPointerException'> (0x00000000da6ab7e8) thrown at [/build/java8-openjdk/src/jdk8u-jdk8u265-b01/hotspot/src/share/vm/runtime/sharedRuntime.cpp, line 605]
Event: 1,207 Thread 0x00007f0704523800 Implicit null exception at 0x00007f06f5366f5a to 0x00007f06f5366fed
Event: 1,475 Thread 0x00007f0704619800 Exception <a 'java/lang/UnsupportedOperationException': > (0x00000000d9369cd0) thrown at [/build/java8-openjdk/src/jdk8u-jdk8u265-b01/hotspot/src/share/vm/prims/jni.cpp, line 738]

Events (10 events):
Event: 2,683 loading class sun/awt/X11/XMotionEvent done
Event: 4,083 Executing VM operation: EnableBiasedLocking
Event: 4,083 Executing VM operation: EnableBiasedLocking done
Event: 17,399 loading class java/util/ArrayList$SubList
Event: 17,399 loading class java/util/ArrayList$SubList done
Event: 17,400 loading class java/util/ArrayList$SubList$1
Event: 17,400 loading class java/util/ArrayList$SubList$1 done
Event: 17,400 Thread 0x00007f070400a800 Uncommon trap: trap_request=0xffffff65 fr.pc=0x00007f06f51f3858
Event: 17,400 Thread 0x00007f070400a800 DEOPT PACKING pc=0x00007f06f51f3858 sp=0x00007f0709bb1bc0
Event: 17,400 Thread 0x00007f070400a800 DEOPT UNPACKING pc=0x00007f06f504547a sp=0x00007f0709bb1b58 mode 2


Dynamic libraries:
8b200000-90100000 rw-p 00000000 00:00 0 
90100000-d9100000 ---p 00000000 00:00 0 
d9100000-dd600000 rw-p 00000000 00:00 0 
dd600000-100000000 ---p 00000000 00:00 0 
100000000-100180000 rw-p 00000000 00:00 0 
100180000-140000000 ---p 00000000 00:00 0 
559882789000-55988278a000 r--p 00000000 08:08 1968221                    /usr/lib/jvm/java-8-openjdk/jre/bin/java
55988278a000-55988278b000 r-xp 00001000 08:08 1968221                    /usr/lib/jvm/java-8-openjdk/jre/bin/java
55988278b000-55988278c000 r--p 00002000 08:08 1968221                    /usr/lib/jvm/java-8-openjdk/jre/bin/java
55988278c000-55988278d000 r--p 00002000 08:08 1968221                    /usr/lib/jvm/java-8-openjdk/jre/bin/java
55988278d000-55988278e000 rw-p 00003000 08:08 1968221                    /usr/lib/jvm/java-8-openjdk/jre/bin/java
5598838cc000-5598838ed000 rw-p 00000000 00:00 0                          [heap]
7f06a0000000-7f06a0432000 rw-p 00000000 00:00 0 
7f06a0432000-7f06a4000000 ---p 00000000 00:00 0 
7f06a4000000-7f06a41cd000 rw-p 00000000 00:00 0 
7f06a41cd000-7f06a8000000 ---p 00000000 00:00 0 
7f06aa7fd000-7f06aa7fe000 ---p 00000000 00:00 0 
7f06aa7fe000-7f06aaffe000 rw-p 00000000 00:00 0 
7f06aaffe000-7f06aafff000 ---p 00000000 00:00 0 
7f06aafff000-7f06ab7ff000 rw-p 00000000 00:00 0 
7f06ab7ff000-7f06ab800000 ---p 00000000 00:00 0 
7f06ab800000-7f06ab803000 ---p 00000000 00:00 0 
7f06ab803000-7f06ac000000 rw-p 00000000 00:00 0 
7f06ac000000-7f06ac021000 rw-p 00000000 00:00 0 
7f06ac021000-7f06b0000000 ---p 00000000 00:00 0 
7f06b0000000-7f06b0021000 rw-p 00000000 00:00 0 
7f06b0021000-7f06b4000000 ---p 00000000 00:00 0 
7f06b4000000-7f06b4021000 rw-p 00000000 00:00 0 
7f06b4021000-7f06b8000000 ---p 00000000 00:00 0 
7f06b8000000-7f06b8021000 rw-p 00000000 00:00 0 
7f06b8021000-7f06bc000000 ---p 00000000 00:00 0 
7f06bc000000-7f06bc44e000 rw-p 00000000 00:00 0 
7f06bc44e000-7f06c0000000 ---p 00000000 00:00 0 
7f06c0000000-7f06c0021000 rw-p 00000000 00:00 0 
7f06c0021000-7f06c4000000 ---p 00000000 00:00 0 
7f06c4000000-7f06c46c6000 rw-p 00000000 00:00 0 
7f06c46c6000-7f06c8000000 ---p 00000000 00:00 0 
7f06c8000000-7f06c86ad000 rw-p 00000000 00:00 0 
7f06c86ad000-7f06cc000000 ---p 00000000 00:00 0 
7f06cc000000-7f06cc021000 rw-p 00000000 00:00 0 
7f06cc021000-7f06d0000000 ---p 00000000 00:00 0 
7f06d04dd000-7f06d04e0000 ---p 00000000 00:00 0 
7f06d04e0000-7f06d06de000 rw-p 00000000 00:00 0 
7f06d06de000-7f06d07de000 ---p 00000000 00:00 0 
7f06d07de000-7f06d08ab000 r--s 00000000 08:08 6819592                    /home/d4rkwzd/.cache/fontconfig/923e285e415b1073c8df160bee08820f-le64.cache-7
7f06d095e000-7f06d0981000 r--s 00000000 08:08 6427600                    /home/d4rkwzd/.cache/fontconfig/f2e43df3287529323e79e7929dc44cc9-le64.cache-7
7f06d0986000-7f06d09c9000 r--s 00000000 08:08 6837194                    /home/d4rkwzd/.cache/fontconfig/f6b893a7224233d96cb72fd88691c0b4-le64.cache-7
7f06d09cd000-7f06d09d0000 ---p 00000000 00:00 0 
7f06d09d0000-7f06d0ace000 rw-p 00000000 00:00 0 
7f06d0ace000-7f06d0b9b000 r--s 00000000 08:08 6819592                    /home/d4rkwzd/.cache/fontconfig/923e285e415b1073c8df160bee08820f-le64.cache-7
7f06d0bce000-7f06d0bda000 r--s 00000000 08:08 8394494                    /home/d4rkwzd/.cache/fontconfig/e34e38f5-54d7-4e44-8c93-fc66dea1fd05-le64.cache-7
7f06d0bde000-7f06d0bec000 r--s 00000000 08:08 6427565                    /home/d4rkwzd/.cache/fontconfig/491f45a0a771fef1c10b9b647a97fb82-le64.cache-7
7f06d0bee000-7f06d0bfc000 r--s 00000000 08:08 9059422                    /home/d4rkwzd/.cache/fontconfig/1dce2cb908b447e938fc03acd9b47fcf-le64.cache-7
7f06d0c4e000-7f06d0c71000 r--s 00000000 08:08 6427600                    /home/d4rkwzd/.cache/fontconfig/f2e43df3287529323e79e7929dc44cc9-le64.cache-7
7f06d0c76000-7f06d0cb9000 r--s 00000000 08:08 6837194                    /home/d4rkwzd/.cache/fontconfig/f6b893a7224233d96cb72fd88691c0b4-le64.cache-7
7f06d0cc6000-7f06d0cc7000 r--s 00000000 08:08 6723690                    /home/d4rkwzd/.cache/fontconfig/40a9d18f2870572023edd72623462882-le64.cache-7
7f06d0cce000-7f06d0cda000 r--s 00000000 08:08 8394494                    /home/d4rkwzd/.cache/fontconfig/e34e38f5-54d7-4e44-8c93-fc66dea1fd05-le64.cache-7
7f06d0cde000-7f06d0ce4000 r--s 00000000 08:08 8394475                    /home/d4rkwzd/.cache/fontconfig/9495f0af-d109-49f0-abdf-d280bf3e4658-le64.cache-7
7f06d0ce6000-7f06d0cf4000 r--s 00000000 08:08 6427565                    /home/d4rkwzd/.cache/fontconfig/491f45a0a771fef1c10b9b647a97fb82-le64.cache-7
7f06d0cf6000-7f06d0d04000 r--s 00000000 08:08 9059422                    /home/d4rkwzd/.cache/fontconfig/1dce2cb908b447e938fc03acd9b47fcf-le64.cache-7
7f06d0d0e000-7f06d0d14000 r--s 00000000 08:08 8394475                    /home/d4rkwzd/.cache/fontconfig/9495f0af-d109-49f0-abdf-d280bf3e4658-le64.cache-7
7f06d0d46000-7f06d0d47000 r--s 00000000 08:08 6723690                    /home/d4rkwzd/.cache/fontconfig/40a9d18f2870572023edd72623462882-le64.cache-7
7f06d0d4e000-7f06d0d56000 r--s 00000000 08:08 8394507                    /home/d4rkwzd/.cache/fontconfig/4603b67a-335d-4cd8-804e-97e5483fbd43-le64.cache-7
7f06d0d56000-7f06d0d5c000 r--s 00000000 08:08 6837195                    /home/d4rkwzd/.cache/fontconfig/b67b32625a2bb51b023d3814a918f351-le64.cache-7
7f06d0d66000-7f06d0d73000 r--s 00000000 08:08 6723547                    /home/d4rkwzd/.cache/fontconfig/210c0516121708a580e22e6b1f9a103a-le64.cache-7
7f06d0d76000-7f06d0d79000 r--s 00000000 08:08 8262798                    /home/d4rkwzd/.cache/fontconfig/f7f036bb-6cca-4723-a1e5-41b5ef9aba97-le64.cache-7
7f06d0d7e000-7f06d0d83000 r--s 00000000 08:08 6686299                    /home/d4rkwzd/.cache/fontconfig/6ba42ae0000f58711b5caaf10d690066-le64.cache-7
7f06d0d85000-7f06d0f85000 rw-p 00000000 00:00 0 
7f06d0f85000-7f06d0f88000 ---p 00000000 00:00 0 
7f06d0f88000-7f06d1086000 rw-p 00000000 00:00 0 
7f06d1086000-7f06d1088000 r--p 00000000 08:08 530314                     /usr/lib/libXfixes.so.3.1.0
7f06d1088000-7f06d108b000 r-xp 00002000 08:08 530314                     /usr/lib/libXfixes.so.3.1.0
7f06d108b000-7f06d108c000 r--p 00005000 08:08 530314                     /usr/lib/libXfixes.so.3.1.0
7f06d108c000-7f06d108d000 ---p 00006000 08:08 530314                     /usr/lib/libXfixes.so.3.1.0
7f06d108d000-7f06d108e000 r--p 00006000 08:08 530314                     /usr/lib/libXfixes.so.3.1.0
7f06d108e000-7f06d108f000 rw-p 00007000 08:08 530314                     /usr/lib/libXfixes.so.3.1.0
7f06d1095000-7f06d1098000 ---p 00000000 00:00 0 
7f06d1098000-7f06d1196000 rw-p 00000000 00:00 0 
7f06d1196000-7f06d1198000 r--p 00000000 08:08 528794                     /usr/lib/libpcre.so.1.2.12
7f06d1198000-7f06d11e8000 r-xp 00002000 08:08 528794                     /usr/lib/libpcre.so.1.2.12
7f06d11e8000-7f06d1206000 r--p 00052000 08:08 528794                     /usr/lib/libpcre.so.1.2.12
7f06d1206000-7f06d1207000 r--p 0006f000 08:08 528794                     /usr/lib/libpcre.so.1.2.12
7f06d1207000-7f06d1208000 rw-p 00070000 08:08 528794                     /usr/lib/libpcre.so.1.2.12
7f06d120e000-7f06d122a000 r--p 00000000 08:08 539218                     /usr/lib/libglib-2.0.so.0.6600.0
7f06d122a000-7f06d12b3000 r-xp 0001c000 08:08 539218                     /usr/lib/libglib-2.0.so.0.6600.0
7f06d12b3000-7f06d133a000 r--p 000a5000 08:08 539218                     /usr/lib/libglib-2.0.so.0.6600.0
7f06d133a000-7f06d133b000 ---p 0012c000 08:08 539218                     /usr/lib/libglib-2.0.so.0.6600.0
7f06d133b000-7f06d133c000 r--p 0012c000 08:08 539218                     /usr/lib/libglib-2.0.so.0.6600.0
7f06d133c000-7f06d133d000 rw-p 0012d000 08:08 539218                     /usr/lib/libglib-2.0.so.0.6600.0
7f06d133d000-7f06d133e000 rw-p 00000000 00:00 0 
7f06d133e000-7f06d1341000 r--p 00000000 08:08 539420                     /usr/lib/libgraphite2.so.3.2.1
7f06d1341000-7f06d135b000 r-xp 00003000 08:08 539420                     /usr/lib/libgraphite2.so.3.2.1
7f06d135b000-7f06d1360000 r--p 0001d000 08:08 539420                     /usr/lib/libgraphite2.so.3.2.1
7f06d1360000-7f06d1362000 r--p 00021000 08:08 539420                     /usr/lib/libgraphite2.so.3.2.1
7f06d1362000-7f06d1363000 rw-p 00023000 08:08 539420                     /usr/lib/libgraphite2.so.3.2.1
7f06d1366000-7f06d1370000 r--p 00000000 08:08 534806                     /usr/lib/libharfbuzz.so.0.20702.0
7f06d1370000-7f06d1401000 r-xp 0000a000 08:08 534806                     /usr/lib/libharfbuzz.so.0.20702.0
7f06d1401000-7f06d1432000 r--p 0009b000 08:08 534806                     /usr/lib/libharfbuzz.so.0.20702.0
7f06d1432000-7f06d1433000 ---p 000cc000 08:08 534806                     /usr/lib/libharfbuzz.so.0.20702.0
7f06d1433000-7f06d1434000 r--p 000cc000 08:08 534806                     /usr/lib/libharfbuzz.so.0.20702.0
7f06d1434000-7f06d1435000 rw-p 000cd000 08:08 534806                     /usr/lib/libharfbuzz.so.0.20702.0
7f06d1436000-7f06d143c000 r--p 00000000 08:08 540654                     /usr/lib/libpng16.so.16.37.0
7f06d143c000-7f06d1460000 r-xp 00006000 08:08 540654                     /usr/lib/libpng16.so.16.37.0
7f06d1460000-7f06d146b000 r--p 0002a000 08:08 540654                     /usr/lib/libpng16.so.16.37.0
7f06d146b000-7f06d146c000 r--p 00034000 08:08 540654                     /usr/lib/libpng16.so.16.37.0
7f06d146c000-7f06d146d000 rw-p 00035000 08:08 540654                     /usr/lib/libpng16.so.16.37.0
7f06d146e000-7f06d147b000 r--p 00000000 08:08 534798                     /usr/lib/libfreetype.so.6.17.4
7f06d147b000-7f06d1501000 r-xp 0000d000 08:08 534798                     /usr/lib/libfreetype.so.6.17.4
7f06d1501000-7f06d1539000 r--p 00093000 08:08 534798                     /usr/lib/libfreetype.so.6.17.4
7f06d1539000-7f06d153a000 ---p 000cb000 08:08 534798                     /usr/lib/libfreetype.so.6.17.4
7f06d153a000-7f06d1541000 r--p 000cb000 08:08 534798                     /usr/lib/libfreetype.so.6.17.4
7f06d1541000-7f06d1542000 rw-p 000d2000 08:08 534798                     /usr/lib/libfreetype.so.6.17.4
7f06d1546000-7f06d1547000 r--s 00000000 08:08 8262780                    /home/d4rkwzd/.cache/fontconfig/39d28626-d72d-4c49-bb07-79792e77bfbb-le64.cache-7
7f06d154e000-7f06d1556000 r--s 00000000 08:08 8394507                    /home/d4rkwzd/.cache/fontconfig/4603b67a-335d-4cd8-804e-97e5483fbd43-le64.cache-7
7f06d1556000-7f06d155c000 r--s 00000000 08:08 6837195                    /home/d4rkwzd/.cache/fontconfig/b67b32625a2bb51b023d3814a918f351-le64.cache-7
7f06d155e000-7f06d1563000 r--s 00000000 08:08 6686299                    /home/d4rkwzd/.cache/fontconfig/6ba42ae0000f58711b5caaf10d690066-le64.cache-7
7f06d1566000-7f06d1573000 r--s 00000000 08:08 6723547                    /home/d4rkwzd/.cache/fontconfig/210c0516121708a580e22e6b1f9a103a-le64.cache-7
7f06d1576000-7f06d1579000 r--s 00000000 08:08 8262798                    /home/d4rkwzd/.cache/fontconfig/f7f036bb-6cca-4723-a1e5-41b5ef9aba97-le64.cache-7
7f06d157e000-7f06d157f000 r--s 00000000 08:08 8262780                    /home/d4rkwzd/.cache/fontconfig/39d28626-d72d-4c49-bb07-79792e77bfbb-le64.cache-7
7f06d1586000-7f06d158f000 r--p 00000000 08:08 2234320                    /usr/lib/jvm/java-8-openjdk/jre/lib/amd64/libfontmanager.so
7f06d158f000-7f06d15ca000 r-xp 00009000 08:08 2234320                    /usr/lib/jvm/java-8-openjdk/jre/lib/amd64/libfontmanager.so
7f06d15ca000-7f06d15ea000 r--p 00044000 08:08 2234320                    /usr/lib/jvm/java-8-openjdk/jre/lib/amd64/libfontmanager.so
7f06d15ea000-7f06d15ee000 r--p 00063000 08:08 2234320                    /usr/lib/jvm/java-8-openjdk/jre/lib/amd64/libfontmanager.so
7f06d15ee000-7f06d15ef000 rw-p 00067000 08:08 2234320                    /usr/lib/jvm/java-8-openjdk/jre/lib/amd64/libfontmanager.so
7f06d15f6000-7f06d15f8000 r--p 00000000 08:08 526323                     /usr/lib/libXdmcp.so.6.0.0
7f06d15f8000-7f06d15fa000 r-xp 00002000 08:08 526323                     /usr/lib/libXdmcp.so.6.0.0
7f06d15fa000-7f06d15fc000 r--p 00004000 08:08 526323                     /usr/lib/libXdmcp.so.6.0.0
7f06d15fc000-7f06d15fd000 r--p 00005000 08:08 526323                     /usr/lib/libXdmcp.so.6.0.0
7f06d15fd000-7f06d15fe000 rw-p 00006000 08:08 526323                     /usr/lib/libXdmcp.so.6.0.0
7f06d15fe000-7f06d160a000 r--p 00000000 08:08 534635                     /usr/lib/libxcb.so.1.1.0
7f06d160a000-7f06d161d000 r-xp 0000c000 08:08 534635                     /usr/lib/libxcb.so.1.1.0
7f06d161d000-7f06d1626000 r--p 0001f000 08:08 534635                     /usr/lib/libxcb.so.1.1.0
7f06d1626000-7f06d1627000 r--p 00027000 08:08 534635                     /usr/lib/libxcb.so.1.1.0
7f06d1627000-7f06d1628000 rw-p 00028000 08:08 534635                     /usr/lib/libxcb.so.1.1.0
7f06d162e000-7f06d1631000 r--p 00000000 08:08 534706                     /usr/lib/libXi.so.6.1.0
7f06d1631000-7f06d163c000 r-xp 00003000 08:08 534706                     /usr/lib/libXi.so.6.1.0
7f06d163c000-7f06d163f000 r--p 0000e000 08:08 534706                     /usr/lib/libXi.so.6.1.0
7f06d163f000-7f06d1640000 r--p 00010000 08:08 534706                     /usr/lib/libXi.so.6.1.0
7f06d1640000-7f06d1641000 rw-p 00011000 08:08 534706                     /usr/lib/libXi.so.6.1.0
7f06d1646000-7f06d1648000 r--p 00000000 08:08 534692                     /usr/lib/libXrender.so.1.3.0
7f06d1648000-7f06d164f000 r-xp 00002000 08:08 534692                     /usr/lib/libXrender.so.1.3.0
7f06d164f000-7f06d1651000 r--p 00009000 08:08 534692                     /usr/lib/libXrender.so.1.3.0
7f06d1651000-7f06d1652000 r--p 0000a000 08:08 534692                     /usr/lib/libXrender.so.1.3.0
7f06d1652000-7f06d1653000 rw-p 0000b000 08:08 534692                     /usr/lib/libXrender.so.1.3.0
7f06d1656000-7f06d1672000 r--p 00000000 08:08 540044                     /usr/lib/libX11.so.6.3.0
7f06d1672000-7f06d16fc000 r-xp 0001c000 08:08 540044                     /usr/lib/libX11.so.6.3.0
7f06d16fc000-7f06d178f000 r--p 000a6000 08:08 540044                     /usr/lib/libX11.so.6.3.0
7f06d178f000-7f06d1790000 ---p 00139000 08:08 540044                     /usr/lib/libX11.so.6.3.0
7f06d1790000-7f06d1793000 r--p 00139000 08:08 540044                     /usr/lib/libX11.so.6.3.0
7f06d1793000-7f06d1797000 rw-p 0013c000 08:08 540044                     /usr/lib/libX11.so.6.3.0
7f06d179e000-7f06d17a2000 r--p 00000000 08:08 528425                     /usr/lib/libXext.so.6.4.0
7f06d17a2000-7f06d17ad000 r-xp 00004000 08:08 528425                     /usr/lib/libXext.so.6.4.0
7f06d17ad000-7f06d17b1000 r--p 0000f000 08:08 528425                     /usr/lib/libXext.so.6.4.0
7f06d17b1000-7f06d17b2000 r--p 00012000 08:08 528425                     /usr/lib/libXext.so.6.4.0
7f06d17b2000-7f06d17b3000 rw-p 00013000 08:08 528425                     /usr/lib/libXext.so.6.4.0
7f06d17b6000-7f06d17c6000 r--p 00000000 08:08 2234318                    /usr/lib/jvm/java-8-openjdk/jre/lib/amd64/libawt_xawt.so
7f06d17c6000-7f06d1802000 r-xp 00010000 08:08 2234318                    /usr/lib/jvm/java-8-openjdk/jre/lib/amd64/libawt_xawt.so
7f06d1802000-7f06d1813000 r--p 0004c000 08:08 2234318                    /usr/lib/jvm/java-8-openjdk/jre/lib/amd64/libawt_xawt.so
7f06d1813000-7f06d1814000 ---p 0005d000 08:08 2234318                    /usr/lib/jvm/java-8-openjdk/jre/lib/amd64/libawt_xawt.so
7f06d1814000-7f06d1815000 r--p 0005d000 08:08 2234318                    /usr/lib/jvm/java-8-openjdk/jre/lib/amd64/libawt_xawt.so
7f06d1815000-7f06d1817000 rw-p 0005e000 08:08 2234318                    /usr/lib/jvm/java-8-openjdk/jre/lib/amd64/libawt_xawt.so
7f06d1817000-7f06d1819000 rw-p 00000000 00:00 0 
7f06d181e000-7f06d184b000 r--p 00000000 08:08 2234316                    /usr/lib/jvm/java-8-openjdk/jre/lib/amd64/libawt.so
7f06d184b000-7f06d18b3000 r-xp 0002d000 08:08 2234316                    /usr/lib/jvm/java-8-openjdk/jre/lib/amd64/libawt.so
7f06d18b3000-7f06d18bf000 r--p 00095000 08:08 2234316                    /usr/lib/jvm/java-8-openjdk/jre/lib/amd64/libawt.so
7f06d18bf000-7f06d18c0000 ---p 000a1000 08:08 2234316                    /usr/lib/jvm/java-8-openjdk/jre/lib/amd64/libawt.so
7f06d18c0000-7f06d18c1000 r--p 000a1000 08:08 2234316                    /usr/lib/jvm/java-8-openjdk/jre/lib/amd64/libawt.so
7f06d18c1000-7f06d18cc000 rw-p 000a2000 08:08 2234316                    /usr/lib/jvm/java-8-openjdk/jre/lib/amd64/libawt.so
7f06d18cc000-7f06d18f1000 rw-p 00000000 00:00 0 
7f06d18f6000-7f06d198c000 r--p 00000000 08:08 542368                     /usr/lib/libstdc++.so.6.0.28
7f06d198c000-7f06d1a78000 r-xp 00096000 08:08 542368                     /usr/lib/libstdc++.so.6.0.28
7f06d1a78000-7f06d1ac1000 r--p 00182000 08:08 542368                     /usr/lib/libstdc++.so.6.0.28
7f06d1ac1000-7f06d1ac2000 ---p 001cb000 08:08 542368                     /usr/lib/libstdc++.so.6.0.28
7f06d1ac2000-7f06d1acf000 r--p 001cb000 08:08 542368                     /usr/lib/libstdc++.so.6.0.28
7f06d1acf000-7f06d1ad0000 rw-p 001d8000 08:08 542368                     /usr/lib/libstdc++.so.6.0.28
7f06d1ad0000-7f06d1ad3000 rw-p 00000000 00:00 0 
7f06d1ad6000-7f06d1ad9000 r--p 00000000 08:08 540847                     /usr/lib/libXcursor.so.1.0.2
7f06d1ad9000-7f06d1ade000 r-xp 00003000 08:08 540847                     /usr/lib/libXcursor.so.1.0.2
7f06d1ade000-7f06d1ae0000 r--p 00008000 08:08 540847                     /usr/lib/libXcursor.so.1.0.2
7f06d1ae0000-7f06d1ae1000 r--p 00009000 08:08 540847                     /usr/lib/libXcursor.so.1.0.2
7f06d1ae1000-7f06d1ae2000 rw-p 0000a000 08:08 540847                     /usr/lib/libXcursor.so.1.0.2
7f06d1ae6000-7f06d1ae8000 r--p 00000000 08:08 542154                     /usr/lib/libbz2.so.1.0.8
7f06d1ae8000-7f06d1af5000 r-xp 00002000 08:08 542154                     /usr/lib/libbz2.so.1.0.8
7f06d1af5000-7f06d1af7000 r--p 0000f000 08:08 542154                     /usr/lib/libbz2.so.1.0.8
7f06d1af7000-7f06d1af8000 r--p 00010000 08:08 542154                     /usr/lib/libbz2.so.1.0.8
7f06d1af8000-7f06d1af9000 rw-p 00011000 08:08 542154                     /usr/lib/libbz2.so.1.0.8
7f06d1afc000-7f06d1b0f000 r--s 00346000 08:08 2099479                    /usr/lib/jvm/java-8-openjdk/jre/lib/resources.jar
7f06d1b16000-7f06d32e2000 r-xp 00000000 08:08 4995239                    /opt/ibm/ILOG/CPLEX_Studio1261/cplex/bin/x86-64_linux/libcplex1261remotejni.so
7f06d32e2000-7f06d34e2000 ---p 017cc000 08:08 4995239                    /opt/ibm/ILOG/CPLEX_Studio1261/cplex/bin/x86-64_linux/libcplex1261remotejni.so
7f06d34e2000-7f06d34e3000 r--p 017cc000 08:08 4995239                    /opt/ibm/ILOG/CPLEX_Studio1261/cplex/bin/x86-64_linux/libcplex1261remotejni.so
7f06d34e3000-7f06d36d0000 rw-p 017cd000 08:08 4995239                    /opt/ibm/ILOG/CPLEX_Studio1261/cplex/bin/x86-64_linux/libcplex1261remotejni.so
7f06d36d0000-7f06d36da000 rw-p 00000000 00:00 0 
7f06d36df000-7f06d3710000 rw-p 00000000 00:00 0 
7f06d3710000-7f06d3711000 ---p 00000000 00:00 0 
7f06d3711000-7f06d3811000 rw-p 00000000 00:00 0 
7f06d3811000-7f06d3814000 ---p 00000000 00:00 0 
7f06d3814000-7f06d3912000 rw-p 00000000 00:00 0 
7f06d3912000-7f06d3913000 ---p 00000000 00:00 0 
7f06d3913000-7f06d3916000 ---p 00000000 00:00 0 
7f06d3916000-7f06d3a13000 rw-p 00000000 00:00 0 
7f06d3a13000-7f06d3a14000 ---p 00000000 00:00 0 
7f06d3a14000-7f06d3a17000 ---p 00000000 00:00 0 
7f06d3a17000-7f06d3b14000 rw-p 00000000 00:00 0 
7f06d3b14000-7f06d3b15000 ---p 00000000 00:00 0 
7f06d3b15000-7f06d3b18000 ---p 00000000 00:00 0 
7f06d3b18000-7f06d3c15000 rw-p 00000000 00:00 0 
7f06d3c15000-7f06d3c18000 ---p 00000000 00:00 0 
7f06d3c18000-7f06d3d16000 rw-p 00000000 00:00 0 
7f06d3d16000-7f06d3ffe000 r--p 00000000 08:08 543246                     /usr/lib/locale/locale-archive
7f06d4000000-7f06d4021000 rw-p 00000000 00:00 0 
7f06d4021000-7f06d8000000 ---p 00000000 00:00 0 
7f06d8000000-7f06d8021000 rw-p 00000000 00:00 0 
7f06d8021000-7f06dc000000 ---p 00000000 00:00 0 
7f06dc000000-7f06dc021000 rw-p 00000000 00:00 0 
7f06dc021000-7f06e0000000 ---p 00000000 00:00 0 
7f06e0000000-7f06e0021000 rw-p 00000000 00:00 0 
7f06e0021000-7f06e4000000 ---p 00000000 00:00 0 
7f06e4000000-7f06e4021000 rw-p 00000000 00:00 0 
7f06e4021000-7f06e8000000 ---p 00000000 00:00 0 
7f06e8000000-7f06e8021000 rw-p 00000000 00:00 0 
7f06e8021000-7f06ec000000 ---p 00000000 00:00 0 
7f06ec000000-7f06ec021000 rw-p 00000000 00:00 0 
7f06ec021000-7f06f0000000 ---p 00000000 00:00 0 
7f06f0006000-7f06f0009000 r--p 00000000 08:08 528698                     /usr/lib/libgcc_s.so.1
7f06f0009000-7f06f001a000 r-xp 00003000 08:08 528698                     /usr/lib/libgcc_s.so.1
7f06f001a000-7f06f001e000 r--p 00014000 08:08 528698                     /usr/lib/libgcc_s.so.1
7f06f001e000-7f06f001f000 r--p 00017000 08:08 528698                     /usr/lib/libgcc_s.so.1
7f06f001f000-7f06f0020000 rw-p 00018000 08:08 528698                     /usr/lib/libgcc_s.so.1
7f06f0026000-7f06f002b000 r--p 00000000 08:08 2234337                    /usr/lib/jvm/java-8-openjdk/jre/lib/amd64/libnet.so
7f06f002b000-7f06f003b000 r-xp 00005000 08:08 2234337                    /usr/lib/jvm/java-8-openjdk/jre/lib/amd64/libnet.so
7f06f003b000-7f06f003f000 r--p 00015000 08:08 2234337                    /usr/lib/jvm/java-8-openjdk/jre/lib/amd64/libnet.so
7f06f003f000-7f06f0040000 r--p 00018000 08:08 2234337                    /usr/lib/jvm/java-8-openjdk/jre/lib/amd64/libnet.so
7f06f0040000-7f06f0041000 rw-p 00019000 08:08 2234337                    /usr/lib/jvm/java-8-openjdk/jre/lib/amd64/libnet.so
7f06f0046000-7f06f004d000 r--p 00000000 08:08 2234338                    /usr/lib/jvm/java-8-openjdk/jre/lib/amd64/libnio.so
7f06f004d000-7f06f0055000 r-xp 00007000 08:08 2234338                    /usr/lib/jvm/java-8-openjdk/jre/lib/amd64/libnio.so
7f06f0055000-7f06f0058000 r--p 0000f000 08:08 2234338                    /usr/lib/jvm/java-8-openjdk/jre/lib/amd64/libnio.so
7f06f0058000-7f06f0059000 ---p 00012000 08:08 2234338                    /usr/lib/jvm/java-8-openjdk/jre/lib/amd64/libnio.so
7f06f0059000-7f06f005a000 r--p 00012000 08:08 2234338                    /usr/lib/jvm/java-8-openjdk/jre/lib/amd64/libnio.so
7f06f005a000-7f06f005b000 rw-p 00013000 08:08 2234338                    /usr/lib/jvm/java-8-openjdk/jre/lib/amd64/libnio.so
7f06f0062000-7f06f0065000 ---p 00000000 00:00 0 
7f06f0065000-7f06f0163000 rw-p 00000000 00:00 0 
7f06f0163000-7f06f0166000 ---p 00000000 00:00 0 
7f06f0166000-7f06f0264000 rw-p 00000000 00:00 0 
7f06f0264000-7f06f0265000 ---p 00000000 00:00 0 
7f06f0265000-7f06f1346000 rw-p 00000000 00:00 0 
7f06f1346000-7f06f1518000 r--s 03ca8000 08:08 2099480                    /usr/lib/jvm/java-8-openjdk/jre/lib/rt.jar
7f06f151a000-7f06f5000000 rw-p 00000000 00:00 0 
7f06f5000000-7f06f5460000 rwxp 00000000 00:00 0 
7f06f5460000-7f0704000000 ---p 00000000 00:00 0 
7f0704000000-7f0704e38000 rw-p 00000000 00:00 0 
7f0704e38000-7f0708000000 ---p 00000000 00:00 0 
7f0708006000-7f0708007000 r--p 00000000 08:08 526319                     /usr/lib/libXau.so.6.0.0
7f0708007000-7f0708008000 r-xp 00001000 08:08 526319                     /usr/lib/libXau.so.6.0.0
7f0708008000-7f0708009000 r--p 00002000 08:08 526319                     /usr/lib/libXau.so.6.0.0
7f0708009000-7f070800a000 r--p 00002000 08:08 526319                     /usr/lib/libXau.so.6.0.0
7f070800a000-7f070800b000 rw-p 00003000 08:08 526319                     /usr/lib/libXau.so.6.0.0
7f070800f000-7f070801a000 r--s 00071000 08:08 6822920                    /home/d4rkwzd/Projects/Netbeans/CplexTSP/lib/cplex.jar
7f070801a000-7f0708c8a000 rw-p 00000000 00:00 0 
7f0708c8a000-7f0708c8b000 ---p 00000000 00:00 0 
7f0708c8b000-7f0708d8b000 rw-p 00000000 00:00 0 
7f0708d8b000-7f0708d8c000 ---p 00000000 00:00 0 
7f0708d8c000-7f0708e8c000 rw-p 00000000 00:00 0 
7f0708e8c000-7f0708e8d000 ---p 00000000 00:00 0 
7f0708e8d000-7f0708f8d000 rw-p 00000000 00:00 0 
7f0708f8d000-7f0708f8e000 ---p 00000000 00:00 0 
7f0708f8e000-7f07090b6000 rw-p 00000000 00:00 0 
7f07090b6000-7f07092fe000 ---p 00000000 00:00 0 
7f07092fe000-7f0709326000 rw-p 00000000 00:00 0 
7f0709326000-7f070956d000 ---p 00000000 00:00 0 
7f070956d000-7f0709590000 rw-p 00000000 00:00 0 
7f0709590000-7f07096a5000 ---p 00000000 00:00 0 
7f07096a5000-7f07096b8000 rw-p 00000000 00:00 0 
7f07096b8000-7f0709a66000 ---p 00000000 00:00 0 
7f0709a66000-7f0709a69000 r--p 00000000 08:08 2234345                    /usr/lib/jvm/java-8-openjdk/jre/lib/amd64/libzip.so
7f0709a69000-7f0709a6d000 r-xp 00003000 08:08 2234345                    /usr/lib/jvm/java-8-openjdk/jre/lib/amd64/libzip.so
7f0709a6d000-7f0709a6f000 r--p 00007000 08:08 2234345                    /usr/lib/jvm/java-8-openjdk/jre/lib/amd64/libzip.so
7f0709a6f000-7f0709a70000 r--p 00008000 08:08 2234345                    /usr/lib/jvm/java-8-openjdk/jre/lib/amd64/libzip.so
7f0709a70000-7f0709a71000 rw-p 00009000 08:08 2234345                    /usr/lib/jvm/java-8-openjdk/jre/lib/amd64/libzip.so
7f0709a76000-7f0709a83000 r--p 00000000 08:08 2234327                    /usr/lib/jvm/java-8-openjdk/jre/lib/amd64/libjava.so
7f0709a83000-7f0709a99000 r-xp 0000d000 08:08 2234327                    /usr/lib/jvm/java-8-openjdk/jre/lib/amd64/libjava.so
7f0709a99000-7f0709aa0000 r--p 00023000 08:08 2234327                    /usr/lib/jvm/java-8-openjdk/jre/lib/amd64/libjava.so
7f0709aa0000-7f0709aa1000 r--p 00029000 08:08 2234327                    /usr/lib/jvm/java-8-openjdk/jre/lib/amd64/libjava.so
7f0709aa1000-7f0709aa2000 rw-p 0002a000 08:08 2234327                    /usr/lib/jvm/java-8-openjdk/jre/lib/amd64/libjava.so
7f0709aa2000-7f0709aa3000 rw-p 00000000 00:00 0 
7f0709aa6000-7f0709aa9000 r--p 00000000 08:08 541708                     /usr/lib/librt-2.32.so
7f0709aa9000-7f0709aad000 r-xp 00003000 08:08 541708                     /usr/lib/librt-2.32.so
7f0709aad000-7f0709aaf000 r--p 00007000 08:08 541708                     /usr/lib/librt-2.32.so
7f0709aaf000-7f0709ab0000 r--p 00008000 08:08 541708                     /usr/lib/librt-2.32.so
7f0709ab0000-7f0709ab1000 rw-p 00009000 08:08 541708                     /usr/lib/librt-2.32.so
7f0709ab5000-7f0709ab6000 ---p 00000000 00:00 0 
7f0709ab6000-7f0709ab9000 ---p 00000000 00:00 0 
7f0709ab9000-7f0709bb6000 rw-p 00000000 00:00 0 
7f0709bb6000-7f0709bc5000 r--p 00000000 08:08 533040                     /usr/lib/libm-2.32.so
7f0709bc5000-7f0709c61000 r-xp 0000f000 08:08 533040                     /usr/lib/libm-2.32.so
7f0709c61000-7f0709cfa000 r--p 000ab000 08:08 533040                     /usr/lib/libm-2.32.so
7f0709cfa000-7f0709cfb000 r--p 00143000 08:08 533040                     /usr/lib/libm-2.32.so
7f0709cfb000-7f0709cfc000 rw-p 00144000 08:08 533040                     /usr/lib/libm-2.32.so
7f0709cfe000-7f0709ef1000 r--p 00000000 08:08 2493292                    /usr/lib/jvm/java-8-openjdk/jre/lib/amd64/server/libjvm.so
7f0709ef1000-7f070a784000 r-xp 001f3000 08:08 2493292                    /usr/lib/jvm/java-8-openjdk/jre/lib/amd64/server/libjvm.so
7f070a784000-7f070a929000 r--p 00a86000 08:08 2493292                    /usr/lib/jvm/java-8-openjdk/jre/lib/amd64/server/libjvm.so
7f070a929000-7f070a92a000 ---p 00c2b000 08:08 2493292                    /usr/lib/jvm/java-8-openjdk/jre/lib/amd64/server/libjvm.so
7f070a92a000-7f070a9c0000 r--p 00c2b000 08:08 2493292                    /usr/lib/jvm/java-8-openjdk/jre/lib/amd64/server/libjvm.so
7f070a9c0000-7f070a9e8000 rw-p 00cc1000 08:08 2493292                    /usr/lib/jvm/java-8-openjdk/jre/lib/amd64/server/libjvm.so
7f070a9e8000-7f070aa19000 rw-p 00000000 00:00 0 
7f070aa1e000-7f070aa25000 r--p 00000000 08:08 541211                     /usr/lib/libpthread-2.32.so
7f070aa25000-7f070aa35000 r-xp 00007000 08:08 541211                     /usr/lib/libpthread-2.32.so
7f070aa35000-7f070aa3a000 r--p 00017000 08:08 541211                     /usr/lib/libpthread-2.32.so
7f070aa3a000-7f070aa3b000 r--p 0001b000 08:08 541211                     /usr/lib/libpthread-2.32.so
7f070aa3b000-7f070aa3c000 rw-p 0001c000 08:08 541211                     /usr/lib/libpthread-2.32.so
7f070aa3c000-7f070aa40000 rw-p 00000000 00:00 0 
7f070aa46000-7f070aa47000 r--p 00000000 08:08 533029                     /usr/lib/libdl-2.32.so
7f070aa47000-7f070aa49000 r-xp 00001000 08:08 533029                     /usr/lib/libdl-2.32.so
7f070aa49000-7f070aa4a000 r--p 00003000 08:08 533029                     /usr/lib/libdl-2.32.so
7f070aa4a000-7f070aa4b000 r--p 00003000 08:08 533029                     /usr/lib/libdl-2.32.so
7f070aa4b000-7f070aa4c000 rw-p 00004000 08:08 533029                     /usr/lib/libdl-2.32.so
7f070aa4e000-7f070aa51000 r--p 00000000 08:08 534886                     /usr/lib/libz.so.1.2.11
7f070aa51000-7f070aa5f000 r-xp 00003000 08:08 534886                     /usr/lib/libz.so.1.2.11
7f070aa5f000-7f070aa65000 r--p 00011000 08:08 534886                     /usr/lib/libz.so.1.2.11
7f070aa65000-7f070aa66000 ---p 00017000 08:08 534886                     /usr/lib/libz.so.1.2.11
7f070aa66000-7f070aa67000 r--p 00017000 08:08 534886                     /usr/lib/libz.so.1.2.11
7f070aa67000-7f070aa68000 rw-p 00018000 08:08 534886                     /usr/lib/libz.so.1.2.11
7f070aa6e000-7f070aa94000 r--p 00000000 08:08 533004                     /usr/lib/libc-2.32.so
7f070aa94000-7f070abe1000 r-xp 00026000 08:08 533004                     /usr/lib/libc-2.32.so
7f070abe1000-7f070ac2d000 r--p 00173000 08:08 533004                     /usr/lib/libc-2.32.so
7f070ac2d000-7f070ac30000 r--p 001be000 08:08 533004                     /usr/lib/libc-2.32.so
7f070ac30000-7f070ac33000 rw-p 001c1000 08:08 533004                     /usr/lib/libc-2.32.so
7f070ac33000-7f070ac37000 rw-p 00000000 00:00 0 
7f070ac3e000-7f070ac40000 r--p 00000000 08:08 539191                     /usr/lib/libXtst.so.6.1.0
7f070ac40000-7f070ac43000 r-xp 00002000 08:08 539191                     /usr/lib/libXtst.so.6.1.0
7f070ac43000-7f070ac44000 r--p 00005000 08:08 539191                     /usr/lib/libXtst.so.6.1.0
7f070ac44000-7f070ac45000 r--p 00005000 08:08 539191                     /usr/lib/libXtst.so.6.1.0
7f070ac45000-7f070ac46000 rw-p 00006000 08:08 539191                     /usr/lib/libXtst.so.6.1.0
7f070ac46000-7f070ac4e000 rw-s 00000000 00:32 159695                     /tmp/hsperfdata_d4rkwzd/12326
7f070ac4e000-7f070ac51000 r--p 00000000 08:08 540988                     /usr/lib/libnss_files-2.32.so
7f070ac51000-7f070ac58000 r-xp 00003000 08:08 540988                     /usr/lib/libnss_files-2.32.so
7f070ac58000-7f070ac5a000 r--p 0000a000 08:08 540988                     /usr/lib/libnss_files-2.32.so
7f070ac5a000-7f070ac5b000 r--p 0000b000 08:08 540988                     /usr/lib/libnss_files-2.32.so
7f070ac5b000-7f070ac5c000 rw-p 0000c000 08:08 540988                     /usr/lib/libnss_files-2.32.so
7f070ac5c000-7f070ac62000 rw-p 00000000 00:00 0 
7f070ac66000-7f070ac6b000 r--p 00000000 08:08 2234344                    /usr/lib/jvm/java-8-openjdk/jre/lib/amd64/libverify.so
7f070ac6b000-7f070ac72000 r-xp 00005000 08:08 2234344                    /usr/lib/jvm/java-8-openjdk/jre/lib/amd64/libverify.so
7f070ac72000-7f070ac74000 r--p 0000c000 08:08 2234344                    /usr/lib/jvm/java-8-openjdk/jre/lib/amd64/libverify.so
7f070ac74000-7f070ac75000 ---p 0000e000 08:08 2234344                    /usr/lib/jvm/java-8-openjdk/jre/lib/amd64/libverify.so
7f070ac75000-7f070ac77000 r--p 0000e000 08:08 2234344                    /usr/lib/jvm/java-8-openjdk/jre/lib/amd64/libverify.so
7f070ac77000-7f070ac78000 rw-p 00010000 08:08 2234344                    /usr/lib/jvm/java-8-openjdk/jre/lib/amd64/libverify.so
7f070ac7e000-7f070ac81000 r--p 00000000 08:08 2392784                    /usr/lib/jvm/java-8-openjdk/jre/lib/amd64/jli/libjli.so
7f070ac81000-7f070ac8a000 r-xp 00003000 08:08 2392784                    /usr/lib/jvm/java-8-openjdk/jre/lib/amd64/jli/libjli.so
7f070ac8a000-7f070ac8d000 r--p 0000c000 08:08 2392784                    /usr/lib/jvm/java-8-openjdk/jre/lib/amd64/jli/libjli.so
7f070ac8d000-7f070ac8e000 r--p 0000e000 08:08 2392784                    /usr/lib/jvm/java-8-openjdk/jre/lib/amd64/jli/libjli.so
7f070ac8e000-7f070ac8f000 rw-p 0000f000 08:08 2392784                    /usr/lib/jvm/java-8-openjdk/jre/lib/amd64/jli/libjli.so
7f070ac96000-7f070ac98000 r--p 00000000 08:08 532987                     /usr/lib/ld-2.32.so
7f070ac98000-7f070acb9000 r-xp 00002000 08:08 532987                     /usr/lib/ld-2.32.so
7f070acb9000-7f070acc2000 r--p 00023000 08:08 532987                     /usr/lib/ld-2.32.so
7f070acc2000-7f070acc3000 r--p 0002b000 08:08 532987                     /usr/lib/ld-2.32.so
7f070acc3000-7f070acc5000 rw-p 0002c000 08:08 532987                     /usr/lib/ld-2.32.so
7f070acc6000-7f070acc7000 rw-p 00000000 00:00 0 
7f070acc7000-7f070acc8000 r--p 00000000 00:00 0 
7f070acc8000-7f070accc000 rw-p 00000000 00:00 0 
7ffd39c2f000-7ffd39c50000 rw-p 00000000 00:00 0                          [stack]
7ffd39c5e000-7ffd39c62000 r--p 00000000 00:00 0                          [vvar]
7ffd39c62000-7ffd39c64000 r-xp 00000000 00:00 0                          [vdso]
ffffffffff600000-ffffffffff601000 --xp 00000000 00:00 0                  [vsyscall]

VM Arguments:
jvm_args: -Dfile.encoding=UTF-8 -Djava.library.path=/opt/ibm/ILOG/CPLEX_Studio1261/cplex/bin/x86-64_linux 
java_command: v1.Model
java_class_path (initial): /home/d4rkwzd/Projects/Netbeans/CplexTSP/lib/cplex.jar:/home/d4rkwzd/Projects/Netbeans/CplexTSP/build/classes
Launcher Type: SUN_STANDARD

Environment Variables:
PATH=/home/d4rkwzd/.local/bin:/usr/local/sbin:/usr/local/bin:/usr/bin:/usr/lib/jvm/default/bin:/usr/bin/site_perl:/usr/bin/vendor_perl:/usr/bin/core_perl:/var/lib/snapd/snap/bin
LD_LIBRARY_PATH=/usr/lib/jvm/default/bin/../jre/lib/amd64:/usr/lib/jvm/default/bin/../jre/lib/i386:
SHELL=/bin/bash
DISPLAY=:0

Signal Handlers:
SIGSEGV: [libjvm.so+0xa50e40], sa_mask[0]=11111111011111111101111111111110, sa_flags=SA_RESTART|SA_SIGINFO
SIGBUS: [libjvm.so+0xa50e40], sa_mask[0]=11111111011111111101111111111110, sa_flags=SA_RESTART|SA_SIGINFO
SIGFPE: [libjvm.so+0x8adfc0], sa_mask[0]=11111111011111111101111111111110, sa_flags=SA_RESTART|SA_SIGINFO
SIGPIPE: [libjvm.so+0x8adfc0], sa_mask[0]=11111111011111111101111111111110, sa_flags=SA_RESTART|SA_SIGINFO
SIGXFSZ: [libjvm.so+0x8adfc0], sa_mask[0]=11111111011111111101111111111110, sa_flags=SA_RESTART|SA_SIGINFO
SIGILL: [libjvm.so+0x8adfc0], sa_mask[0]=11111111011111111101111111111110, sa_flags=SA_RESTART|SA_SIGINFO
SIGUSR1: SIG_DFL, sa_mask[0]=00000000000000000000000000000000, sa_flags=none
SIGUSR2: [libjvm.so+0x8adda0], sa_mask[0]=00100000000000000000000000000000, sa_flags=SA_RESTART|SA_SIGINFO
SIGHUP: [libjvm.so+0x8ae260], sa_mask[0]=11111111011111111101111111111110, sa_flags=SA_RESTART|SA_SIGINFO
SIGINT: SIG_IGN, sa_mask[0]=00000000000000000000000000000000, sa_flags=none
SIGTERM: [libjvm.so+0x8ae260], sa_mask[0]=11111111011111111101111111111110, sa_flags=SA_RESTART|SA_SIGINFO
SIGQUIT: [libjvm.so+0x8ae260], sa_mask[0]=11111111011111111101111111111110, sa_flags=SA_RESTART|SA_SIGINFO


---------------  S Y S T E M  ---------------

OS:DISTRIB_ID=ManjaroLinux
DISTRIB_RELEASE=20.1.2
DISTRIB_CODENAME=Mikah
DISTRIB_DESCRIPTION="Manjaro Linux"

uname:Linux 5.8.16-2-MANJARO #1 SMP PREEMPT Mon Oct 19 11:33:03 UTC 2020 x86_64
libc:glibc 2.32 NPTL 2.32 
rlimit: STACK 8192k, CORE infinity, NPROC 29591, NOFILE 524288, AS infinity
load average:0,90 0,98 1,10

/proc/meminfo:
MemTotal:        7658352 kB
MemFree:          541920 kB
MemAvailable:    3806952 kB
Buffers:          300944 kB
Cached:          3016296 kB
SwapCached:            0 kB
Active:          3920372 kB
Inactive:        2140000 kB
Active(anon):    2756444 kB
Inactive(anon):   280904 kB
Active(file):    1163928 kB
Inactive(file):  1859096 kB
Unevictable:           0 kB
Mlocked:               0 kB
SwapTotal:       8388604 kB
SwapFree:        8388604 kB
Dirty:               716 kB
Writeback:             0 kB
AnonPages:       2743152 kB
Mapped:          1199872 kB
Shmem:            294212 kB
KReclaimable:     545816 kB
Slab:             642344 kB
SReclaimable:     545816 kB
SUnreclaim:        96528 kB
KernelStack:       12640 kB
PageTables:        37704 kB
NFS_Unstable:          0 kB
Bounce:                0 kB
WritebackTmp:          0 kB
CommitLimit:    12217780 kB
Committed_AS:    9703604 kB
VmallocTotal:   34359738367 kB
VmallocUsed:       43688 kB
VmallocChunk:          0 kB
Percpu:             2624 kB
HardwareCorrupted:     0 kB
AnonHugePages:         0 kB
ShmemHugePages:        0 kB
ShmemPmdMapped:        0 kB
FileHugePages:         0 kB
FilePmdMapped:         0 kB
HugePages_Total:       0
HugePages_Free:        0
HugePages_Rsvd:        0
HugePages_Surp:        0
Hugepagesize:       2048 kB
Hugetlb:               0 kB
DirectMap4k:      630524 kB
DirectMap2M:     7190528 kB
DirectMap1G:     1048576 kB

container (cgroup) information:
container_type: cgroupv1
cpu_cpuset_cpus: 0-3
cpu_memory_nodes: 0
active_processor_count: 4
cpu_quota: -1
cpu_period: 100000
cpu_shares: -1
memory_limit_in_bytes: -1
memory_and_swap_limit_in_bytes: -1
memory_soft_limit_in_bytes: -1
memory_usage_in_bytes: 4002586624
memory_max_usage_in_bytes: 4143890432


CPU:total 4 (initial active 4) (4 cores per cpu, 1 threads per core) family 21 model 101 stepping 1, cmov, cx8, fxsr, mmx, sse, sse2, sse3, ssse3, sse4.1, sse4.2, popcnt, avx, avx2, aes, clmul, mmxext, 3dnowpref, lzcnt, sse4a, tsc, tscinvbit, tscinv, bmi1

/proc/cpuinfo:
processor	: 0
vendor_id	: AuthenticAMD
cpu family	: 21
model		: 101
model name	: AMD A12-9720P RADEON R7, 12 COMPUTE CORES 4C+8G
stepping	: 1
microcode	: 0x600611a
cpu MHz		: 1742.503
cache size	: 1024 KB
physical id	: 0
siblings	: 4
core id		: 0
cpu cores	: 2
apicid		: 16
initial apicid	: 0
fpu		: yes
fpu_exception	: yes
cpuid level	: 13
wp		: yes
flags		: fpu vme de pse tsc msr pae mce cx8 apic sep mtrr pge mca cmov pat pse36 clflush mmx fxsr sse sse2 ht syscall nx mmxext fxsr_opt pdpe1gb rdtscp lm constant_tsc rep_good acc_power nopl nonstop_tsc cpuid extd_apicid aperfmperf pni pclmulqdq monitor ssse3 fma cx16 sse4_1 sse4_2 movbe popcnt aes xsave avx f16c lahf_lm cmp_legacy svm extapic cr8_legacy abm sse4a misalignsse 3dnowprefetch osvw ibs xop skinit wdt lwp fma4 tce nodeid_msr tbm topoext perfctr_core perfctr_nb bpext ptsc mwaitx cpb hw_pstate ssbd ibpb vmmcall fsgsbase bmi1 avx2 smep bmi2 xsaveopt arat npt lbrv svm_lock nrip_save tsc_scale vmcb_clean flushbyasid decodeassists pausefilter pfthreshold avic vgif overflow_recov
bugs		: fxsave_leak sysret_ss_attrs null_seg spectre_v1 spectre_v2 spec_store_bypass
bogomips	: 5392.67
TLB size	: 1536 4K pages
clflush size	: 64
cache_alignment	: 64
address sizes	: 48 bits physical, 48 bits virtual
power management: ts ttp tm 100mhzsteps hwpstate cpb eff_freq_ro acc_power [13]

processor	: 1
vendor_id	: AuthenticAMD
cpu family	: 21
model		: 101
model name	: AMD A12-9720P RADEON R7, 12 COMPUTE CORES 4C+8G
stepping	: 1
microcode	: 0x600611a
cpu MHz		: 1462.441
cache size	: 1024 KB
physical id	: 0
siblings	: 4
core id		: 1
cpu cores	: 2
apicid		: 17
initial apicid	: 1
fpu		: yes
fpu_exception	: yes
cpuid level	: 13
wp		: yes
flags		: fpu vme de pse tsc msr pae mce cx8 apic sep mtrr pge mca cmov pat pse36 clflush mmx fxsr sse sse2 ht syscall nx mmxext fxsr_opt pdpe1gb rdtscp lm constant_tsc rep_good acc_power nopl nonstop_tsc cpuid extd_apicid aperfmperf pni pclmulqdq monitor ssse3 fma cx16 sse4_1 sse4_2 movbe popcnt aes xsave avx f16c lahf_lm cmp_legacy svm extapic cr8_legacy abm sse4a misalignsse 3dnowprefetch osvw ibs xop skinit wdt lwp fma4 tce nodeid_msr tbm topoext perfctr_core perfctr_nb bpext ptsc mwaitx cpb hw_pstate ssbd ibpb vmmcall fsgsbase bmi1 avx2 smep bmi2 xsaveopt arat npt lbrv svm_lock nrip_save tsc_scale vmcb_clean flushbyasid decodeassists pausefilter pfthreshold avic vgif overflow_recov
bugs		: fxsave_leak sysret_ss_attrs null_seg spectre_v1 spectre_v2 spec_store_bypass
bogomips	: 5392.67
TLB size	: 1536 4K pages
clflush size	: 64
cache_alignment	: 64
address sizes	: 48 bits physical, 48 bits virtual
power management: ts ttp tm 100mhzsteps hwpstate cpb eff_freq_ro acc_power [13]

processor	: 2
vendor_id	: AuthenticAMD
cpu family	: 21
model		: 101
model name	: AMD A12-9720P RADEON R7, 12 COMPUTE CORES 4C+8G
stepping	: 1
microcode	: 0x600611a
cpu MHz		: 2332.441
cache size	: 1024 KB
physical id	: 0
siblings	: 4
core id		: 2
cpu cores	: 2
apicid		: 18
initial apicid	: 2
fpu		: yes
fpu_exception	: yes
cpuid level	: 13
wp		: yes
flags		: fpu vme de pse tsc msr pae mce cx8 apic sep mtrr pge mca cmov pat pse36 clflush mmx fxsr sse sse2 ht syscall nx mmxext fxsr_opt pdpe1gb rdtscp lm constant_tsc rep_good acc_power nopl nonstop_tsc cpuid extd_apicid aperfmperf pni pclmulqdq monitor ssse3 fma cx16 sse4_1 sse4_2 movbe popcnt aes xsave avx f16c lahf_lm cmp_legacy svm extapic cr8_legacy abm sse4a misalignsse 3dnowprefetch osvw ibs xop skinit wdt lwp fma4 tce nodeid_msr tbm topoext perfctr_core perfctr_nb bpext ptsc mwaitx cpb hw_pstate ssbd ibpb vmmcall fsgsbase bmi1 avx2 smep bmi2 xsaveopt arat npt lbrv svm_lock nrip_save tsc_scale vmcb_clean flushbyasid decodeassists pausefilter pfthreshold avic vgif overflow_recov
bugs		: fxsave_leak sysret_ss_attrs null_seg spectre_v1 spectre_v2 spec_store_bypass
bogomips	: 5392.67
TLB size	: 1536 4K pages
clflush size	: 64
cache_alignment	: 64
address sizes	: 48 bits physical, 48 bits virtual
power management: ts ttp tm 100mhzsteps hwpstate cpb eff_freq_ro acc_power [13]

processor	: 3
vendor_id	: AuthenticAMD
cpu family	: 21
model		: 101
model name	: AMD A12-9720P RADEON R7, 12 COMPUTE CORES 4C+8G
stepping	: 1
microcode	: 0x600611a
cpu MHz		: 2459.373
cache size	: 1024 KB
physical id	: 0
siblings	: 4
core id		: 3
cpu cores	: 2
apicid		: 19
initial apicid	: 3
fpu		: yes
fpu_exception	: yes
cpuid level	: 13
wp		: yes
flags		: fpu vme de pse tsc msr pae mce cx8 apic sep mtrr pge mca cmov pat pse36 clflush mmx fxsr sse sse2 ht syscall nx mmxext fxsr_opt pdpe1gb rdtscp lm constant_tsc rep_good acc_power nopl nonstop_tsc cpuid extd_apicid aperfmperf pni pclmulqdq monitor ssse3 fma cx16 sse4_1 sse4_2 movbe popcnt aes xsave avx f16c lahf_lm cmp_legacy svm extapic cr8_legacy abm sse4a misalignsse 3dnowprefetch osvw ibs xop skinit wdt lwp fma4 tce nodeid_msr tbm topoext perfctr_core perfctr_nb bpext ptsc mwaitx cpb hw_pstate ssbd ibpb vmmcall fsgsbase bmi1 avx2 smep bmi2 xsaveopt arat npt lbrv svm_lock nrip_save tsc_scale vmcb_clean flushbyasid decodeassists pausefilter pfthreshold avic vgif overflow_recov
bugs		: fxsave_leak sysret_ss_attrs null_seg spectre_v1 spectre_v2 spec_store_bypass
bogomips	: 5392.67
TLB size	: 1536 4K pages
clflush size	: 64
cache_alignment	: 64
address sizes	: 48 bits physical, 48 bits virtual
power management: ts ttp tm 100mhzsteps hwpstate cpb eff_freq_ro acc_power [13]



Memory: 4k page, physical 7658352k(541952k free), swap 8388604k(8388604k free)

vm_info: OpenJDK 64-Bit Server VM (25.265-b01) for linux-amd64 JRE (1.8.0_265-b01), built on Aug 30 2020 10:35:15 by "builduser" with gcc 10.2.0

time: Fri Oct 30 20:21:26 2020
timezone: -03
elapsed time: 27 seconds (0d 0h 0m 27s)

